<?xml version="1.0" encoding="UTF-8"?>
<testsuite xmlns:xsi="http://www.w3.org/2001/XMLSchema-instance" xsi:noNamespaceSchemaLocation="https://maven.apache.org/surefire/maven-surefire-plugin/xsd/surefire-test-report-3.0.xsd" version="3.0" name="TestSuite" time="126.308" tests="253" errors="0" skipped="0" failures="1">
  <properties>
    <property name="java.specification.version" value="19"/>
    <property name="sun.cpu.isalist" value="amd64"/>
    <property name="sun.jnu.encoding" value="Cp1252"/>
    <property name="java.class.path" value="C:\Users\enggn\eclipse-workspace\DSAlgo_Cucumber\target\test-classes;C:\Users\enggn\eclipse-workspace\DSAlgo_Cucumber\target\classes;C:\Users\enggn\.m2\repository\org\projectlombok\lombok\1.18.24\lombok-1.18.24.jar;C:\Users\enggn\.m2\repository\org\slf4j\slf4j-api\2.0.9\slf4j-api-2.0.9.jar;C:\Users\enggn\.m2\repository\org\slf4j\slf4j-simple\2.0.9\slf4j-simple-2.0.9.jar;C:\Users\enggn\.m2\repository\tech\grasshopper\extentreports-cucumber7-adapter\1.9.1\extentreports-cucumber7-adapter-1.9.1.jar;C:\Users\enggn\.m2\repository\tech\grasshopper\extent-pdf-report\2.9.1\extent-pdf-report-2.9.1.jar;C:\Users\enggn\.m2\repository\tech\grasshopper\cucumber-pdf-report\2.11.1\cucumber-pdf-report-2.11.1.jar;C:\Users\enggn\.m2\repository\org\apache\pdfbox\pdfbox\2.0.26\pdfbox-2.0.26.jar;C:\Users\enggn\.m2\repository\org\apache\pdfbox\fontbox\2.0.26\fontbox-2.0.26.jar;C:\Users\enggn\.m2\repository\org\knowm\xchart\xchart\3.8.0\xchart-3.8.0.jar;C:\Users\enggn\.m2\repository\de\erichseifert\vectorgraphics2d\VectorGraphics2D\0.13\VectorGraphics2D-0.13.jar;C:\Users\enggn\.m2\repository\de\rototor\pdfbox\graphics2d\0.30\graphics2d-0.30.jar;C:\Users\enggn\.m2\repository\com\madgag\animated-gif-lib\1.4\animated-gif-lib-1.4.jar;C:\Users\enggn\.m2\repository\org\yaml\snakeyaml\1.28\snakeyaml-1.28.jar;C:\Users\enggn\.m2\repository\tech\grasshopper\table-layout\1.5.1\table-layout-1.5.1.jar;C:\Users\enggn\.m2\repository\tech\grasshopper\rest-assured-cucumber-pdf-report\1.4.1\rest-assured-cucumber-pdf-report-1.4.1.jar;C:\Users\enggn\.m2\repository\org\jsoup\jsoup\1.15.3\jsoup-1.15.3.jar;C:\Users\enggn\.m2\repository\com\aventstack\klov-reporter\5.0.9\klov-reporter-5.0.9.jar;C:\Users\enggn\.m2\repository\org\mongodb\mongodb-driver\3.6.4\mongodb-driver-3.6.4.jar;C:\Users\enggn\.m2\repository\org\mongodb\mongodb-driver-core\3.6.4\mongodb-driver-core-3.6.4.jar;C:\Users\enggn\.m2\repository\org\mongodb\bson\3.6.4\bson-3.6.4.jar;C:\Users\enggn\.m2\repository\org\apache\httpcomponents\httpclient\4.5.13\httpclient-4.5.13.jar;C:\Users\enggn\.m2\repository\org\apache\httpcomponents\httpcore\4.4.13\httpcore-4.4.13.jar;C:\Users\enggn\.m2\repository\commons-logging\commons-logging\1.2\commons-logging-1.2.jar;C:\Users\enggn\.m2\repository\org\apache\httpcomponents\httpmime\4.5.13\httpmime-4.5.13.jar;C:\Users\enggn\.m2\repository\tech\grasshopper\htmlextentreporter\1.0.1\htmlextentreporter-1.0.1.jar;C:\Users\enggn\.m2\repository\com\aventstack\extentreports\5.0.9\extentreports-5.0.9.jar;C:\Users\enggn\.m2\repository\io\reactivex\rxjava3\rxjava\3.0.4\rxjava-3.0.4.jar;C:\Users\enggn\.m2\repository\org\reactivestreams\reactive-streams\1.0.3\reactive-streams-1.0.3.jar;C:\Users\enggn\.m2\repository\org\freemarker\freemarker\2.3.30\freemarker-2.3.30.jar;C:\Users\enggn\.m2\repository\com\google\code\gson\gson\2.8.6\gson-2.8.6.jar;C:\Users\enggn\.m2\repository\io\cucumber\cucumber-testng\7.14.0\cucumber-testng-7.14.0.jar;C:\Users\enggn\.m2\repository\org\apiguardian\apiguardian-api\1.1.2\apiguardian-api-1.1.2.jar;C:\Users\enggn\.m2\repository\io\cucumber\cucumber-core\7.14.0\cucumber-core-7.14.0.jar;C:\Users\enggn\.m2\repository\io\cucumber\cucumber-gherkin\7.14.0\cucumber-gherkin-7.14.0.jar;C:\Users\enggn\.m2\repository\io\cucumber\cucumber-gherkin-messages\7.14.0\cucumber-gherkin-messages-7.14.0.jar;C:\Users\enggn\.m2\repository\io\cucumber\messages\22.0.0\messages-22.0.0.jar;C:\Users\enggn\.m2\repository\io\cucumber\tag-expressions\5.0.6\tag-expressions-5.0.6.jar;C:\Users\enggn\.m2\repository\io\cucumber\cucumber-expressions\16.1.2\cucumber-expressions-16.1.2.jar;C:\Users\enggn\.m2\repository\io\cucumber\datatable\7.14.0\datatable-7.14.0.jar;C:\Users\enggn\.m2\repository\io\cucumber\cucumber-plugin\7.14.0\cucumber-plugin-7.14.0.jar;C:\Users\enggn\.m2\repository\io\cucumber\docstring\7.14.0\docstring-7.14.0.jar;C:\Users\enggn\.m2\repository\io\cucumber\html-formatter\20.4.0\html-formatter-20.4.0.jar;C:\Users\enggn\.m2\repository\io\cucumber\junit-xml-formatter\0.2.0\junit-xml-formatter-0.2.0.jar;C:\Users\enggn\.m2\repository\io\cucumber\ci-environment\9.2.0\ci-environment-9.2.0.jar;C:\Users\enggn\.m2\repository\com\sitture\cucumber-jvm-extentreport\3.0.7\cucumber-jvm-extentreport-3.0.7.jar;C:\Users\enggn\.m2\repository\org\seleniumhq\selenium\selenium-java\4.15.0\selenium-java-4.15.0.jar;C:\Users\enggn\.m2\repository\org\seleniumhq\selenium\selenium-api\4.15.0\selenium-api-4.15.0.jar;C:\Users\enggn\.m2\repository\org\seleniumhq\selenium\selenium-chrome-driver\4.15.0\selenium-chrome-driver-4.15.0.jar;C:\Users\enggn\.m2\repository\com\google\auto\service\auto-service-annotations\1.1.1\auto-service-annotations-1.1.1.jar;C:\Users\enggn\.m2\repository\org\seleniumhq\selenium\selenium-chromium-driver\4.15.0\selenium-chromium-driver-4.15.0.jar;C:\Users\enggn\.m2\repository\org\seleniumhq\selenium\selenium-json\4.15.0\selenium-json-4.15.0.jar;C:\Users\enggn\.m2\repository\org\seleniumhq\selenium\selenium-manager\4.15.0\selenium-manager-4.15.0.jar;C:\Users\enggn\.m2\repository\org\seleniumhq\selenium\selenium-devtools-v117\4.15.0\selenium-devtools-v117-4.15.0.jar;C:\Users\enggn\.m2\repository\org\seleniumhq\selenium\selenium-devtools-v118\4.15.0\selenium-devtools-v118-4.15.0.jar;C:\Users\enggn\.m2\repository\org\seleniumhq\selenium\selenium-devtools-v119\4.15.0\selenium-devtools-v119-4.15.0.jar;C:\Users\enggn\.m2\repository\org\seleniumhq\selenium\selenium-devtools-v85\4.15.0\selenium-devtools-v85-4.15.0.jar;C:\Users\enggn\.m2\repository\org\seleniumhq\selenium\selenium-edge-driver\4.15.0\selenium-edge-driver-4.15.0.jar;C:\Users\enggn\.m2\repository\org\seleniumhq\selenium\selenium-firefox-driver\4.15.0\selenium-firefox-driver-4.15.0.jar;C:\Users\enggn\.m2\repository\org\seleniumhq\selenium\selenium-http\4.15.0\selenium-http-4.15.0.jar;C:\Users\enggn\.m2\repository\dev\failsafe\failsafe\3.3.2\failsafe-3.3.2.jar;C:\Users\enggn\.m2\repository\org\seleniumhq\selenium\selenium-ie-driver\4.15.0\selenium-ie-driver-4.15.0.jar;C:\Users\enggn\.m2\repository\org\seleniumhq\selenium\selenium-remote-driver\4.15.0\selenium-remote-driver-4.15.0.jar;C:\Users\enggn\.m2\repository\com\google\guava\guava\32.1.2-jre\guava-32.1.2-jre.jar;C:\Users\enggn\.m2\repository\com\google\guava\failureaccess\1.0.1\failureaccess-1.0.1.jar;C:\Users\enggn\.m2\repository\com\google\guava\listenablefuture\9999.0-empty-to-avoid-conflict-with-guava\listenablefuture-9999.0-empty-to-avoid-conflict-with-guava.jar;C:\Users\enggn\.m2\repository\com\google\code\findbugs\jsr305\3.0.2\jsr305-3.0.2.jar;C:\Users\enggn\.m2\repository\org\checkerframework\checker-qual\3.33.0\checker-qual-3.33.0.jar;C:\Users\enggn\.m2\repository\com\google\errorprone\error_prone_annotations\2.18.0\error_prone_annotations-2.18.0.jar;C:\Users\enggn\.m2\repository\com\google\j2objc\j2objc-annotations\2.8\j2objc-annotations-2.8.jar;C:\Users\enggn\.m2\repository\io\opentelemetry\opentelemetry-api\1.28.0\opentelemetry-api-1.28.0.jar;C:\Users\enggn\.m2\repository\io\opentelemetry\opentelemetry-context\1.28.0\opentelemetry-context-1.28.0.jar;C:\Users\enggn\.m2\repository\io\opentelemetry\opentelemetry-exporter-logging\1.28.0\opentelemetry-exporter-logging-1.28.0.jar;C:\Users\enggn\.m2\repository\io\opentelemetry\opentelemetry-sdk-metrics\1.28.0\opentelemetry-sdk-metrics-1.28.0.jar;C:\Users\enggn\.m2\repository\io\opentelemetry\opentelemetry-extension-incubator\1.28.0-alpha\opentelemetry-extension-incubator-1.28.0-alpha.jar;C:\Users\enggn\.m2\repository\io\opentelemetry\opentelemetry-sdk-logs\1.28.0\opentelemetry-sdk-logs-1.28.0.jar;C:\Users\enggn\.m2\repository\io\opentelemetry\opentelemetry-sdk-common\1.28.0\opentelemetry-sdk-common-1.28.0.jar;C:\Users\enggn\.m2\repository\io\opentelemetry\opentelemetry-sdk-extension-autoconfigure-spi\1.28.0\opentelemetry-sdk-extension-autoconfigure-spi-1.28.0.jar;C:\Users\enggn\.m2\repository\io\opentelemetry\opentelemetry-sdk-extension-autoconfigure\1.28.0\opentelemetry-sdk-extension-autoconfigure-1.28.0.jar;C:\Users\enggn\.m2\repository\io\opentelemetry\opentelemetry-api-events\1.28.0-alpha\opentelemetry-api-events-1.28.0-alpha.jar;C:\Users\enggn\.m2\repository\io\opentelemetry\opentelemetry-sdk-trace\1.28.0\opentelemetry-sdk-trace-1.28.0.jar;C:\Users\enggn\.m2\repository\io\opentelemetry\opentelemetry-sdk\1.28.0\opentelemetry-sdk-1.28.0.jar;C:\Users\enggn\.m2\repository\io\opentelemetry\opentelemetry-semconv\1.28.0-alpha\opentelemetry-semconv-1.28.0-alpha.jar;C:\Users\enggn\.m2\repository\net\bytebuddy\byte-buddy\1.14.5\byte-buddy-1.14.5.jar;C:\Users\enggn\.m2\repository\org\seleniumhq\selenium\selenium-os\4.15.0\selenium-os-4.15.0.jar;C:\Users\enggn\.m2\repository\org\apache\commons\commons-exec\1.3\commons-exec-1.3.jar;C:\Users\enggn\.m2\repository\org\seleniumhq\selenium\selenium-safari-driver\4.15.0\selenium-safari-driver-4.15.0.jar;C:\Users\enggn\.m2\repository\org\seleniumhq\selenium\selenium-support\4.15.0\selenium-support-4.15.0.jar;C:\Users\enggn\.m2\repository\io\cucumber\cucumber-java\7.14.0\cucumber-java-7.14.0.jar;C:\Users\enggn\.m2\repository\org\apache\poi\poi\5.2.4\poi-5.2.4.jar;C:\Users\enggn\.m2\repository\commons-codec\commons-codec\1.16.0\commons-codec-1.16.0.jar;C:\Users\enggn\.m2\repository\org\apache\commons\commons-collections4\4.4\commons-collections4-4.4.jar;C:\Users\enggn\.m2\repository\org\apache\commons\commons-math3\3.6.1\commons-math3-3.6.1.jar;C:\Users\enggn\.m2\repository\commons-io\commons-io\2.13.0\commons-io-2.13.0.jar;C:\Users\enggn\.m2\repository\com\zaxxer\SparseBitSet\1.3\SparseBitSet-1.3.jar;C:\Users\enggn\.m2\repository\org\apache\poi\poi-ooxml\5.2.4\poi-ooxml-5.2.4.jar;C:\Users\enggn\.m2\repository\org\apache\poi\poi-ooxml-lite\5.2.4\poi-ooxml-lite-5.2.4.jar;C:\Users\enggn\.m2\repository\org\apache\xmlbeans\xmlbeans\5.1.1\xmlbeans-5.1.1.jar;C:\Users\enggn\.m2\repository\org\apache\commons\commons-compress\1.24.0\commons-compress-1.24.0.jar;C:\Users\enggn\.m2\repository\com\github\virtuald\curvesapi\1.08\curvesapi-1.08.jar;C:\Users\enggn\.m2\repository\org\testng\testng\7.8.0\testng-7.8.0.jar;C:\Users\enggn\.m2\repository\com\beust\jcommander\1.82\jcommander-1.82.jar;C:\Users\enggn\.m2\repository\org\webjars\jquery\3.6.1\jquery-3.6.1.jar;C:\Users\enggn\.m2\repository\io\cucumber\cucumber-junit\7.14.0\cucumber-junit-7.14.0.jar;C:\Users\enggn\.m2\repository\junit\junit\4.13.2\junit-4.13.2.jar;C:\Users\enggn\.m2\repository\org\hamcrest\hamcrest-core\1.3\hamcrest-core-1.3.jar;C:\Users\enggn\.m2\repository\org\apache\logging\log4j\log4j-api\3.0.0-alpha1\log4j-api-3.0.0-alpha1.jar;C:\Users\enggn\.m2\repository\org\apache\logging\log4j\log4j-core\3.0.0-alpha1\log4j-core-3.0.0-alpha1.jar;C:\Users\enggn\.m2\repository\org\apache\logging\log4j\log4j-plugins\3.0.0-alpha1\log4j-plugins-3.0.0-alpha1.jar;C:\Users\enggn\.m2\repository\javax\activation\javax.activation-api\1.2.0\javax.activation-api-1.2.0.jar;C:\Users\enggn\.m2\repository\javax\xml\bind\jaxb-api\2.3.1\jaxb-api-2.3.1.jar;C:\Users\enggn\.m2\repository\com\fasterxml\woodstox\woodstox-core\6.5.0\woodstox-core-6.5.0.jar;C:\Users\enggn\.m2\repository\org\codehaus\woodstox\stax2-api\4.2.1\stax2-api-4.2.1.jar;C:\Users\enggn\.m2\repository\io\qameta\allure\allure-cucumber7-jvm\2.24.0\allure-cucumber7-jvm-2.24.0.jar;C:\Users\enggn\.m2\repository\io\qameta\allure\allure-java-commons\2.24.0\allure-java-commons-2.24.0.jar;C:\Users\enggn\.m2\repository\io\qameta\allure\allure-model\2.24.0\allure-model-2.24.0.jar;C:\Users\enggn\.m2\repository\io\cucumber\gherkin\26.2.0\gherkin-26.2.0.jar;C:\Users\enggn\.m2\repository\io\qameta\allure\allure-junit4\2.24.0\allure-junit4-2.24.0.jar;C:\Users\enggn\.m2\repository\io\qameta\allure\allure-test-filter\2.24.0\allure-test-filter-2.24.0.jar;C:\Users\enggn\.m2\repository\io\qameta\allure\allure-testng\2.17.3\allure-testng-2.17.3.jar;C:\Users\enggn\.m2\repository\org\aspectj\aspectjweaver\1.9.21.RC1\aspectjweaver-1.9.21.RC1.jar;"/>
    <property name="java.vm.vendor" value="Oracle Corporation"/>
    <property name="sun.arch.data.model" value="64"/>
    <property name="user.variant" value=""/>
    <property name="java.vendor.url" value="https://java.oracle.com/"/>
    <property name="user.timezone" value="America/New_York"/>
    <property name="os.name" value="Windows 11"/>
    <property name="java.vm.specification.version" value="19"/>
    <property name="sun.java.launcher" value="SUN_STANDARD"/>
    <property name="user.country" value="US"/>
    <property name="sun.boot.library.path" value="C:\Program Files\Java\jdk-19\bin"/>
    <property name="sun.java.command" value="C:\Users\enggn\AppData\Local\Temp\surefire11880553234401688553\surefirebooter-20231207233244563_3.jar C:\Users\enggn\AppData\Local\Temp\surefire11880553234401688553 2023-12-07T23-32-44_433-jvmRun1 surefire-20231207233244563_1tmp surefire_0-20231207233244563_2tmp"/>
    <property name="jdk.debug" value="release"/>
    <property name="surefire.test.class.path" value="C:\Users\enggn\eclipse-workspace\DSAlgo_Cucumber\target\test-classes;C:\Users\enggn\eclipse-workspace\DSAlgo_Cucumber\target\classes;C:\Users\enggn\.m2\repository\org\projectlombok\lombok\1.18.24\lombok-1.18.24.jar;C:\Users\enggn\.m2\repository\org\slf4j\slf4j-api\2.0.9\slf4j-api-2.0.9.jar;C:\Users\enggn\.m2\repository\org\slf4j\slf4j-simple\2.0.9\slf4j-simple-2.0.9.jar;C:\Users\enggn\.m2\repository\tech\grasshopper\extentreports-cucumber7-adapter\1.9.1\extentreports-cucumber7-adapter-1.9.1.jar;C:\Users\enggn\.m2\repository\tech\grasshopper\extent-pdf-report\2.9.1\extent-pdf-report-2.9.1.jar;C:\Users\enggn\.m2\repository\tech\grasshopper\cucumber-pdf-report\2.11.1\cucumber-pdf-report-2.11.1.jar;C:\Users\enggn\.m2\repository\org\apache\pdfbox\pdfbox\2.0.26\pdfbox-2.0.26.jar;C:\Users\enggn\.m2\repository\org\apache\pdfbox\fontbox\2.0.26\fontbox-2.0.26.jar;C:\Users\enggn\.m2\repository\org\knowm\xchart\xchart\3.8.0\xchart-3.8.0.jar;C:\Users\enggn\.m2\repository\de\erichseifert\vectorgraphics2d\VectorGraphics2D\0.13\VectorGraphics2D-0.13.jar;C:\Users\enggn\.m2\repository\de\rototor\pdfbox\graphics2d\0.30\graphics2d-0.30.jar;C:\Users\enggn\.m2\repository\com\madgag\animated-gif-lib\1.4\animated-gif-lib-1.4.jar;C:\Users\enggn\.m2\repository\org\yaml\snakeyaml\1.28\snakeyaml-1.28.jar;C:\Users\enggn\.m2\repository\tech\grasshopper\table-layout\1.5.1\table-layout-1.5.1.jar;C:\Users\enggn\.m2\repository\tech\grasshopper\rest-assured-cucumber-pdf-report\1.4.1\rest-assured-cucumber-pdf-report-1.4.1.jar;C:\Users\enggn\.m2\repository\org\jsoup\jsoup\1.15.3\jsoup-1.15.3.jar;C:\Users\enggn\.m2\repository\com\aventstack\klov-reporter\5.0.9\klov-reporter-5.0.9.jar;C:\Users\enggn\.m2\repository\org\mongodb\mongodb-driver\3.6.4\mongodb-driver-3.6.4.jar;C:\Users\enggn\.m2\repository\org\mongodb\mongodb-driver-core\3.6.4\mongodb-driver-core-3.6.4.jar;C:\Users\enggn\.m2\repository\org\mongodb\bson\3.6.4\bson-3.6.4.jar;C:\Users\enggn\.m2\repository\org\apache\httpcomponents\httpclient\4.5.13\httpclient-4.5.13.jar;C:\Users\enggn\.m2\repository\org\apache\httpcomponents\httpcore\4.4.13\httpcore-4.4.13.jar;C:\Users\enggn\.m2\repository\commons-logging\commons-logging\1.2\commons-logging-1.2.jar;C:\Users\enggn\.m2\repository\org\apache\httpcomponents\httpmime\4.5.13\httpmime-4.5.13.jar;C:\Users\enggn\.m2\repository\tech\grasshopper\htmlextentreporter\1.0.1\htmlextentreporter-1.0.1.jar;C:\Users\enggn\.m2\repository\com\aventstack\extentreports\5.0.9\extentreports-5.0.9.jar;C:\Users\enggn\.m2\repository\io\reactivex\rxjava3\rxjava\3.0.4\rxjava-3.0.4.jar;C:\Users\enggn\.m2\repository\org\reactivestreams\reactive-streams\1.0.3\reactive-streams-1.0.3.jar;C:\Users\enggn\.m2\repository\org\freemarker\freemarker\2.3.30\freemarker-2.3.30.jar;C:\Users\enggn\.m2\repository\com\google\code\gson\gson\2.8.6\gson-2.8.6.jar;C:\Users\enggn\.m2\repository\io\cucumber\cucumber-testng\7.14.0\cucumber-testng-7.14.0.jar;C:\Users\enggn\.m2\repository\org\apiguardian\apiguardian-api\1.1.2\apiguardian-api-1.1.2.jar;C:\Users\enggn\.m2\repository\io\cucumber\cucumber-core\7.14.0\cucumber-core-7.14.0.jar;C:\Users\enggn\.m2\repository\io\cucumber\cucumber-gherkin\7.14.0\cucumber-gherkin-7.14.0.jar;C:\Users\enggn\.m2\repository\io\cucumber\cucumber-gherkin-messages\7.14.0\cucumber-gherkin-messages-7.14.0.jar;C:\Users\enggn\.m2\repository\io\cucumber\messages\22.0.0\messages-22.0.0.jar;C:\Users\enggn\.m2\repository\io\cucumber\tag-expressions\5.0.6\tag-expressions-5.0.6.jar;C:\Users\enggn\.m2\repository\io\cucumber\cucumber-expressions\16.1.2\cucumber-expressions-16.1.2.jar;C:\Users\enggn\.m2\repository\io\cucumber\datatable\7.14.0\datatable-7.14.0.jar;C:\Users\enggn\.m2\repository\io\cucumber\cucumber-plugin\7.14.0\cucumber-plugin-7.14.0.jar;C:\Users\enggn\.m2\repository\io\cucumber\docstring\7.14.0\docstring-7.14.0.jar;C:\Users\enggn\.m2\repository\io\cucumber\html-formatter\20.4.0\html-formatter-20.4.0.jar;C:\Users\enggn\.m2\repository\io\cucumber\junit-xml-formatter\0.2.0\junit-xml-formatter-0.2.0.jar;C:\Users\enggn\.m2\repository\io\cucumber\ci-environment\9.2.0\ci-environment-9.2.0.jar;C:\Users\enggn\.m2\repository\com\sitture\cucumber-jvm-extentreport\3.0.7\cucumber-jvm-extentreport-3.0.7.jar;C:\Users\enggn\.m2\repository\org\seleniumhq\selenium\selenium-java\4.15.0\selenium-java-4.15.0.jar;C:\Users\enggn\.m2\repository\org\seleniumhq\selenium\selenium-api\4.15.0\selenium-api-4.15.0.jar;C:\Users\enggn\.m2\repository\org\seleniumhq\selenium\selenium-chrome-driver\4.15.0\selenium-chrome-driver-4.15.0.jar;C:\Users\enggn\.m2\repository\com\google\auto\service\auto-service-annotations\1.1.1\auto-service-annotations-1.1.1.jar;C:\Users\enggn\.m2\repository\org\seleniumhq\selenium\selenium-chromium-driver\4.15.0\selenium-chromium-driver-4.15.0.jar;C:\Users\enggn\.m2\repository\org\seleniumhq\selenium\selenium-json\4.15.0\selenium-json-4.15.0.jar;C:\Users\enggn\.m2\repository\org\seleniumhq\selenium\selenium-manager\4.15.0\selenium-manager-4.15.0.jar;C:\Users\enggn\.m2\repository\org\seleniumhq\selenium\selenium-devtools-v117\4.15.0\selenium-devtools-v117-4.15.0.jar;C:\Users\enggn\.m2\repository\org\seleniumhq\selenium\selenium-devtools-v118\4.15.0\selenium-devtools-v118-4.15.0.jar;C:\Users\enggn\.m2\repository\org\seleniumhq\selenium\selenium-devtools-v119\4.15.0\selenium-devtools-v119-4.15.0.jar;C:\Users\enggn\.m2\repository\org\seleniumhq\selenium\selenium-devtools-v85\4.15.0\selenium-devtools-v85-4.15.0.jar;C:\Users\enggn\.m2\repository\org\seleniumhq\selenium\selenium-edge-driver\4.15.0\selenium-edge-driver-4.15.0.jar;C:\Users\enggn\.m2\repository\org\seleniumhq\selenium\selenium-firefox-driver\4.15.0\selenium-firefox-driver-4.15.0.jar;C:\Users\enggn\.m2\repository\org\seleniumhq\selenium\selenium-http\4.15.0\selenium-http-4.15.0.jar;C:\Users\enggn\.m2\repository\dev\failsafe\failsafe\3.3.2\failsafe-3.3.2.jar;C:\Users\enggn\.m2\repository\org\seleniumhq\selenium\selenium-ie-driver\4.15.0\selenium-ie-driver-4.15.0.jar;C:\Users\enggn\.m2\repository\org\seleniumhq\selenium\selenium-remote-driver\4.15.0\selenium-remote-driver-4.15.0.jar;C:\Users\enggn\.m2\repository\com\google\guava\guava\32.1.2-jre\guava-32.1.2-jre.jar;C:\Users\enggn\.m2\repository\com\google\guava\failureaccess\1.0.1\failureaccess-1.0.1.jar;C:\Users\enggn\.m2\repository\com\google\guava\listenablefuture\9999.0-empty-to-avoid-conflict-with-guava\listenablefuture-9999.0-empty-to-avoid-conflict-with-guava.jar;C:\Users\enggn\.m2\repository\com\google\code\findbugs\jsr305\3.0.2\jsr305-3.0.2.jar;C:\Users\enggn\.m2\repository\org\checkerframework\checker-qual\3.33.0\checker-qual-3.33.0.jar;C:\Users\enggn\.m2\repository\com\google\errorprone\error_prone_annotations\2.18.0\error_prone_annotations-2.18.0.jar;C:\Users\enggn\.m2\repository\com\google\j2objc\j2objc-annotations\2.8\j2objc-annotations-2.8.jar;C:\Users\enggn\.m2\repository\io\opentelemetry\opentelemetry-api\1.28.0\opentelemetry-api-1.28.0.jar;C:\Users\enggn\.m2\repository\io\opentelemetry\opentelemetry-context\1.28.0\opentelemetry-context-1.28.0.jar;C:\Users\enggn\.m2\repository\io\opentelemetry\opentelemetry-exporter-logging\1.28.0\opentelemetry-exporter-logging-1.28.0.jar;C:\Users\enggn\.m2\repository\io\opentelemetry\opentelemetry-sdk-metrics\1.28.0\opentelemetry-sdk-metrics-1.28.0.jar;C:\Users\enggn\.m2\repository\io\opentelemetry\opentelemetry-extension-incubator\1.28.0-alpha\opentelemetry-extension-incubator-1.28.0-alpha.jar;C:\Users\enggn\.m2\repository\io\opentelemetry\opentelemetry-sdk-logs\1.28.0\opentelemetry-sdk-logs-1.28.0.jar;C:\Users\enggn\.m2\repository\io\opentelemetry\opentelemetry-sdk-common\1.28.0\opentelemetry-sdk-common-1.28.0.jar;C:\Users\enggn\.m2\repository\io\opentelemetry\opentelemetry-sdk-extension-autoconfigure-spi\1.28.0\opentelemetry-sdk-extension-autoconfigure-spi-1.28.0.jar;C:\Users\enggn\.m2\repository\io\opentelemetry\opentelemetry-sdk-extension-autoconfigure\1.28.0\opentelemetry-sdk-extension-autoconfigure-1.28.0.jar;C:\Users\enggn\.m2\repository\io\opentelemetry\opentelemetry-api-events\1.28.0-alpha\opentelemetry-api-events-1.28.0-alpha.jar;C:\Users\enggn\.m2\repository\io\opentelemetry\opentelemetry-sdk-trace\1.28.0\opentelemetry-sdk-trace-1.28.0.jar;C:\Users\enggn\.m2\repository\io\opentelemetry\opentelemetry-sdk\1.28.0\opentelemetry-sdk-1.28.0.jar;C:\Users\enggn\.m2\repository\io\opentelemetry\opentelemetry-semconv\1.28.0-alpha\opentelemetry-semconv-1.28.0-alpha.jar;C:\Users\enggn\.m2\repository\net\bytebuddy\byte-buddy\1.14.5\byte-buddy-1.14.5.jar;C:\Users\enggn\.m2\repository\org\seleniumhq\selenium\selenium-os\4.15.0\selenium-os-4.15.0.jar;C:\Users\enggn\.m2\repository\org\apache\commons\commons-exec\1.3\commons-exec-1.3.jar;C:\Users\enggn\.m2\repository\org\seleniumhq\selenium\selenium-safari-driver\4.15.0\selenium-safari-driver-4.15.0.jar;C:\Users\enggn\.m2\repository\org\seleniumhq\selenium\selenium-support\4.15.0\selenium-support-4.15.0.jar;C:\Users\enggn\.m2\repository\io\cucumber\cucumber-java\7.14.0\cucumber-java-7.14.0.jar;C:\Users\enggn\.m2\repository\org\apache\poi\poi\5.2.4\poi-5.2.4.jar;C:\Users\enggn\.m2\repository\commons-codec\commons-codec\1.16.0\commons-codec-1.16.0.jar;C:\Users\enggn\.m2\repository\org\apache\commons\commons-collections4\4.4\commons-collections4-4.4.jar;C:\Users\enggn\.m2\repository\org\apache\commons\commons-math3\3.6.1\commons-math3-3.6.1.jar;C:\Users\enggn\.m2\repository\commons-io\commons-io\2.13.0\commons-io-2.13.0.jar;C:\Users\enggn\.m2\repository\com\zaxxer\SparseBitSet\1.3\SparseBitSet-1.3.jar;C:\Users\enggn\.m2\repository\org\apache\poi\poi-ooxml\5.2.4\poi-ooxml-5.2.4.jar;C:\Users\enggn\.m2\repository\org\apache\poi\poi-ooxml-lite\5.2.4\poi-ooxml-lite-5.2.4.jar;C:\Users\enggn\.m2\repository\org\apache\xmlbeans\xmlbeans\5.1.1\xmlbeans-5.1.1.jar;C:\Users\enggn\.m2\repository\org\apache\commons\commons-compress\1.24.0\commons-compress-1.24.0.jar;C:\Users\enggn\.m2\repository\com\github\virtuald\curvesapi\1.08\curvesapi-1.08.jar;C:\Users\enggn\.m2\repository\org\testng\testng\7.8.0\testng-7.8.0.jar;C:\Users\enggn\.m2\repository\com\beust\jcommander\1.82\jcommander-1.82.jar;C:\Users\enggn\.m2\repository\org\webjars\jquery\3.6.1\jquery-3.6.1.jar;C:\Users\enggn\.m2\repository\io\cucumber\cucumber-junit\7.14.0\cucumber-junit-7.14.0.jar;C:\Users\enggn\.m2\repository\junit\junit\4.13.2\junit-4.13.2.jar;C:\Users\enggn\.m2\repository\org\hamcrest\hamcrest-core\1.3\hamcrest-core-1.3.jar;C:\Users\enggn\.m2\repository\org\apache\logging\log4j\log4j-api\3.0.0-alpha1\log4j-api-3.0.0-alpha1.jar;C:\Users\enggn\.m2\repository\org\apache\logging\log4j\log4j-core\3.0.0-alpha1\log4j-core-3.0.0-alpha1.jar;C:\Users\enggn\.m2\repository\org\apache\logging\log4j\log4j-plugins\3.0.0-alpha1\log4j-plugins-3.0.0-alpha1.jar;C:\Users\enggn\.m2\repository\javax\activation\javax.activation-api\1.2.0\javax.activation-api-1.2.0.jar;C:\Users\enggn\.m2\repository\javax\xml\bind\jaxb-api\2.3.1\jaxb-api-2.3.1.jar;C:\Users\enggn\.m2\repository\com\fasterxml\woodstox\woodstox-core\6.5.0\woodstox-core-6.5.0.jar;C:\Users\enggn\.m2\repository\org\codehaus\woodstox\stax2-api\4.2.1\stax2-api-4.2.1.jar;C:\Users\enggn\.m2\repository\io\qameta\allure\allure-cucumber7-jvm\2.24.0\allure-cucumber7-jvm-2.24.0.jar;C:\Users\enggn\.m2\repository\io\qameta\allure\allure-java-commons\2.24.0\allure-java-commons-2.24.0.jar;C:\Users\enggn\.m2\repository\io\qameta\allure\allure-model\2.24.0\allure-model-2.24.0.jar;C:\Users\enggn\.m2\repository\io\cucumber\gherkin\26.2.0\gherkin-26.2.0.jar;C:\Users\enggn\.m2\repository\io\qameta\allure\allure-junit4\2.24.0\allure-junit4-2.24.0.jar;C:\Users\enggn\.m2\repository\io\qameta\allure\allure-test-filter\2.24.0\allure-test-filter-2.24.0.jar;C:\Users\enggn\.m2\repository\io\qameta\allure\allure-testng\2.17.3\allure-testng-2.17.3.jar;C:\Users\enggn\.m2\repository\org\aspectj\aspectjweaver\1.9.21.RC1\aspectjweaver-1.9.21.RC1.jar;"/>
    <property name="sun.cpu.endian" value="little"/>
    <property name="user.home" value="C:\Users\enggn"/>
    <property name="user.language" value="en"/>
    <property name="java.specification.vendor" value="Oracle Corporation"/>
    <property name="java.version.date" value="2023-01-17"/>
    <property name="java.home" value="C:\Program Files\Java\jdk-19"/>
    <property name="file.separator" value="\"/>
    <property name="basedir" value="C:\Users\enggn\eclipse-workspace\DSAlgo_Cucumber"/>
    <property name="java.vm.compressedOopsMode" value="32-bit"/>
    <property name="line.separator" value="&#10;"/>
    <property name="java.vm.specification.vendor" value="Oracle Corporation"/>
    <property name="java.specification.name" value="Java Platform API Specification"/>
    <property name="surefire.real.class.path" value="C:\Users\enggn\AppData\Local\Temp\surefire11880553234401688553\surefirebooter-20231207233244563_3.jar"/>
    <property name="user.script" value=""/>
    <property name="sun.management.compiler" value="HotSpot 64-Bit Tiered Compilers"/>
    <property name="java.runtime.version" value="19.0.2+7-44"/>
    <property name="user.name" value="enggn"/>
    <property name="stdout.encoding" value="Cp1252"/>
    <property name="path.separator" value=";"/>
    <property name="os.version" value="10.0"/>
    <property name="java.runtime.name" value="Java(TM) SE Runtime Environment"/>
    <property name="file.encoding" value="UTF-8"/>
    <property name="java.vm.name" value="Java HotSpot(TM) 64-Bit Server VM"/>
    <property name="localRepository" value="C:\Users\enggn\.m2\repository"/>
    <property name="java.vendor.url.bug" value="https://bugreport.java.com/bugreport/"/>
    <property name="java.io.tmpdir" value="C:\Users\enggn\AppData\Local\Temp\"/>
    <property name="java.version" value="19.0.2"/>
    <property name="user.dir" value="C:\Users\enggn\eclipse-workspace\DSAlgo_Cucumber"/>
    <property name="os.arch" value="amd64"/>
    <property name="java.vm.specification.name" value="Java Virtual Machine Specification"/>
    <property name="sun.os.patch.level" value=""/>
    <property name="native.encoding" value="Cp1252"/>
    <property name="java.library.path" value="C:\Program Files\Java\jdk-19\bin;C:\WINDOWS\Sun\Java\bin;C:\WINDOWS\system32;C:\WINDOWS;C:\Program Files\Common Files\Oracle\Java\javapath;C:\Users\enggn\Downloads\WINDOWS.X64_193000_db_home\bin;C:\Program Files (x86)\VMware\VMware Workstation\bin\;C:\Program Files (x86)\HP\NV\lib\shunra\vcat;C:\WINDOWS\system32;C:\WINDOWS;C:\WINDOWS\System32\Wbem;C:\WINDOWS\System32\WindowsPowerShell\v1.0\;C:\WINDOWS\System32\OpenSSH\;C:\Program Files\dotnet\;C:\Program Files (x86)\HP\Unified Functional Testing\bin;C:\Program Files (x86)\HP\LoadRunner\strawberry-perl\perl\bin;C:\Program Files (x86)\HP\NV\lib\thirdparty\safenet\LDK\7.0;C:\Program Files (x86)\HP\NV\lib\shunra\snv;:\Program Files\Java\jdk-19;C:\Program Files\Java\jdk-19\bin;C:\Users\enggn\OneDrive\Desktop\Ajay\bin;C:\Users\enggn\OneDrive\Desktop\Ajay\apache-maven-3.9.1;C:\Users\enggn\OneDrive\Desktop\Selenium\apache-maven-3.8.8\bin;C:\Users\enggn\AppData\Local\Programs\Python\Python311\Scripts;C:\apache-maven-3.9.6\bin;%ALLURE_HOME\bin;C:\Allure\allure-2.25.0\bin;C:\Program Files\Git\cmd;C:\jenkin;C:\Users\enggn\AppData\Local\Programs\Python\Python311\Scripts\;C:\Users\enggn\AppData\Local\Programs\Python\Python311\;C:\Users\enggn\AppData\Local\Microsoft\WindowsApps;:\Program Files\Java\jdk-19;C:\Program Files\Java\jdk-19\bin;C:\jenkin;;."/>
    <property name="java.vm.info" value="mixed mode, sharing"/>
    <property name="stderr.encoding" value="Cp1252"/>
    <property name="java.vendor" value="Oracle Corporation"/>
    <property name="java.vm.version" value="19.0.2+7-44"/>
    <property name="sun.io.unicode.encoding" value="UnicodeLittle"/>
    <property name="java.class.version" value="63.0"/>
  </properties>
  <testcase name="runScenario[&quot;Browser page&quot;, &quot;A) To Automate Introduction page of DS_Algo&quot;](1)" classname="runner.TestRunnerTestng" time="6.152">
    <system-out><![CDATA[
@Browser_page
Scenario Outline: Browser page                                                                          &amp#27;[90m# src/test/resources/Features/01_dsIntro.feature:14&amp#27;[0m
====================START SCENARIO=====================
********************* Trio Challengers starts testing the Data Structure Algo portal ********************************
  &amp#27;[32mGiven &amp#27;[0m&amp#27;[32mThe Trio Team Challengers starts testing the Data Structure Algo portal.&amp#27;[0m                        &amp#27;[90m# stepDefinition.BackgroundCode.the_trio_team_challengers_starts_testing_the_data_structure_algo_portal()&amp#27;[0m
  &amp#27;[32mGiven &amp#27;[0m&amp#27;[32mThe user should be open the browser&amp#27;[0m                                                             &amp#27;[90m# stepDefinition.ds_AlgoPortalSteps.the_user_should_be_open_the_browser()&amp#27;[0m
  &amp#27;[32mWhen &amp#27;[0m&amp#27;[32mThe user enter the DS_Algo Portal https://dsportalapp.herokuapp.com/&amp#27;[0m                             &amp#27;[90m# stepDefinition.ds_AlgoPortalSteps.the_user_enter_the_ds_algo_portal_https_dsportalapp_herokuapp_com()&amp#27;[0m
The portal Message : You are at the right place
  &amp#27;[32mThen &amp#27;[0m&amp#27;[32mThe user should landed on the DS_Algo Get Started page with message &amp#27;[0m&amp#27;[32m&amp#27;[1m"You are at the right place"&amp#27;[0m &amp#27;[90m# stepDefinition.ds_AlgoPortalSteps.the_user_should_landed_on_the_ds_algo_get_started_page_with_message(java.lang.String)&amp#27;[0m
Scenario status ======>PASSED
]]></system-out>
  </testcase>
  <testcase name="runScenario[&quot;DS Algo Get Started page&quot;, &quot;A) To Automate Introduction page of DS_Algo&quot;](2)" classname="runner.TestRunnerTestng" time="0.572">
    <system-out><![CDATA[
@Start_page
Scenario: DS Algo Get Started page                                                                  &amp#27;[90m# src/test/resources/Features/01_dsIntro.feature:17&amp#27;[0m
====================START SCENARIO=====================
********************* Trio Challengers starts testing the Data Structure Algo portal ********************************
  &amp#27;[32mGiven &amp#27;[0m&amp#27;[32mThe Trio Team Challengers starts testing the Data Structure Algo portal.&amp#27;[0m                    &amp#27;[90m# stepDefinition.BackgroundCode.the_trio_team_challengers_starts_testing_the_data_structure_algo_portal()&amp#27;[0m
Numpy Ninja
  &amp#27;[32mGiven &amp#27;[0m&amp#27;[32mThe user should open the DS Algo Portal URL in any supported browser&amp#27;[0m                        &amp#27;[90m# stepDefinition.ds_AlgoPortalSteps.the_user_should_open_the_ds_algo_portal_url_in_any_supported_browser()&amp#27;[0m
  &amp#27;[32mWhen &amp#27;[0m&amp#27;[32mThe user clicks the Get Started button&amp#27;[0m                                                       &amp#27;[90m# stepDefinition.ds_AlgoPortalSteps.the_user_clicks_the_get_started_button()&amp#27;[0m
The user sees text message after clicking getstarted button: Register
The user sees text message after clicking getstarted button: Sign in
  &amp#27;[32mThen &amp#27;[0m&amp#27;[32mThe user should land in Data Structure Introduction Page with &amp#27;[0m&amp#27;[32m&amp#27;[1m"Register"&amp#27;[0m&amp#27;[32m and &amp#27;[0m&amp#27;[32m&amp#27;[1m"Sign in"&amp#27;[0m&amp#27;[32m links&amp#27;[0m &amp#27;[90m# stepDefinition.ds_AlgoPortalSteps.the_user_should_land_in_data_structure_introduction_page_with_and_links(java.lang.String,java.lang.String)&amp#27;[0m
Scenario status ======>PASSED
]]></system-out>
  </testcase>
  <testcase name="runScenario[&quot;DS Introduction page&quot;, &quot;A) To Automate Introduction page of DS_Algo&quot;](3)" classname="runner.TestRunnerTestng" time="0.153">
    <system-out><![CDATA[
@Intro_page
Scenario: DS Introduction page                                                                            &amp#27;[90m# src/test/resources/Features/01_dsIntro.feature:23&amp#27;[0m
====================START SCENARIO=====================
********************* Trio Challengers starts testing the Data Structure Algo portal ********************************
  &amp#27;[32mGiven &amp#27;[0m&amp#27;[32mThe Trio Team Challengers starts testing the Data Structure Algo portal.&amp#27;[0m                          &amp#27;[90m# stepDefinition.BackgroundCode.the_trio_team_challengers_starts_testing_the_data_structure_algo_portal()&amp#27;[0m
  &amp#27;[32mGiven &amp#27;[0m&amp#27;[32mThe user is on the DS Introduction page&amp#27;[0m                                                           &amp#27;[90m# stepDefinition.ds_AlgoPortalSteps.the_user_is_on_the_ds_introduction_page()&amp#27;[0m
  &amp#27;[32mWhen &amp#27;[0m&amp#27;[32mThe user clicks the data structure dropdown  arrow&amp#27;[0m                                                 &amp#27;[90m# stepDefinition.ds_AlgoPortalSteps.the_user_clicks_the_data_structure_dropdown_arrow()&amp#27;[0m
Arrays
Linked List
Stack
Queue
Tree
Graph
  &amp#27;[32mThen &amp#27;[0m&amp#27;[32mThe user should able to see &amp#27;[0m&amp#27;[32m&amp#27;[1m6&amp#27;[0m&amp#27;[32m options Arrays &amp#27;[0m&amp#27;[32m&amp#27;[1m"Linked,List,Stack,Queue,Tree,Graph"&amp#27;[0m&amp#27;[32m in dropdown menu&amp#27;[0m &amp#27;[90m# stepDefinition.ds_AlgoPortalSteps.the_user_should_able_to_see_options_arrays_in_dropdown_menu(java.lang.Integer,java.lang.String)&amp#27;[0m
Scenario status ======>PASSED
]]></system-out>
  </testcase>
  <testcase name="runScenario[&quot;DS Introduction page&quot;, &quot;A) To Automate Introduction page of DS_Algo&quot;](4)" classname="runner.TestRunnerTestng" time="0.271">
    <system-out><![CDATA[
Scenario: DS Introduction page                                                       &amp#27;[90m# src/test/resources/Features/01_dsIntro.feature:28&amp#27;[0m
====================START SCENARIO=====================
********************* Trio Challengers starts testing the Data Structure Algo portal ********************************
  &amp#27;[32mGiven &amp#27;[0m&amp#27;[32mThe Trio Team Challengers starts testing the Data Structure Algo portal.&amp#27;[0m     &amp#27;[90m# stepDefinition.BackgroundCode.the_trio_team_challengers_starts_testing_the_data_structure_algo_portal()&amp#27;[0m
  &amp#27;[32mGiven &amp#27;[0m&amp#27;[32mThe user is on the DS Introduction page&amp#27;[0m                                      &amp#27;[90m# stepDefinition.ds_AlgoPortalSteps.the_user_is_on_the_ds_introduction_page()&amp#27;[0m
  &amp#27;[32mWhen &amp#27;[0m&amp#27;[32mThe user selects any data structures item from the drop down without Sign in.&amp#27;[0m &amp#27;[90m# stepDefinition.ds_AlgoPortalSteps.the_user_selects_any_data_structures_item_from_the_drop_down_without_sign_in()&amp#27;[0m
The User sees an AlertMessage when user is not signed in: You are not logged in
  &amp#27;[32mThen &amp#27;[0m&amp#27;[32mThe user should able to see an warning message &amp#27;[0m&amp#27;[32m&amp#27;[1m"You are not logged in"&amp#27;[0m        &amp#27;[90m# stepDefinition.ds_AlgoPortalSteps.the_user_should_able_to_see_an_warning_message(java.lang.String)&amp#27;[0m
Scenario status ======>PASSED
]]></system-out>
  </testcase>
  <testcase name="runScenario[&quot;DS Introduction page&quot;, &quot;A) To Automate Introduction page of DS_Algo&quot;](5)" classname="runner.TestRunnerTestng" time="0.061">
    <system-out><![CDATA[
Scenario: DS Introduction page                                                                   &amp#27;[90m# src/test/resources/Features/01_dsIntro.feature:33&amp#27;[0m
====================START SCENARIO=====================
********************* Trio Challengers starts testing the Data Structure Algo portal ********************************
  &amp#27;[32mGiven &amp#27;[0m&amp#27;[32mThe Trio Team Challengers starts testing the Data Structure Algo portal.&amp#27;[0m                 &amp#27;[90m# stepDefinition.BackgroundCode.the_trio_team_challengers_starts_testing_the_data_structure_algo_portal()&amp#27;[0m
  &amp#27;[32mGiven &amp#27;[0m&amp#27;[32mThe user is on the DS Introduction page&amp#27;[0m                                                  &amp#27;[90m# stepDefinition.ds_AlgoPortalSteps.the_user_is_on_the_ds_introduction_page()&amp#27;[0m
  &amp#27;[32mWhen &amp#27;[0m&amp#27;[32mThe user clicks any &amp#27;[0m&amp#27;[32m&amp#27;[1m"Get Started"&amp#27;[0m&amp#27;[32m buttons of data structures  on the DS Introduction page&amp#27;[0m &amp#27;[90m# stepDefinition.ds_AlgoPortalSteps.the_user_clicks_any_buttons_of_data_structures_on_the_ds_introduction_page(java.lang.String)&amp#27;[0m
The User sees an AlertMessage when user is not signed in: You are not logged in
  &amp#27;[32mThen &amp#27;[0m&amp#27;[32mThe user should able to see an warning message &amp#27;[0m&amp#27;[32m&amp#27;[1m"You are not logged in"&amp#27;[0m                    &amp#27;[90m# stepDefinition.ds_AlgoPortalSteps.the_user_should_able_to_see_an_warning_message(java.lang.String)&amp#27;[0m
Scenario status ======>PASSED
]]></system-out>
  </testcase>
  <testcase name="runScenario[&quot;DS Algo Introduction Page&quot;, &quot;C)To automate Signin page of DS_Algo&quot;](6)" classname="runner.TestRunnerTestng" time="0.247">
    <system-out><![CDATA[
@Signin_page(link)
Scenario: DS Algo Introduction Page                                  &amp#27;[90m# src/test/resources/Features/03_dsSignin.feature:7&amp#27;[0m
====================START SCENARIO=====================
  &amp#27;[32mGiven &amp#27;[0m&amp#27;[32mThe user is on the DS Algo Introduction Page&amp#27;[0m                 &amp#27;[90m# stepDefinition.ds_AlgoSigninSteps.the_user_is_on_the_ds_algo_introduction_page()&amp#27;[0m
  &amp#27;[32mWhen &amp#27;[0m&amp#27;[32mThe user should click the Sign in link&amp#27;[0m                        &amp#27;[90m# stepDefinition.ds_AlgoSigninSteps.the_user_should_click_the_sign_in_link()&amp#27;[0m
Current user login url :  https://dsportalapp.herokuapp.com/login
  &amp#27;[32mThen &amp#27;[0m&amp#27;[32mThe user should be redirected to Sign in page&amp#27;[0m                 &amp#27;[90m# stepDefinition.ds_AlgoSigninSteps.the_user_should_be_redirected_to_sign_in_page()&amp#27;[0m
The User sees the link below text boxex : Register!
  &amp#27;[32mAnd &amp#27;[0m&amp#27;[32mThe user is able to see &amp#27;[0m&amp#27;[32m&amp#27;[1m"Register!"&amp#27;[0m&amp#27;[32m link  below the text boxes&amp#27;[0m &amp#27;[90m# stepDefinition.ds_AlgoSigninSteps.the_user_is_able_to_see_link_below_the_text_boxes(java.lang.String)&amp#27;[0m
Scenario status ======>PASSED
]]></system-out>
  </testcase>
  <testcase name="runScenario[&quot;DS Algo Introduction Page&quot;, &quot;C)To automate Signin page of DS_Algo&quot;](7)" classname="runner.TestRunnerTestng" time="0.22">
    <system-out><![CDATA[
@Signin_page(allBlank)
Scenario Outline: DS Algo Introduction Page                                           &amp#27;[90m# src/test/resources/Features/03_dsSignin.feature:19&amp#27;[0m
====================START SCENARIO=====================
  &amp#27;[32mGiven &amp#27;[0m&amp#27;[32mThe user is on the DS Algo Introduction Page&amp#27;[0m                                  &amp#27;[90m# stepDefinition.ds_AlgoSigninSteps.the_user_is_on_the_ds_algo_introduction_page()&amp#27;[0m
  &amp#27;[32mWhen &amp#27;[0m&amp#27;[32mThe user clicks login button after leaving the &amp#27;[0m&amp#27;[32m&amp#27;[1m""&amp#27;[0m&amp#27;[32m textbox and &amp#27;[0m&amp#27;[32m&amp#27;[1m""&amp#27;[0m&amp#27;[32m textbox blank&amp#27;[0m &amp#27;[90m# stepDefinition.ds_AlgoSigninSteps.the_user_clicks_login_button_after_leaving_the_textbox_and_textbox_blank(java.lang.String,java.lang.String)&amp#27;[0m
The User able to see tootip message below inbox text box:  Please fill out this field.
  &amp#27;[32mThen &amp#27;[0m&amp#27;[32mThe error message &amp#27;[0m&amp#27;[32m&amp#27;[1m"Please fill out this field."&amp#27;[0m&amp#27;[32m appears below Username textbox&amp#27;[0m &amp#27;[90m# stepDefinition.ds_AlgoSigninSteps.the_error_message_appears_below_username_textbox(java.lang.String)&amp#27;[0m
Scenario status ======>PASSED
]]></system-out>
  </testcase>
  <testcase name="runScenario[&quot;DS Algo Introduction Page&quot;, &quot;C)To automate Signin page of DS_Algo&quot;](8)" classname="runner.TestRunnerTestng" time="0.262">
    <system-out><![CDATA[
@Signin_page(enteronlyusername)
Scenario Outline: DS Algo Introduction Page                                                              &amp#27;[90m# src/test/resources/Features/03_dsSignin.feature:28&amp#27;[0m
====================START SCENARIO=====================
  &amp#27;[32mGiven &amp#27;[0m&amp#27;[32mThe user is on the DS Algo Introduction Page&amp#27;[0m                                                     &amp#27;[90m# stepDefinition.ds_AlgoSigninSteps.the_user_is_on_the_ds_algo_introduction_page()&amp#27;[0m
  &amp#27;[32mWhen &amp#27;[0m&amp#27;[32mThe user clicks login button after entering the &amp#27;[0m&amp#27;[32m&amp#27;[1m"Trioteamchallengers"&amp#27;[0m&amp#27;[32m and leaves &amp#27;[0m&amp#27;[32m&amp#27;[1m""&amp#27;[0m&amp#27;[32m textbox blank&amp#27;[0m &amp#27;[90m# stepDefinition.ds_AlgoSigninSteps.the_user_clicks_login_button_after_entering_the_and_leaves_textbox_blank(java.lang.String,java.lang.String)&amp#27;[0m
The User able to see tootip message below inbox text box:  Please fill out this field.
  &amp#27;[32mThen &amp#27;[0m&amp#27;[32mThe error message &amp#27;[0m&amp#27;[32m&amp#27;[1m"Please fill out this field."&amp#27;[0m&amp#27;[32m appears below Pwd textbox&amp#27;[0m                         &amp#27;[90m# stepDefinition.ds_AlgoSigninSteps.the_error_message_appears_below_pwd_textbox(java.lang.String)&amp#27;[0m
Scenario status ======>PASSED
]]></system-out>
  </testcase>
  <testcase name="runScenario[&quot;DS Algo Introduction Page&quot;, &quot;C)To automate Signin page of DS_Algo&quot;](9)" classname="runner.TestRunnerTestng" time="0.22">
    <system-out><![CDATA[
@Signin_page(enteronlypwd)
Scenario Outline: DS Algo Introduction Page                                           &amp#27;[90m# src/test/resources/Features/03_dsSignin.feature:37&amp#27;[0m
====================START SCENARIO=====================
  &amp#27;[32mGiven &amp#27;[0m&amp#27;[32mThe user is on the DS Algo Introduction Page&amp#27;[0m                                  &amp#27;[90m# stepDefinition.ds_AlgoSigninSteps.the_user_is_on_the_ds_algo_introduction_page()&amp#27;[0m
  &amp#27;[32mWhen &amp#27;[0m&amp#27;[32mThe user clicks login button after entering the &amp#27;[0m&amp#27;[32m&amp#27;[1m"ds@qateam334h"&amp#27;[0m&amp#27;[32m only.&amp#27;[0m          &amp#27;[90m# stepDefinition.ds_AlgoSigninSteps.the_user_clicks_login_button_after_entering_the_only(java.lang.String)&amp#27;[0m
The User able to see tootip message below inbox text box:  Please fill out this field.
  &amp#27;[32mThen &amp#27;[0m&amp#27;[32mThe error message &amp#27;[0m&amp#27;[32m&amp#27;[1m"Please fill out this field."&amp#27;[0m&amp#27;[32m appears below Username textbox&amp#27;[0m &amp#27;[90m# stepDefinition.ds_AlgoSigninSteps.the_error_message_appears_below_username_textbox(java.lang.String)&amp#27;[0m
Scenario status ======>PASSED
]]></system-out>
  </testcase>
  <testcase name="runScenario[&quot;DS Algo Introduction Page&quot;, &quot;C)To automate Signin page of DS_Algo&quot;](10)" classname="runner.TestRunnerTestng" time="0.488">
    <system-out><![CDATA[
@Signin_page(invalidusernamePwd)
Scenario Outline: DS Algo Introduction Page                                                              &amp#27;[90m# src/test/resources/Features/03_dsSignin.feature:46&amp#27;[0m
====================START SCENARIO=====================
  &amp#27;[32mGiven &amp#27;[0m&amp#27;[32mThe user is on the DS Algo Introduction Page&amp#27;[0m                                                     &amp#27;[90m# stepDefinition.ds_AlgoSigninSteps.the_user_is_on_the_ds_algo_introduction_page()&amp#27;[0m
  &amp#27;[32mWhen &amp#27;[0m&amp#27;[32mThe user clicks login button after entering invalid &amp#27;[0m&amp#27;[32m&amp#27;[1m"teamchallengers"&amp#27;[0m&amp#27;[32m and invalid &amp#27;[0m&amp#27;[32m&amp#27;[1m"ds@qateam334h"&amp#27;[0m &amp#27;[90m# stepDefinition.ds_AlgoSigninSteps.the_user_clicks_login_button_after_entering_invalid_and_invalid(java.lang.String,java.lang.String)&amp#27;[0m
The user gets warning msg after entering valid username and invalid username:Invalid Username and Password
  &amp#27;[32mThen &amp#27;[0m&amp#27;[32mThe user should able to see an error message &amp#27;[0m&amp#27;[32m&amp#27;[1m"Invalid Username and Password"&amp#27;[0m&amp#27;[32m.&amp#27;[0m                     &amp#27;[90m# stepDefinition.ds_AlgoSigninSteps.the_user_should_able_to_see_an_error_message(java.lang.String)&amp#27;[0m
Scenario status ======>PASSED
]]></system-out>
  </testcase>
  <testcase name="runScenario[&quot;DS Algo Introduction Page&quot;, &quot;C)To automate Signin page of DS_Algo&quot;](11)" classname="runner.TestRunnerTestng" time="0.228">
    <system-out><![CDATA[
@Signin_page(validUsernameinvalidPassword)
Scenario Outline: DS Algo Introduction Page                                                   &amp#27;[90m# src/test/resources/Features/03_dsSignin.feature:55&amp#27;[0m
====================START SCENARIO=====================
  &amp#27;[32mGiven &amp#27;[0m&amp#27;[32mThe user is on the DS Algo Introduction Page&amp#27;[0m                                          &amp#27;[90m# stepDefinition.ds_AlgoSigninSteps.the_user_is_on_the_ds_algo_introduction_page()&amp#27;[0m
  &amp#27;[32mWhen &amp#27;[0m&amp#27;[32mThe user clicks login button after entering valid &amp#27;[0m&amp#27;[32m&amp#27;[1m"Trioteamchallengers"&amp#27;[0m&amp#27;[32m and invalid &amp#27;[0m&amp#27;[32m&amp#27;[1m""&amp#27;[0m &amp#27;[90m# stepDefinition.ds_AlgoSigninSteps.the_user_clicks_login_button_after_entering_valid_and_invalid(java.lang.String,java.lang.String)&amp#27;[0m
The user gets warning msg after entering valid username and invalid username:Invalid Username and Password
  &amp#27;[32mThen &amp#27;[0m&amp#27;[32mThe user should able to see an error message &amp#27;[0m&amp#27;[32m&amp#27;[1m"Invalid Username and Password"&amp#27;[0m&amp#27;[32m.&amp#27;[0m          &amp#27;[90m# stepDefinition.ds_AlgoSigninSteps.the_user_should_able_to_see_an_error_message(java.lang.String)&amp#27;[0m
Scenario status ======>PASSED
]]></system-out>
  </testcase>
  <testcase name="runScenario[&quot;DS Algo Introduction Page&quot;, &quot;C)To automate Signin page of DS_Algo&quot;](12)" classname="runner.TestRunnerTestng" time="0.4">
    <system-out><![CDATA[
@Signin_page(validUsernameInvPwd)
Scenario Outline: DS Algo Introduction Page                                                                &amp#27;[90m# src/test/resources/Features/03_dsSignin.feature:64&amp#27;[0m
====================START SCENARIO=====================
  &amp#27;[32mGiven &amp#27;[0m&amp#27;[32mThe user is on the DS Algo Introduction Page&amp#27;[0m                                                       &amp#27;[90m# stepDefinition.ds_AlgoSigninSteps.the_user_is_on_the_ds_algo_introduction_page()&amp#27;[0m
  &amp#27;[32mWhen &amp#27;[0m&amp#27;[32mThe user clicks login button after entering valid &amp#27;[0m&amp#27;[32m&amp#27;[1m"Trioteamchallengers"&amp#27;[0m&amp#27;[32m and invalid &amp#27;[0m&amp#27;[32m&amp#27;[1m"ds@qateam334h"&amp#27;[0m &amp#27;[90m# stepDefinition.ds_AlgoSigninSteps.the_user_clicks_login_button_after_entering_valid_and_invalid(java.lang.String,java.lang.String)&amp#27;[0m
The User able to see tootip message below inbox text box:  Please fill out this field.
  &amp#27;[32mThen &amp#27;[0m&amp#27;[32mThe error message &amp#27;[0m&amp#27;[32m&amp#27;[1m"Please fill out this field."&amp#27;[0m&amp#27;[32m appears below Username textbox&amp#27;[0m                      &amp#27;[90m# stepDefinition.ds_AlgoSigninSteps.the_error_message_appears_below_username_textbox(java.lang.String)&amp#27;[0m
Scenario status ======>PASSED
]]></system-out>
  </testcase>
  <testcase name="runScenario[&quot;DS Algo Introduction Page&quot;, &quot;C)To automate Signin page of DS_Algo&quot;](13)" classname="runner.TestRunnerTestng" time="0.557">
    <system-out><![CDATA[
@Signin_page(valid)
Scenario Outline: DS Algo Introduction Page                                                                &amp#27;[90m# src/test/resources/Features/03_dsSignin.feature:73&amp#27;[0m
====================START SCENARIO=====================
  &amp#27;[32mGiven &amp#27;[0m&amp#27;[32mThe user is on the DS Algo Introduction Page&amp#27;[0m                                                       &amp#27;[90m# stepDefinition.ds_AlgoSigninSteps.the_user_is_on_the_ds_algo_introduction_page()&amp#27;[0m
  &amp#27;[32mWhen &amp#27;[0m&amp#27;[32mThe user clicks login button after entering valid &amp#27;[0m&amp#27;[32m&amp#27;[1m"Trioteamchallengers"&amp#27;[0m&amp#27;[32m and valid &amp#27;[0m&amp#27;[32m&amp#27;[1m"triothebest@123"&amp#27;[0m &amp#27;[90m# stepDefinition.ds_AlgoSigninSteps.the_user_clicks_login_button_after_entering_valid_and_valid(java.lang.String,java.lang.String)&amp#27;[0m
The user is on the current url : https://dsportalapp.herokuapp.com/home
The user able to see successful logged in message : You are logged in
  &amp#27;[32mThen &amp#27;[0m&amp#27;[32mThe user should land in Data Structure Home Page with &amp#27;[0m&amp#27;[32m&amp#27;[1m"You are logged in"&amp#27;[0m&amp#27;[32m message&amp#27;[0m                   &amp#27;[90m# stepDefinition.ds_AlgoSigninSteps.the_user_should_land_in_data_structure_home_page_with_message(java.lang.String)&amp#27;[0m
Scenario status ======>PASSED
]]></system-out>
  </testcase>
  <testcase name="runScenario[&quot;Home Page&quot;, &quot;D)To Automate the page of Data Structure&quot;](14)" classname="runner.TestRunnerTestng" time="0.359">
    <system-out><![CDATA[
@HomePage
Scenario: Home Page                                                               &amp#27;[90m# src/test/resources/Features/04_dsDataStructInt.feature:4&amp#27;[0m
====================START SCENARIO=====================
https://dsportalapp.herokuapp.com/home
  &amp#27;[32mGiven &amp#27;[0m&amp#27;[32mThe user is on the DS Algo Home Page&amp#27;[0m                                      &amp#27;[90m# stepDefinition.ds_AlgoPortalSteps.the_user_is_on_the_ds_algo_home_page()&amp#27;[0m
  &amp#27;[32mWhen &amp#27;[0m&amp#27;[32mThe user clicks  Get Started button below the Data structures-Introduction&amp#27;[0m &amp#27;[90m# stepDefinition.ds_AlgoDataStructInt.the_user_clicks_get_started_button_below_the_data_structures_introduction()&amp#27;[0m
The user sees the subtitle of the pageData Structures-Introduction
  &amp#27;[32mThen &amp#27;[0m&amp#27;[32mThe user should land in &amp#27;[0m&amp#27;[32m&amp#27;[1m"Data Structures-Introduction"&amp#27;[0m&amp#27;[32m DS page&amp#27;[0m             &amp#27;[90m# stepDefinition.ds_AlgoDataStructInt.the_user_should_land_in_ds_page(java.lang.String)&amp#27;[0m
Scenario status ======>PASSED
]]></system-out>
  </testcase>
  <testcase name="runScenario[&quot;Data Structure Home page&quot;, &quot;D)To Automate the page of Data Structure&quot;](15)" classname="runner.TestRunnerTestng" time="0.418">
    <system-out><![CDATA[
@DSPage
Scenario: Data Structure Home page                                &amp#27;[90m# src/test/resources/Features/04_dsDataStructInt.feature:10&amp#27;[0m
====================START SCENARIO=====================
  &amp#27;[32mGiven &amp#27;[0m&amp#27;[32mThe user is on the Data Structure Introduction Page&amp#27;[0m       &amp#27;[90m# stepDefinition.ds_AlgoDataStructInt.the_user_is_on_the_data_structure_introduction_page()&amp#27;[0m
  &amp#27;[32mWhen &amp#27;[0m&amp#27;[32mThe user clicks Time Complexity link&amp#27;[0m                       &amp#27;[90m# stepDefinition.ds_AlgoDataStructInt.the_user_clicks_time_complexity_link()&amp#27;[0m
The user sees the subtitle of the pageTime Complexity
  &amp#27;[32mThen &amp#27;[0m&amp#27;[32mThe user should be redirected to &amp#27;[0m&amp#27;[32m&amp#27;[1m"Time Complexity"&amp#27;[0m&amp#27;[32m TC page&amp#27;[0m &amp#27;[90m# stepDefinition.ds_AlgoDataStructInt.the_user_should_be_redirected_to_tc_page(java.lang.String)&amp#27;[0m
Scenario status ======>PASSED
]]></system-out>
  </testcase>
  <testcase name="runScenario[&quot;Time Complexity Page&quot;, &quot;D)To Automate the page of Data Structure&quot;](16)" classname="runner.TestRunnerTestng" time="0.073">
    <system-out><![CDATA[
@ComplexityPage
Scenario: Time Complexity Page                                         &amp#27;[90m# src/test/resources/Features/04_dsDataStructInt.feature:16&amp#27;[0m
====================START SCENARIO=====================
  &amp#27;[32mGiven &amp#27;[0m&amp#27;[32mThe user is on the Time Complexity Page&amp#27;[0m                        &amp#27;[90m# stepDefinition.ds_AlgoDataStructInt.the_user_is_on_the_time_complexity_page2()&amp#27;[0m
  &amp#27;[32mWhen &amp#27;[0m&amp#27;[32mThe user clicks Try Here  button of Time Complexity page&amp#27;[0m        &amp#27;[90m# stepDefinition.ds_AlgoDataStructInt.the_user_clicks_try_here_button_of_time_complexity_page()&amp#27;[0m
current url : https://dsportalapp.herokuapp.com/data-structures-introduction/time-complexity/
  &amp#27;[32mThen &amp#27;[0m&amp#27;[32mThe user should be redirected to a page having an Python Editor&amp#27;[0m &amp#27;[90m# stepDefinition.ds_AlgoDataStructInt.the_user_should_be_redirected_to_a_page_having_an_python_editor()&amp#27;[0m
Scenario status ======>PASSED
]]></system-out>
  </testcase>
  <testcase name="runScenario[&quot;Python Editor page without data&quot;, &quot;D)To Automate the page of Data Structure&quot;](17)" classname="runner.TestRunnerTestng" time="0.908">
    <system-out><![CDATA[
@PythonEditor_Blank
Scenario: Python Editor page without data                                    &amp#27;[90m# src/test/resources/Features/04_dsDataStructInt.feature:22&amp#27;[0m
====================START SCENARIO=====================
  &amp#27;[32mGiven &amp#27;[0m&amp#27;[32mThe user is on tryEditor page&amp#27;[0m                                        &amp#27;[90m# stepDefinition.TryEditorPageStep.the_user_is_on_try_editor_page()&amp#27;[0m
User did not enter any code and clicks run button.
  &amp#27;[32mWhen &amp#27;[0m&amp#27;[32mThe user clicks the run button without entring the code in the Editor&amp#27;[0m &amp#27;[90m# stepDefinition.TryEditorPageStep.the_user_clicks_the_run_button_without_entring_the_code_in_the_editor()&amp#27;[0m
No error message is displayed on the page.Raise as a BUG.
  &amp#27;[32mThen &amp#27;[0m&amp#27;[32mNothing happens to the page and no error message is displayed&amp#27;[0m         &amp#27;[90m# stepDefinition.TryEditorPageStep.nothing_happens_to_the_page_and_no_error_message_is_displayed()&amp#27;[0m
Scenario status ======>PASSED
]]></system-out>
  </testcase>
  <testcase name="runScenario[&quot;Python Editor page with Invalid data&quot;, &quot;D)To Automate the page of Data Structure&quot;](18)" classname="runner.TestRunnerTestng" time="2.276">
    <system-out><![CDATA[
@PythonEditor_Invalid
Scenario Outline: Python Editor page with Invalid data                                                                                        &amp#27;[90m# src/test/resources/Features/04_dsDataStructInt.feature:36&amp#27;[0m
====================START SCENARIO=====================
Inside step-The user is on the same TryEditor page.
  &amp#27;[32mGiven &amp#27;[0m&amp#27;[32mUser is on the tryEditor page&amp#27;[0m                                                                                                         &amp#27;[90m# stepDefinition.TryEditorPageStep.user_is_on_the_try_editor_page()&amp#27;[0m
The sheet existance status is : true
print(10
  &amp#27;[32mAnd &amp#27;[0m&amp#27;[32menters the data in the Editor after reading data from excel sheet &amp#27;[0m&amp#27;[32m&amp#27;[1m"Python_code"&amp#27;[0m&amp#27;[32m with column_name &amp#27;[0m&amp#27;[32m&amp#27;[1m"Python_Invalid_Data"&amp#27;[0m&amp#27;[32m and row_number &amp#27;[0m&amp#27;[32m&amp#27;[1m2&amp#27;[0m &amp#27;[90m# stepDefinition.TryEditorPageStep.enters_the_data_in_the_editor_after_reading_data_from_excel_sheet_with_column_name_and_row_number(java.lang.String,java.lang.String,java.lang.Integer)&amp#27;[0m
  &amp#27;[32mWhen &amp#27;[0m&amp#27;[32mThe User clicks a run button&amp#27;[0m                                                                                                           &amp#27;[90m# stepDefinition.TryEditorPageStep.the_user_clicks_a_run_button()&amp#27;[0m
  &amp#27;[32mThen &amp#27;[0m&amp#27;[32mThe user see error msg in alert window and press ok button&amp#27;[0m                                                                             &amp#27;[90m# stepDefinition.TryEditorPageStep.the_user_see_error_msg_in_alert_window()&amp#27;[0m
Scenario status ======>PASSED
]]></system-out>
  </testcase>
  <testcase name="runScenario[&quot;Python Editor page with valid data&quot;, &quot;D)To Automate the page of Data Structure&quot;](19)" classname="runner.TestRunnerTestng" time="0.797">
    <system-out><![CDATA[
@PythonEditor_Valid
Scenario Outline: Python Editor page with valid data                                                                                    &amp#27;[90m# src/test/resources/Features/04_dsDataStructInt.feature:47&amp#27;[0m
====================START SCENARIO=====================
  &amp#27;[32mGiven &amp#27;[0m&amp#27;[32mThe user is on the tryEditor page&amp#27;[0m                                                                                               &amp#27;[90m# stepDefinition.TryEditorPageStep.the_user_is_on_the_try_editor_page()&amp#27;[0m
The sheet existance status is : true
print(10);
  &amp#27;[32mAnd &amp#27;[0m&amp#27;[32menters data in the Editor after reading data from excel sheet &amp#27;[0m&amp#27;[32m&amp#27;[1m"Python_code"&amp#27;[0m&amp#27;[32m with column_name &amp#27;[0m&amp#27;[32m&amp#27;[1m"Python_Valid_Data"&amp#27;[0m&amp#27;[32m and row_number &amp#27;[0m&amp#27;[32m&amp#27;[1m2&amp#27;[0m &amp#27;[90m# stepDefinition.TryEditorPageStep.enters_data_in_the_editor_after_reading_data_from_excel_sheet_with_column_name_and_row_number(java.lang.String,java.lang.String,java.lang.Integer)&amp#27;[0m
  &amp#27;[32mWhen &amp#27;[0m&amp#27;[32mUser clicks a run button&amp#27;[0m                                                                                                         &amp#27;[90m# stepDefinition.TryEditorPageStep.user_clicks_a_run_button()&amp#27;[0m
Console screen containing output is displayed.
The User able to see result in the console: 10
  &amp#27;[32mThen &amp#27;[0m&amp#27;[32moutput should be displayed on the console&amp#27;[0m                                                                                        &amp#27;[90m# stepDefinition.TryEditorPageStep.output_should_be_displayed_on_the_console()&amp#27;[0m
Scenario status ======>PASSED
]]></system-out>
  </testcase>
  <testcase name="runScenario[&quot;User go back to the previous page&quot;, &quot;D)To Automate the page of Data Structure&quot;](20)" classname="runner.TestRunnerTestng" time="0.207">
    <system-out><![CDATA[
Scenario: User go back to the previous page   &amp#27;[90m# src/test/resources/Features/04_dsDataStructInt.feature:49&amp#27;[0m
====================START SCENARIO=====================
The user is already on tryEditor page
  &amp#27;[32mGiven &amp#27;[0m&amp#27;[32mThe user is already on tryEditor page&amp#27;[0m &amp#27;[90m# stepDefinition.TryEditorPageStep.the_user_is_already_on_try_editor_page()&amp#27;[0m
Console screen containing output is displayed.
  &amp#27;[32mWhen &amp#27;[0m&amp#27;[32mUser able to see output in console&amp#27;[0m     &amp#27;[90m# stepDefinition.TryEditorPageStep.user_able_to_see_output_in_console()&amp#27;[0m
Console screen containing output is displayed and user go to the previous page.
  &amp#27;[32mThen &amp#27;[0m&amp#27;[32mUser go back to the previous page&amp#27;[0m      &amp#27;[90m# stepDefinition.TryEditorPageStep.user_go_back_to_the_previous_page()&amp#27;[0m
Scenario status ======>PASSED
]]></system-out>
  </testcase>
  <testcase name="runScenario[&quot;Time Complexity Page&quot;, &quot;D)To Automate the page of Data Structure&quot;](21)" classname="runner.TestRunnerTestng" time="0.367">
    <failure message="expected [true] but found [false]" type="java.lang.AssertionError"><![CDATA[java.lang.AssertionError: expected [true] but found [false]
	at org.testng.Assert.fail(Assert.java:111)
	at org.testng.Assert.failNotEquals(Assert.java:1578)
	at org.testng.Assert.assertEqualsImpl(Assert.java:150)
	at org.testng.Assert.assertEquals(Assert.java:132)
	at org.testng.Assert.assertEquals(Assert.java:1067)
	at org.testng.Assert.assertEquals(Assert.java:1031)
	at org.testng.Assert.assertEquals(Assert.java:1077)
	at stepDefinition.ds_AlgoDataStructInt.the_user_does_not_find_any_practice_problems_and_the_page_is_null(ds_AlgoDataStructInt.java:101)
	at ✽.The user does not find any practice problems and the page is null(file:///C:/Users/enggn/eclipse-workspace/DSAlgo_Cucumber/src/test/resources/Features/04_dsDataStructInt.feature:58)
]]></failure>
    <system-out><![CDATA[
@PracticeQuestions
Scenario: Time Complexity Page                                           &amp#27;[90m# src/test/resources/Features/04_dsDataStructInt.feature:55&amp#27;[0m
====================START SCENARIO=====================
  &amp#27;[32mGiven &amp#27;[0m&amp#27;[32mThe user is on the Time Complexity Page&amp#27;[0m                          &amp#27;[90m# stepDefinition.ds_AlgoDataStructInt.the_user_is_on_the_time_complexity_page2()&amp#27;[0m
  &amp#27;[32mWhen &amp#27;[0m&amp#27;[32mThe user clicks Practice Questions link of DS&amp#27;[0m                     &amp#27;[90m# stepDefinition.ds_AlgoDataStructInt.the_user_clicks_practice_questions_link_of_ds()&amp#27;[0m
The user sees blank page without any Questions that is the BUG
  &amp#27;[31mThen &amp#27;[0m&amp#27;[31mThe user does not find any practice problems and the page is null&amp#27;[0m &amp#27;[90m# stepDefinition.ds_AlgoDataStructInt.the_user_does_not_find_any_practice_problems_and_the_page_is_null()&amp#27;[0m
      &amp#27;[31mjava.lang.AssertionError: expected [true] but found [false]
	at org.testng.Assert.fail(Assert.java:111)
	at org.testng.Assert.failNotEquals(Assert.java:1578)
	at org.testng.Assert.assertEqualsImpl(Assert.java:150)
	at org.testng.Assert.assertEquals(Assert.java:132)
	at org.testng.Assert.assertEquals(Assert.java:1067)
	at org.testng.Assert.assertEquals(Assert.java:1031)
	at org.testng.Assert.assertEquals(Assert.java:1077)
	at stepDefinition.ds_AlgoDataStructInt.the_user_does_not_find_any_practice_problems_and_the_page_is_null(ds_AlgoDataStructInt.java:101)
	at ✽.The user does not find any practice problems and the page is null(file:///C:/Users/enggn/eclipse-workspace/DSAlgo_Cucumber/src/test/resources/Features/04_dsDataStructInt.feature:58)
&amp#27;[0m
Scenario status ======>FAILED

    Embedding Time Complexity Page [image/png 19700 bytes]

]]></system-out>
  </testcase>
  <testcase name="runScenario[&quot;Home Page&quot;, &quot;E) To Automate the page of Array&quot;](22)" classname="runner.TestRunnerTestng" time="0.397">
    <system-out><![CDATA[
@Array_page
Scenario: Home Page                                          &amp#27;[90m# src/test/resources/Features/05_dsArray.feature:4&amp#27;[0m
====================START SCENARIO=====================
https://dsportalapp.herokuapp.com/data-structures-introduction/practice
  &amp#27;[32mGiven &amp#27;[0m&amp#27;[32mThe user is on the DS Algo Home Page&amp#27;[0m                 &amp#27;[90m# stepDefinition.ds_AlgoPortalSteps.the_user_is_on_the_ds_algo_home_page()&amp#27;[0m
  &amp#27;[32mWhen &amp#27;[0m&amp#27;[32mThe user clicks  &amp#27;[0m&amp#27;[32m&amp#27;[1m"Get Started"&amp#27;[0m&amp#27;[32m button below the array&amp#27;[0m &amp#27;[90m# stepDefinition.ds_AlgoArraySteps.the_user_clicks_button_below_the_array(java.lang.String)&amp#27;[0m
The user able to see Title: Array
  &amp#27;[32mThen &amp#27;[0m&amp#27;[32mThe user should be redirected to &amp#27;[0m&amp#27;[32m&amp#27;[1m"Array"&amp#27;[0m&amp#27;[32m page&amp#27;[0m         &amp#27;[90m# stepDefinition.ds_AlgoArraySteps.the_user_should_be_redirected_to_page(java.lang.String)&amp#27;[0m
Scenario status ======>PASSED
]]></system-out>
  </testcase>
  <testcase name="runScenario[&quot;Array Page&quot;, &quot;E) To Automate the page of Array&quot;](23)" classname="runner.TestRunnerTestng" time="0.41">
    <system-out><![CDATA[
@ArraysInPythonPage
Scenario: Array Page                                               &amp#27;[90m# src/test/resources/Features/05_dsArray.feature:10&amp#27;[0m
====================START SCENARIO=====================
  &amp#27;[32mGiven &amp#27;[0m&amp#27;[32mThe  user is on the Array  page&amp#27;[0m                            &amp#27;[90m# stepDefinition.ds_AlgoArraySteps.the_user_is_on_the_array_page()&amp#27;[0m
  &amp#27;[32mWhen &amp#27;[0m&amp#27;[32mThe user clicks a Arrays in Python link&amp#27;[0m                     &amp#27;[90m# stepDefinition.ds_AlgoArraySteps.the_user_clicks_a_arrays_in_python_link()&amp#27;[0m
The user able to see Title: Arrays in Python
  &amp#27;[32mThen &amp#27;[0m&amp#27;[32mThe user should be redirected to &amp#27;[0m&amp#27;[32m&amp#27;[1m"Arrays in Python"&amp#27;[0m&amp#27;[32m AP Page&amp#27;[0m &amp#27;[90m# stepDefinition.ds_AlgoArraySteps.the_user_should_be_redirected_to_page1(java.lang.String)&amp#27;[0m
Scenario status ======>PASSED
]]></system-out>
  </testcase>
  <testcase name="runScenario[&quot;Array Page&quot;, &quot;E) To Automate the page of Array&quot;](24)" classname="runner.TestRunnerTestng" time="0.278">
    <system-out><![CDATA[
@PythonEditor
Scenario: Array Page                                                                                                            &amp#27;[90m# src/test/resources/Features/05_dsArray.feature:16&amp#27;[0m
====================START SCENARIO=====================
  &amp#27;[32mGiven &amp#27;[0m&amp#27;[32mThe  user is on the Array  page&amp#27;[0m                                                                                         &amp#27;[90m# stepDefinition.ds_AlgoArraySteps.the_user_is_on_the_array_page()&amp#27;[0m
https://dsportalapp.herokuapp.com/tryEditor
  &amp#27;[32mWhen &amp#27;[0m&amp#27;[32mThe user clicks Try Here button of Array in Python Page&amp#27;[0m                                                                  &amp#27;[90m# stepDefinition.ds_AlgoArraySteps.the_user_clicks_try_here_button_of_array_in_python_page()&amp#27;[0m
The url of python editor is : https://dsportalapp.herokuapp.com/tryEditor
  &amp#27;[32mThen &amp#27;[0m&amp#27;[32mThe user should be redirected to a page having an Python Editor with a url &amp#27;[0m&amp#27;[32m&amp#27;[1m"https://dsportalapp.herokuapp.com/tryEditor"&amp#27;[0m &amp#27;[90m# stepDefinition.ds_AlgoArraySteps.the_user_should_be_redirected_to_a_page_having_an_python_editor_with_a_url(java.lang.String)&amp#27;[0m
Scenario status ======>PASSED
]]></system-out>
  </testcase>
  <testcase name="runScenario[&quot;Python Editor page without data&quot;, &quot;E) To Automate the page of Array&quot;](25)" classname="runner.TestRunnerTestng" time="0.425">
    <system-out><![CDATA[
@PythonEditor_Blank
Scenario: Python Editor page without data                                    &amp#27;[90m# src/test/resources/Features/05_dsArray.feature:22&amp#27;[0m
====================START SCENARIO=====================
  &amp#27;[32mGiven &amp#27;[0m&amp#27;[32mThe user is on tryEditor page&amp#27;[0m                                        &amp#27;[90m# stepDefinition.TryEditorPageStep.the_user_is_on_try_editor_page()&amp#27;[0m
User did not enter any code and clicks run button.
  &amp#27;[32mWhen &amp#27;[0m&amp#27;[32mThe user clicks the run button without entring the code in the Editor&amp#27;[0m &amp#27;[90m# stepDefinition.TryEditorPageStep.the_user_clicks_the_run_button_without_entring_the_code_in_the_editor()&amp#27;[0m
No error message is displayed on the page.Raise as a BUG.
  &amp#27;[32mThen &amp#27;[0m&amp#27;[32mNothing happens to the page and no error message is displayed&amp#27;[0m         &amp#27;[90m# stepDefinition.TryEditorPageStep.nothing_happens_to_the_page_and_no_error_message_is_displayed()&amp#27;[0m
Scenario status ======>PASSED
]]></system-out>
  </testcase>
  <testcase name="runScenario[&quot;Python Editor page with Invalid data&quot;, &quot;E) To Automate the page of Array&quot;](26)" classname="runner.TestRunnerTestng" time="0.891">
    <system-out><![CDATA[
@PythonEditor_Invalid
Scenario Outline: Python Editor page with Invalid data                                                                                        &amp#27;[90m# src/test/resources/Features/05_dsArray.feature:36&amp#27;[0m
====================START SCENARIO=====================
Inside step-The user is on the same TryEditor page.
  &amp#27;[32mGiven &amp#27;[0m&amp#27;[32mUser is on the tryEditor page&amp#27;[0m                                                                                                         &amp#27;[90m# stepDefinition.TryEditorPageStep.user_is_on_the_try_editor_page()&amp#27;[0m
The sheet existance status is : true
print(10
  &amp#27;[32mAnd &amp#27;[0m&amp#27;[32menters the data in the Editor after reading data from excel sheet &amp#27;[0m&amp#27;[32m&amp#27;[1m"Python_code"&amp#27;[0m&amp#27;[32m with column_name &amp#27;[0m&amp#27;[32m&amp#27;[1m"Python_Invalid_Data"&amp#27;[0m&amp#27;[32m and row_number &amp#27;[0m&amp#27;[32m&amp#27;[1m2&amp#27;[0m &amp#27;[90m# stepDefinition.TryEditorPageStep.enters_the_data_in_the_editor_after_reading_data_from_excel_sheet_with_column_name_and_row_number(java.lang.String,java.lang.String,java.lang.Integer)&amp#27;[0m
  &amp#27;[32mWhen &amp#27;[0m&amp#27;[32mThe User clicks a run button&amp#27;[0m                                                                                                           &amp#27;[90m# stepDefinition.TryEditorPageStep.the_user_clicks_a_run_button()&amp#27;[0m
  &amp#27;[32mThen &amp#27;[0m&amp#27;[32mThe user see error msg in alert window and press ok button&amp#27;[0m                                                                             &amp#27;[90m# stepDefinition.TryEditorPageStep.the_user_see_error_msg_in_alert_window()&amp#27;[0m
Scenario status ======>PASSED
]]></system-out>
  </testcase>
  <testcase name="runScenario[&quot;Python Editor page with valid data&quot;, &quot;E) To Automate the page of Array&quot;](27)" classname="runner.TestRunnerTestng" time="0.689">
    <system-out><![CDATA[
@PythonEditor_Valid
Scenario Outline: Python Editor page with valid data                                                                                    &amp#27;[90m# src/test/resources/Features/05_dsArray.feature:47&amp#27;[0m
====================START SCENARIO=====================
  &amp#27;[32mGiven &amp#27;[0m&amp#27;[32mThe user is on the tryEditor page&amp#27;[0m                                                                                               &amp#27;[90m# stepDefinition.TryEditorPageStep.the_user_is_on_the_try_editor_page()&amp#27;[0m
The sheet existance status is : true
print(10);
  &amp#27;[32mAnd &amp#27;[0m&amp#27;[32menters data in the Editor after reading data from excel sheet &amp#27;[0m&amp#27;[32m&amp#27;[1m"Python_code"&amp#27;[0m&amp#27;[32m with column_name &amp#27;[0m&amp#27;[32m&amp#27;[1m"Python_Valid_Data"&amp#27;[0m&amp#27;[32m and row_number &amp#27;[0m&amp#27;[32m&amp#27;[1m2&amp#27;[0m &amp#27;[90m# stepDefinition.TryEditorPageStep.enters_data_in_the_editor_after_reading_data_from_excel_sheet_with_column_name_and_row_number(java.lang.String,java.lang.String,java.lang.Integer)&amp#27;[0m
  &amp#27;[32mWhen &amp#27;[0m&amp#27;[32mUser clicks a run button&amp#27;[0m                                                                                                         &amp#27;[90m# stepDefinition.TryEditorPageStep.user_clicks_a_run_button()&amp#27;[0m
Console screen containing output is displayed.
The User able to see result in the console: 10
  &amp#27;[32mThen &amp#27;[0m&amp#27;[32moutput should be displayed on the console&amp#27;[0m                                                                                        &amp#27;[90m# stepDefinition.TryEditorPageStep.output_should_be_displayed_on_the_console()&amp#27;[0m
Scenario status ======>PASSED
]]></system-out>
  </testcase>
  <testcase name="runScenario[&quot;User go back to the previous page&quot;, &quot;E) To Automate the page of Array&quot;](28)" classname="runner.TestRunnerTestng" time="0.242">
    <system-out><![CDATA[
Scenario: User go back to the previous page   &amp#27;[90m# src/test/resources/Features/05_dsArray.feature:49&amp#27;[0m
====================START SCENARIO=====================
The user is already on tryEditor page
  &amp#27;[32mGiven &amp#27;[0m&amp#27;[32mThe user is already on tryEditor page&amp#27;[0m &amp#27;[90m# stepDefinition.TryEditorPageStep.the_user_is_already_on_try_editor_page()&amp#27;[0m
Console screen containing output is displayed.
  &amp#27;[32mWhen &amp#27;[0m&amp#27;[32mUser able to see output in console&amp#27;[0m     &amp#27;[90m# stepDefinition.TryEditorPageStep.user_able_to_see_output_in_console()&amp#27;[0m
Console screen containing output is displayed and user go to the previous page.
  &amp#27;[32mThen &amp#27;[0m&amp#27;[32mUser go back to the previous page&amp#27;[0m      &amp#27;[90m# stepDefinition.TryEditorPageStep.user_go_back_to_the_previous_page()&amp#27;[0m
Scenario status ======>PASSED
]]></system-out>
  </testcase>
  <testcase name="runScenario[&quot;Array in Python Page&quot;, &quot;E) To Automate the page of Array&quot;](29)" classname="runner.TestRunnerTestng" time="0.488">
    <system-out><![CDATA[
@ArraysUsingList_page
Scenario: Array in Python Page                                       &amp#27;[90m# src/test/resources/Features/05_dsArray.feature:55&amp#27;[0m
====================START SCENARIO=====================
  &amp#27;[32mGiven &amp#27;[0m&amp#27;[32mThe user is on the Array in Python Page&amp#27;[0m                      &amp#27;[90m# stepDefinition.ds_AlgoArraySteps.the_user_is_on_the_array_in_python_page()&amp#27;[0m
  &amp#27;[32mWhen &amp#27;[0m&amp#27;[32mThe user clicks a Arrays Using List link&amp#27;[0m                      &amp#27;[90m# stepDefinition.ds_AlgoArraySteps.the_user_clicks_a_arrays_using_list_link()&amp#27;[0m
The user able to see Title: Arrays Using List
  &amp#27;[32mThen &amp#27;[0m&amp#27;[32mThe user should be redirected to &amp#27;[0m&amp#27;[32m&amp#27;[1m"Arrays Using List"&amp#27;[0m&amp#27;[32m AL page.&amp#27;[0m &amp#27;[90m# stepDefinition.ds_AlgoArraySteps.the_user_should_be_redirected_to_page11(java.lang.String)&amp#27;[0m
Scenario status ======>PASSED
]]></system-out>
  </testcase>
  <testcase name="runScenario[&quot;Array Using List Page&quot;, &quot;E) To Automate the page of Array&quot;](30)" classname="runner.TestRunnerTestng" time="0.331">
    <system-out><![CDATA[
@PythonEditor
Scenario: Array Using List Page                                                                                                 &amp#27;[90m# src/test/resources/Features/05_dsArray.feature:61&amp#27;[0m
====================START SCENARIO=====================
  &amp#27;[32mGiven &amp#27;[0m&amp#27;[32mThe  user is on the Array  Using List page&amp#27;[0m                                                                              &amp#27;[90m# stepDefinition.ds_AlgoArraySteps.the_user_is_on_the_array_using_list_page()&amp#27;[0m
  &amp#27;[32mWhen &amp#27;[0m&amp#27;[32mThe user clicks Try Here button of Array Using List Page&amp#27;[0m                                                                 &amp#27;[90m# stepDefinition.ds_AlgoArraySteps.the_user_clicks_try_here_button_of_array_using_list_page()&amp#27;[0m
The url of python editor is : https://dsportalapp.herokuapp.com/tryEditor
  &amp#27;[32mThen &amp#27;[0m&amp#27;[32mThe user should be redirected to a page having an Python Editor with a url &amp#27;[0m&amp#27;[32m&amp#27;[1m"https://dsportalapp.herokuapp.com/tryEditor"&amp#27;[0m &amp#27;[90m# stepDefinition.ds_AlgoArraySteps.the_user_should_be_redirected_to_a_page_having_an_python_editor_with_a_url(java.lang.String)&amp#27;[0m
Scenario status ======>PASSED
]]></system-out>
  </testcase>
  <testcase name="runScenario[&quot;Python Editor page without data&quot;, &quot;E) To Automate the page of Array&quot;](31)" classname="runner.TestRunnerTestng" time="0.622">
    <system-out><![CDATA[
@PythonEditor_Blank
Scenario: Python Editor page without data                                    &amp#27;[90m# src/test/resources/Features/05_dsArray.feature:67&amp#27;[0m
====================START SCENARIO=====================
  &amp#27;[32mGiven &amp#27;[0m&amp#27;[32mThe user is on tryEditor page&amp#27;[0m                                        &amp#27;[90m# stepDefinition.TryEditorPageStep.the_user_is_on_try_editor_page()&amp#27;[0m
User did not enter any code and clicks run button.
  &amp#27;[32mWhen &amp#27;[0m&amp#27;[32mThe user clicks the run button without entring the code in the Editor&amp#27;[0m &amp#27;[90m# stepDefinition.TryEditorPageStep.the_user_clicks_the_run_button_without_entring_the_code_in_the_editor()&amp#27;[0m
No error message is displayed on the page.Raise as a BUG.
  &amp#27;[32mThen &amp#27;[0m&amp#27;[32mNothing happens to the page and no error message is displayed&amp#27;[0m         &amp#27;[90m# stepDefinition.TryEditorPageStep.nothing_happens_to_the_page_and_no_error_message_is_displayed()&amp#27;[0m
Scenario status ======>PASSED
]]></system-out>
  </testcase>
  <testcase name="runScenario[&quot;Python Editor page with Invalid data&quot;, &quot;E) To Automate the page of Array&quot;](32)" classname="runner.TestRunnerTestng" time="0.655">
    <system-out><![CDATA[
@PythonEditor_Invalid
Scenario Outline: Python Editor page with Invalid data                                                                                        &amp#27;[90m# src/test/resources/Features/05_dsArray.feature:81&amp#27;[0m
====================START SCENARIO=====================
Inside step-The user is on the same TryEditor page.
  &amp#27;[32mGiven &amp#27;[0m&amp#27;[32mUser is on the tryEditor page&amp#27;[0m                                                                                                         &amp#27;[90m# stepDefinition.TryEditorPageStep.user_is_on_the_try_editor_page()&amp#27;[0m
The sheet existance status is : true
print(10
  &amp#27;[32mAnd &amp#27;[0m&amp#27;[32menters the data in the Editor after reading data from excel sheet &amp#27;[0m&amp#27;[32m&amp#27;[1m"Python_code"&amp#27;[0m&amp#27;[32m with column_name &amp#27;[0m&amp#27;[32m&amp#27;[1m"Python_Invalid_Data"&amp#27;[0m&amp#27;[32m and row_number &amp#27;[0m&amp#27;[32m&amp#27;[1m2&amp#27;[0m &amp#27;[90m# stepDefinition.TryEditorPageStep.enters_the_data_in_the_editor_after_reading_data_from_excel_sheet_with_column_name_and_row_number(java.lang.String,java.lang.String,java.lang.Integer)&amp#27;[0m
  &amp#27;[32mWhen &amp#27;[0m&amp#27;[32mThe User clicks a run button&amp#27;[0m                                                                                                           &amp#27;[90m# stepDefinition.TryEditorPageStep.the_user_clicks_a_run_button()&amp#27;[0m
  &amp#27;[32mThen &amp#27;[0m&amp#27;[32mThe user see error msg in alert window and press ok button&amp#27;[0m                                                                             &amp#27;[90m# stepDefinition.TryEditorPageStep.the_user_see_error_msg_in_alert_window()&amp#27;[0m
Scenario status ======>PASSED
]]></system-out>
  </testcase>
  <testcase name="runScenario[&quot;Python Editor page with valid data&quot;, &quot;E) To Automate the page of Array&quot;](33)" classname="runner.TestRunnerTestng" time="0.549">
    <system-out><![CDATA[
@PythonEditor_Valid
Scenario Outline: Python Editor page with valid data                                                                                    &amp#27;[90m# src/test/resources/Features/05_dsArray.feature:92&amp#27;[0m
====================START SCENARIO=====================
  &amp#27;[32mGiven &amp#27;[0m&amp#27;[32mThe user is on the tryEditor page&amp#27;[0m                                                                                               &amp#27;[90m# stepDefinition.TryEditorPageStep.the_user_is_on_the_try_editor_page()&amp#27;[0m
The sheet existance status is : true
print(10);
  &amp#27;[32mAnd &amp#27;[0m&amp#27;[32menters data in the Editor after reading data from excel sheet &amp#27;[0m&amp#27;[32m&amp#27;[1m"Python_code"&amp#27;[0m&amp#27;[32m with column_name &amp#27;[0m&amp#27;[32m&amp#27;[1m"Python_Valid_Data"&amp#27;[0m&amp#27;[32m and row_number &amp#27;[0m&amp#27;[32m&amp#27;[1m2&amp#27;[0m &amp#27;[90m# stepDefinition.TryEditorPageStep.enters_data_in_the_editor_after_reading_data_from_excel_sheet_with_column_name_and_row_number(java.lang.String,java.lang.String,java.lang.Integer)&amp#27;[0m
  &amp#27;[32mWhen &amp#27;[0m&amp#27;[32mUser clicks a run button&amp#27;[0m                                                                                                         &amp#27;[90m# stepDefinition.TryEditorPageStep.user_clicks_a_run_button()&amp#27;[0m
Console screen containing output is displayed.
The User able to see result in the console: 10
  &amp#27;[32mThen &amp#27;[0m&amp#27;[32moutput should be displayed on the console&amp#27;[0m                                                                                        &amp#27;[90m# stepDefinition.TryEditorPageStep.output_should_be_displayed_on_the_console()&amp#27;[0m
Scenario status ======>PASSED
]]></system-out>
  </testcase>
  <testcase name="runScenario[&quot;User go back to the previous page&quot;, &quot;E) To Automate the page of Array&quot;](34)" classname="runner.TestRunnerTestng" time="0.185">
    <system-out><![CDATA[
Scenario: User go back to the previous page   &amp#27;[90m# src/test/resources/Features/05_dsArray.feature:94&amp#27;[0m
====================START SCENARIO=====================
The user is already on tryEditor page
  &amp#27;[32mGiven &amp#27;[0m&amp#27;[32mThe user is already on tryEditor page&amp#27;[0m &amp#27;[90m# stepDefinition.TryEditorPageStep.the_user_is_already_on_try_editor_page()&amp#27;[0m
Console screen containing output is displayed.
  &amp#27;[32mWhen &amp#27;[0m&amp#27;[32mUser able to see output in console&amp#27;[0m     &amp#27;[90m# stepDefinition.TryEditorPageStep.user_able_to_see_output_in_console()&amp#27;[0m
Console screen containing output is displayed and user go to the previous page.
  &amp#27;[32mThen &amp#27;[0m&amp#27;[32mUser go back to the previous page&amp#27;[0m      &amp#27;[90m# stepDefinition.TryEditorPageStep.user_go_back_to_the_previous_page()&amp#27;[0m
Scenario status ======>PASSED
]]></system-out>
  </testcase>
  <testcase name="runScenario[&quot;Array Using List Page&quot;, &quot;E) To Automate the page of Array&quot;](35)" classname="runner.TestRunnerTestng" time="0.289">
    <system-out><![CDATA[
@ArraysBasicOperation_page
Scenario: Array Using List Page                                              &amp#27;[90m# src/test/resources/Features/05_dsArray.feature:100&amp#27;[0m
====================START SCENARIO=====================
  &amp#27;[32mGiven &amp#27;[0m&amp#27;[32mThe  user is on the Array  Using List page&amp#27;[0m                           &amp#27;[90m# stepDefinition.ds_AlgoArraySteps.the_user_is_on_the_array_using_list_page()&amp#27;[0m
  &amp#27;[32mWhen &amp#27;[0m&amp#27;[32mThe user clicks a Basic Operations in Lists  link&amp#27;[0m                     &amp#27;[90m# stepDefinition.ds_AlgoArraySteps.the_user_clicks_a_basic_operations_in_lists_link()&amp#27;[0m
The user able to see Title: Basic Operations in Lists
  &amp#27;[32mThen &amp#27;[0m&amp#27;[32mThe user should be redirected to &amp#27;[0m&amp#27;[32m&amp#27;[1m"Basic Operations in Lists"&amp#27;[0m&amp#27;[32m BO page.&amp#27;[0m &amp#27;[90m# stepDefinition.ds_AlgoArraySteps.the_user_should_be_redirected_to_bo_page(java.lang.String)&amp#27;[0m
Scenario status ======>PASSED
]]></system-out>
  </testcase>
  <testcase name="runScenario[&quot;Basic operations in Lists page&quot;, &quot;E) To Automate the page of Array&quot;](36)" classname="runner.TestRunnerTestng" time="0.273">
    <system-out><![CDATA[
@ArraysBasicOperation_Tryhere
Scenario: Basic operations in Lists page                                                                                        &amp#27;[90m# src/test/resources/Features/05_dsArray.feature:106&amp#27;[0m
====================START SCENARIO=====================
  &amp#27;[32mGiven &amp#27;[0m&amp#27;[32mThe  user is on the  Basic Operations in Lists   page&amp#27;[0m                                                                   &amp#27;[90m# stepDefinition.ds_AlgoArraySteps.the_user_is_on_the_basic_operations_in_lists_page()&amp#27;[0m
  &amp#27;[32mWhen &amp#27;[0m&amp#27;[32mThe user clicks Try Here button of Operations in Lists Page&amp#27;[0m                                                              &amp#27;[90m# stepDefinition.ds_AlgoArraySteps.the_user_clicks_try_here_button_of_operations_in_lists_page()&amp#27;[0m
The url of python editor is : https://dsportalapp.herokuapp.com/tryEditor
  &amp#27;[32mThen &amp#27;[0m&amp#27;[32mThe user should be redirected to a page having an Python Editor with a url &amp#27;[0m&amp#27;[32m&amp#27;[1m"https://dsportalapp.herokuapp.com/tryEditor"&amp#27;[0m &amp#27;[90m# stepDefinition.ds_AlgoArraySteps.the_user_should_be_redirected_to_a_page_having_an_python_editor_with_a_url(java.lang.String)&amp#27;[0m
Scenario status ======>PASSED
]]></system-out>
  </testcase>
  <testcase name="runScenario[&quot;Python Editor page without data&quot;, &quot;E) To Automate the page of Array&quot;](37)" classname="runner.TestRunnerTestng" time="0.447">
    <system-out><![CDATA[
@PythonEditor_Blank
Scenario: Python Editor page without data                                    &amp#27;[90m# src/test/resources/Features/05_dsArray.feature:112&amp#27;[0m
====================START SCENARIO=====================
  &amp#27;[32mGiven &amp#27;[0m&amp#27;[32mThe user is on tryEditor page&amp#27;[0m                                        &amp#27;[90m# stepDefinition.TryEditorPageStep.the_user_is_on_try_editor_page()&amp#27;[0m
User did not enter any code and clicks run button.
  &amp#27;[32mWhen &amp#27;[0m&amp#27;[32mThe user clicks the run button without entring the code in the Editor&amp#27;[0m &amp#27;[90m# stepDefinition.TryEditorPageStep.the_user_clicks_the_run_button_without_entring_the_code_in_the_editor()&amp#27;[0m
No error message is displayed on the page.Raise as a BUG.
  &amp#27;[32mThen &amp#27;[0m&amp#27;[32mNothing happens to the page and no error message is displayed&amp#27;[0m         &amp#27;[90m# stepDefinition.TryEditorPageStep.nothing_happens_to_the_page_and_no_error_message_is_displayed()&amp#27;[0m
Scenario status ======>PASSED
]]></system-out>
  </testcase>
  <testcase name="runScenario[&quot;Python Editor page with Invalid data&quot;, &quot;E) To Automate the page of Array&quot;](38)" classname="runner.TestRunnerTestng" time="0.714">
    <system-out><![CDATA[
@PythonEditor_Invalid
Scenario Outline: Python Editor page with Invalid data                                                                                        &amp#27;[90m# src/test/resources/Features/05_dsArray.feature:126&amp#27;[0m
====================START SCENARIO=====================
Inside step-The user is on the same TryEditor page.
  &amp#27;[32mGiven &amp#27;[0m&amp#27;[32mUser is on the tryEditor page&amp#27;[0m                                                                                                         &amp#27;[90m# stepDefinition.TryEditorPageStep.user_is_on_the_try_editor_page()&amp#27;[0m
The sheet existance status is : true
print(10
  &amp#27;[32mAnd &amp#27;[0m&amp#27;[32menters the data in the Editor after reading data from excel sheet &amp#27;[0m&amp#27;[32m&amp#27;[1m"Python_code"&amp#27;[0m&amp#27;[32m with column_name &amp#27;[0m&amp#27;[32m&amp#27;[1m"Python_Invalid_Data"&amp#27;[0m&amp#27;[32m and row_number &amp#27;[0m&amp#27;[32m&amp#27;[1m2&amp#27;[0m &amp#27;[90m# stepDefinition.TryEditorPageStep.enters_the_data_in_the_editor_after_reading_data_from_excel_sheet_with_column_name_and_row_number(java.lang.String,java.lang.String,java.lang.Integer)&amp#27;[0m
  &amp#27;[32mWhen &amp#27;[0m&amp#27;[32mThe User clicks a run button&amp#27;[0m                                                                                                           &amp#27;[90m# stepDefinition.TryEditorPageStep.the_user_clicks_a_run_button()&amp#27;[0m
  &amp#27;[32mThen &amp#27;[0m&amp#27;[32mThe user see error msg in alert window and press ok button&amp#27;[0m                                                                             &amp#27;[90m# stepDefinition.TryEditorPageStep.the_user_see_error_msg_in_alert_window()&amp#27;[0m
Scenario status ======>PASSED
]]></system-out>
  </testcase>
  <testcase name="runScenario[&quot;Python Editor page with valid data&quot;, &quot;E) To Automate the page of Array&quot;](39)" classname="runner.TestRunnerTestng" time="0.652">
    <system-out><![CDATA[
@PythonEditor_Valid
Scenario Outline: Python Editor page with valid data                                                                                    &amp#27;[90m# src/test/resources/Features/05_dsArray.feature:137&amp#27;[0m
====================START SCENARIO=====================
  &amp#27;[32mGiven &amp#27;[0m&amp#27;[32mThe user is on the tryEditor page&amp#27;[0m                                                                                               &amp#27;[90m# stepDefinition.TryEditorPageStep.the_user_is_on_the_try_editor_page()&amp#27;[0m
The sheet existance status is : true
print(10);
  &amp#27;[32mAnd &amp#27;[0m&amp#27;[32menters data in the Editor after reading data from excel sheet &amp#27;[0m&amp#27;[32m&amp#27;[1m"Python_code"&amp#27;[0m&amp#27;[32m with column_name &amp#27;[0m&amp#27;[32m&amp#27;[1m"Python_Valid_Data"&amp#27;[0m&amp#27;[32m and row_number &amp#27;[0m&amp#27;[32m&amp#27;[1m2&amp#27;[0m &amp#27;[90m# stepDefinition.TryEditorPageStep.enters_data_in_the_editor_after_reading_data_from_excel_sheet_with_column_name_and_row_number(java.lang.String,java.lang.String,java.lang.Integer)&amp#27;[0m
  &amp#27;[32mWhen &amp#27;[0m&amp#27;[32mUser clicks a run button&amp#27;[0m                                                                                                         &amp#27;[90m# stepDefinition.TryEditorPageStep.user_clicks_a_run_button()&amp#27;[0m
Console screen containing output is displayed.
The User able to see result in the console: 10
  &amp#27;[32mThen &amp#27;[0m&amp#27;[32moutput should be displayed on the console&amp#27;[0m                                                                                        &amp#27;[90m# stepDefinition.TryEditorPageStep.output_should_be_displayed_on_the_console()&amp#27;[0m
Scenario status ======>PASSED
]]></system-out>
  </testcase>
  <testcase name="runScenario[&quot;User go back to the previous page&quot;, &quot;E) To Automate the page of Array&quot;](40)" classname="runner.TestRunnerTestng" time="0.203">
    <system-out><![CDATA[
Scenario: User go back to the previous page   &amp#27;[90m# src/test/resources/Features/05_dsArray.feature:139&amp#27;[0m
====================START SCENARIO=====================
The user is already on tryEditor page
  &amp#27;[32mGiven &amp#27;[0m&amp#27;[32mThe user is already on tryEditor page&amp#27;[0m &amp#27;[90m# stepDefinition.TryEditorPageStep.the_user_is_already_on_try_editor_page()&amp#27;[0m
Console screen containing output is displayed.
  &amp#27;[32mWhen &amp#27;[0m&amp#27;[32mUser able to see output in console&amp#27;[0m     &amp#27;[90m# stepDefinition.TryEditorPageStep.user_able_to_see_output_in_console()&amp#27;[0m
Console screen containing output is displayed and user go to the previous page.
  &amp#27;[32mThen &amp#27;[0m&amp#27;[32mUser go back to the previous page&amp#27;[0m      &amp#27;[90m# stepDefinition.TryEditorPageStep.user_go_back_to_the_previous_page()&amp#27;[0m
Scenario status ======>PASSED
]]></system-out>
  </testcase>
  <testcase name="runScenario[&quot;Basic operations in Lists page&quot;, &quot;E) To Automate the page of Array&quot;](41)" classname="runner.TestRunnerTestng" time="0.266">
    <system-out><![CDATA[
@AppOfArray
Scenario: Basic operations in Lists page                                 &amp#27;[90m# src/test/resources/Features/05_dsArray.feature:145&amp#27;[0m
====================START SCENARIO=====================
  &amp#27;[32mGiven &amp#27;[0m&amp#27;[32mThe  user is on the  Basic Operations in Lists   page&amp#27;[0m            &amp#27;[90m# stepDefinition.ds_AlgoArraySteps.the_user_is_on_the_basic_operations_in_lists_page()&amp#27;[0m
  &amp#27;[32mWhen &amp#27;[0m&amp#27;[32mThe user clicks an Applications of Array link&amp#27;[0m                     &amp#27;[90m# stepDefinition.ds_AlgoArraySteps.the_user_clicks_an_applications_of_array_link()&amp#27;[0m
The user able to see Title: Applications of Array
  &amp#27;[32mThen &amp#27;[0m&amp#27;[32mThe user should be redirected to &amp#27;[0m&amp#27;[32m&amp#27;[1m"Applications of Array"&amp#27;[0m&amp#27;[32m AA page.&amp#27;[0m &amp#27;[90m# stepDefinition.ds_AlgoArraySteps.the_user_should_be_redirected_to_aa_page(java.lang.String)&amp#27;[0m
Scenario status ======>PASSED
]]></system-out>
  </testcase>
  <testcase name="runScenario[&quot;Application of Array page&quot;, &quot;E) To Automate the page of Array&quot;](42)" classname="runner.TestRunnerTestng" time="0.29">
    <system-out><![CDATA[
@AppOfArray_4Links
Scenario: Application of Array page                                                                                                                                                      &amp#27;[90m# src/test/resources/Features/05_dsArray.feature:151&amp#27;[0m
====================START SCENARIO=====================
  &amp#27;[32mGiven &amp#27;[0m&amp#27;[32mThe  user is on the  Applications of Array page&amp#27;[0m                                                                                                                                  &amp#27;[90m# stepDefinition.ds_AlgoArraySteps.the_user_is_on_the_applications_of_array_page()&amp#27;[0m
  &amp#27;[32mWhen &amp#27;[0m&amp#27;[32mThe user clicks Practice Questions link&amp#27;[0m                                                                                                                                           &amp#27;[90m# stepDefinition.ds_AlgoArraySteps.the_user_clicks_practice_questions_link()&amp#27;[0m
The user able to see  Link1: Search the array
The user able to see  Link2: Max Consecutive Ones
The user able to see  Link3: Find Numbers with Even Number of Digits
The user able to see Link4: Squares of a Sorted Array
  &amp#27;[32mThen &amp#27;[0m&amp#27;[32mThe user should be redirected to practice page having links like &amp#27;[0m&amp#27;[32m&amp#27;[1m"Search the array"&amp#27;[0m&amp#27;[32m,&amp#27;[0m&amp#27;[32m&amp#27;[1m"Max Consecutive Ones"&amp#27;[0m&amp#27;[32m,&amp#27;[0m&amp#27;[32m&amp#27;[1m"Find Numbers with Even Number of Digits"&amp#27;[0m&amp#27;[32m ,&amp#27;[0m&amp#27;[32m&amp#27;[1m"Squares of a Sorted Array"&amp#27;[0m &amp#27;[90m# stepDefinition.ds_AlgoArraySteps.the_user_should_be_redirected_to_practice_page_having_links_like(java.lang.String,java.lang.String,java.lang.String,java.lang.String)&amp#27;[0m
Scenario status ======>PASSED
]]></system-out>
  </testcase>
  <testcase name="runScenario[&quot;Practice Questions page&quot;, &quot;E) To Automate the page of Array&quot;](43)" classname="runner.TestRunnerTestng" time="0.321">
    <system-out><![CDATA[
@PythonEditor
Scenario: Practice Questions page                                                                                    &amp#27;[90m# src/test/resources/Features/05_dsArray.feature:157&amp#27;[0m
====================START SCENARIO=====================
  &amp#27;[32mGiven &amp#27;[0m&amp#27;[32mThe user is on Practice page&amp#27;[0m                                                                                 &amp#27;[90m# stepDefinition.ds_AlgoArraySteps.the_user_is_on_practice_page()&amp#27;[0m
  &amp#27;[32mWhen &amp#27;[0m&amp#27;[32mThe user clicks search the array  link&amp#27;[0m                                                                        &amp#27;[90m# stepDefinition.ds_AlgoArraySteps.the_user_clicks_search_the_array_link()&amp#27;[0m
The user able to see Title: QUESTION
  &amp#27;[32mThen &amp#27;[0m&amp#27;[32mThe user should be redirected to &amp#27;[0m&amp#27;[32m&amp#27;[1m"QUESTION"&amp#27;[0m&amp#27;[32m page contains a question,an tryEditor with Run and Submit buttons&amp#27;[0m &amp#27;[90m# stepDefinition.ds_AlgoArraySteps.the_user_should_be_redirected_to_page_contains_a_question_an_try_editor_with_run_and_submit_buttons(java.lang.String)&amp#27;[0m
Scenario status ======>PASSED
]]></system-out>
  </testcase>
  <testcase name="runScenario[&quot;Python Editor page without data&quot;, &quot;E) To Automate the page of Array&quot;](44)" classname="runner.TestRunnerTestng" time="0.429">
    <system-out><![CDATA[
@PythonEditor_Blank
Scenario: Python Editor page without data                                    &amp#27;[90m# src/test/resources/Features/05_dsArray.feature:163&amp#27;[0m
====================START SCENARIO=====================
  &amp#27;[32mGiven &amp#27;[0m&amp#27;[32mThe user is on tryEditor page&amp#27;[0m                                        &amp#27;[90m# stepDefinition.TryEditorPageStep.the_user_is_on_try_editor_page()&amp#27;[0m
User did not enter any code and clicks run button.
  &amp#27;[32mWhen &amp#27;[0m&amp#27;[32mThe user clicks the run button without entring the code in the Editor&amp#27;[0m &amp#27;[90m# stepDefinition.TryEditorPageStep.the_user_clicks_the_run_button_without_entring_the_code_in_the_editor()&amp#27;[0m
No error message is displayed on the page.Raise as a BUG.
  &amp#27;[32mThen &amp#27;[0m&amp#27;[32mNothing happens to the page and no error message is displayed&amp#27;[0m         &amp#27;[90m# stepDefinition.TryEditorPageStep.nothing_happens_to_the_page_and_no_error_message_is_displayed()&amp#27;[0m
Scenario status ======>PASSED
]]></system-out>
  </testcase>
  <testcase name="runScenario[&quot;Python Editor page with Invalid data&quot;, &quot;E) To Automate the page of Array&quot;](45)" classname="runner.TestRunnerTestng" time="0.576">
    <system-out><![CDATA[
@PythonEditor_Invalid
Scenario Outline: Python Editor page with Invalid data                                                                                        &amp#27;[90m# src/test/resources/Features/05_dsArray.feature:177&amp#27;[0m
====================START SCENARIO=====================
Inside step-The user is on the same TryEditor page.
  &amp#27;[32mGiven &amp#27;[0m&amp#27;[32mUser is on the tryEditor page&amp#27;[0m                                                                                                         &amp#27;[90m# stepDefinition.TryEditorPageStep.user_is_on_the_try_editor_page()&amp#27;[0m
The sheet existance status is : true
print(10
  &amp#27;[32mAnd &amp#27;[0m&amp#27;[32menters the data in the Editor after reading data from excel sheet &amp#27;[0m&amp#27;[32m&amp#27;[1m"Python_code"&amp#27;[0m&amp#27;[32m with column_name &amp#27;[0m&amp#27;[32m&amp#27;[1m"Python_Invalid_Data"&amp#27;[0m&amp#27;[32m and row_number &amp#27;[0m&amp#27;[32m&amp#27;[1m2&amp#27;[0m &amp#27;[90m# stepDefinition.TryEditorPageStep.enters_the_data_in_the_editor_after_reading_data_from_excel_sheet_with_column_name_and_row_number(java.lang.String,java.lang.String,java.lang.Integer)&amp#27;[0m
  &amp#27;[32mWhen &amp#27;[0m&amp#27;[32mThe User clicks a run button&amp#27;[0m                                                                                                           &amp#27;[90m# stepDefinition.TryEditorPageStep.the_user_clicks_a_run_button()&amp#27;[0m
  &amp#27;[32mThen &amp#27;[0m&amp#27;[32mThe user see error msg in alert window and press ok button&amp#27;[0m                                                                             &amp#27;[90m# stepDefinition.TryEditorPageStep.the_user_see_error_msg_in_alert_window()&amp#27;[0m
Scenario status ======>PASSED
]]></system-out>
  </testcase>
  <testcase name="runScenario[&quot;Python Editor page with valid data&quot;, &quot;E) To Automate the page of Array&quot;](46)" classname="runner.TestRunnerTestng" time="1.085">
    <system-out><![CDATA[
@PythonEditor_Valid
Scenario Outline: Python Editor page with valid data                                                                                    &amp#27;[90m# src/test/resources/Features/05_dsArray.feature:188&amp#27;[0m
====================START SCENARIO=====================
  &amp#27;[32mGiven &amp#27;[0m&amp#27;[32mThe user is on the tryEditor page&amp#27;[0m                                                                                               &amp#27;[90m# stepDefinition.TryEditorPageStep.the_user_is_on_the_try_editor_page()&amp#27;[0m
The sheet existance status is : true
print(10);
  &amp#27;[32mAnd &amp#27;[0m&amp#27;[32menters data in the Editor after reading data from excel sheet &amp#27;[0m&amp#27;[32m&amp#27;[1m"Python_code"&amp#27;[0m&amp#27;[32m with column_name &amp#27;[0m&amp#27;[32m&amp#27;[1m"Python_Valid_Data"&amp#27;[0m&amp#27;[32m and row_number &amp#27;[0m&amp#27;[32m&amp#27;[1m2&amp#27;[0m &amp#27;[90m# stepDefinition.TryEditorPageStep.enters_data_in_the_editor_after_reading_data_from_excel_sheet_with_column_name_and_row_number(java.lang.String,java.lang.String,java.lang.Integer)&amp#27;[0m
  &amp#27;[32mWhen &amp#27;[0m&amp#27;[32mUser clicks a run button&amp#27;[0m                                                                                                         &amp#27;[90m# stepDefinition.TryEditorPageStep.user_clicks_a_run_button()&amp#27;[0m
Console screen containing output is displayed.
The User able to see result in the console: 10
  &amp#27;[32mThen &amp#27;[0m&amp#27;[32moutput should be displayed on the console&amp#27;[0m                                                                                        &amp#27;[90m# stepDefinition.TryEditorPageStep.output_should_be_displayed_on_the_console()&amp#27;[0m
Scenario status ======>PASSED
]]></system-out>
  </testcase>
  <testcase name="runScenario[&quot;User go back to the previous page&quot;, &quot;E) To Automate the page of Array&quot;](47)" classname="runner.TestRunnerTestng" time="0.317">
    <system-out><![CDATA[
Scenario: User go back to the previous page   &amp#27;[90m# src/test/resources/Features/05_dsArray.feature:190&amp#27;[0m
====================START SCENARIO=====================
The user is already on tryEditor page
  &amp#27;[32mGiven &amp#27;[0m&amp#27;[32mThe user is already on tryEditor page&amp#27;[0m &amp#27;[90m# stepDefinition.TryEditorPageStep.the_user_is_already_on_try_editor_page()&amp#27;[0m
Console screen containing output is displayed.
  &amp#27;[32mWhen &amp#27;[0m&amp#27;[32mUser able to see output in console&amp#27;[0m     &amp#27;[90m# stepDefinition.TryEditorPageStep.user_able_to_see_output_in_console()&amp#27;[0m
Console screen containing output is displayed and user go to the previous page.
  &amp#27;[32mThen &amp#27;[0m&amp#27;[32mUser go back to the previous page&amp#27;[0m      &amp#27;[90m# stepDefinition.TryEditorPageStep.user_go_back_to_the_previous_page()&amp#27;[0m
Scenario status ======>PASSED
]]></system-out>
  </testcase>
  <testcase name="runScenario[&quot;Practice Questions page&quot;, &quot;E) To Automate the page of Array&quot;](48)" classname="runner.TestRunnerTestng" time="0.514">
    <system-out><![CDATA[
@PythonEditor
Scenario: Practice Questions page                                                                                    &amp#27;[90m# src/test/resources/Features/05_dsArray.feature:196&amp#27;[0m
====================START SCENARIO=====================
  &amp#27;[32mGiven &amp#27;[0m&amp#27;[32mThe user is on Practice page&amp#27;[0m                                                                                 &amp#27;[90m# stepDefinition.ds_AlgoArraySteps.the_user_is_on_practice_page()&amp#27;[0m
  &amp#27;[32mWhen &amp#27;[0m&amp#27;[32mThe user clicks Max consecutive ones link&amp#27;[0m                                                                     &amp#27;[90m# stepDefinition.ds_AlgoArraySteps.the_user_clicks_max_consecutive_ones_link()&amp#27;[0m
The user able to see Title: QUESTION
  &amp#27;[32mThen &amp#27;[0m&amp#27;[32mThe user should be redirected to &amp#27;[0m&amp#27;[32m&amp#27;[1m"QUESTION"&amp#27;[0m&amp#27;[32m page contains a question,an tryEditor with Run and Submit buttons&amp#27;[0m &amp#27;[90m# stepDefinition.ds_AlgoArraySteps.the_user_should_be_redirected_to_page_contains_a_question_an_try_editor_with_run_and_submit_buttons(java.lang.String)&amp#27;[0m
Scenario status ======>PASSED
]]></system-out>
  </testcase>
  <testcase name="runScenario[&quot;Python Editor page without data&quot;, &quot;E) To Automate the page of Array&quot;](49)" classname="runner.TestRunnerTestng" time="0.961">
    <system-out><![CDATA[
@PythonEditor_Blank
Scenario: Python Editor page without data                                    &amp#27;[90m# src/test/resources/Features/05_dsArray.feature:202&amp#27;[0m
====================START SCENARIO=====================
  &amp#27;[32mGiven &amp#27;[0m&amp#27;[32mThe user is on tryEditor page&amp#27;[0m                                        &amp#27;[90m# stepDefinition.TryEditorPageStep.the_user_is_on_try_editor_page()&amp#27;[0m
User did not enter any code and clicks run button.
  &amp#27;[32mWhen &amp#27;[0m&amp#27;[32mThe user clicks the run button without entring the code in the Editor&amp#27;[0m &amp#27;[90m# stepDefinition.TryEditorPageStep.the_user_clicks_the_run_button_without_entring_the_code_in_the_editor()&amp#27;[0m
No error message is displayed on the page.Raise as a BUG.
  &amp#27;[32mThen &amp#27;[0m&amp#27;[32mNothing happens to the page and no error message is displayed&amp#27;[0m         &amp#27;[90m# stepDefinition.TryEditorPageStep.nothing_happens_to_the_page_and_no_error_message_is_displayed()&amp#27;[0m
Scenario status ======>PASSED
]]></system-out>
  </testcase>
  <testcase name="runScenario[&quot;Python Editor page with Invalid data&quot;, &quot;E) To Automate the page of Array&quot;](50)" classname="runner.TestRunnerTestng" time="0.746">
    <system-out><![CDATA[
@PythonEditor_Invalid
Scenario Outline: Python Editor page with Invalid data                                                                                        &amp#27;[90m# src/test/resources/Features/05_dsArray.feature:216&amp#27;[0m
====================START SCENARIO=====================
Inside step-The user is on the same TryEditor page.
  &amp#27;[32mGiven &amp#27;[0m&amp#27;[32mUser is on the tryEditor page&amp#27;[0m                                                                                                         &amp#27;[90m# stepDefinition.TryEditorPageStep.user_is_on_the_try_editor_page()&amp#27;[0m
The sheet existance status is : true
print(10
  &amp#27;[32mAnd &amp#27;[0m&amp#27;[32menters the data in the Editor after reading data from excel sheet &amp#27;[0m&amp#27;[32m&amp#27;[1m"Python_code"&amp#27;[0m&amp#27;[32m with column_name &amp#27;[0m&amp#27;[32m&amp#27;[1m"Python_Invalid_Data"&amp#27;[0m&amp#27;[32m and row_number &amp#27;[0m&amp#27;[32m&amp#27;[1m2&amp#27;[0m &amp#27;[90m# stepDefinition.TryEditorPageStep.enters_the_data_in_the_editor_after_reading_data_from_excel_sheet_with_column_name_and_row_number(java.lang.String,java.lang.String,java.lang.Integer)&amp#27;[0m
  &amp#27;[32mWhen &amp#27;[0m&amp#27;[32mThe User clicks a run button&amp#27;[0m                                                                                                           &amp#27;[90m# stepDefinition.TryEditorPageStep.the_user_clicks_a_run_button()&amp#27;[0m
  &amp#27;[32mThen &amp#27;[0m&amp#27;[32mThe user see error msg in alert window and press ok button&amp#27;[0m                                                                             &amp#27;[90m# stepDefinition.TryEditorPageStep.the_user_see_error_msg_in_alert_window()&amp#27;[0m
Scenario status ======>PASSED
]]></system-out>
  </testcase>
  <testcase name="runScenario[&quot;Python Editor page with valid data&quot;, &quot;E) To Automate the page of Array&quot;](51)" classname="runner.TestRunnerTestng" time="0.548">
    <system-out><![CDATA[
@PythonEditor_Valid
Scenario Outline: Python Editor page with valid data                                                                                    &amp#27;[90m# src/test/resources/Features/05_dsArray.feature:227&amp#27;[0m
====================START SCENARIO=====================
  &amp#27;[32mGiven &amp#27;[0m&amp#27;[32mThe user is on the tryEditor page&amp#27;[0m                                                                                               &amp#27;[90m# stepDefinition.TryEditorPageStep.the_user_is_on_the_try_editor_page()&amp#27;[0m
The sheet existance status is : true
print(10);
  &amp#27;[32mAnd &amp#27;[0m&amp#27;[32menters data in the Editor after reading data from excel sheet &amp#27;[0m&amp#27;[32m&amp#27;[1m"Python_code"&amp#27;[0m&amp#27;[32m with column_name &amp#27;[0m&amp#27;[32m&amp#27;[1m"Python_Valid_Data"&amp#27;[0m&amp#27;[32m and row_number &amp#27;[0m&amp#27;[32m&amp#27;[1m2&amp#27;[0m &amp#27;[90m# stepDefinition.TryEditorPageStep.enters_data_in_the_editor_after_reading_data_from_excel_sheet_with_column_name_and_row_number(java.lang.String,java.lang.String,java.lang.Integer)&amp#27;[0m
  &amp#27;[32mWhen &amp#27;[0m&amp#27;[32mUser clicks a run button&amp#27;[0m                                                                                                         &amp#27;[90m# stepDefinition.TryEditorPageStep.user_clicks_a_run_button()&amp#27;[0m
Console screen containing output is displayed.
The User able to see result in the console: 10
  &amp#27;[32mThen &amp#27;[0m&amp#27;[32moutput should be displayed on the console&amp#27;[0m                                                                                        &amp#27;[90m# stepDefinition.TryEditorPageStep.output_should_be_displayed_on_the_console()&amp#27;[0m
Scenario status ======>PASSED
]]></system-out>
  </testcase>
  <testcase name="runScenario[&quot;User go back to the previous page&quot;, &quot;E) To Automate the page of Array&quot;](52)" classname="runner.TestRunnerTestng" time="0.179">
    <system-out><![CDATA[
Scenario: User go back to the previous page   &amp#27;[90m# src/test/resources/Features/05_dsArray.feature:229&amp#27;[0m
====================START SCENARIO=====================
The user is already on tryEditor page
  &amp#27;[32mGiven &amp#27;[0m&amp#27;[32mThe user is already on tryEditor page&amp#27;[0m &amp#27;[90m# stepDefinition.TryEditorPageStep.the_user_is_already_on_try_editor_page()&amp#27;[0m
Console screen containing output is displayed.
  &amp#27;[32mWhen &amp#27;[0m&amp#27;[32mUser able to see output in console&amp#27;[0m     &amp#27;[90m# stepDefinition.TryEditorPageStep.user_able_to_see_output_in_console()&amp#27;[0m
Console screen containing output is displayed and user go to the previous page.
  &amp#27;[32mThen &amp#27;[0m&amp#27;[32mUser go back to the previous page&amp#27;[0m      &amp#27;[90m# stepDefinition.TryEditorPageStep.user_go_back_to_the_previous_page()&amp#27;[0m
Scenario status ======>PASSED
]]></system-out>
  </testcase>
  <testcase name="runScenario[&quot;Practice Questions page&quot;, &quot;E) To Automate the page of Array&quot;](53)" classname="runner.TestRunnerTestng" time="0.261">
    <system-out><![CDATA[
@PythonEditor
Scenario: Practice Questions page                                                                                    &amp#27;[90m# src/test/resources/Features/05_dsArray.feature:235&amp#27;[0m
====================START SCENARIO=====================
  &amp#27;[32mGiven &amp#27;[0m&amp#27;[32mThe user is on Practice page&amp#27;[0m                                                                                 &amp#27;[90m# stepDefinition.ds_AlgoArraySteps.the_user_is_on_practice_page()&amp#27;[0m
  &amp#27;[32mWhen &amp#27;[0m&amp#27;[32mThe user clicks Find numbers with even number of digits link&amp#27;[0m                                                  &amp#27;[90m# stepDefinition.ds_AlgoArraySteps.the_user_clicks_find_numbers_with_even_number_of_digits_link()&amp#27;[0m
The user able to see Title: QUESTION
  &amp#27;[32mThen &amp#27;[0m&amp#27;[32mThe user should be redirected to &amp#27;[0m&amp#27;[32m&amp#27;[1m"QUESTION"&amp#27;[0m&amp#27;[32m page contains a question,an tryEditor with Run and Submit buttons&amp#27;[0m &amp#27;[90m# stepDefinition.ds_AlgoArraySteps.the_user_should_be_redirected_to_page_contains_a_question_an_try_editor_with_run_and_submit_buttons(java.lang.String)&amp#27;[0m
Scenario status ======>PASSED
]]></system-out>
  </testcase>
  <testcase name="runScenario[&quot;Python Editor page without data&quot;, &quot;E) To Automate the page of Array&quot;](54)" classname="runner.TestRunnerTestng" time="0.397">
    <system-out><![CDATA[
@PythonEditor_Blank
Scenario: Python Editor page without data                                    &amp#27;[90m# src/test/resources/Features/05_dsArray.feature:241&amp#27;[0m
====================START SCENARIO=====================
  &amp#27;[32mGiven &amp#27;[0m&amp#27;[32mThe user is on tryEditor page&amp#27;[0m                                        &amp#27;[90m# stepDefinition.TryEditorPageStep.the_user_is_on_try_editor_page()&amp#27;[0m
User did not enter any code and clicks run button.
  &amp#27;[32mWhen &amp#27;[0m&amp#27;[32mThe user clicks the run button without entring the code in the Editor&amp#27;[0m &amp#27;[90m# stepDefinition.TryEditorPageStep.the_user_clicks_the_run_button_without_entring_the_code_in_the_editor()&amp#27;[0m
No error message is displayed on the page.Raise as a BUG.
  &amp#27;[32mThen &amp#27;[0m&amp#27;[32mNothing happens to the page and no error message is displayed&amp#27;[0m         &amp#27;[90m# stepDefinition.TryEditorPageStep.nothing_happens_to_the_page_and_no_error_message_is_displayed()&amp#27;[0m
Scenario status ======>PASSED
]]></system-out>
  </testcase>
  <testcase name="runScenario[&quot;Python Editor page with Invalid data&quot;, &quot;E) To Automate the page of Array&quot;](55)" classname="runner.TestRunnerTestng" time="0.53">
    <system-out><![CDATA[
@PythonEditor_Invalid
Scenario Outline: Python Editor page with Invalid data                                                                                        &amp#27;[90m# src/test/resources/Features/05_dsArray.feature:255&amp#27;[0m
====================START SCENARIO=====================
Inside step-The user is on the same TryEditor page.
  &amp#27;[32mGiven &amp#27;[0m&amp#27;[32mUser is on the tryEditor page&amp#27;[0m                                                                                                         &amp#27;[90m# stepDefinition.TryEditorPageStep.user_is_on_the_try_editor_page()&amp#27;[0m
The sheet existance status is : true
print(10
  &amp#27;[32mAnd &amp#27;[0m&amp#27;[32menters the data in the Editor after reading data from excel sheet &amp#27;[0m&amp#27;[32m&amp#27;[1m"Python_code"&amp#27;[0m&amp#27;[32m with column_name &amp#27;[0m&amp#27;[32m&amp#27;[1m"Python_Invalid_Data"&amp#27;[0m&amp#27;[32m and row_number &amp#27;[0m&amp#27;[32m&amp#27;[1m2&amp#27;[0m &amp#27;[90m# stepDefinition.TryEditorPageStep.enters_the_data_in_the_editor_after_reading_data_from_excel_sheet_with_column_name_and_row_number(java.lang.String,java.lang.String,java.lang.Integer)&amp#27;[0m
  &amp#27;[32mWhen &amp#27;[0m&amp#27;[32mThe User clicks a run button&amp#27;[0m                                                                                                           &amp#27;[90m# stepDefinition.TryEditorPageStep.the_user_clicks_a_run_button()&amp#27;[0m
  &amp#27;[32mThen &amp#27;[0m&amp#27;[32mThe user see error msg in alert window and press ok button&amp#27;[0m                                                                             &amp#27;[90m# stepDefinition.TryEditorPageStep.the_user_see_error_msg_in_alert_window()&amp#27;[0m
Scenario status ======>PASSED
]]></system-out>
  </testcase>
  <testcase name="runScenario[&quot;Python Editor page with valid data&quot;, &quot;E) To Automate the page of Array&quot;](56)" classname="runner.TestRunnerTestng" time="0.514">
    <system-out><![CDATA[
@PythonEditor_Valid
Scenario Outline: Python Editor page with valid data                                                                                    &amp#27;[90m# src/test/resources/Features/05_dsArray.feature:266&amp#27;[0m
====================START SCENARIO=====================
  &amp#27;[32mGiven &amp#27;[0m&amp#27;[32mThe user is on the tryEditor page&amp#27;[0m                                                                                               &amp#27;[90m# stepDefinition.TryEditorPageStep.the_user_is_on_the_try_editor_page()&amp#27;[0m
The sheet existance status is : true
print(10);
  &amp#27;[32mAnd &amp#27;[0m&amp#27;[32menters data in the Editor after reading data from excel sheet &amp#27;[0m&amp#27;[32m&amp#27;[1m"Python_code"&amp#27;[0m&amp#27;[32m with column_name &amp#27;[0m&amp#27;[32m&amp#27;[1m"Python_Valid_Data"&amp#27;[0m&amp#27;[32m and row_number &amp#27;[0m&amp#27;[32m&amp#27;[1m2&amp#27;[0m &amp#27;[90m# stepDefinition.TryEditorPageStep.enters_data_in_the_editor_after_reading_data_from_excel_sheet_with_column_name_and_row_number(java.lang.String,java.lang.String,java.lang.Integer)&amp#27;[0m
  &amp#27;[32mWhen &amp#27;[0m&amp#27;[32mUser clicks a run button&amp#27;[0m                                                                                                         &amp#27;[90m# stepDefinition.TryEditorPageStep.user_clicks_a_run_button()&amp#27;[0m
Console screen containing output is displayed.
The User able to see result in the console: 10
  &amp#27;[32mThen &amp#27;[0m&amp#27;[32moutput should be displayed on the console&amp#27;[0m                                                                                        &amp#27;[90m# stepDefinition.TryEditorPageStep.output_should_be_displayed_on_the_console()&amp#27;[0m
Scenario status ======>PASSED
]]></system-out>
  </testcase>
  <testcase name="runScenario[&quot;User go back to the previous page&quot;, &quot;E) To Automate the page of Array&quot;](57)" classname="runner.TestRunnerTestng" time="0.17">
    <system-out><![CDATA[
Scenario: User go back to the previous page   &amp#27;[90m# src/test/resources/Features/05_dsArray.feature:270&amp#27;[0m
====================START SCENARIO=====================
The user is already on tryEditor page
  &amp#27;[32mGiven &amp#27;[0m&amp#27;[32mThe user is already on tryEditor page&amp#27;[0m &amp#27;[90m# stepDefinition.TryEditorPageStep.the_user_is_already_on_try_editor_page()&amp#27;[0m
Console screen containing output is displayed.
  &amp#27;[32mWhen &amp#27;[0m&amp#27;[32mUser able to see output in console&amp#27;[0m     &amp#27;[90m# stepDefinition.TryEditorPageStep.user_able_to_see_output_in_console()&amp#27;[0m
Console screen containing output is displayed and user go to the previous page.
  &amp#27;[32mThen &amp#27;[0m&amp#27;[32mUser go back to the previous page&amp#27;[0m      &amp#27;[90m# stepDefinition.TryEditorPageStep.user_go_back_to_the_previous_page()&amp#27;[0m
Scenario status ======>PASSED
]]></system-out>
  </testcase>
  <testcase name="runScenario[&quot;Practice Questions page&quot;, &quot;E) To Automate the page of Array&quot;](58)" classname="runner.TestRunnerTestng" time="0.295">
    <system-out><![CDATA[
@PythonEdito
Scenario: Practice Questions page                                                                                    &amp#27;[90m# src/test/resources/Features/05_dsArray.feature:276&amp#27;[0m
====================START SCENARIO=====================
  &amp#27;[32mGiven &amp#27;[0m&amp#27;[32mThe user is on Practice page&amp#27;[0m                                                                                 &amp#27;[90m# stepDefinition.ds_AlgoArraySteps.the_user_is_on_practice_page()&amp#27;[0m
  &amp#27;[32mWhen &amp#27;[0m&amp#27;[32mThe user clicks squared of the sorted array link&amp#27;[0m                                                              &amp#27;[90m# stepDefinition.ds_AlgoArraySteps.the_user_clicks_squared_of_the_sorted_array_link()&amp#27;[0m
The user able to see Title: QUESTION
  &amp#27;[32mThen &amp#27;[0m&amp#27;[32mThe user should be redirected to &amp#27;[0m&amp#27;[32m&amp#27;[1m"QUESTION"&amp#27;[0m&amp#27;[32m page contains a question,an tryEditor with Run and Submit buttons&amp#27;[0m &amp#27;[90m# stepDefinition.ds_AlgoArraySteps.the_user_should_be_redirected_to_page_contains_a_question_an_try_editor_with_run_and_submit_buttons(java.lang.String)&amp#27;[0m
Scenario status ======>PASSED
]]></system-out>
  </testcase>
  <testcase name="runScenario[&quot;User is on Python  editor page&quot;, &quot;E) To Automate the page of Array&quot;](59)" classname="runner.TestRunnerTestng" time="0.684">
    <system-out><![CDATA[
Scenario: User is on Python  editor page                                      &amp#27;[90m# src/test/resources/Features/05_dsArray.feature:281&amp#27;[0m
====================START SCENARIO=====================
  &amp#27;[32mGiven &amp#27;[0m&amp#27;[32mThe user is already on Python Editor page&amp#27;[0m                             &amp#27;[90m# stepDefinition.ds_AlgoArraySteps.the_user_is_already_on_python_editor_page()&amp#27;[0m
  &amp#27;[32mWhen &amp#27;[0m&amp#27;[32mUser clicks the submit button int try editor&amp#27;[0m                           &amp#27;[90m# stepDefinition.ds_AlgoArraySteps.user_clicks_the_submit_button_int_try_editor()&amp#27;[0m
The user able to see warning message:  No tests were collected
  &amp#27;[32mThen &amp#27;[0m&amp#27;[32mUser gets an warning message &amp#27;[0m&amp#27;[32m&amp#27;[1m" No tests were collected"&amp#27;[0m&amp#27;[32m in the console&amp#27;[0m &amp#27;[90m# stepDefinition.ds_AlgoArraySteps.user_gets_an_warning_message_in_the_console(java.lang.String)&amp#27;[0m
Scenario status ======>PASSED
]]></system-out>
  </testcase>
  <testcase name="runScenario[&quot;Python Editor page without data&quot;, &quot;E) To Automate the page of Array&quot;](60)" classname="runner.TestRunnerTestng" time="0.416">
    <system-out><![CDATA[
@PythonEditor_Blank
Scenario: Python Editor page without data                                    &amp#27;[90m# src/test/resources/Features/05_dsArray.feature:287&amp#27;[0m
====================START SCENARIO=====================
  &amp#27;[32mGiven &amp#27;[0m&amp#27;[32mThe user is on tryEditor page&amp#27;[0m                                        &amp#27;[90m# stepDefinition.TryEditorPageStep.the_user_is_on_try_editor_page()&amp#27;[0m
User did not enter any code and clicks run button.
  &amp#27;[32mWhen &amp#27;[0m&amp#27;[32mThe user clicks the run button without entring the code in the Editor&amp#27;[0m &amp#27;[90m# stepDefinition.TryEditorPageStep.the_user_clicks_the_run_button_without_entring_the_code_in_the_editor()&amp#27;[0m
No error message is displayed on the page.Raise as a BUG.
  &amp#27;[32mThen &amp#27;[0m&amp#27;[32mNothing happens to the page and no error message is displayed&amp#27;[0m         &amp#27;[90m# stepDefinition.TryEditorPageStep.nothing_happens_to_the_page_and_no_error_message_is_displayed()&amp#27;[0m
Scenario status ======>PASSED
]]></system-out>
  </testcase>
  <testcase name="runScenario[&quot;Python Editor page with Invalid data&quot;, &quot;E) To Automate the page of Array&quot;](61)" classname="runner.TestRunnerTestng" time="0.552">
    <system-out><![CDATA[
@PythonEditor_Invalid
Scenario Outline: Python Editor page with Invalid data                                                                                        &amp#27;[90m# src/test/resources/Features/05_dsArray.feature:303&amp#27;[0m
====================START SCENARIO=====================
Inside step-The user is on the same TryEditor page.
  &amp#27;[32mGiven &amp#27;[0m&amp#27;[32mUser is on the tryEditor page&amp#27;[0m                                                                                                         &amp#27;[90m# stepDefinition.TryEditorPageStep.user_is_on_the_try_editor_page()&amp#27;[0m
The sheet existance status is : true
print(10
  &amp#27;[32mAnd &amp#27;[0m&amp#27;[32menters the data in the Editor after reading data from excel sheet &amp#27;[0m&amp#27;[32m&amp#27;[1m"Python_code"&amp#27;[0m&amp#27;[32m with column_name &amp#27;[0m&amp#27;[32m&amp#27;[1m"Python_Invalid_Data"&amp#27;[0m&amp#27;[32m and row_number &amp#27;[0m&amp#27;[32m&amp#27;[1m2&amp#27;[0m &amp#27;[90m# stepDefinition.TryEditorPageStep.enters_the_data_in_the_editor_after_reading_data_from_excel_sheet_with_column_name_and_row_number(java.lang.String,java.lang.String,java.lang.Integer)&amp#27;[0m
  &amp#27;[32mWhen &amp#27;[0m&amp#27;[32mThe User clicks a run button&amp#27;[0m                                                                                                           &amp#27;[90m# stepDefinition.TryEditorPageStep.the_user_clicks_a_run_button()&amp#27;[0m
  &amp#27;[32mThen &amp#27;[0m&amp#27;[32mThe user see error msg in alert window and press ok button&amp#27;[0m                                                                             &amp#27;[90m# stepDefinition.TryEditorPageStep.the_user_see_error_msg_in_alert_window()&amp#27;[0m
Scenario status ======>PASSED
]]></system-out>
  </testcase>
  <testcase name="runScenario[&quot;Python Editor page with valid data&quot;, &quot;E) To Automate the page of Array&quot;](62)" classname="runner.TestRunnerTestng" time="0.54">
    <system-out><![CDATA[
@PythonEditor_Valid
Scenario Outline: Python Editor page with valid data                                                                                    &amp#27;[90m# src/test/resources/Features/05_dsArray.feature:316&amp#27;[0m
====================START SCENARIO=====================
  &amp#27;[32mGiven &amp#27;[0m&amp#27;[32mThe user is on the tryEditor page&amp#27;[0m                                                                                               &amp#27;[90m# stepDefinition.TryEditorPageStep.the_user_is_on_the_try_editor_page()&amp#27;[0m
The sheet existance status is : true
print(10);
  &amp#27;[32mAnd &amp#27;[0m&amp#27;[32menters data in the Editor after reading data from excel sheet &amp#27;[0m&amp#27;[32m&amp#27;[1m"Python_code"&amp#27;[0m&amp#27;[32m with column_name &amp#27;[0m&amp#27;[32m&amp#27;[1m"Python_Valid_Data"&amp#27;[0m&amp#27;[32m and row_number &amp#27;[0m&amp#27;[32m&amp#27;[1m2&amp#27;[0m &amp#27;[90m# stepDefinition.TryEditorPageStep.enters_data_in_the_editor_after_reading_data_from_excel_sheet_with_column_name_and_row_number(java.lang.String,java.lang.String,java.lang.Integer)&amp#27;[0m
  &amp#27;[32mWhen &amp#27;[0m&amp#27;[32mUser clicks a run button&amp#27;[0m                                                                                                         &amp#27;[90m# stepDefinition.TryEditorPageStep.user_clicks_a_run_button()&amp#27;[0m
Console screen containing output is displayed.
The User able to see result in the console: 10
  &amp#27;[32mThen &amp#27;[0m&amp#27;[32moutput should be displayed on the console&amp#27;[0m                                                                                        &amp#27;[90m# stepDefinition.TryEditorPageStep.output_should_be_displayed_on_the_console()&amp#27;[0m
Scenario status ======>PASSED
]]></system-out>
  </testcase>
  <testcase name="runScenario[&quot;User go back to the DSHome page&quot;, &quot;E) To Automate the page of Array&quot;](63)" classname="runner.TestRunnerTestng" time="0.128">
    <system-out><![CDATA[
@backtoDSHomePage
Scenario: User go back to the DSHome page                                    &amp#27;[90m# src/test/resources/Features/05_dsArray.feature:319&amp#27;[0m
====================START SCENARIO=====================
  &amp#27;[32mGiven &amp#27;[0m&amp#27;[32mThe user is already on the tryEditor page&amp#27;[0m                            &amp#27;[90m# stepDefinition.ds_AlgoArraySteps.the_user_is_already_on_the_try_editor_page()&amp#27;[0m
Console screen containing output is displayed.
  &amp#27;[32mWhen &amp#27;[0m&amp#27;[32mUser can see output in the console&amp#27;[0m                                    &amp#27;[90m# stepDefinition.ds_AlgoArraySteps.user_can_see_output_in_the_console()&amp#27;[0m
  &amp#27;[32mThen &amp#27;[0m&amp#27;[32mUser go back to &amp#27;[0m&amp#27;[32m&amp#27;[1m"https://dsportalapp.herokuapp.com/home"&amp#27;[0m&amp#27;[32m DS home page&amp#27;[0m &amp#27;[90m# stepDefinition.ds_AlgoArraySteps.user_go_back_to_ds_home_page(java.lang.String)&amp#27;[0m
Scenario status ======>PASSED
]]></system-out>
  </testcase>
  <testcase name="runScenario[&quot;Get started to Linked List from DS Algo home page&quot;, &quot;F)Automatating Linked List Module pages&quot;](64)" classname="runner.TestRunnerTestng" time="0.257">
    <system-out><![CDATA[
@LinkedList_Page
Scenario: Get started to Linked List from DS Algo home page             &amp#27;[90m# src/test/resources/Features/06_dsLinkedList.feature:4&amp#27;[0m
====================START SCENARIO=====================
Inside step-User is on DS Algo portal home page.
Verify Home page title by Assertions.
  &amp#27;[32mGiven &amp#27;[0m&amp#27;[32mUser is on the DS algo portal home page&amp#27;[0m                         &amp#27;[90m# stepDefinition.LinkedListStep.user_is_on_the_ds_algo_portal_home_page()&amp#27;[0m
User clicks Linked List Get Started button.
  &amp#27;[32mWhen &amp#27;[0m&amp#27;[32mUser clicks Get started button from Linked List pane&amp#27;[0m             &amp#27;[90m# stepDefinition.LinkedListStep.user_clicks_get_started_button_from_linked_list_pane()&amp#27;[0m
Verify Linked List page title by Assertions.
  &amp#27;[32mThen &amp#27;[0m&amp#27;[32mUser should be redirected to &amp#27;[0m&amp#27;[32m&amp#27;[1m"Linked List"&amp#27;[0m&amp#27;[32m Linked List home page&amp#27;[0m &amp#27;[90m# stepDefinition.LinkedListStep.user_should_be_redirected_to_linked_list_home_page(java.lang.String)&amp#27;[0m
Scenario status ======>PASSED
]]></system-out>
  </testcase>
  <testcase name="runScenario[&quot;Introduction link of Linked List module&quot;, &quot;F)Automatating Linked List Module pages&quot;](65)" classname="runner.TestRunnerTestng" time="0.265">
    <system-out><![CDATA[
@Introduction
Scenario: Introduction link of Linked List module                                   &amp#27;[90m# src/test/resources/Features/06_dsLinkedList.feature:11&amp#27;[0m
====================START SCENARIO=====================
  &amp#27;[32mGiven &amp#27;[0m&amp#27;[32mUser is on Linked List page in Linked List module&amp#27;[0m                           &amp#27;[90m# stepDefinition.LinkedListStep.user_is_on_linked_list_page_in_linked_list_module()&amp#27;[0m
User clicks Introduction link in LL.
  &amp#27;[32mWhen &amp#27;[0m&amp#27;[32mUser clicks Introduction link&amp#27;[0m                                                &amp#27;[90m# stepDefinition.LinkedListStep.user_clicks_introduction_link()&amp#27;[0m
The user able to see Title: Introduction
Verify Introduction in LL page title by Assertions.
User is on Introduction
  &amp#27;[32mThen &amp#27;[0m&amp#27;[32mUser should be redirected to &amp#27;[0m&amp#27;[32m&amp#27;[1m"Introduction"&amp#27;[0m&amp#27;[32m Introduction of Linked List page&amp#27;[0m &amp#27;[90m# stepDefinition.LinkedListStep.user_should_be_redirected_to_introduction_of_linked_list_page(java.lang.String)&amp#27;[0m
Scenario status ======>PASSED
]]></system-out>
  </testcase>
  <testcase name="runScenario[&quot;Introduction page&quot;, &quot;F)Automatating Linked List Module pages&quot;](66)" classname="runner.TestRunnerTestng" time="0.419">
    <system-out><![CDATA[
@PythonEditor
Scenario: Introduction page                                                                                                   &amp#27;[90m# src/test/resources/Features/06_dsLinkedList.feature:17&amp#27;[0m
====================START SCENARIO=====================
  &amp#27;[32mGiven &amp#27;[0m&amp#27;[32mUser is on Introduction page&amp#27;[0m                                                                                          &amp#27;[90m# stepDefinition.LinkedListStep.user_is_on_introduction_page()&amp#27;[0m
User clicks Try Here link on Introduction page in LL.
  &amp#27;[32mWhen &amp#27;[0m&amp#27;[32mUser clicks a Try Here link on Introduction of Linked List page&amp#27;[0m                                                        &amp#27;[90m# stepDefinition.LinkedListStep.user_clicks_a_try_here_link_on_introduction_of_linked_list_page()&amp#27;[0m
  &amp#27;[32mThen &amp#27;[0m&amp#27;[32mUser should be redirected to &amp#27;[0m&amp#27;[32m&amp#27;[1m"https://dsportalapp.herokuapp.com/tryEditor"&amp#27;[0m&amp#27;[32m tryEditor page having Editor and run button&amp#27;[0m &amp#27;[90m# stepDefinition.GraphStep.user_should_be_redirected_to_try_editor_page_having_editor_and_run_button(java.lang.String)&amp#27;[0m
Scenario status ======>PASSED
]]></system-out>
  </testcase>
  <testcase name="runScenario[&quot;Python Editor page without data&quot;, &quot;F)Automatating Linked List Module pages&quot;](67)" classname="runner.TestRunnerTestng" time="0.397">
    <system-out><![CDATA[
@PythonEditor_Blank
Scenario: Python Editor page without data                                    &amp#27;[90m# src/test/resources/Features/06_dsLinkedList.feature:23&amp#27;[0m
====================START SCENARIO=====================
  &amp#27;[32mGiven &amp#27;[0m&amp#27;[32mThe user is on tryEditor page&amp#27;[0m                                        &amp#27;[90m# stepDefinition.TryEditorPageStep.the_user_is_on_try_editor_page()&amp#27;[0m
User did not enter any code and clicks run button.
  &amp#27;[32mWhen &amp#27;[0m&amp#27;[32mThe user clicks the run button without entring the code in the Editor&amp#27;[0m &amp#27;[90m# stepDefinition.TryEditorPageStep.the_user_clicks_the_run_button_without_entring_the_code_in_the_editor()&amp#27;[0m
No error message is displayed on the page.Raise as a BUG.
  &amp#27;[32mThen &amp#27;[0m&amp#27;[32mNothing happens to the page and no error message is displayed&amp#27;[0m         &amp#27;[90m# stepDefinition.TryEditorPageStep.nothing_happens_to_the_page_and_no_error_message_is_displayed()&amp#27;[0m
Scenario status ======>PASSED
]]></system-out>
  </testcase>
  <testcase name="runScenario[&quot;Python Editor page with Invalid data&quot;, &quot;F)Automatating Linked List Module pages&quot;](68)" classname="runner.TestRunnerTestng" time="0.556">
    <system-out><![CDATA[
@PythonEditor_Invalid
Scenario Outline: Python Editor page with Invalid data                                                                                        &amp#27;[90m# src/test/resources/Features/06_dsLinkedList.feature:37&amp#27;[0m
====================START SCENARIO=====================
Inside step-The user is on the same TryEditor page.
  &amp#27;[32mGiven &amp#27;[0m&amp#27;[32mUser is on the tryEditor page&amp#27;[0m                                                                                                         &amp#27;[90m# stepDefinition.TryEditorPageStep.user_is_on_the_try_editor_page()&amp#27;[0m
The sheet existance status is : true
print(10
  &amp#27;[32mAnd &amp#27;[0m&amp#27;[32menters the data in the Editor after reading data from excel sheet &amp#27;[0m&amp#27;[32m&amp#27;[1m"Python_code"&amp#27;[0m&amp#27;[32m with column_name &amp#27;[0m&amp#27;[32m&amp#27;[1m"Python_Invalid_Data"&amp#27;[0m&amp#27;[32m and row_number &amp#27;[0m&amp#27;[32m&amp#27;[1m2&amp#27;[0m &amp#27;[90m# stepDefinition.TryEditorPageStep.enters_the_data_in_the_editor_after_reading_data_from_excel_sheet_with_column_name_and_row_number(java.lang.String,java.lang.String,java.lang.Integer)&amp#27;[0m
  &amp#27;[32mWhen &amp#27;[0m&amp#27;[32mThe User clicks a run button&amp#27;[0m                                                                                                           &amp#27;[90m# stepDefinition.TryEditorPageStep.the_user_clicks_a_run_button()&amp#27;[0m
  &amp#27;[32mThen &amp#27;[0m&amp#27;[32mThe user see error msg in alert window and press ok button&amp#27;[0m                                                                             &amp#27;[90m# stepDefinition.TryEditorPageStep.the_user_see_error_msg_in_alert_window()&amp#27;[0m
Scenario status ======>PASSED
]]></system-out>
  </testcase>
  <testcase name="runScenario[&quot;Python Editor page with valid data&quot;, &quot;F)Automatating Linked List Module pages&quot;](69)" classname="runner.TestRunnerTestng" time="0.562">
    <system-out><![CDATA[
@PythonEditor_Valid
Scenario Outline: Python Editor page with valid data                                                                                    &amp#27;[90m# src/test/resources/Features/06_dsLinkedList.feature:48&amp#27;[0m
====================START SCENARIO=====================
  &amp#27;[32mGiven &amp#27;[0m&amp#27;[32mThe user is on the tryEditor page&amp#27;[0m                                                                                               &amp#27;[90m# stepDefinition.TryEditorPageStep.the_user_is_on_the_try_editor_page()&amp#27;[0m
The sheet existance status is : true
print(10);
  &amp#27;[32mAnd &amp#27;[0m&amp#27;[32menters data in the Editor after reading data from excel sheet &amp#27;[0m&amp#27;[32m&amp#27;[1m"Python_code"&amp#27;[0m&amp#27;[32m with column_name &amp#27;[0m&amp#27;[32m&amp#27;[1m"Python_Valid_Data"&amp#27;[0m&amp#27;[32m and row_number &amp#27;[0m&amp#27;[32m&amp#27;[1m2&amp#27;[0m &amp#27;[90m# stepDefinition.TryEditorPageStep.enters_data_in_the_editor_after_reading_data_from_excel_sheet_with_column_name_and_row_number(java.lang.String,java.lang.String,java.lang.Integer)&amp#27;[0m
  &amp#27;[32mWhen &amp#27;[0m&amp#27;[32mUser clicks a run button&amp#27;[0m                                                                                                         &amp#27;[90m# stepDefinition.TryEditorPageStep.user_clicks_a_run_button()&amp#27;[0m
Console screen containing output is displayed.
The User able to see result in the console: 10
  &amp#27;[32mThen &amp#27;[0m&amp#27;[32moutput should be displayed on the console&amp#27;[0m                                                                                        &amp#27;[90m# stepDefinition.TryEditorPageStep.output_should_be_displayed_on_the_console()&amp#27;[0m
Scenario status ======>PASSED
]]></system-out>
  </testcase>
  <testcase name="runScenario[&quot;User go back to the previous page&quot;, &quot;F)Automatating Linked List Module pages&quot;](70)" classname="runner.TestRunnerTestng" time="0.209">
    <system-out><![CDATA[
@previousPage
Scenario: User go back to the previous page   &amp#27;[90m# src/test/resources/Features/06_dsLinkedList.feature:51&amp#27;[0m
====================START SCENARIO=====================
The user is already on tryEditor page
  &amp#27;[32mGiven &amp#27;[0m&amp#27;[32mThe user is already on tryEditor page&amp#27;[0m &amp#27;[90m# stepDefinition.TryEditorPageStep.the_user_is_already_on_try_editor_page()&amp#27;[0m
Console screen containing output is displayed.
  &amp#27;[32mWhen &amp#27;[0m&amp#27;[32mUser able to see output in console&amp#27;[0m     &amp#27;[90m# stepDefinition.TryEditorPageStep.user_able_to_see_output_in_console()&amp#27;[0m
Console screen containing output is displayed and user go to the previous page.
  &amp#27;[32mThen &amp#27;[0m&amp#27;[32mUser go back to the previous page&amp#27;[0m      &amp#27;[90m# stepDefinition.TryEditorPageStep.user_go_back_to_the_previous_page()&amp#27;[0m
Scenario status ======>PASSED
]]></system-out>
  </testcase>
  <testcase name="runScenario[&quot;Creating Linked LIst link of Linked List module&quot;, &quot;F)Automatating Linked List Module pages&quot;](71)" classname="runner.TestRunnerTestng" time="0.247">
    <system-out><![CDATA[
@CreatingLinkedList
Scenario: Creating Linked LIst link of Linked List module                                           &amp#27;[90m# src/test/resources/Features/06_dsLinkedList.feature:58&amp#27;[0m
====================START SCENARIO=====================
  &amp#27;[32mGiven &amp#27;[0m&amp#27;[32mUser is on Introduction page&amp#27;[0m                                                                &amp#27;[90m# stepDefinition.LinkedListStep.user_is_on_introduction_page()&amp#27;[0m
User clicks Creating Linked LIst link in LL.
  &amp#27;[32mWhen &amp#27;[0m&amp#27;[32mUser clicks Creating Linked LIst link&amp#27;[0m                                                        &amp#27;[90m# stepDefinition.LinkedListStep.user_clicks_creating_linked_l_ist_link()&amp#27;[0m
The user able to see Title: Creating Linked LIst
Verify Creating Linked LIst in LL page title by Assertions.
User is on Creating Linked LIst
  &amp#27;[32mThen &amp#27;[0m&amp#27;[32mUser should be redirected to &amp#27;[0m&amp#27;[32m&amp#27;[1m"Creating Linked LIst"&amp#27;[0m&amp#27;[32m Creating Linked LIst of Linked List page&amp#27;[0m &amp#27;[90m# stepDefinition.LinkedListStep.user_should_be_redirected_to_creating_linked_l_ist_of_linked_list_page(java.lang.String)&amp#27;[0m
Scenario status ======>PASSED
]]></system-out>
  </testcase>
  <testcase name="runScenario[&quot;Creating Linked LIst page&quot;, &quot;F)Automatating Linked List Module pages&quot;](72)" classname="runner.TestRunnerTestng" time="0.482">
    <system-out><![CDATA[
@PythonEditor
Scenario: Creating Linked LIst page                                                                                           &amp#27;[90m# src/test/resources/Features/06_dsLinkedList.feature:64&amp#27;[0m
====================START SCENARIO=====================
  &amp#27;[32mGiven &amp#27;[0m&amp#27;[32mUser is on Creating Linked LIst page&amp#27;[0m                                                                                  &amp#27;[90m# stepDefinition.LinkedListStep.user_is_on_creating_linked_l_ist_page()&amp#27;[0m
User clicks Try Here link on Creating Linked LIst page in LL.
  &amp#27;[32mWhen &amp#27;[0m&amp#27;[32mUser clicks a Try Here link on Creating Linked LIst of Linked List page&amp#27;[0m                                                &amp#27;[90m# stepDefinition.LinkedListStep.user_clicks_a_try_here_link_on_creating_linked_l_ist_of_linked_list_page()&amp#27;[0m
  &amp#27;[32mThen &amp#27;[0m&amp#27;[32mUser should be redirected to &amp#27;[0m&amp#27;[32m&amp#27;[1m"https://dsportalapp.herokuapp.com/tryEditor"&amp#27;[0m&amp#27;[32m tryEditor page having Editor and run button&amp#27;[0m &amp#27;[90m# stepDefinition.GraphStep.user_should_be_redirected_to_try_editor_page_having_editor_and_run_button(java.lang.String)&amp#27;[0m
Scenario status ======>PASSED
]]></system-out>
  </testcase>
  <testcase name="runScenario[&quot;Python Editor page without data&quot;, &quot;F)Automatating Linked List Module pages&quot;](73)" classname="runner.TestRunnerTestng" time="0.428">
    <system-out><![CDATA[
@PythonEditor_Blank
Scenario: Python Editor page without data                                    &amp#27;[90m# src/test/resources/Features/06_dsLinkedList.feature:70&amp#27;[0m
====================START SCENARIO=====================
  &amp#27;[32mGiven &amp#27;[0m&amp#27;[32mThe user is on tryEditor page&amp#27;[0m                                        &amp#27;[90m# stepDefinition.TryEditorPageStep.the_user_is_on_try_editor_page()&amp#27;[0m
User did not enter any code and clicks run button.
  &amp#27;[32mWhen &amp#27;[0m&amp#27;[32mThe user clicks the run button without entring the code in the Editor&amp#27;[0m &amp#27;[90m# stepDefinition.TryEditorPageStep.the_user_clicks_the_run_button_without_entring_the_code_in_the_editor()&amp#27;[0m
No error message is displayed on the page.Raise as a BUG.
  &amp#27;[32mThen &amp#27;[0m&amp#27;[32mNothing happens to the page and no error message is displayed&amp#27;[0m         &amp#27;[90m# stepDefinition.TryEditorPageStep.nothing_happens_to_the_page_and_no_error_message_is_displayed()&amp#27;[0m
Scenario status ======>PASSED
]]></system-out>
  </testcase>
  <testcase name="runScenario[&quot;Python Editor page with Invalid data&quot;, &quot;F)Automatating Linked List Module pages&quot;](74)" classname="runner.TestRunnerTestng" time="0.578">
    <system-out><![CDATA[
@PythonEditor_Invalid
Scenario Outline: Python Editor page with Invalid data                                                                                        &amp#27;[90m# src/test/resources/Features/06_dsLinkedList.feature:84&amp#27;[0m
====================START SCENARIO=====================
Inside step-The user is on the same TryEditor page.
  &amp#27;[32mGiven &amp#27;[0m&amp#27;[32mUser is on the tryEditor page&amp#27;[0m                                                                                                         &amp#27;[90m# stepDefinition.TryEditorPageStep.user_is_on_the_try_editor_page()&amp#27;[0m
The sheet existance status is : true
print(10
  &amp#27;[32mAnd &amp#27;[0m&amp#27;[32menters the data in the Editor after reading data from excel sheet &amp#27;[0m&amp#27;[32m&amp#27;[1m"Python_code"&amp#27;[0m&amp#27;[32m with column_name &amp#27;[0m&amp#27;[32m&amp#27;[1m"Python_Invalid_Data"&amp#27;[0m&amp#27;[32m and row_number &amp#27;[0m&amp#27;[32m&amp#27;[1m2&amp#27;[0m &amp#27;[90m# stepDefinition.TryEditorPageStep.enters_the_data_in_the_editor_after_reading_data_from_excel_sheet_with_column_name_and_row_number(java.lang.String,java.lang.String,java.lang.Integer)&amp#27;[0m
  &amp#27;[32mWhen &amp#27;[0m&amp#27;[32mThe User clicks a run button&amp#27;[0m                                                                                                           &amp#27;[90m# stepDefinition.TryEditorPageStep.the_user_clicks_a_run_button()&amp#27;[0m
  &amp#27;[32mThen &amp#27;[0m&amp#27;[32mThe user see error msg in alert window and press ok button&amp#27;[0m                                                                             &amp#27;[90m# stepDefinition.TryEditorPageStep.the_user_see_error_msg_in_alert_window()&amp#27;[0m
Scenario status ======>PASSED
]]></system-out>
  </testcase>
  <testcase name="runScenario[&quot;Python Editor page with valid data&quot;, &quot;F)Automatating Linked List Module pages&quot;](75)" classname="runner.TestRunnerTestng" time="0.556">
    <system-out><![CDATA[
@PythonEditor_Valid
Scenario Outline: Python Editor page with valid data                                                                                    &amp#27;[90m# src/test/resources/Features/06_dsLinkedList.feature:95&amp#27;[0m
====================START SCENARIO=====================
  &amp#27;[32mGiven &amp#27;[0m&amp#27;[32mThe user is on the tryEditor page&amp#27;[0m                                                                                               &amp#27;[90m# stepDefinition.TryEditorPageStep.the_user_is_on_the_try_editor_page()&amp#27;[0m
The sheet existance status is : true
print(10);
  &amp#27;[32mAnd &amp#27;[0m&amp#27;[32menters data in the Editor after reading data from excel sheet &amp#27;[0m&amp#27;[32m&amp#27;[1m"Python_code"&amp#27;[0m&amp#27;[32m with column_name &amp#27;[0m&amp#27;[32m&amp#27;[1m"Python_Valid_Data"&amp#27;[0m&amp#27;[32m and row_number &amp#27;[0m&amp#27;[32m&amp#27;[1m2&amp#27;[0m &amp#27;[90m# stepDefinition.TryEditorPageStep.enters_data_in_the_editor_after_reading_data_from_excel_sheet_with_column_name_and_row_number(java.lang.String,java.lang.String,java.lang.Integer)&amp#27;[0m
  &amp#27;[32mWhen &amp#27;[0m&amp#27;[32mUser clicks a run button&amp#27;[0m                                                                                                         &amp#27;[90m# stepDefinition.TryEditorPageStep.user_clicks_a_run_button()&amp#27;[0m
Console screen containing output is displayed.
The User able to see result in the console: 10
  &amp#27;[32mThen &amp#27;[0m&amp#27;[32moutput should be displayed on the console&amp#27;[0m                                                                                        &amp#27;[90m# stepDefinition.TryEditorPageStep.output_should_be_displayed_on_the_console()&amp#27;[0m
Scenario status ======>PASSED
]]></system-out>
  </testcase>
  <testcase name="runScenario[&quot;User go back to the previous page&quot;, &quot;F)Automatating Linked List Module pages&quot;](76)" classname="runner.TestRunnerTestng" time="0.22">
    <system-out><![CDATA[
@previousPage
Scenario: User go back to the previous page   &amp#27;[90m# src/test/resources/Features/06_dsLinkedList.feature:98&amp#27;[0m
====================START SCENARIO=====================
The user is already on tryEditor page
  &amp#27;[32mGiven &amp#27;[0m&amp#27;[32mThe user is already on tryEditor page&amp#27;[0m &amp#27;[90m# stepDefinition.TryEditorPageStep.the_user_is_already_on_try_editor_page()&amp#27;[0m
Console screen containing output is displayed.
  &amp#27;[32mWhen &amp#27;[0m&amp#27;[32mUser able to see output in console&amp#27;[0m     &amp#27;[90m# stepDefinition.TryEditorPageStep.user_able_to_see_output_in_console()&amp#27;[0m
Console screen containing output is displayed and user go to the previous page.
  &amp#27;[32mThen &amp#27;[0m&amp#27;[32mUser go back to the previous page&amp#27;[0m      &amp#27;[90m# stepDefinition.TryEditorPageStep.user_go_back_to_the_previous_page()&amp#27;[0m
Scenario status ======>PASSED
]]></system-out>
  </testcase>
  <testcase name="runScenario[&quot;Types of Linked List link of Linked List module&quot;, &quot;F)Automatating Linked List Module pages&quot;](77)" classname="runner.TestRunnerTestng" time="0.384">
    <system-out><![CDATA[
@TypesofLL
Scenario: Types of Linked List link of Linked List module                                           &amp#27;[90m# src/test/resources/Features/06_dsLinkedList.feature:105&amp#27;[0m
====================START SCENARIO=====================
  &amp#27;[32mGiven &amp#27;[0m&amp#27;[32mUser is on Creating Linked LIst page&amp#27;[0m                                                        &amp#27;[90m# stepDefinition.LinkedListStep.user_is_on_creating_linked_l_ist_page()&amp#27;[0m
User clicks Types of Linked List link in LL.
  &amp#27;[32mWhen &amp#27;[0m&amp#27;[32mUser clicks Types of Linked List link&amp#27;[0m                                                        &amp#27;[90m# stepDefinition.LinkedListStep.user_clicks_types_of_linked_list_link()&amp#27;[0m
The user able to see Title: Types of Linked List
Verify Types of Linked List in LL page title by Assertions.
User is on Types of Linked List
  &amp#27;[32mThen &amp#27;[0m&amp#27;[32mUser should be redirected to &amp#27;[0m&amp#27;[32m&amp#27;[1m"Types of Linked List"&amp#27;[0m&amp#27;[32m Types of Linked List of Linked List page&amp#27;[0m &amp#27;[90m# stepDefinition.LinkedListStep.user_should_be_redirected_to_types_of_linked_list_of_linked_list_page(java.lang.String)&amp#27;[0m
Scenario status ======>PASSED
]]></system-out>
  </testcase>
  <testcase name="runScenario[&quot;Types of Linked List page&quot;, &quot;F)Automatating Linked List Module pages&quot;](78)" classname="runner.TestRunnerTestng" time="0.478">
    <system-out><![CDATA[
@PythonEditor
Scenario: Types of Linked List page                                                                                           &amp#27;[90m# src/test/resources/Features/06_dsLinkedList.feature:111&amp#27;[0m
====================START SCENARIO=====================
  &amp#27;[32mGiven &amp#27;[0m&amp#27;[32mUser is on Types of Linked List page&amp#27;[0m                                                                                  &amp#27;[90m# stepDefinition.LinkedListStep.user_is_on_types_of_linked_list_page()&amp#27;[0m
User clicks Try Here link on Types of Linked LIst page in LL.
  &amp#27;[32mWhen &amp#27;[0m&amp#27;[32mUser clicks a Try Here link on Types of Linked List of Linked List page&amp#27;[0m                                                &amp#27;[90m# stepDefinition.LinkedListStep.user_clicks_a_try_here_link_on_types_of_linked_list_of_linked_list_page()&amp#27;[0m
  &amp#27;[32mThen &amp#27;[0m&amp#27;[32mUser should be redirected to &amp#27;[0m&amp#27;[32m&amp#27;[1m"https://dsportalapp.herokuapp.com/tryEditor"&amp#27;[0m&amp#27;[32m tryEditor page having Editor and run button&amp#27;[0m &amp#27;[90m# stepDefinition.GraphStep.user_should_be_redirected_to_try_editor_page_having_editor_and_run_button(java.lang.String)&amp#27;[0m
Scenario status ======>PASSED
]]></system-out>
  </testcase>
  <testcase name="runScenario[&quot;Python Editor page without data&quot;, &quot;F)Automatating Linked List Module pages&quot;](79)" classname="runner.TestRunnerTestng" time="0.422">
    <system-out><![CDATA[
@PythonEditor_Blank
Scenario: Python Editor page without data                                    &amp#27;[90m# src/test/resources/Features/06_dsLinkedList.feature:117&amp#27;[0m
====================START SCENARIO=====================
  &amp#27;[32mGiven &amp#27;[0m&amp#27;[32mThe user is on tryEditor page&amp#27;[0m                                        &amp#27;[90m# stepDefinition.TryEditorPageStep.the_user_is_on_try_editor_page()&amp#27;[0m
User did not enter any code and clicks run button.
  &amp#27;[32mWhen &amp#27;[0m&amp#27;[32mThe user clicks the run button without entring the code in the Editor&amp#27;[0m &amp#27;[90m# stepDefinition.TryEditorPageStep.the_user_clicks_the_run_button_without_entring_the_code_in_the_editor()&amp#27;[0m
No error message is displayed on the page.Raise as a BUG.
  &amp#27;[32mThen &amp#27;[0m&amp#27;[32mNothing happens to the page and no error message is displayed&amp#27;[0m         &amp#27;[90m# stepDefinition.TryEditorPageStep.nothing_happens_to_the_page_and_no_error_message_is_displayed()&amp#27;[0m
Scenario status ======>PASSED
]]></system-out>
  </testcase>
  <testcase name="runScenario[&quot;Python Editor page with Invalid data&quot;, &quot;F)Automatating Linked List Module pages&quot;](80)" classname="runner.TestRunnerTestng" time="0.644">
    <system-out><![CDATA[
@PythonEditor_Invalid
Scenario Outline: Python Editor page with Invalid data                                                                                        &amp#27;[90m# src/test/resources/Features/06_dsLinkedList.feature:131&amp#27;[0m
====================START SCENARIO=====================
Inside step-The user is on the same TryEditor page.
  &amp#27;[32mGiven &amp#27;[0m&amp#27;[32mUser is on the tryEditor page&amp#27;[0m                                                                                                         &amp#27;[90m# stepDefinition.TryEditorPageStep.user_is_on_the_try_editor_page()&amp#27;[0m
The sheet existance status is : true
print(10
  &amp#27;[32mAnd &amp#27;[0m&amp#27;[32menters the data in the Editor after reading data from excel sheet &amp#27;[0m&amp#27;[32m&amp#27;[1m"Python_code"&amp#27;[0m&amp#27;[32m with column_name &amp#27;[0m&amp#27;[32m&amp#27;[1m"Python_Invalid_Data"&amp#27;[0m&amp#27;[32m and row_number &amp#27;[0m&amp#27;[32m&amp#27;[1m2&amp#27;[0m &amp#27;[90m# stepDefinition.TryEditorPageStep.enters_the_data_in_the_editor_after_reading_data_from_excel_sheet_with_column_name_and_row_number(java.lang.String,java.lang.String,java.lang.Integer)&amp#27;[0m
  &amp#27;[32mWhen &amp#27;[0m&amp#27;[32mThe User clicks a run button&amp#27;[0m                                                                                                           &amp#27;[90m# stepDefinition.TryEditorPageStep.the_user_clicks_a_run_button()&amp#27;[0m
  &amp#27;[32mThen &amp#27;[0m&amp#27;[32mThe user see error msg in alert window and press ok button&amp#27;[0m                                                                             &amp#27;[90m# stepDefinition.TryEditorPageStep.the_user_see_error_msg_in_alert_window()&amp#27;[0m
Scenario status ======>PASSED
]]></system-out>
  </testcase>
  <testcase name="runScenario[&quot;Python Editor page with valid data&quot;, &quot;F)Automatating Linked List Module pages&quot;](81)" classname="runner.TestRunnerTestng" time="0.557">
    <system-out><![CDATA[
@PythonEditor_Valid
Scenario Outline: Python Editor page with valid data                                                                                    &amp#27;[90m# src/test/resources/Features/06_dsLinkedList.feature:142&amp#27;[0m
====================START SCENARIO=====================
  &amp#27;[32mGiven &amp#27;[0m&amp#27;[32mThe user is on the tryEditor page&amp#27;[0m                                                                                               &amp#27;[90m# stepDefinition.TryEditorPageStep.the_user_is_on_the_try_editor_page()&amp#27;[0m
The sheet existance status is : true
print(10);
  &amp#27;[32mAnd &amp#27;[0m&amp#27;[32menters data in the Editor after reading data from excel sheet &amp#27;[0m&amp#27;[32m&amp#27;[1m"Python_code"&amp#27;[0m&amp#27;[32m with column_name &amp#27;[0m&amp#27;[32m&amp#27;[1m"Python_Valid_Data"&amp#27;[0m&amp#27;[32m and row_number &amp#27;[0m&amp#27;[32m&amp#27;[1m2&amp#27;[0m &amp#27;[90m# stepDefinition.TryEditorPageStep.enters_data_in_the_editor_after_reading_data_from_excel_sheet_with_column_name_and_row_number(java.lang.String,java.lang.String,java.lang.Integer)&amp#27;[0m
  &amp#27;[32mWhen &amp#27;[0m&amp#27;[32mUser clicks a run button&amp#27;[0m                                                                                                         &amp#27;[90m# stepDefinition.TryEditorPageStep.user_clicks_a_run_button()&amp#27;[0m
Console screen containing output is displayed.
The User able to see result in the console: 10
  &amp#27;[32mThen &amp#27;[0m&amp#27;[32moutput should be displayed on the console&amp#27;[0m                                                                                        &amp#27;[90m# stepDefinition.TryEditorPageStep.output_should_be_displayed_on_the_console()&amp#27;[0m
Scenario status ======>PASSED
]]></system-out>
  </testcase>
  <testcase name="runScenario[&quot;User go back to the previous page&quot;, &quot;F)Automatating Linked List Module pages&quot;](82)" classname="runner.TestRunnerTestng" time="0.193">
    <system-out><![CDATA[
@previousPage
Scenario: User go back to the previous page   &amp#27;[90m# src/test/resources/Features/06_dsLinkedList.feature:145&amp#27;[0m
====================START SCENARIO=====================
The user is already on tryEditor page
  &amp#27;[32mGiven &amp#27;[0m&amp#27;[32mThe user is already on tryEditor page&amp#27;[0m &amp#27;[90m# stepDefinition.TryEditorPageStep.the_user_is_already_on_try_editor_page()&amp#27;[0m
Console screen containing output is displayed.
  &amp#27;[32mWhen &amp#27;[0m&amp#27;[32mUser able to see output in console&amp#27;[0m     &amp#27;[90m# stepDefinition.TryEditorPageStep.user_able_to_see_output_in_console()&amp#27;[0m
Console screen containing output is displayed and user go to the previous page.
  &amp#27;[32mThen &amp#27;[0m&amp#27;[32mUser go back to the previous page&amp#27;[0m      &amp#27;[90m# stepDefinition.TryEditorPageStep.user_go_back_to_the_previous_page()&amp#27;[0m
Scenario status ======>PASSED
]]></system-out>
  </testcase>
  <testcase name="runScenario[&quot;Implement Linked List in Python link of Linked List module&quot;, &quot;F)Automatating Linked List Module pages&quot;](83)" classname="runner.TestRunnerTestng" time="0.268">
    <system-out><![CDATA[
@ImplementLLInPython
Scenario: Implement Linked List in Python link of Linked List module                                                      &amp#27;[90m# src/test/resources/Features/06_dsLinkedList.feature:152&amp#27;[0m
====================START SCENARIO=====================
  &amp#27;[32mGiven &amp#27;[0m&amp#27;[32mUser is on Types of Linked List page&amp#27;[0m                                                                              &amp#27;[90m# stepDefinition.LinkedListStep.user_is_on_types_of_linked_list_page()&amp#27;[0m
User clicks Implement Linked List in Python link in LL.
  &amp#27;[32mWhen &amp#27;[0m&amp#27;[32mUser clicks Implement Linked List in Python link&amp#27;[0m                                                                   &amp#27;[90m# stepDefinition.LinkedListStep.user_clicks_implement_linked_list_in_python_link()&amp#27;[0m
The user able to see Title: Implement Linked List in Python
Verify Implement Linked List in Python in LL page title by Assertions.
User is on Implement Linked List in Python
  &amp#27;[32mThen &amp#27;[0m&amp#27;[32mUser should be redirected to &amp#27;[0m&amp#27;[32m&amp#27;[1m"Implement Linked List in Python"&amp#27;[0m&amp#27;[32m Implement Linked List in Python of Linked List page&amp#27;[0m &amp#27;[90m# stepDefinition.LinkedListStep.user_should_be_redirected_to_implement_linked_list_in_python_of_linked_list_page(java.lang.String)&amp#27;[0m
Scenario status ======>PASSED
]]></system-out>
  </testcase>
  <testcase name="runScenario[&quot;Implement Linked List in Python page&quot;, &quot;F)Automatating Linked List Module pages&quot;](84)" classname="runner.TestRunnerTestng" time="0.409">
    <system-out><![CDATA[
@PythonEditor
Scenario: Implement Linked List in Python page                                                                                &amp#27;[90m# src/test/resources/Features/06_dsLinkedList.feature:158&amp#27;[0m
====================START SCENARIO=====================
  &amp#27;[32mGiven &amp#27;[0m&amp#27;[32mUser is on Implement Linked List in Python page&amp#27;[0m                                                                       &amp#27;[90m# stepDefinition.LinkedListStep.user_is_on_implement_linked_list_in_python_page()&amp#27;[0m
User clicks Try Here link on Implement Linked List in Python page in LL.
  &amp#27;[32mWhen &amp#27;[0m&amp#27;[32mUser clicks a Try Here link on Implement Linked List in Python of Linked List page&amp#27;[0m                                     &amp#27;[90m# stepDefinition.LinkedListStep.user_clicks_a_try_here_link_on_implement_linked_list_in_python_of_linked_list_page()&amp#27;[0m
  &amp#27;[32mThen &amp#27;[0m&amp#27;[32mUser should be redirected to &amp#27;[0m&amp#27;[32m&amp#27;[1m"https://dsportalapp.herokuapp.com/tryEditor"&amp#27;[0m&amp#27;[32m tryEditor page having Editor and run button&amp#27;[0m &amp#27;[90m# stepDefinition.GraphStep.user_should_be_redirected_to_try_editor_page_having_editor_and_run_button(java.lang.String)&amp#27;[0m
Scenario status ======>PASSED
]]></system-out>
  </testcase>
  <testcase name="runScenario[&quot;Python Editor page without data&quot;, &quot;F)Automatating Linked List Module pages&quot;](85)" classname="runner.TestRunnerTestng" time="0.407">
    <system-out><![CDATA[
@PythonEditor_Blank
Scenario: Python Editor page without data                                    &amp#27;[90m# src/test/resources/Features/06_dsLinkedList.feature:164&amp#27;[0m
====================START SCENARIO=====================
  &amp#27;[32mGiven &amp#27;[0m&amp#27;[32mThe user is on tryEditor page&amp#27;[0m                                        &amp#27;[90m# stepDefinition.TryEditorPageStep.the_user_is_on_try_editor_page()&amp#27;[0m
User did not enter any code and clicks run button.
  &amp#27;[32mWhen &amp#27;[0m&amp#27;[32mThe user clicks the run button without entring the code in the Editor&amp#27;[0m &amp#27;[90m# stepDefinition.TryEditorPageStep.the_user_clicks_the_run_button_without_entring_the_code_in_the_editor()&amp#27;[0m
No error message is displayed on the page.Raise as a BUG.
  &amp#27;[32mThen &amp#27;[0m&amp#27;[32mNothing happens to the page and no error message is displayed&amp#27;[0m         &amp#27;[90m# stepDefinition.TryEditorPageStep.nothing_happens_to_the_page_and_no_error_message_is_displayed()&amp#27;[0m
Scenario status ======>PASSED
]]></system-out>
  </testcase>
  <testcase name="runScenario[&quot;Python Editor page with Invalid data&quot;, &quot;F)Automatating Linked List Module pages&quot;](86)" classname="runner.TestRunnerTestng" time="0.588">
    <system-out><![CDATA[
@PythonEditor_Invalid
Scenario Outline: Python Editor page with Invalid data                                                                                        &amp#27;[90m# src/test/resources/Features/06_dsLinkedList.feature:178&amp#27;[0m
====================START SCENARIO=====================
Inside step-The user is on the same TryEditor page.
  &amp#27;[32mGiven &amp#27;[0m&amp#27;[32mUser is on the tryEditor page&amp#27;[0m                                                                                                         &amp#27;[90m# stepDefinition.TryEditorPageStep.user_is_on_the_try_editor_page()&amp#27;[0m
The sheet existance status is : true
print(10
  &amp#27;[32mAnd &amp#27;[0m&amp#27;[32menters the data in the Editor after reading data from excel sheet &amp#27;[0m&amp#27;[32m&amp#27;[1m"Python_code"&amp#27;[0m&amp#27;[32m with column_name &amp#27;[0m&amp#27;[32m&amp#27;[1m"Python_Invalid_Data"&amp#27;[0m&amp#27;[32m and row_number &amp#27;[0m&amp#27;[32m&amp#27;[1m2&amp#27;[0m &amp#27;[90m# stepDefinition.TryEditorPageStep.enters_the_data_in_the_editor_after_reading_data_from_excel_sheet_with_column_name_and_row_number(java.lang.String,java.lang.String,java.lang.Integer)&amp#27;[0m
  &amp#27;[32mWhen &amp#27;[0m&amp#27;[32mThe User clicks a run button&amp#27;[0m                                                                                                           &amp#27;[90m# stepDefinition.TryEditorPageStep.the_user_clicks_a_run_button()&amp#27;[0m
  &amp#27;[32mThen &amp#27;[0m&amp#27;[32mThe user see error msg in alert window and press ok button&amp#27;[0m                                                                             &amp#27;[90m# stepDefinition.TryEditorPageStep.the_user_see_error_msg_in_alert_window()&amp#27;[0m
Scenario status ======>PASSED
]]></system-out>
  </testcase>
  <testcase name="runScenario[&quot;Python Editor page with valid data&quot;, &quot;F)Automatating Linked List Module pages&quot;](87)" classname="runner.TestRunnerTestng" time="0.507">
    <system-out><![CDATA[
@PythonEditor_Valid
Scenario Outline: Python Editor page with valid data                                                                                    &amp#27;[90m# src/test/resources/Features/06_dsLinkedList.feature:189&amp#27;[0m
====================START SCENARIO=====================
  &amp#27;[32mGiven &amp#27;[0m&amp#27;[32mThe user is on the tryEditor page&amp#27;[0m                                                                                               &amp#27;[90m# stepDefinition.TryEditorPageStep.the_user_is_on_the_try_editor_page()&amp#27;[0m
The sheet existance status is : true
print(10);
  &amp#27;[32mAnd &amp#27;[0m&amp#27;[32menters data in the Editor after reading data from excel sheet &amp#27;[0m&amp#27;[32m&amp#27;[1m"Python_code"&amp#27;[0m&amp#27;[32m with column_name &amp#27;[0m&amp#27;[32m&amp#27;[1m"Python_Valid_Data"&amp#27;[0m&amp#27;[32m and row_number &amp#27;[0m&amp#27;[32m&amp#27;[1m2&amp#27;[0m &amp#27;[90m# stepDefinition.TryEditorPageStep.enters_data_in_the_editor_after_reading_data_from_excel_sheet_with_column_name_and_row_number(java.lang.String,java.lang.String,java.lang.Integer)&amp#27;[0m
  &amp#27;[32mWhen &amp#27;[0m&amp#27;[32mUser clicks a run button&amp#27;[0m                                                                                                         &amp#27;[90m# stepDefinition.TryEditorPageStep.user_clicks_a_run_button()&amp#27;[0m
Console screen containing output is displayed.
The User able to see result in the console: 10
  &amp#27;[32mThen &amp#27;[0m&amp#27;[32moutput should be displayed on the console&amp#27;[0m                                                                                        &amp#27;[90m# stepDefinition.TryEditorPageStep.output_should_be_displayed_on_the_console()&amp#27;[0m
Scenario status ======>PASSED
]]></system-out>
  </testcase>
  <testcase name="runScenario[&quot;User go back to the previous page&quot;, &quot;F)Automatating Linked List Module pages&quot;](88)" classname="runner.TestRunnerTestng" time="0.211">
    <system-out><![CDATA[
@previousPage
Scenario: User go back to the previous page   &amp#27;[90m# src/test/resources/Features/06_dsLinkedList.feature:192&amp#27;[0m
====================START SCENARIO=====================
The user is already on tryEditor page
  &amp#27;[32mGiven &amp#27;[0m&amp#27;[32mThe user is already on tryEditor page&amp#27;[0m &amp#27;[90m# stepDefinition.TryEditorPageStep.the_user_is_already_on_try_editor_page()&amp#27;[0m
Console screen containing output is displayed.
  &amp#27;[32mWhen &amp#27;[0m&amp#27;[32mUser able to see output in console&amp#27;[0m     &amp#27;[90m# stepDefinition.TryEditorPageStep.user_able_to_see_output_in_console()&amp#27;[0m
Console screen containing output is displayed and user go to the previous page.
  &amp#27;[32mThen &amp#27;[0m&amp#27;[32mUser go back to the previous page&amp#27;[0m      &amp#27;[90m# stepDefinition.TryEditorPageStep.user_go_back_to_the_previous_page()&amp#27;[0m
Scenario status ======>PASSED
]]></system-out>
  </testcase>
  <testcase name="runScenario[&quot;Traversal link of Linked List module&quot;, &quot;F)Automatating Linked List Module pages&quot;](89)" classname="runner.TestRunnerTestng" time="0.254">
    <system-out><![CDATA[
@Traversal
Scenario: Traversal link of Linked List module                                &amp#27;[90m# src/test/resources/Features/06_dsLinkedList.feature:199&amp#27;[0m
====================START SCENARIO=====================
  &amp#27;[32mGiven &amp#27;[0m&amp#27;[32mUser is on Implement Linked List in Python page&amp#27;[0m                       &amp#27;[90m# stepDefinition.LinkedListStep.user_is_on_implement_linked_list_in_python_page()&amp#27;[0m
User clicks Traversal link in LL.
  &amp#27;[32mWhen &amp#27;[0m&amp#27;[32mUser clicks Traversal link&amp#27;[0m                                             &amp#27;[90m# stepDefinition.LinkedListStep.user_clicks_traversal_link()&amp#27;[0m
The user able to see Title: Traversal
Verify Traversal in LL page title by Assertions.
User is on Traversal
  &amp#27;[32mThen &amp#27;[0m&amp#27;[32mUser should be redirected to &amp#27;[0m&amp#27;[32m&amp#27;[1m"Traversal"&amp#27;[0m&amp#27;[32m Traversal of Linked List page&amp#27;[0m &amp#27;[90m# stepDefinition.LinkedListStep.user_should_be_redirected_to_traversal_of_linked_list_page(java.lang.String)&amp#27;[0m
Scenario status ======>PASSED
]]></system-out>
  </testcase>
  <testcase name="runScenario[&quot;Traversal page&quot;, &quot;F)Automatating Linked List Module pages&quot;](90)" classname="runner.TestRunnerTestng" time="0.428">
    <system-out><![CDATA[
@PythonEditor
Scenario: Traversal page                                                                                                      &amp#27;[90m# src/test/resources/Features/06_dsLinkedList.feature:205&amp#27;[0m
====================START SCENARIO=====================
  &amp#27;[32mGiven &amp#27;[0m&amp#27;[32mUser is on Traversal page&amp#27;[0m                                                                                             &amp#27;[90m# stepDefinition.LinkedListStep.user_is_on_traversal_page()&amp#27;[0m
User clicks Try Here link on Traversal page in LL.
  &amp#27;[32mWhen &amp#27;[0m&amp#27;[32mUser clicks a Try Here link on Traversal of Linked List page&amp#27;[0m                                                           &amp#27;[90m# stepDefinition.LinkedListStep.user_clicks_a_try_here_link_on_traversal_of_linked_list_page()&amp#27;[0m
  &amp#27;[32mThen &amp#27;[0m&amp#27;[32mUser should be redirected to &amp#27;[0m&amp#27;[32m&amp#27;[1m"https://dsportalapp.herokuapp.com/tryEditor"&amp#27;[0m&amp#27;[32m tryEditor page having Editor and run button&amp#27;[0m &amp#27;[90m# stepDefinition.GraphStep.user_should_be_redirected_to_try_editor_page_having_editor_and_run_button(java.lang.String)&amp#27;[0m
Scenario status ======>PASSED
]]></system-out>
  </testcase>
  <testcase name="runScenario[&quot;Python Editor page without data&quot;, &quot;F)Automatating Linked List Module pages&quot;](91)" classname="runner.TestRunnerTestng" time="0.4">
    <system-out><![CDATA[
@PythonEditor_Blank
Scenario: Python Editor page without data                                    &amp#27;[90m# src/test/resources/Features/06_dsLinkedList.feature:211&amp#27;[0m
====================START SCENARIO=====================
  &amp#27;[32mGiven &amp#27;[0m&amp#27;[32mThe user is on tryEditor page&amp#27;[0m                                        &amp#27;[90m# stepDefinition.TryEditorPageStep.the_user_is_on_try_editor_page()&amp#27;[0m
User did not enter any code and clicks run button.
  &amp#27;[32mWhen &amp#27;[0m&amp#27;[32mThe user clicks the run button without entring the code in the Editor&amp#27;[0m &amp#27;[90m# stepDefinition.TryEditorPageStep.the_user_clicks_the_run_button_without_entring_the_code_in_the_editor()&amp#27;[0m
No error message is displayed on the page.Raise as a BUG.
  &amp#27;[32mThen &amp#27;[0m&amp#27;[32mNothing happens to the page and no error message is displayed&amp#27;[0m         &amp#27;[90m# stepDefinition.TryEditorPageStep.nothing_happens_to_the_page_and_no_error_message_is_displayed()&amp#27;[0m
Scenario status ======>PASSED
]]></system-out>
  </testcase>
  <testcase name="runScenario[&quot;Python Editor page with Invalid data&quot;, &quot;F)Automatating Linked List Module pages&quot;](92)" classname="runner.TestRunnerTestng" time="0.579">
    <system-out><![CDATA[
@PythonEditor_Invalid
Scenario Outline: Python Editor page with Invalid data                                                                                        &amp#27;[90m# src/test/resources/Features/06_dsLinkedList.feature:225&amp#27;[0m
====================START SCENARIO=====================
Inside step-The user is on the same TryEditor page.
  &amp#27;[32mGiven &amp#27;[0m&amp#27;[32mUser is on the tryEditor page&amp#27;[0m                                                                                                         &amp#27;[90m# stepDefinition.TryEditorPageStep.user_is_on_the_try_editor_page()&amp#27;[0m
The sheet existance status is : true
print(10
  &amp#27;[32mAnd &amp#27;[0m&amp#27;[32menters the data in the Editor after reading data from excel sheet &amp#27;[0m&amp#27;[32m&amp#27;[1m"Python_code"&amp#27;[0m&amp#27;[32m with column_name &amp#27;[0m&amp#27;[32m&amp#27;[1m"Python_Invalid_Data"&amp#27;[0m&amp#27;[32m and row_number &amp#27;[0m&amp#27;[32m&amp#27;[1m2&amp#27;[0m &amp#27;[90m# stepDefinition.TryEditorPageStep.enters_the_data_in_the_editor_after_reading_data_from_excel_sheet_with_column_name_and_row_number(java.lang.String,java.lang.String,java.lang.Integer)&amp#27;[0m
  &amp#27;[32mWhen &amp#27;[0m&amp#27;[32mThe User clicks a run button&amp#27;[0m                                                                                                           &amp#27;[90m# stepDefinition.TryEditorPageStep.the_user_clicks_a_run_button()&amp#27;[0m
  &amp#27;[32mThen &amp#27;[0m&amp#27;[32mThe user see error msg in alert window and press ok button&amp#27;[0m                                                                             &amp#27;[90m# stepDefinition.TryEditorPageStep.the_user_see_error_msg_in_alert_window()&amp#27;[0m
Scenario status ======>PASSED
]]></system-out>
  </testcase>
  <testcase name="runScenario[&quot;Python Editor page with valid data&quot;, &quot;F)Automatating Linked List Module pages&quot;](93)" classname="runner.TestRunnerTestng" time="0.541">
    <system-out><![CDATA[
@PythonEditor_Valid
Scenario Outline: Python Editor page with valid data                                                                                    &amp#27;[90m# src/test/resources/Features/06_dsLinkedList.feature:236&amp#27;[0m
====================START SCENARIO=====================
  &amp#27;[32mGiven &amp#27;[0m&amp#27;[32mThe user is on the tryEditor page&amp#27;[0m                                                                                               &amp#27;[90m# stepDefinition.TryEditorPageStep.the_user_is_on_the_try_editor_page()&amp#27;[0m
The sheet existance status is : true
print(10);
  &amp#27;[32mAnd &amp#27;[0m&amp#27;[32menters data in the Editor after reading data from excel sheet &amp#27;[0m&amp#27;[32m&amp#27;[1m"Python_code"&amp#27;[0m&amp#27;[32m with column_name &amp#27;[0m&amp#27;[32m&amp#27;[1m"Python_Valid_Data"&amp#27;[0m&amp#27;[32m and row_number &amp#27;[0m&amp#27;[32m&amp#27;[1m2&amp#27;[0m &amp#27;[90m# stepDefinition.TryEditorPageStep.enters_data_in_the_editor_after_reading_data_from_excel_sheet_with_column_name_and_row_number(java.lang.String,java.lang.String,java.lang.Integer)&amp#27;[0m
  &amp#27;[32mWhen &amp#27;[0m&amp#27;[32mUser clicks a run button&amp#27;[0m                                                                                                         &amp#27;[90m# stepDefinition.TryEditorPageStep.user_clicks_a_run_button()&amp#27;[0m
Console screen containing output is displayed.
The User able to see result in the console: 10
  &amp#27;[32mThen &amp#27;[0m&amp#27;[32moutput should be displayed on the console&amp#27;[0m                                                                                        &amp#27;[90m# stepDefinition.TryEditorPageStep.output_should_be_displayed_on_the_console()&amp#27;[0m
Scenario status ======>PASSED
]]></system-out>
  </testcase>
  <testcase name="runScenario[&quot;User go back to the previous page&quot;, &quot;F)Automatating Linked List Module pages&quot;](94)" classname="runner.TestRunnerTestng" time="0.189">
    <system-out><![CDATA[
@previousPage
Scenario: User go back to the previous page   &amp#27;[90m# src/test/resources/Features/06_dsLinkedList.feature:239&amp#27;[0m
====================START SCENARIO=====================
The user is already on tryEditor page
  &amp#27;[32mGiven &amp#27;[0m&amp#27;[32mThe user is already on tryEditor page&amp#27;[0m &amp#27;[90m# stepDefinition.TryEditorPageStep.the_user_is_already_on_try_editor_page()&amp#27;[0m
Console screen containing output is displayed.
  &amp#27;[32mWhen &amp#27;[0m&amp#27;[32mUser able to see output in console&amp#27;[0m     &amp#27;[90m# stepDefinition.TryEditorPageStep.user_able_to_see_output_in_console()&amp#27;[0m
Console screen containing output is displayed and user go to the previous page.
  &amp#27;[32mThen &amp#27;[0m&amp#27;[32mUser go back to the previous page&amp#27;[0m      &amp#27;[90m# stepDefinition.TryEditorPageStep.user_go_back_to_the_previous_page()&amp#27;[0m
Scenario status ======>PASSED
]]></system-out>
  </testcase>
  <testcase name="runScenario[&quot;Insertion link of Linked List module&quot;, &quot;F)Automatating Linked List Module pages&quot;](95)" classname="runner.TestRunnerTestng" time="0.254">
    <system-out><![CDATA[
@Insertion
Scenario: Insertion link of Linked List module                                &amp#27;[90m# src/test/resources/Features/06_dsLinkedList.feature:246&amp#27;[0m
====================START SCENARIO=====================
  &amp#27;[32mGiven &amp#27;[0m&amp#27;[32mUser is on Traversal page&amp#27;[0m                                             &amp#27;[90m# stepDefinition.LinkedListStep.user_is_on_traversal_page()&amp#27;[0m
User clicks Insertion link in LL.
  &amp#27;[32mWhen &amp#27;[0m&amp#27;[32mUser clicks Insertion link&amp#27;[0m                                             &amp#27;[90m# stepDefinition.LinkedListStep.user_clicks_insertion_link()&amp#27;[0m
The user able to see Title: Insertion
Verify Insertion in LL page title by Assertions.
User is on Insertion
  &amp#27;[32mThen &amp#27;[0m&amp#27;[32mUser should be redirected to &amp#27;[0m&amp#27;[32m&amp#27;[1m"Insertion"&amp#27;[0m&amp#27;[32m Insertion of Linked List page&amp#27;[0m &amp#27;[90m# stepDefinition.LinkedListStep.user_should_be_redirected_to_insertion_of_linked_list_page(java.lang.String)&amp#27;[0m
Scenario status ======>PASSED
]]></system-out>
  </testcase>
  <testcase name="runScenario[&quot;Insertion page&quot;, &quot;F)Automatating Linked List Module pages&quot;](96)" classname="runner.TestRunnerTestng" time="0.408">
    <system-out><![CDATA[
@PythonEditor
Scenario: Insertion page                                                                                                      &amp#27;[90m# src/test/resources/Features/06_dsLinkedList.feature:252&amp#27;[0m
====================START SCENARIO=====================
  &amp#27;[32mGiven &amp#27;[0m&amp#27;[32mUser is on Insertion page&amp#27;[0m                                                                                             &amp#27;[90m# stepDefinition.LinkedListStep.user_is_on_insertion_page()&amp#27;[0m
User clicks Try Here link on Insertion page in LL.
  &amp#27;[32mWhen &amp#27;[0m&amp#27;[32mUser clicks a Try Here link on Insertion of Linked List page&amp#27;[0m                                                           &amp#27;[90m# stepDefinition.LinkedListStep.user_clicks_a_try_here_link_on_insertion_of_linked_list_page()&amp#27;[0m
  &amp#27;[32mThen &amp#27;[0m&amp#27;[32mUser should be redirected to &amp#27;[0m&amp#27;[32m&amp#27;[1m"https://dsportalapp.herokuapp.com/tryEditor"&amp#27;[0m&amp#27;[32m tryEditor page having Editor and run button&amp#27;[0m &amp#27;[90m# stepDefinition.GraphStep.user_should_be_redirected_to_try_editor_page_having_editor_and_run_button(java.lang.String)&amp#27;[0m
Scenario status ======>PASSED
]]></system-out>
  </testcase>
  <testcase name="runScenario[&quot;Python Editor page without data&quot;, &quot;F)Automatating Linked List Module pages&quot;](97)" classname="runner.TestRunnerTestng" time="0.412">
    <system-out><![CDATA[
@PythonEditor_Blank
Scenario: Python Editor page without data                                    &amp#27;[90m# src/test/resources/Features/06_dsLinkedList.feature:258&amp#27;[0m
====================START SCENARIO=====================
  &amp#27;[32mGiven &amp#27;[0m&amp#27;[32mThe user is on tryEditor page&amp#27;[0m                                        &amp#27;[90m# stepDefinition.TryEditorPageStep.the_user_is_on_try_editor_page()&amp#27;[0m
User did not enter any code and clicks run button.
  &amp#27;[32mWhen &amp#27;[0m&amp#27;[32mThe user clicks the run button without entring the code in the Editor&amp#27;[0m &amp#27;[90m# stepDefinition.TryEditorPageStep.the_user_clicks_the_run_button_without_entring_the_code_in_the_editor()&amp#27;[0m
No error message is displayed on the page.Raise as a BUG.
  &amp#27;[32mThen &amp#27;[0m&amp#27;[32mNothing happens to the page and no error message is displayed&amp#27;[0m         &amp#27;[90m# stepDefinition.TryEditorPageStep.nothing_happens_to_the_page_and_no_error_message_is_displayed()&amp#27;[0m
Scenario status ======>PASSED
]]></system-out>
  </testcase>
  <testcase name="runScenario[&quot;Python Editor page with Invalid data&quot;, &quot;F)Automatating Linked List Module pages&quot;](98)" classname="runner.TestRunnerTestng" time="0.57">
    <system-out><![CDATA[
@PythonEditor_Invalid
Scenario Outline: Python Editor page with Invalid data                                                                                        &amp#27;[90m# src/test/resources/Features/06_dsLinkedList.feature:272&amp#27;[0m
====================START SCENARIO=====================
Inside step-The user is on the same TryEditor page.
  &amp#27;[32mGiven &amp#27;[0m&amp#27;[32mUser is on the tryEditor page&amp#27;[0m                                                                                                         &amp#27;[90m# stepDefinition.TryEditorPageStep.user_is_on_the_try_editor_page()&amp#27;[0m
The sheet existance status is : true
print(10
  &amp#27;[32mAnd &amp#27;[0m&amp#27;[32menters the data in the Editor after reading data from excel sheet &amp#27;[0m&amp#27;[32m&amp#27;[1m"Python_code"&amp#27;[0m&amp#27;[32m with column_name &amp#27;[0m&amp#27;[32m&amp#27;[1m"Python_Invalid_Data"&amp#27;[0m&amp#27;[32m and row_number &amp#27;[0m&amp#27;[32m&amp#27;[1m2&amp#27;[0m &amp#27;[90m# stepDefinition.TryEditorPageStep.enters_the_data_in_the_editor_after_reading_data_from_excel_sheet_with_column_name_and_row_number(java.lang.String,java.lang.String,java.lang.Integer)&amp#27;[0m
  &amp#27;[32mWhen &amp#27;[0m&amp#27;[32mThe User clicks a run button&amp#27;[0m                                                                                                           &amp#27;[90m# stepDefinition.TryEditorPageStep.the_user_clicks_a_run_button()&amp#27;[0m
  &amp#27;[32mThen &amp#27;[0m&amp#27;[32mThe user see error msg in alert window and press ok button&amp#27;[0m                                                                             &amp#27;[90m# stepDefinition.TryEditorPageStep.the_user_see_error_msg_in_alert_window()&amp#27;[0m
Scenario status ======>PASSED
]]></system-out>
  </testcase>
  <testcase name="runScenario[&quot;Python Editor page with valid data&quot;, &quot;F)Automatating Linked List Module pages&quot;](99)" classname="runner.TestRunnerTestng" time="0.564">
    <system-out><![CDATA[
@PythonEditor_Valid
Scenario Outline: Python Editor page with valid data                                                                                    &amp#27;[90m# src/test/resources/Features/06_dsLinkedList.feature:283&amp#27;[0m
====================START SCENARIO=====================
  &amp#27;[32mGiven &amp#27;[0m&amp#27;[32mThe user is on the tryEditor page&amp#27;[0m                                                                                               &amp#27;[90m# stepDefinition.TryEditorPageStep.the_user_is_on_the_try_editor_page()&amp#27;[0m
The sheet existance status is : true
print(10);
  &amp#27;[32mAnd &amp#27;[0m&amp#27;[32menters data in the Editor after reading data from excel sheet &amp#27;[0m&amp#27;[32m&amp#27;[1m"Python_code"&amp#27;[0m&amp#27;[32m with column_name &amp#27;[0m&amp#27;[32m&amp#27;[1m"Python_Valid_Data"&amp#27;[0m&amp#27;[32m and row_number &amp#27;[0m&amp#27;[32m&amp#27;[1m2&amp#27;[0m &amp#27;[90m# stepDefinition.TryEditorPageStep.enters_data_in_the_editor_after_reading_data_from_excel_sheet_with_column_name_and_row_number(java.lang.String,java.lang.String,java.lang.Integer)&amp#27;[0m
  &amp#27;[32mWhen &amp#27;[0m&amp#27;[32mUser clicks a run button&amp#27;[0m                                                                                                         &amp#27;[90m# stepDefinition.TryEditorPageStep.user_clicks_a_run_button()&amp#27;[0m
Console screen containing output is displayed.
The User able to see result in the console: 10
  &amp#27;[32mThen &amp#27;[0m&amp#27;[32moutput should be displayed on the console&amp#27;[0m                                                                                        &amp#27;[90m# stepDefinition.TryEditorPageStep.output_should_be_displayed_on_the_console()&amp#27;[0m
Scenario status ======>PASSED
]]></system-out>
  </testcase>
  <testcase name="runScenario[&quot;User go back to the previous page&quot;, &quot;F)Automatating Linked List Module pages&quot;](100)" classname="runner.TestRunnerTestng" time="0.414">
    <system-out><![CDATA[
@previousPage
Scenario: User go back to the previous page   &amp#27;[90m# src/test/resources/Features/06_dsLinkedList.feature:286&amp#27;[0m
====================START SCENARIO=====================
The user is already on tryEditor page
  &amp#27;[32mGiven &amp#27;[0m&amp#27;[32mThe user is already on tryEditor page&amp#27;[0m &amp#27;[90m# stepDefinition.TryEditorPageStep.the_user_is_already_on_try_editor_page()&amp#27;[0m
Console screen containing output is displayed.
  &amp#27;[32mWhen &amp#27;[0m&amp#27;[32mUser able to see output in console&amp#27;[0m     &amp#27;[90m# stepDefinition.TryEditorPageStep.user_able_to_see_output_in_console()&amp#27;[0m
Console screen containing output is displayed and user go to the previous page.
  &amp#27;[32mThen &amp#27;[0m&amp#27;[32mUser go back to the previous page&amp#27;[0m      &amp#27;[90m# stepDefinition.TryEditorPageStep.user_go_back_to_the_previous_page()&amp#27;[0m
Scenario status ======>PASSED
]]></system-out>
  </testcase>
  <testcase name="runScenario[&quot;Deletion link of Linked List module&quot;, &quot;F)Automatating Linked List Module pages&quot;](101)" classname="runner.TestRunnerTestng" time="0.268">
    <system-out><![CDATA[
@Deletion
Scenario: Deletion link of Linked List module                               &amp#27;[90m# src/test/resources/Features/06_dsLinkedList.feature:293&amp#27;[0m
====================START SCENARIO=====================
  &amp#27;[32mGiven &amp#27;[0m&amp#27;[32mUser is on Insertion page&amp#27;[0m                                           &amp#27;[90m# stepDefinition.LinkedListStep.user_is_on_insertion_page()&amp#27;[0m
User clicks Deletion link in LL.
  &amp#27;[32mWhen &amp#27;[0m&amp#27;[32mUser clicks Deletion link&amp#27;[0m                                            &amp#27;[90m# stepDefinition.LinkedListStep.user_clicks_deletion_link()&amp#27;[0m
The user able to see Title: Deletion
Verify Deletion in LL page title by Assertions.
User is on Deletion
  &amp#27;[32mThen &amp#27;[0m&amp#27;[32mUser should be redirected to &amp#27;[0m&amp#27;[32m&amp#27;[1m"Deletion"&amp#27;[0m&amp#27;[32m Deletion of Linked List page&amp#27;[0m &amp#27;[90m# stepDefinition.LinkedListStep.user_should_be_redirected_to_deletion_of_linked_list_page(java.lang.String)&amp#27;[0m
Scenario status ======>PASSED
]]></system-out>
  </testcase>
  <testcase name="runScenario[&quot;Deletion page&quot;, &quot;F)Automatating Linked List Module pages&quot;](102)" classname="runner.TestRunnerTestng" time="0.446">
    <system-out><![CDATA[
@PythonEditor
Scenario: Deletion page                                                                                                       &amp#27;[90m# src/test/resources/Features/06_dsLinkedList.feature:299&amp#27;[0m
====================START SCENARIO=====================
  &amp#27;[32mGiven &amp#27;[0m&amp#27;[32mUser is on Deletion page&amp#27;[0m                                                                                              &amp#27;[90m# stepDefinition.LinkedListStep.user_is_on_deletion_page()&amp#27;[0m
User clicks Try Here link on Deletion page in LL.
  &amp#27;[32mWhen &amp#27;[0m&amp#27;[32mUser clicks a Try Here link on Deletion of Linked List page&amp#27;[0m                                                            &amp#27;[90m# stepDefinition.LinkedListStep.user_clicks_a_try_here_link_on_deletion_of_linked_list_page()&amp#27;[0m
  &amp#27;[32mThen &amp#27;[0m&amp#27;[32mUser should be redirected to &amp#27;[0m&amp#27;[32m&amp#27;[1m"https://dsportalapp.herokuapp.com/tryEditor"&amp#27;[0m&amp#27;[32m tryEditor page having Editor and run button&amp#27;[0m &amp#27;[90m# stepDefinition.GraphStep.user_should_be_redirected_to_try_editor_page_having_editor_and_run_button(java.lang.String)&amp#27;[0m
Scenario status ======>PASSED
]]></system-out>
  </testcase>
  <testcase name="runScenario[&quot;Python Editor page without data&quot;, &quot;F)Automatating Linked List Module pages&quot;](103)" classname="runner.TestRunnerTestng" time="0.388">
    <system-out><![CDATA[
@PythonEditor_Blank
Scenario: Python Editor page without data                                    &amp#27;[90m# src/test/resources/Features/06_dsLinkedList.feature:305&amp#27;[0m
====================START SCENARIO=====================
  &amp#27;[32mGiven &amp#27;[0m&amp#27;[32mThe user is on tryEditor page&amp#27;[0m                                        &amp#27;[90m# stepDefinition.TryEditorPageStep.the_user_is_on_try_editor_page()&amp#27;[0m
User did not enter any code and clicks run button.
  &amp#27;[32mWhen &amp#27;[0m&amp#27;[32mThe user clicks the run button without entring the code in the Editor&amp#27;[0m &amp#27;[90m# stepDefinition.TryEditorPageStep.the_user_clicks_the_run_button_without_entring_the_code_in_the_editor()&amp#27;[0m
No error message is displayed on the page.Raise as a BUG.
  &amp#27;[32mThen &amp#27;[0m&amp#27;[32mNothing happens to the page and no error message is displayed&amp#27;[0m         &amp#27;[90m# stepDefinition.TryEditorPageStep.nothing_happens_to_the_page_and_no_error_message_is_displayed()&amp#27;[0m
Scenario status ======>PASSED
]]></system-out>
  </testcase>
  <testcase name="runScenario[&quot;Python Editor page with Invalid data&quot;, &quot;F)Automatating Linked List Module pages&quot;](104)" classname="runner.TestRunnerTestng" time="0.569">
    <system-out><![CDATA[
@PythonEditor_Invalid
Scenario Outline: Python Editor page with Invalid data                                                                                        &amp#27;[90m# src/test/resources/Features/06_dsLinkedList.feature:319&amp#27;[0m
====================START SCENARIO=====================
Inside step-The user is on the same TryEditor page.
  &amp#27;[32mGiven &amp#27;[0m&amp#27;[32mUser is on the tryEditor page&amp#27;[0m                                                                                                         &amp#27;[90m# stepDefinition.TryEditorPageStep.user_is_on_the_try_editor_page()&amp#27;[0m
The sheet existance status is : true
print(10
  &amp#27;[32mAnd &amp#27;[0m&amp#27;[32menters the data in the Editor after reading data from excel sheet &amp#27;[0m&amp#27;[32m&amp#27;[1m"Python_code"&amp#27;[0m&amp#27;[32m with column_name &amp#27;[0m&amp#27;[32m&amp#27;[1m"Python_Invalid_Data"&amp#27;[0m&amp#27;[32m and row_number &amp#27;[0m&amp#27;[32m&amp#27;[1m2&amp#27;[0m &amp#27;[90m# stepDefinition.TryEditorPageStep.enters_the_data_in_the_editor_after_reading_data_from_excel_sheet_with_column_name_and_row_number(java.lang.String,java.lang.String,java.lang.Integer)&amp#27;[0m
  &amp#27;[32mWhen &amp#27;[0m&amp#27;[32mThe User clicks a run button&amp#27;[0m                                                                                                           &amp#27;[90m# stepDefinition.TryEditorPageStep.the_user_clicks_a_run_button()&amp#27;[0m
  &amp#27;[32mThen &amp#27;[0m&amp#27;[32mThe user see error msg in alert window and press ok button&amp#27;[0m                                                                             &amp#27;[90m# stepDefinition.TryEditorPageStep.the_user_see_error_msg_in_alert_window()&amp#27;[0m
Scenario status ======>PASSED
]]></system-out>
  </testcase>
  <testcase name="runScenario[&quot;Python Editor page with valid data&quot;, &quot;F)Automatating Linked List Module pages&quot;](105)" classname="runner.TestRunnerTestng" time="0.555">
    <system-out><![CDATA[
@PythonEditor_Valid
Scenario Outline: Python Editor page with valid data                                                                                    &amp#27;[90m# src/test/resources/Features/06_dsLinkedList.feature:330&amp#27;[0m
====================START SCENARIO=====================
  &amp#27;[32mGiven &amp#27;[0m&amp#27;[32mThe user is on the tryEditor page&amp#27;[0m                                                                                               &amp#27;[90m# stepDefinition.TryEditorPageStep.the_user_is_on_the_try_editor_page()&amp#27;[0m
The sheet existance status is : true
print(10);
  &amp#27;[32mAnd &amp#27;[0m&amp#27;[32menters data in the Editor after reading data from excel sheet &amp#27;[0m&amp#27;[32m&amp#27;[1m"Python_code"&amp#27;[0m&amp#27;[32m with column_name &amp#27;[0m&amp#27;[32m&amp#27;[1m"Python_Valid_Data"&amp#27;[0m&amp#27;[32m and row_number &amp#27;[0m&amp#27;[32m&amp#27;[1m2&amp#27;[0m &amp#27;[90m# stepDefinition.TryEditorPageStep.enters_data_in_the_editor_after_reading_data_from_excel_sheet_with_column_name_and_row_number(java.lang.String,java.lang.String,java.lang.Integer)&amp#27;[0m
  &amp#27;[32mWhen &amp#27;[0m&amp#27;[32mUser clicks a run button&amp#27;[0m                                                                                                         &amp#27;[90m# stepDefinition.TryEditorPageStep.user_clicks_a_run_button()&amp#27;[0m
Console screen containing output is displayed.
The User able to see result in the console: 10
  &amp#27;[32mThen &amp#27;[0m&amp#27;[32moutput should be displayed on the console&amp#27;[0m                                                                                        &amp#27;[90m# stepDefinition.TryEditorPageStep.output_should_be_displayed_on_the_console()&amp#27;[0m
Scenario status ======>PASSED
]]></system-out>
  </testcase>
  <testcase name="runScenario[&quot;User go back to the previous page&quot;, &quot;F)Automatating Linked List Module pages&quot;](106)" classname="runner.TestRunnerTestng" time="0.197">
    <system-out><![CDATA[
@previousPage
Scenario: User go back to the previous page   &amp#27;[90m# src/test/resources/Features/06_dsLinkedList.feature:333&amp#27;[0m
====================START SCENARIO=====================
The user is already on tryEditor page
  &amp#27;[32mGiven &amp#27;[0m&amp#27;[32mThe user is already on tryEditor page&amp#27;[0m &amp#27;[90m# stepDefinition.TryEditorPageStep.the_user_is_already_on_try_editor_page()&amp#27;[0m
Console screen containing output is displayed.
  &amp#27;[32mWhen &amp#27;[0m&amp#27;[32mUser able to see output in console&amp#27;[0m     &amp#27;[90m# stepDefinition.TryEditorPageStep.user_able_to_see_output_in_console()&amp#27;[0m
Console screen containing output is displayed and user go to the previous page.
  &amp#27;[32mThen &amp#27;[0m&amp#27;[32mUser go back to the previous page&amp#27;[0m      &amp#27;[90m# stepDefinition.TryEditorPageStep.user_go_back_to_the_previous_page()&amp#27;[0m
Scenario status ======>PASSED
]]></system-out>
  </testcase>
  <testcase name="runScenario[&quot;Practice Questions link of Linked List module&quot;, &quot;F)Automatating Linked List Module pages&quot;](107)" classname="runner.TestRunnerTestng" time="0.184">
    <system-out><![CDATA[
@PracticeQuestions
Scenario: Practice Questions link of Linked List module                                            &amp#27;[90m# src/test/resources/Features/06_dsLinkedList.feature:340&amp#27;[0m
====================START SCENARIO=====================
  &amp#27;[32mGiven &amp#27;[0m&amp#27;[32mUser is on Deletion page&amp#27;[0m                                                                   &amp#27;[90m# stepDefinition.LinkedListStep.user_is_on_deletion_page()&amp#27;[0m
User clicks  Practice Questions link of Linked List.
  &amp#27;[32mWhen &amp#27;[0m&amp#27;[32mUser clicks  Practice Questions  link&amp#27;[0m                                                       &amp#27;[90m# stepDefinition.LinkedListStep.user_clicks_practice_questions_link()&amp#27;[0m
Verify Practice Question page title in Linked List.
User is redirected to  Practice Questions  page
  &amp#27;[32mThen &amp#27;[0m&amp#27;[32mUser should be redirected to &amp#27;[0m&amp#27;[32m&amp#27;[1m" Practice Questions "&amp#27;[0m&amp#27;[32m  Practice Questions of Linked List page&amp#27;[0m &amp#27;[90m# stepDefinition.LinkedListStep.user_should_be_redirected_to_practice_questions_of_linked_list_page(java.lang.String)&amp#27;[0m
Scenario status ======>PASSED
]]></system-out>
  </testcase>
  <testcase name="runScenario[&quot;User go back to the DS Algo home page&quot;, &quot;F)Automatating Linked List Module pages&quot;](108)" classname="runner.TestRunnerTestng" time="0.131">
    <system-out><![CDATA[
@backtoDSHomePage
Scenario: User go back to the DS Algo home page                                       &amp#27;[90m# src/test/resources/Features/06_dsLinkedList.feature:346&amp#27;[0m
====================START SCENARIO=====================
User is on Practice Questions page.
  &amp#27;[32mGiven &amp#27;[0m&amp#27;[32mThe user is already on Practice Questions page&amp#27;[0m                                &amp#27;[90m# stepDefinition.TreeStep.the_user_is_already_on_practice_questions_page()&amp#27;[0m
The practice questions page is blank.
  &amp#27;[32mWhen &amp#27;[0m&amp#27;[32mNothing is displayed on the page&amp#27;[0m                                               &amp#27;[90m# stepDefinition.TreeStep.nothing_is_displayed_on_the_page()&amp#27;[0m
Verify Home page title by Assertions.
User is redirected to https://dsportalapp.herokuapp.com/home DS Algo home page
  &amp#27;[32mThen &amp#27;[0m&amp#27;[32mUser go back to the &amp#27;[0m&amp#27;[32m&amp#27;[1m"https://dsportalapp.herokuapp.com/home"&amp#27;[0m&amp#27;[32m DS Algo home page&amp#27;[0m &amp#27;[90m# stepDefinition.TreeStep.user_go_back_to_the_ds_algo_home_page(java.lang.String)&amp#27;[0m
Scenario status ======>PASSED
]]></system-out>
  </testcase>
  <testcase name="runScenario[&quot;DS Algo home page&quot;, &quot;G)To Automate  the Stack page of DS_Algo&quot;](109)" classname="runner.TestRunnerTestng" time="0.285">
    <system-out><![CDATA[
@stack_homepage
Scenario: DS Algo home page                                                                        &amp#27;[90m# src/test/resources/Features/07_stack.feature:4&amp#27;[0m
====================START SCENARIO=====================
User is on Homepage
  &amp#27;[32mGiven &amp#27;[0m&amp#27;[32mThe user is in the DS Home page after logged in&amp#27;[0m                                            &amp#27;[90m# stepDefinition.StackStep.the_user_is_in_the_ds_home_page_after_logged_in()&amp#27;[0m
User clicks stack GetStarted button.
  &amp#27;[32mWhen &amp#27;[0m&amp#27;[32mThe user clicks the Get Started in Stack Panel or select Stack item from the drop down menu&amp#27;[0m &amp#27;[90m# stepDefinition.StackStep.the_user_clicks_the_get_started_in_stack_panel_or_select_stack_item_from_the_drop_down_menu()&amp#27;[0m
  &amp#27;[32mThen &amp#27;[0m&amp#27;[32mThe user should be directed to &amp#27;[0m&amp#27;[32m&amp#27;[1m"Stack"&amp#27;[0m&amp#27;[32m Stack Page&amp#27;[0m                                           &amp#27;[90m# stepDefinition.StackStep.the_user_should_be_directed_to_stack_page(java.lang.String)&amp#27;[0m
Scenario status ======>PASSED
]]></system-out>
  </testcase>
  <testcase name="runScenario[&quot;User Perform Operations on Stack page&quot;, &quot;G)To Automate  the Stack page of DS_Algo&quot;](110)" classname="runner.TestRunnerTestng" time="0.297">
    <system-out><![CDATA[
@sp_operations
Scenario: User Perform Operations on Stack page                                          &amp#27;[90m# src/test/resources/Features/07_stack.feature:10&amp#27;[0m
====================START SCENARIO=====================
User is on Homepage
  &amp#27;[32mGiven &amp#27;[0m&amp#27;[32mThe user is in the  after logged in&amp#27;[0m                                              &amp#27;[90m# stepDefinition.StackStep.the_user_is_in_the_after_logged_in()&amp#27;[0m
User clicks operationsinstack button.
  &amp#27;[32mWhen &amp#27;[0m&amp#27;[32mThe user clicks Operations in Stack button&amp#27;[0m                                        &amp#27;[90m# stepDefinition.StackStep.the_user_clicks_operations_in_stack_button()&amp#27;[0m
  &amp#27;[32mThen &amp#27;[0m&amp#27;[32mThe user should be directed to the &amp#27;[0m&amp#27;[32m&amp#27;[1m"Operations in Stack"&amp#27;[0m&amp#27;[32m Operations in Stack Page&amp#27;[0m &amp#27;[90m# stepDefinition.StackStep.the_user_should_be_directed_to_the_operations_in_stack_page(java.lang.String)&amp#27;[0m
Scenario status ======>PASSED
]]></system-out>
  </testcase>
  <testcase name="runScenario[&quot;check user directed to tryeditor&quot;, &quot;G)To Automate  the Stack page of DS_Algo&quot;](111)" classname="runner.TestRunnerTestng" time="0.264">
    <system-out><![CDATA[
@Operationseditor
Scenario: check user directed to tryeditor                                                     &amp#27;[90m# src/test/resources/Features/07_stack.feature:16&amp#27;[0m
====================START SCENARIO=====================
User is on Homepage
  &amp#27;[32mGiven &amp#27;[0m&amp#27;[32mThe user is in the Operations in Stack page&amp#27;[0m                                            &amp#27;[90m# stepDefinition.TryHereStep.the_user_is_in_the_operations_in_stack_page()&amp#27;[0m
  &amp#27;[32mWhen &amp#27;[0m&amp#27;[32mThe user clicks Try Here button&amp#27;[0m                                                         &amp#27;[90m# stepDefinition.TryHereStep.the_user_clicks_try_here_button()&amp#27;[0m
  &amp#27;[32mThen &amp#27;[0m&amp#27;[32mThe user should be redirected to a page having an tryEditor with a &amp#27;[0m&amp#27;[32m&amp#27;[1m"Run"&amp#27;[0m&amp#27;[32m button to test&amp#27;[0m &amp#27;[90m# stepDefinition.TryHereStep.the_user_should_be_redirected_to_a_page_having_an_try_editor_with_a_button_to_test(java.lang.String)&amp#27;[0m
Scenario status ======>PASSED
]]></system-out>
  </testcase>
  <testcase name="runScenario[&quot;Python Editor page without data&quot;, &quot;G)To Automate  the Stack page of DS_Algo&quot;](112)" classname="runner.TestRunnerTestng" time="0.456">
    <system-out><![CDATA[
@PythonEditor_Blank
Scenario: Python Editor page without data                                    &amp#27;[90m# src/test/resources/Features/07_stack.feature:22&amp#27;[0m
====================START SCENARIO=====================
  &amp#27;[32mGiven &amp#27;[0m&amp#27;[32mThe user is on tryEditor page&amp#27;[0m                                        &amp#27;[90m# stepDefinition.TryEditorPageStep.the_user_is_on_try_editor_page()&amp#27;[0m
User did not enter any code and clicks run button.
  &amp#27;[32mWhen &amp#27;[0m&amp#27;[32mThe user clicks the run button without entring the code in the Editor&amp#27;[0m &amp#27;[90m# stepDefinition.TryEditorPageStep.the_user_clicks_the_run_button_without_entring_the_code_in_the_editor()&amp#27;[0m
No error message is displayed on the page.Raise as a BUG.
  &amp#27;[32mThen &amp#27;[0m&amp#27;[32mNothing happens to the page and no error message is displayed&amp#27;[0m         &amp#27;[90m# stepDefinition.TryEditorPageStep.nothing_happens_to_the_page_and_no_error_message_is_displayed()&amp#27;[0m
Scenario status ======>PASSED
]]></system-out>
  </testcase>
  <testcase name="runScenario[&quot;Python Editor page with Invalid data&quot;, &quot;G)To Automate  the Stack page of DS_Algo&quot;](113)" classname="runner.TestRunnerTestng" time="0.545">
    <system-out><![CDATA[
@PythonEditor_Invalid
Scenario Outline: Python Editor page with Invalid data                                                                                        &amp#27;[90m# src/test/resources/Features/07_stack.feature:36&amp#27;[0m
====================START SCENARIO=====================
Inside step-The user is on the same TryEditor page.
  &amp#27;[32mGiven &amp#27;[0m&amp#27;[32mUser is on the tryEditor page&amp#27;[0m                                                                                                         &amp#27;[90m# stepDefinition.TryEditorPageStep.user_is_on_the_try_editor_page()&amp#27;[0m
The sheet existance status is : true
print(10
  &amp#27;[32mAnd &amp#27;[0m&amp#27;[32menters the data in the Editor after reading data from excel sheet &amp#27;[0m&amp#27;[32m&amp#27;[1m"Python_code"&amp#27;[0m&amp#27;[32m with column_name &amp#27;[0m&amp#27;[32m&amp#27;[1m"Python_Invalid_Data"&amp#27;[0m&amp#27;[32m and row_number &amp#27;[0m&amp#27;[32m&amp#27;[1m2&amp#27;[0m &amp#27;[90m# stepDefinition.TryEditorPageStep.enters_the_data_in_the_editor_after_reading_data_from_excel_sheet_with_column_name_and_row_number(java.lang.String,java.lang.String,java.lang.Integer)&amp#27;[0m
  &amp#27;[32mWhen &amp#27;[0m&amp#27;[32mThe User clicks a run button&amp#27;[0m                                                                                                           &amp#27;[90m# stepDefinition.TryEditorPageStep.the_user_clicks_a_run_button()&amp#27;[0m
  &amp#27;[32mThen &amp#27;[0m&amp#27;[32mThe user see error msg in alert window and press ok button&amp#27;[0m                                                                             &amp#27;[90m# stepDefinition.TryEditorPageStep.the_user_see_error_msg_in_alert_window()&amp#27;[0m
Scenario status ======>PASSED
]]></system-out>
  </testcase>
  <testcase name="runScenario[&quot;Python Editor page with valid data&quot;, &quot;G)To Automate  the Stack page of DS_Algo&quot;](114)" classname="runner.TestRunnerTestng" time="0.547">
    <system-out><![CDATA[
@PythonEditor_Valid
Scenario Outline: Python Editor page with valid data                                                                                    &amp#27;[90m# src/test/resources/Features/07_stack.feature:47&amp#27;[0m
====================START SCENARIO=====================
  &amp#27;[32mGiven &amp#27;[0m&amp#27;[32mThe user is on the tryEditor page&amp#27;[0m                                                                                               &amp#27;[90m# stepDefinition.TryEditorPageStep.the_user_is_on_the_try_editor_page()&amp#27;[0m
The sheet existance status is : true
print(10);
  &amp#27;[32mAnd &amp#27;[0m&amp#27;[32menters data in the Editor after reading data from excel sheet &amp#27;[0m&amp#27;[32m&amp#27;[1m"Python_code"&amp#27;[0m&amp#27;[32m with column_name &amp#27;[0m&amp#27;[32m&amp#27;[1m"Python_Valid_Data"&amp#27;[0m&amp#27;[32m and row_number &amp#27;[0m&amp#27;[32m&amp#27;[1m2&amp#27;[0m &amp#27;[90m# stepDefinition.TryEditorPageStep.enters_data_in_the_editor_after_reading_data_from_excel_sheet_with_column_name_and_row_number(java.lang.String,java.lang.String,java.lang.Integer)&amp#27;[0m
  &amp#27;[32mWhen &amp#27;[0m&amp#27;[32mUser clicks a run button&amp#27;[0m                                                                                                         &amp#27;[90m# stepDefinition.TryEditorPageStep.user_clicks_a_run_button()&amp#27;[0m
Console screen containing output is displayed.
The User able to see result in the console: 10
  &amp#27;[32mThen &amp#27;[0m&amp#27;[32moutput should be displayed on the console&amp#27;[0m                                                                                        &amp#27;[90m# stepDefinition.TryEditorPageStep.output_should_be_displayed_on_the_console()&amp#27;[0m
Scenario status ======>PASSED
]]></system-out>
  </testcase>
  <testcase name="runScenario[&quot;User go back to the previous page&quot;, &quot;G)To Automate  the Stack page of DS_Algo&quot;](115)" classname="runner.TestRunnerTestng" time="0.191">
    <system-out><![CDATA[
@previousPage
Scenario: User go back to the previous page   &amp#27;[90m# src/test/resources/Features/07_stack.feature:50&amp#27;[0m
====================START SCENARIO=====================
The user is already on tryEditor page
  &amp#27;[32mGiven &amp#27;[0m&amp#27;[32mThe user is already on tryEditor page&amp#27;[0m &amp#27;[90m# stepDefinition.TryEditorPageStep.the_user_is_already_on_try_editor_page()&amp#27;[0m
Console screen containing output is displayed.
  &amp#27;[32mWhen &amp#27;[0m&amp#27;[32mUser able to see output in console&amp#27;[0m     &amp#27;[90m# stepDefinition.TryEditorPageStep.user_able_to_see_output_in_console()&amp#27;[0m
Console screen containing output is displayed and user go to the previous page.
  &amp#27;[32mThen &amp#27;[0m&amp#27;[32mUser go back to the previous page&amp#27;[0m      &amp#27;[90m# stepDefinition.TryEditorPageStep.user_go_back_to_the_previous_page()&amp#27;[0m
Scenario status ======>PASSED
]]></system-out>
  </testcase>
  <testcase name="runScenario[&quot;To test the Implementation on stack page&quot;, &quot;G)To Automate  the Stack page of DS_Algo&quot;](116)" classname="runner.TestRunnerTestng" time="0.26">
    <system-out><![CDATA[
@sp_implementation
Scenario: To test the Implementation on stack page                          &amp#27;[90m# src/test/resources/Features/07_stack.feature:57&amp#27;[0m
====================START SCENARIO=====================
User is on Homepage
  &amp#27;[32mGiven &amp#27;[0m&amp#27;[32mThe user is in the Stack page after logged in&amp#27;[0m                       &amp#27;[90m# stepDefinition.StackStep.the_user_is_in_the_stack_page_after_logged_in()&amp#27;[0m
User clicks Implementation button.
  &amp#27;[32mWhen &amp#27;[0m&amp#27;[32mThe user clicks Implementation button&amp#27;[0m                                &amp#27;[90m# stepDefinition.StackStep.the_user_clicks_implementation_button()&amp#27;[0m
  &amp#27;[32mThen &amp#27;[0m&amp#27;[32mThe user should be directed to &amp#27;[0m&amp#27;[32m&amp#27;[1m"Implementation"&amp#27;[0m&amp#27;[32m Implementation Page2&amp#27;[0m &amp#27;[90m# stepDefinition.StackStep.the_user_should_be_directed_to_implementation_page2(java.lang.String)&amp#27;[0m
Scenario status ======>PASSED
]]></system-out>
  </testcase>
  <testcase name="runScenario[&quot;check user directed to tryeditor&quot;, &quot;G)To Automate  the Stack page of DS_Algo&quot;](117)" classname="runner.TestRunnerTestng" time="0.255">
    <system-out><![CDATA[
@Operationseditor
Scenario: check user directed to tryeditor                                                     &amp#27;[90m# src/test/resources/Features/07_stack.feature:63&amp#27;[0m
====================START SCENARIO=====================
User is on Homepage
  &amp#27;[32mGiven &amp#27;[0m&amp#27;[32mThe user is in the Operations in Stack page&amp#27;[0m                                            &amp#27;[90m# stepDefinition.TryHereStep.the_user_is_in_the_operations_in_stack_page()&amp#27;[0m
  &amp#27;[32mWhen &amp#27;[0m&amp#27;[32mThe user clicks Try Here button&amp#27;[0m                                                         &amp#27;[90m# stepDefinition.TryHereStep.the_user_clicks_try_here_button()&amp#27;[0m
  &amp#27;[32mThen &amp#27;[0m&amp#27;[32mThe user should be redirected to a page having an tryEditor with a &amp#27;[0m&amp#27;[32m&amp#27;[1m"Run"&amp#27;[0m&amp#27;[32m button to test&amp#27;[0m &amp#27;[90m# stepDefinition.TryHereStep.the_user_should_be_redirected_to_a_page_having_an_try_editor_with_a_button_to_test(java.lang.String)&amp#27;[0m
Scenario status ======>PASSED
]]></system-out>
  </testcase>
  <testcase name="runScenario[&quot;Python Editor page without data&quot;, &quot;G)To Automate  the Stack page of DS_Algo&quot;](118)" classname="runner.TestRunnerTestng" time="0.442">
    <system-out><![CDATA[
@PythonEditor_Blank
Scenario: Python Editor page without data                                    &amp#27;[90m# src/test/resources/Features/07_stack.feature:69&amp#27;[0m
====================START SCENARIO=====================
  &amp#27;[32mGiven &amp#27;[0m&amp#27;[32mThe user is on tryEditor page&amp#27;[0m                                        &amp#27;[90m# stepDefinition.TryEditorPageStep.the_user_is_on_try_editor_page()&amp#27;[0m
User did not enter any code and clicks run button.
  &amp#27;[32mWhen &amp#27;[0m&amp#27;[32mThe user clicks the run button without entring the code in the Editor&amp#27;[0m &amp#27;[90m# stepDefinition.TryEditorPageStep.the_user_clicks_the_run_button_without_entring_the_code_in_the_editor()&amp#27;[0m
No error message is displayed on the page.Raise as a BUG.
  &amp#27;[32mThen &amp#27;[0m&amp#27;[32mNothing happens to the page and no error message is displayed&amp#27;[0m         &amp#27;[90m# stepDefinition.TryEditorPageStep.nothing_happens_to_the_page_and_no_error_message_is_displayed()&amp#27;[0m
Scenario status ======>PASSED
]]></system-out>
  </testcase>
  <testcase name="runScenario[&quot;Python Editor page with Invalid data&quot;, &quot;G)To Automate  the Stack page of DS_Algo&quot;](119)" classname="runner.TestRunnerTestng" time="0.604">
    <system-out><![CDATA[
@PythonEditor_Invalid
Scenario Outline: Python Editor page with Invalid data                                                                                        &amp#27;[90m# src/test/resources/Features/07_stack.feature:83&amp#27;[0m
====================START SCENARIO=====================
Inside step-The user is on the same TryEditor page.
  &amp#27;[32mGiven &amp#27;[0m&amp#27;[32mUser is on the tryEditor page&amp#27;[0m                                                                                                         &amp#27;[90m# stepDefinition.TryEditorPageStep.user_is_on_the_try_editor_page()&amp#27;[0m
The sheet existance status is : true
print(10
  &amp#27;[32mAnd &amp#27;[0m&amp#27;[32menters the data in the Editor after reading data from excel sheet &amp#27;[0m&amp#27;[32m&amp#27;[1m"Python_code"&amp#27;[0m&amp#27;[32m with column_name &amp#27;[0m&amp#27;[32m&amp#27;[1m"Python_Invalid_Data"&amp#27;[0m&amp#27;[32m and row_number &amp#27;[0m&amp#27;[32m&amp#27;[1m2&amp#27;[0m &amp#27;[90m# stepDefinition.TryEditorPageStep.enters_the_data_in_the_editor_after_reading_data_from_excel_sheet_with_column_name_and_row_number(java.lang.String,java.lang.String,java.lang.Integer)&amp#27;[0m
  &amp#27;[32mWhen &amp#27;[0m&amp#27;[32mThe User clicks a run button&amp#27;[0m                                                                                                           &amp#27;[90m# stepDefinition.TryEditorPageStep.the_user_clicks_a_run_button()&amp#27;[0m
  &amp#27;[32mThen &amp#27;[0m&amp#27;[32mThe user see error msg in alert window and press ok button&amp#27;[0m                                                                             &amp#27;[90m# stepDefinition.TryEditorPageStep.the_user_see_error_msg_in_alert_window()&amp#27;[0m
Scenario status ======>PASSED
]]></system-out>
  </testcase>
  <testcase name="runScenario[&quot;Python Editor page with valid data&quot;, &quot;G)To Automate  the Stack page of DS_Algo&quot;](120)" classname="runner.TestRunnerTestng" time="0.658">
    <system-out><![CDATA[
@PythonEditor_Valid
Scenario Outline: Python Editor page with valid data                                                                                    &amp#27;[90m# src/test/resources/Features/07_stack.feature:94&amp#27;[0m
====================START SCENARIO=====================
  &amp#27;[32mGiven &amp#27;[0m&amp#27;[32mThe user is on the tryEditor page&amp#27;[0m                                                                                               &amp#27;[90m# stepDefinition.TryEditorPageStep.the_user_is_on_the_try_editor_page()&amp#27;[0m
The sheet existance status is : true
print(10);
  &amp#27;[32mAnd &amp#27;[0m&amp#27;[32menters data in the Editor after reading data from excel sheet &amp#27;[0m&amp#27;[32m&amp#27;[1m"Python_code"&amp#27;[0m&amp#27;[32m with column_name &amp#27;[0m&amp#27;[32m&amp#27;[1m"Python_Valid_Data"&amp#27;[0m&amp#27;[32m and row_number &amp#27;[0m&amp#27;[32m&amp#27;[1m2&amp#27;[0m &amp#27;[90m# stepDefinition.TryEditorPageStep.enters_data_in_the_editor_after_reading_data_from_excel_sheet_with_column_name_and_row_number(java.lang.String,java.lang.String,java.lang.Integer)&amp#27;[0m
  &amp#27;[32mWhen &amp#27;[0m&amp#27;[32mUser clicks a run button&amp#27;[0m                                                                                                         &amp#27;[90m# stepDefinition.TryEditorPageStep.user_clicks_a_run_button()&amp#27;[0m
Console screen containing output is displayed.
The User able to see result in the console: 10
  &amp#27;[32mThen &amp#27;[0m&amp#27;[32moutput should be displayed on the console&amp#27;[0m                                                                                        &amp#27;[90m# stepDefinition.TryEditorPageStep.output_should_be_displayed_on_the_console()&amp#27;[0m
Scenario status ======>PASSED
]]></system-out>
  </testcase>
  <testcase name="runScenario[&quot;User go back to the previous page&quot;, &quot;G)To Automate  the Stack page of DS_Algo&quot;](121)" classname="runner.TestRunnerTestng" time="0.288">
    <system-out><![CDATA[
@previousPage
Scenario: User go back to the previous page   &amp#27;[90m# src/test/resources/Features/07_stack.feature:97&amp#27;[0m
====================START SCENARIO=====================
The user is already on tryEditor page
  &amp#27;[32mGiven &amp#27;[0m&amp#27;[32mThe user is already on tryEditor page&amp#27;[0m &amp#27;[90m# stepDefinition.TryEditorPageStep.the_user_is_already_on_try_editor_page()&amp#27;[0m
Console screen containing output is displayed.
  &amp#27;[32mWhen &amp#27;[0m&amp#27;[32mUser able to see output in console&amp#27;[0m     &amp#27;[90m# stepDefinition.TryEditorPageStep.user_able_to_see_output_in_console()&amp#27;[0m
Console screen containing output is displayed and user go to the previous page.
  &amp#27;[32mThen &amp#27;[0m&amp#27;[32mUser go back to the previous page&amp#27;[0m      &amp#27;[90m# stepDefinition.TryEditorPageStep.user_go_back_to_the_previous_page()&amp#27;[0m
Scenario status ======>PASSED
]]></system-out>
  </testcase>
  <testcase name="runScenario[&quot;To test application on stack page&quot;, &quot;G)To Automate  the Stack page of DS_Algo&quot;](122)" classname="runner.TestRunnerTestng" time="0.36">
    <system-out><![CDATA[
@sp_application
Scenario: To test application on stack page                             &amp#27;[90m# src/test/resources/Features/07_stack.feature:104&amp#27;[0m
====================START SCENARIO=====================
User is on stackHomepage
  &amp#27;[32mGiven &amp#27;[0m&amp#27;[32mThe user is in the Stack page1 after logged in&amp#27;[0m                  &amp#27;[90m# stepDefinition.StackStep.the_user_is_in_the_stack_page1_after_logged_in()&amp#27;[0m
User clicks Application button.
  &amp#27;[32mWhen &amp#27;[0m&amp#27;[32mThe user clicks Application button&amp#27;[0m                               &amp#27;[90m# stepDefinition.StackStep.the_user_clicks_application_button()&amp#27;[0m
  &amp#27;[32mThen &amp#27;[0m&amp#27;[32mThe user should be directed to &amp#27;[0m&amp#27;[32m&amp#27;[1m"Applications"&amp#27;[0m&amp#27;[32m Applications Page3&amp#27;[0m &amp#27;[90m# stepDefinition.StackStep.the_user_should_be_directed_to_applications_page3(java.lang.String)&amp#27;[0m
Scenario status ======>PASSED
]]></system-out>
  </testcase>
  <testcase name="runScenario[&quot;check user directed to tryeditor&quot;, &quot;G)To Automate  the Stack page of DS_Algo&quot;](123)" classname="runner.TestRunnerTestng" time="0.299">
    <system-out><![CDATA[
@Operationseditor
Scenario: check user directed to tryeditor                                                     &amp#27;[90m# src/test/resources/Features/07_stack.feature:110&amp#27;[0m
====================START SCENARIO=====================
User is on Homepage
  &amp#27;[32mGiven &amp#27;[0m&amp#27;[32mThe user is in the Operations in Stack page&amp#27;[0m                                            &amp#27;[90m# stepDefinition.TryHereStep.the_user_is_in_the_operations_in_stack_page()&amp#27;[0m
  &amp#27;[32mWhen &amp#27;[0m&amp#27;[32mThe user clicks Try Here button&amp#27;[0m                                                         &amp#27;[90m# stepDefinition.TryHereStep.the_user_clicks_try_here_button()&amp#27;[0m
  &amp#27;[32mThen &amp#27;[0m&amp#27;[32mThe user should be redirected to a page having an tryEditor with a &amp#27;[0m&amp#27;[32m&amp#27;[1m"Run"&amp#27;[0m&amp#27;[32m button to test&amp#27;[0m &amp#27;[90m# stepDefinition.TryHereStep.the_user_should_be_redirected_to_a_page_having_an_try_editor_with_a_button_to_test(java.lang.String)&amp#27;[0m
Scenario status ======>PASSED
]]></system-out>
  </testcase>
  <testcase name="runScenario[&quot;Python Editor page without data&quot;, &quot;G)To Automate  the Stack page of DS_Algo&quot;](124)" classname="runner.TestRunnerTestng" time="0.465">
    <system-out><![CDATA[
@PythonEditor_Blank
Scenario: Python Editor page without data                                    &amp#27;[90m# src/test/resources/Features/07_stack.feature:116&amp#27;[0m
====================START SCENARIO=====================
  &amp#27;[32mGiven &amp#27;[0m&amp#27;[32mThe user is on tryEditor page&amp#27;[0m                                        &amp#27;[90m# stepDefinition.TryEditorPageStep.the_user_is_on_try_editor_page()&amp#27;[0m
User did not enter any code and clicks run button.
  &amp#27;[32mWhen &amp#27;[0m&amp#27;[32mThe user clicks the run button without entring the code in the Editor&amp#27;[0m &amp#27;[90m# stepDefinition.TryEditorPageStep.the_user_clicks_the_run_button_without_entring_the_code_in_the_editor()&amp#27;[0m
No error message is displayed on the page.Raise as a BUG.
  &amp#27;[32mThen &amp#27;[0m&amp#27;[32mNothing happens to the page and no error message is displayed&amp#27;[0m         &amp#27;[90m# stepDefinition.TryEditorPageStep.nothing_happens_to_the_page_and_no_error_message_is_displayed()&amp#27;[0m
Scenario status ======>PASSED
]]></system-out>
  </testcase>
  <testcase name="runScenario[&quot;Python Editor page with Invalid data&quot;, &quot;G)To Automate  the Stack page of DS_Algo&quot;](125)" classname="runner.TestRunnerTestng" time="0.619">
    <system-out><![CDATA[
@PythonEditor_Invalid
Scenario Outline: Python Editor page with Invalid data                                                                                        &amp#27;[90m# src/test/resources/Features/07_stack.feature:130&amp#27;[0m
====================START SCENARIO=====================
Inside step-The user is on the same TryEditor page.
  &amp#27;[32mGiven &amp#27;[0m&amp#27;[32mUser is on the tryEditor page&amp#27;[0m                                                                                                         &amp#27;[90m# stepDefinition.TryEditorPageStep.user_is_on_the_try_editor_page()&amp#27;[0m
The sheet existance status is : true
print(10
  &amp#27;[32mAnd &amp#27;[0m&amp#27;[32menters the data in the Editor after reading data from excel sheet &amp#27;[0m&amp#27;[32m&amp#27;[1m"Python_code"&amp#27;[0m&amp#27;[32m with column_name &amp#27;[0m&amp#27;[32m&amp#27;[1m"Python_Invalid_Data"&amp#27;[0m&amp#27;[32m and row_number &amp#27;[0m&amp#27;[32m&amp#27;[1m2&amp#27;[0m &amp#27;[90m# stepDefinition.TryEditorPageStep.enters_the_data_in_the_editor_after_reading_data_from_excel_sheet_with_column_name_and_row_number(java.lang.String,java.lang.String,java.lang.Integer)&amp#27;[0m
  &amp#27;[32mWhen &amp#27;[0m&amp#27;[32mThe User clicks a run button&amp#27;[0m                                                                                                           &amp#27;[90m# stepDefinition.TryEditorPageStep.the_user_clicks_a_run_button()&amp#27;[0m
  &amp#27;[32mThen &amp#27;[0m&amp#27;[32mThe user see error msg in alert window and press ok button&amp#27;[0m                                                                             &amp#27;[90m# stepDefinition.TryEditorPageStep.the_user_see_error_msg_in_alert_window()&amp#27;[0m
Scenario status ======>PASSED
]]></system-out>
  </testcase>
  <testcase name="runScenario[&quot;Python Editor page with valid data&quot;, &quot;G)To Automate  the Stack page of DS_Algo&quot;](126)" classname="runner.TestRunnerTestng" time="0.589">
    <system-out><![CDATA[
@PythonEditor_Valid
Scenario Outline: Python Editor page with valid data                                                                                    &amp#27;[90m# src/test/resources/Features/07_stack.feature:141&amp#27;[0m
====================START SCENARIO=====================
  &amp#27;[32mGiven &amp#27;[0m&amp#27;[32mThe user is on the tryEditor page&amp#27;[0m                                                                                               &amp#27;[90m# stepDefinition.TryEditorPageStep.the_user_is_on_the_try_editor_page()&amp#27;[0m
The sheet existance status is : true
print(10);
  &amp#27;[32mAnd &amp#27;[0m&amp#27;[32menters data in the Editor after reading data from excel sheet &amp#27;[0m&amp#27;[32m&amp#27;[1m"Python_code"&amp#27;[0m&amp#27;[32m with column_name &amp#27;[0m&amp#27;[32m&amp#27;[1m"Python_Valid_Data"&amp#27;[0m&amp#27;[32m and row_number &amp#27;[0m&amp#27;[32m&amp#27;[1m2&amp#27;[0m &amp#27;[90m# stepDefinition.TryEditorPageStep.enters_data_in_the_editor_after_reading_data_from_excel_sheet_with_column_name_and_row_number(java.lang.String,java.lang.String,java.lang.Integer)&amp#27;[0m
  &amp#27;[32mWhen &amp#27;[0m&amp#27;[32mUser clicks a run button&amp#27;[0m                                                                                                         &amp#27;[90m# stepDefinition.TryEditorPageStep.user_clicks_a_run_button()&amp#27;[0m
Console screen containing output is displayed.
The User able to see result in the console: 10
  &amp#27;[32mThen &amp#27;[0m&amp#27;[32moutput should be displayed on the console&amp#27;[0m                                                                                        &amp#27;[90m# stepDefinition.TryEditorPageStep.output_should_be_displayed_on_the_console()&amp#27;[0m
Scenario status ======>PASSED
]]></system-out>
  </testcase>
  <testcase name="runScenario[&quot;User go back to the previous page&quot;, &quot;G)To Automate  the Stack page of DS_Algo&quot;](127)" classname="runner.TestRunnerTestng" time="0.242">
    <system-out><![CDATA[
@previousPage
Scenario: User go back to the previous page   &amp#27;[90m# src/test/resources/Features/07_stack.feature:144&amp#27;[0m
====================START SCENARIO=====================
The user is already on tryEditor page
  &amp#27;[32mGiven &amp#27;[0m&amp#27;[32mThe user is already on tryEditor page&amp#27;[0m &amp#27;[90m# stepDefinition.TryEditorPageStep.the_user_is_already_on_try_editor_page()&amp#27;[0m
Console screen containing output is displayed.
  &amp#27;[32mWhen &amp#27;[0m&amp#27;[32mUser able to see output in console&amp#27;[0m     &amp#27;[90m# stepDefinition.TryEditorPageStep.user_able_to_see_output_in_console()&amp#27;[0m
Console screen containing output is displayed and user go to the previous page.
  &amp#27;[32mThen &amp#27;[0m&amp#27;[32mUser go back to the previous page&amp#27;[0m      &amp#27;[90m# stepDefinition.TryEditorPageStep.user_go_back_to_the_previous_page()&amp#27;[0m
Scenario status ======>PASSED
]]></system-out>
  </testcase>
  <testcase name="runScenario[&quot;To test practice questions on stack page&quot;, &quot;G)To Automate  the Stack page of DS_Algo&quot;](128)" classname="runner.TestRunnerTestng" time="0.238">
    <system-out><![CDATA[
@sp_practiceQ
Scenario: To test practice questions on stack page                            &amp#27;[90m# src/test/resources/Features/07_stack.feature:152&amp#27;[0m
====================START SCENARIO=====================
User is on stackHomepage
  &amp#27;[32mGiven &amp#27;[0m&amp#27;[32mThe user is in the Stack page2 after logged in&amp#27;[0m                        &amp#27;[90m# stepDefinition.StackStep.the_user_is_in_the_stack_page2_after_logged_in()&amp#27;[0m
User clicks PracticeQuestions button.
  &amp#27;[32mWhen &amp#27;[0m&amp#27;[32mThe user clicks Practice Questions button in Stack&amp#27;[0m                     &amp#27;[90m# stepDefinition.StackStep.the_user_clicks_practice_questions_button_in_stack()&amp#27;[0m
  &amp#27;[32mThen &amp#27;[0m&amp#27;[32mThe user should be redirected to &amp#27;[0m&amp#27;[32m&amp#27;[1m"Practice Questions"&amp#27;[0m&amp#27;[32m P Questions page&amp#27;[0m &amp#27;[90m# stepDefinition.StackStep.the_user_should_be_redirected_to_p_questions_page(java.lang.String)&amp#27;[0m
Scenario status ======>PASSED
]]></system-out>
  </testcase>
  <testcase name="runScenario[&quot;User go back to the DS Algo home page&quot;, &quot;G)To Automate  the Stack page of DS_Algo&quot;](129)" classname="runner.TestRunnerTestng" time="0.175">
    <system-out><![CDATA[
@backtoDSHomePage
Scenario: User go back to the DS Algo home page                                       &amp#27;[90m# src/test/resources/Features/07_stack.feature:158&amp#27;[0m
====================START SCENARIO=====================
User is on Practice Questions page.
  &amp#27;[32mGiven &amp#27;[0m&amp#27;[32mThe user is already on Practice Questions page&amp#27;[0m                                &amp#27;[90m# stepDefinition.TreeStep.the_user_is_already_on_practice_questions_page()&amp#27;[0m
The practice questions page is blank.
  &amp#27;[32mWhen &amp#27;[0m&amp#27;[32mNothing is displayed on the page&amp#27;[0m                                               &amp#27;[90m# stepDefinition.TreeStep.nothing_is_displayed_on_the_page()&amp#27;[0m
Verify Home page title by Assertions.
User is redirected to https://dsportalapp.herokuapp.com/home DS Algo home page
  &amp#27;[32mThen &amp#27;[0m&amp#27;[32mUser go back to the &amp#27;[0m&amp#27;[32m&amp#27;[1m"https://dsportalapp.herokuapp.com/home"&amp#27;[0m&amp#27;[32m DS Algo home page&amp#27;[0m &amp#27;[90m# stepDefinition.TreeStep.user_go_back_to_the_ds_algo_home_page(java.lang.String)&amp#27;[0m
Scenario status ======>PASSED
]]></system-out>
  </testcase>
  <testcase name="runScenario[&quot;Enter into Queue page&quot;, &quot;H)To test the Queue page&quot;](130)" classname="runner.TestRunnerTestng" time="0.289">
    <system-out><![CDATA[
Scenario: Enter into Queue page                                                                     &amp#27;[90m# src/test/resources/Features/08_queue.feature:3&amp#27;[0m
====================START SCENARIO=====================
User is on Homepage
  &amp#27;[32mGiven &amp#27;[0m&amp#27;[32mThe user is on the DS Home page after logged in&amp#27;[0m                                             &amp#27;[90m# stepDefinition.QueueStep.the_user_is_on_the_ds_home_page_after_logged_in()&amp#27;[0m
User clicks queue GetStarted button.
  &amp#27;[32mWhen &amp#27;[0m&amp#27;[32mThe user clicks the GetStarted in Queue Panel or select QueueDS item from the drop down menu&amp#27;[0m &amp#27;[90m# stepDefinition.QueueStep.the_user_clicks_the_get_started_in_queue_panel_or_select_queue_ds_item_from_the_drop_down_menu()&amp#27;[0m
  &amp#27;[32mThen &amp#27;[0m&amp#27;[32mThe user should be directed to &amp#27;[0m&amp#27;[32m&amp#27;[1m"Queue"&amp#27;[0m&amp#27;[32m queue Page&amp#27;[0m                                            &amp#27;[90m# stepDefinition.QueueStep.the_user_should_be_directed_to_queue_page(java.lang.String)&amp#27;[0m
Scenario status ======>PASSED
]]></system-out>
  </testcase>
  <testcase name="runScenario[&quot;User Perform Implementation in python on queue page&quot;, &quot;H)To test the Queue page&quot;](131)" classname="runner.TestRunnerTestng" time="0.285">
    <system-out><![CDATA[
@qp_Imple_Q_py
Scenario: User Perform Implementation in python on queue page                    &amp#27;[90m# src/test/resources/Features/08_queue.feature:10&amp#27;[0m
====================START SCENARIO=====================
User is on Homepage
  &amp#27;[32mGiven &amp#27;[0m&amp#27;[32mThe user is in the Queue page after logged in&amp#27;[0m                            &amp#27;[90m# stepDefinition.QueueStep.the_user_is_in_the_queue_page_after_logged_in()&amp#27;[0m
User clicks Implementation of Queue in python button.
  &amp#27;[32mWhen &amp#27;[0m&amp#27;[32mThe user clicks Implementation of Queue in Python button&amp#27;[0m                  &amp#27;[90m# stepDefinition.QueueStep.the_user_clicks_implementation_of_queue_in_python_button()&amp#27;[0m
  &amp#27;[32mThen &amp#27;[0m&amp#27;[32mThe user should be directed to &amp#27;[0m&amp#27;[32m&amp#27;[1m"Implementation of Queue in Python"&amp#27;[0m&amp#27;[32m Pageq1&amp#27;[0m &amp#27;[90m# stepDefinition.QueueStep.the_user_should_be_directed_to_pageq1(java.lang.String)&amp#27;[0m
Scenario status ======>PASSED
]]></system-out>
  </testcase>
  <testcase name="runScenario[&quot;check user is directed to tryeditor&quot;, &quot;H)To test the Queue page&quot;](132)" classname="runner.TestRunnerTestng" time="0.246">
    <system-out><![CDATA[
@Operationseditor
Scenario: check user is directed to tryeditor                                                  &amp#27;[90m# src/test/resources/Features/08_queue.feature:16&amp#27;[0m
====================START SCENARIO=====================
User is on Implementation of Queue in Pythonpage
  &amp#27;[32mGiven &amp#27;[0m&amp#27;[32mThe user is in the Implementation of Queue in Python in Queue page&amp#27;[0m                     &amp#27;[90m# stepDefinition.QueueStep.the_user_is_in_the_implementation_of_queue_in_python_in_queue_page()&amp#27;[0m
  &amp#27;[32mWhen &amp#27;[0m&amp#27;[32mThe user clicks Try Here button&amp#27;[0m                                                         &amp#27;[90m# stepDefinition.TryHereStep.the_user_clicks_try_here_button()&amp#27;[0m
  &amp#27;[32mThen &amp#27;[0m&amp#27;[32mThe user should be redirected to a page having an tryEditor with a &amp#27;[0m&amp#27;[32m&amp#27;[1m"Run"&amp#27;[0m&amp#27;[32m button to test&amp#27;[0m &amp#27;[90m# stepDefinition.TryHereStep.the_user_should_be_redirected_to_a_page_having_an_try_editor_with_a_button_to_test(java.lang.String)&amp#27;[0m
Scenario status ======>PASSED
]]></system-out>
  </testcase>
  <testcase name="runScenario[&quot;Python Editor page without data&quot;, &quot;H)To test the Queue page&quot;](133)" classname="runner.TestRunnerTestng" time="0.434">
    <system-out><![CDATA[
@PythonEditor_Blank
Scenario: Python Editor page without data                                    &amp#27;[90m# src/test/resources/Features/08_queue.feature:22&amp#27;[0m
====================START SCENARIO=====================
  &amp#27;[32mGiven &amp#27;[0m&amp#27;[32mThe user is on tryEditor page&amp#27;[0m                                        &amp#27;[90m# stepDefinition.TryEditorPageStep.the_user_is_on_try_editor_page()&amp#27;[0m
User did not enter any code and clicks run button.
  &amp#27;[32mWhen &amp#27;[0m&amp#27;[32mThe user clicks the run button without entring the code in the Editor&amp#27;[0m &amp#27;[90m# stepDefinition.TryEditorPageStep.the_user_clicks_the_run_button_without_entring_the_code_in_the_editor()&amp#27;[0m
No error message is displayed on the page.Raise as a BUG.
  &amp#27;[32mThen &amp#27;[0m&amp#27;[32mNothing happens to the page and no error message is displayed&amp#27;[0m         &amp#27;[90m# stepDefinition.TryEditorPageStep.nothing_happens_to_the_page_and_no_error_message_is_displayed()&amp#27;[0m
Scenario status ======>PASSED
]]></system-out>
  </testcase>
  <testcase name="runScenario[&quot;Python Editor page with Invalid data&quot;, &quot;H)To test the Queue page&quot;](134)" classname="runner.TestRunnerTestng" time="0.644">
    <system-out><![CDATA[
@PythonEditor_Invalid
Scenario Outline: Python Editor page with Invalid data                                                                                        &amp#27;[90m# src/test/resources/Features/08_queue.feature:36&amp#27;[0m
====================START SCENARIO=====================
Inside step-The user is on the same TryEditor page.
  &amp#27;[32mGiven &amp#27;[0m&amp#27;[32mUser is on the tryEditor page&amp#27;[0m                                                                                                         &amp#27;[90m# stepDefinition.TryEditorPageStep.user_is_on_the_try_editor_page()&amp#27;[0m
The sheet existance status is : true
print(10
  &amp#27;[32mAnd &amp#27;[0m&amp#27;[32menters the data in the Editor after reading data from excel sheet &amp#27;[0m&amp#27;[32m&amp#27;[1m"Python_code"&amp#27;[0m&amp#27;[32m with column_name &amp#27;[0m&amp#27;[32m&amp#27;[1m"Python_Invalid_Data"&amp#27;[0m&amp#27;[32m and row_number &amp#27;[0m&amp#27;[32m&amp#27;[1m2&amp#27;[0m &amp#27;[90m# stepDefinition.TryEditorPageStep.enters_the_data_in_the_editor_after_reading_data_from_excel_sheet_with_column_name_and_row_number(java.lang.String,java.lang.String,java.lang.Integer)&amp#27;[0m
  &amp#27;[32mWhen &amp#27;[0m&amp#27;[32mThe User clicks a run button&amp#27;[0m                                                                                                           &amp#27;[90m# stepDefinition.TryEditorPageStep.the_user_clicks_a_run_button()&amp#27;[0m
  &amp#27;[32mThen &amp#27;[0m&amp#27;[32mThe user see error msg in alert window and press ok button&amp#27;[0m                                                                             &amp#27;[90m# stepDefinition.TryEditorPageStep.the_user_see_error_msg_in_alert_window()&amp#27;[0m
Scenario status ======>PASSED
]]></system-out>
  </testcase>
  <testcase name="runScenario[&quot;Python Editor page with valid data&quot;, &quot;H)To test the Queue page&quot;](135)" classname="runner.TestRunnerTestng" time="0.605">
    <system-out><![CDATA[
@PythonEditor_Valid
Scenario Outline: Python Editor page with valid data                                                                                    &amp#27;[90m# src/test/resources/Features/08_queue.feature:47&amp#27;[0m
====================START SCENARIO=====================
  &amp#27;[32mGiven &amp#27;[0m&amp#27;[32mThe user is on the tryEditor page&amp#27;[0m                                                                                               &amp#27;[90m# stepDefinition.TryEditorPageStep.the_user_is_on_the_try_editor_page()&amp#27;[0m
The sheet existance status is : true
print(10);
  &amp#27;[32mAnd &amp#27;[0m&amp#27;[32menters data in the Editor after reading data from excel sheet &amp#27;[0m&amp#27;[32m&amp#27;[1m"Python_code"&amp#27;[0m&amp#27;[32m with column_name &amp#27;[0m&amp#27;[32m&amp#27;[1m"Python_Valid_Data"&amp#27;[0m&amp#27;[32m and row_number &amp#27;[0m&amp#27;[32m&amp#27;[1m2&amp#27;[0m &amp#27;[90m# stepDefinition.TryEditorPageStep.enters_data_in_the_editor_after_reading_data_from_excel_sheet_with_column_name_and_row_number(java.lang.String,java.lang.String,java.lang.Integer)&amp#27;[0m
  &amp#27;[32mWhen &amp#27;[0m&amp#27;[32mUser clicks a run button&amp#27;[0m                                                                                                         &amp#27;[90m# stepDefinition.TryEditorPageStep.user_clicks_a_run_button()&amp#27;[0m
Console screen containing output is displayed.
The User able to see result in the console: 10
  &amp#27;[32mThen &amp#27;[0m&amp#27;[32moutput should be displayed on the console&amp#27;[0m                                                                                        &amp#27;[90m# stepDefinition.TryEditorPageStep.output_should_be_displayed_on_the_console()&amp#27;[0m
Scenario status ======>PASSED
]]></system-out>
  </testcase>
  <testcase name="runScenario[&quot;User go back to the previous page&quot;, &quot;H)To test the Queue page&quot;](136)" classname="runner.TestRunnerTestng" time="0.203">
    <system-out><![CDATA[
@previousPage
Scenario: User go back to the previous page   &amp#27;[90m# src/test/resources/Features/08_queue.feature:50&amp#27;[0m
====================START SCENARIO=====================
The user is already on tryEditor page
  &amp#27;[32mGiven &amp#27;[0m&amp#27;[32mThe user is already on tryEditor page&amp#27;[0m &amp#27;[90m# stepDefinition.TryEditorPageStep.the_user_is_already_on_try_editor_page()&amp#27;[0m
Console screen containing output is displayed.
  &amp#27;[32mWhen &amp#27;[0m&amp#27;[32mUser able to see output in console&amp#27;[0m     &amp#27;[90m# stepDefinition.TryEditorPageStep.user_able_to_see_output_in_console()&amp#27;[0m
Console screen containing output is displayed and user go to the previous page.
  &amp#27;[32mThen &amp#27;[0m&amp#27;[32mUser go back to the previous page&amp#27;[0m      &amp#27;[90m# stepDefinition.TryEditorPageStep.user_go_back_to_the_previous_page()&amp#27;[0m
Scenario status ======>PASSED
]]></system-out>
  </testcase>
  <testcase name="runScenario[&quot;To test the Implementation.dq on queue page&quot;, &quot;H)To test the Queue page&quot;](137)" classname="runner.TestRunnerTestng" time="0.248">
    <system-out><![CDATA[
@qp_implementation.deq
Scenario: To test the Implementation.dq on queue page                                                   &amp#27;[90m# src/test/resources/Features/08_queue.feature:57&amp#27;[0m
====================START SCENARIO=====================
User is on Implementation of Queue in Pythonpage
  &amp#27;[32mGiven &amp#27;[0m&amp#27;[32mThe user is in the Implementation of Queue in Python in Queue page&amp#27;[0m                              &amp#27;[90m# stepDefinition.QueueStep.the_user_is_in_the_implementation_of_queue_in_python_in_queue_page()&amp#27;[0m
User clicks Implementation button.
  &amp#27;[32mWhen &amp#27;[0m&amp#27;[32mThe user clicks Implementation using Collections.deque button&amp#27;[0m                                    &amp#27;[90m# stepDefinition.QueueStep.the_user_clicks_implementation_using_collections_deque_button()&amp#27;[0m
  &amp#27;[32mThen &amp#27;[0m&amp#27;[32mThe user should be directed to &amp#27;[0m&amp#27;[32m&amp#27;[1m"Implementation using collections.deque"&amp#27;[0m&amp#27;[32m collections deque Pageq2&amp#27;[0m &amp#27;[90m# stepDefinition.QueueStep.the_user_should_be_directed_to_collections_deque_pageq2(java.lang.String)&amp#27;[0m
Scenario status ======>PASSED
]]></system-out>
  </testcase>
  <testcase name="runScenario[&quot;check user directed to tryeditor&quot;, &quot;H)To test the Queue page&quot;](138)" classname="runner.TestRunnerTestng" time="0.285">
    <system-out><![CDATA[
@Operationseditor
Scenario: check user directed to tryeditor                                                     &amp#27;[90m# src/test/resources/Features/08_queue.feature:63&amp#27;[0m
====================START SCENARIO=====================
User is on Homepage
  &amp#27;[32mGiven &amp#27;[0m&amp#27;[32mThe user is in the Operations in Stack page&amp#27;[0m                                            &amp#27;[90m# stepDefinition.TryHereStep.the_user_is_in_the_operations_in_stack_page()&amp#27;[0m
  &amp#27;[32mWhen &amp#27;[0m&amp#27;[32mThe user clicks Try Here button&amp#27;[0m                                                         &amp#27;[90m# stepDefinition.TryHereStep.the_user_clicks_try_here_button()&amp#27;[0m
  &amp#27;[32mThen &amp#27;[0m&amp#27;[32mThe user should be redirected to a page having an tryEditor with a &amp#27;[0m&amp#27;[32m&amp#27;[1m"Run"&amp#27;[0m&amp#27;[32m button to test&amp#27;[0m &amp#27;[90m# stepDefinition.TryHereStep.the_user_should_be_redirected_to_a_page_having_an_try_editor_with_a_button_to_test(java.lang.String)&amp#27;[0m
Scenario status ======>PASSED
]]></system-out>
  </testcase>
  <testcase name="runScenario[&quot;Python Editor page without data&quot;, &quot;H)To test the Queue page&quot;](139)" classname="runner.TestRunnerTestng" time="0.435">
    <system-out><![CDATA[
@PythonEditor_Blank
Scenario: Python Editor page without data                                    &amp#27;[90m# src/test/resources/Features/08_queue.feature:69&amp#27;[0m
====================START SCENARIO=====================
  &amp#27;[32mGiven &amp#27;[0m&amp#27;[32mThe user is on tryEditor page&amp#27;[0m                                        &amp#27;[90m# stepDefinition.TryEditorPageStep.the_user_is_on_try_editor_page()&amp#27;[0m
User did not enter any code and clicks run button.
  &amp#27;[32mWhen &amp#27;[0m&amp#27;[32mThe user clicks the run button without entring the code in the Editor&amp#27;[0m &amp#27;[90m# stepDefinition.TryEditorPageStep.the_user_clicks_the_run_button_without_entring_the_code_in_the_editor()&amp#27;[0m
No error message is displayed on the page.Raise as a BUG.
  &amp#27;[32mThen &amp#27;[0m&amp#27;[32mNothing happens to the page and no error message is displayed&amp#27;[0m         &amp#27;[90m# stepDefinition.TryEditorPageStep.nothing_happens_to_the_page_and_no_error_message_is_displayed()&amp#27;[0m
Scenario status ======>PASSED
]]></system-out>
  </testcase>
  <testcase name="runScenario[&quot;Python Editor page with Invalid data&quot;, &quot;H)To test the Queue page&quot;](140)" classname="runner.TestRunnerTestng" time="0.61">
    <system-out><![CDATA[
@PythonEditor_Invalid
Scenario Outline: Python Editor page with Invalid data                                                                                        &amp#27;[90m# src/test/resources/Features/08_queue.feature:83&amp#27;[0m
====================START SCENARIO=====================
Inside step-The user is on the same TryEditor page.
  &amp#27;[32mGiven &amp#27;[0m&amp#27;[32mUser is on the tryEditor page&amp#27;[0m                                                                                                         &amp#27;[90m# stepDefinition.TryEditorPageStep.user_is_on_the_try_editor_page()&amp#27;[0m
The sheet existance status is : true
print(10
  &amp#27;[32mAnd &amp#27;[0m&amp#27;[32menters the data in the Editor after reading data from excel sheet &amp#27;[0m&amp#27;[32m&amp#27;[1m"Python_code"&amp#27;[0m&amp#27;[32m with column_name &amp#27;[0m&amp#27;[32m&amp#27;[1m"Python_Invalid_Data"&amp#27;[0m&amp#27;[32m and row_number &amp#27;[0m&amp#27;[32m&amp#27;[1m2&amp#27;[0m &amp#27;[90m# stepDefinition.TryEditorPageStep.enters_the_data_in_the_editor_after_reading_data_from_excel_sheet_with_column_name_and_row_number(java.lang.String,java.lang.String,java.lang.Integer)&amp#27;[0m
  &amp#27;[32mWhen &amp#27;[0m&amp#27;[32mThe User clicks a run button&amp#27;[0m                                                                                                           &amp#27;[90m# stepDefinition.TryEditorPageStep.the_user_clicks_a_run_button()&amp#27;[0m
  &amp#27;[32mThen &amp#27;[0m&amp#27;[32mThe user see error msg in alert window and press ok button&amp#27;[0m                                                                             &amp#27;[90m# stepDefinition.TryEditorPageStep.the_user_see_error_msg_in_alert_window()&amp#27;[0m
Scenario status ======>PASSED
]]></system-out>
  </testcase>
  <testcase name="runScenario[&quot;Python Editor page with valid data&quot;, &quot;H)To test the Queue page&quot;](141)" classname="runner.TestRunnerTestng" time="0.557">
    <system-out><![CDATA[
@PythonEditor_Valid
Scenario Outline: Python Editor page with valid data                                                                                    &amp#27;[90m# src/test/resources/Features/08_queue.feature:94&amp#27;[0m
====================START SCENARIO=====================
  &amp#27;[32mGiven &amp#27;[0m&amp#27;[32mThe user is on the tryEditor page&amp#27;[0m                                                                                               &amp#27;[90m# stepDefinition.TryEditorPageStep.the_user_is_on_the_try_editor_page()&amp#27;[0m
The sheet existance status is : true
print(10);
  &amp#27;[32mAnd &amp#27;[0m&amp#27;[32menters data in the Editor after reading data from excel sheet &amp#27;[0m&amp#27;[32m&amp#27;[1m"Python_code"&amp#27;[0m&amp#27;[32m with column_name &amp#27;[0m&amp#27;[32m&amp#27;[1m"Python_Valid_Data"&amp#27;[0m&amp#27;[32m and row_number &amp#27;[0m&amp#27;[32m&amp#27;[1m2&amp#27;[0m &amp#27;[90m# stepDefinition.TryEditorPageStep.enters_data_in_the_editor_after_reading_data_from_excel_sheet_with_column_name_and_row_number(java.lang.String,java.lang.String,java.lang.Integer)&amp#27;[0m
  &amp#27;[32mWhen &amp#27;[0m&amp#27;[32mUser clicks a run button&amp#27;[0m                                                                                                         &amp#27;[90m# stepDefinition.TryEditorPageStep.user_clicks_a_run_button()&amp#27;[0m
Console screen containing output is displayed.
The User able to see result in the console: 10
  &amp#27;[32mThen &amp#27;[0m&amp#27;[32moutput should be displayed on the console&amp#27;[0m                                                                                        &amp#27;[90m# stepDefinition.TryEditorPageStep.output_should_be_displayed_on_the_console()&amp#27;[0m
Scenario status ======>PASSED
]]></system-out>
  </testcase>
  <testcase name="runScenario[&quot;User go back to the previous page&quot;, &quot;H)To test the Queue page&quot;](142)" classname="runner.TestRunnerTestng" time="0.243">
    <system-out><![CDATA[
@previousPage
Scenario: User go back to the previous page   &amp#27;[90m# src/test/resources/Features/08_queue.feature:97&amp#27;[0m
====================START SCENARIO=====================
The user is already on tryEditor page
  &amp#27;[32mGiven &amp#27;[0m&amp#27;[32mThe user is already on tryEditor page&amp#27;[0m &amp#27;[90m# stepDefinition.TryEditorPageStep.the_user_is_already_on_try_editor_page()&amp#27;[0m
Console screen containing output is displayed.
  &amp#27;[32mWhen &amp#27;[0m&amp#27;[32mUser able to see output in console&amp#27;[0m     &amp#27;[90m# stepDefinition.TryEditorPageStep.user_able_to_see_output_in_console()&amp#27;[0m
Console screen containing output is displayed and user go to the previous page.
  &amp#27;[32mThen &amp#27;[0m&amp#27;[32mUser go back to the previous page&amp#27;[0m      &amp#27;[90m# stepDefinition.TryEditorPageStep.user_go_back_to_the_previous_page()&amp#27;[0m
Scenario status ======>PASSED
]]></system-out>
  </testcase>
  <testcase name="runScenario[&quot;To test the Implementation using array&quot;, &quot;H)To test the Queue page&quot;](143)" classname="runner.TestRunnerTestng" time="0.432">
    <system-out><![CDATA[
@qp_Imp_array
Scenario: To test the Implementation using array                                                     &amp#27;[90m# src/test/resources/Features/08_queue.feature:104&amp#27;[0m
====================START SCENARIO=====================
User is on Homepage
  &amp#27;[32mGiven &amp#27;[0m&amp#27;[32mThe user is in the Queue page after logged in&amp#27;[0m                                                &amp#27;[90m# stepDefinition.QueueStep.the_user_is_in_the_queue_page_after_logged_in()&amp#27;[0m
User clicks Implementation using Array 
  &amp#27;[32mWhen &amp#27;[0m&amp#27;[32mThe user clicks Implementation using Array button&amp#27;[0m                                             &amp#27;[90m# stepDefinition.QueueStep.the_user_clicks_implementation_using_array_button()&amp#27;[0m
  &amp#27;[32mThen &amp#27;[0m&amp#27;[32mThe user should be directed to &amp#27;[0m&amp#27;[32m&amp#27;[1m"Implementation using array"&amp#27;[0m&amp#27;[32m Implementation using Array Pageq3&amp#27;[0m &amp#27;[90m# stepDefinition.QueueStep.the_user_should_be_directed_to_implementation_using_array_pageq3(java.lang.String)&amp#27;[0m
Scenario status ======>PASSED
]]></system-out>
  </testcase>
  <testcase name="runScenario[&quot;check user directed to tryeditor&quot;, &quot;H)To test the Queue page&quot;](144)" classname="runner.TestRunnerTestng" time="0.298">
    <system-out><![CDATA[
@Operationseditor
Scenario: check user directed to tryeditor                                                     &amp#27;[90m# src/test/resources/Features/08_queue.feature:110&amp#27;[0m
====================START SCENARIO=====================
User is on Homepage
  &amp#27;[32mGiven &amp#27;[0m&amp#27;[32mThe user is in the Operations in Stack page&amp#27;[0m                                            &amp#27;[90m# stepDefinition.TryHereStep.the_user_is_in_the_operations_in_stack_page()&amp#27;[0m
  &amp#27;[32mWhen &amp#27;[0m&amp#27;[32mThe user clicks Try Here button&amp#27;[0m                                                         &amp#27;[90m# stepDefinition.TryHereStep.the_user_clicks_try_here_button()&amp#27;[0m
  &amp#27;[32mThen &amp#27;[0m&amp#27;[32mThe user should be redirected to a page having an tryEditor with a &amp#27;[0m&amp#27;[32m&amp#27;[1m"Run"&amp#27;[0m&amp#27;[32m button to test&amp#27;[0m &amp#27;[90m# stepDefinition.TryHereStep.the_user_should_be_redirected_to_a_page_having_an_try_editor_with_a_button_to_test(java.lang.String)&amp#27;[0m
Scenario status ======>PASSED
]]></system-out>
  </testcase>
  <testcase name="runScenario[&quot;Python Editor page without data&quot;, &quot;H)To test the Queue page&quot;](145)" classname="runner.TestRunnerTestng" time="0.499">
    <system-out><![CDATA[
@PythonEditor_Blank
Scenario: Python Editor page without data                                    &amp#27;[90m# src/test/resources/Features/08_queue.feature:116&amp#27;[0m
====================START SCENARIO=====================
  &amp#27;[32mGiven &amp#27;[0m&amp#27;[32mThe user is on tryEditor page&amp#27;[0m                                        &amp#27;[90m# stepDefinition.TryEditorPageStep.the_user_is_on_try_editor_page()&amp#27;[0m
User did not enter any code and clicks run button.
  &amp#27;[32mWhen &amp#27;[0m&amp#27;[32mThe user clicks the run button without entring the code in the Editor&amp#27;[0m &amp#27;[90m# stepDefinition.TryEditorPageStep.the_user_clicks_the_run_button_without_entring_the_code_in_the_editor()&amp#27;[0m
No error message is displayed on the page.Raise as a BUG.
  &amp#27;[32mThen &amp#27;[0m&amp#27;[32mNothing happens to the page and no error message is displayed&amp#27;[0m         &amp#27;[90m# stepDefinition.TryEditorPageStep.nothing_happens_to_the_page_and_no_error_message_is_displayed()&amp#27;[0m
Scenario status ======>PASSED
]]></system-out>
  </testcase>
  <testcase name="runScenario[&quot;Python Editor page with Invalid data&quot;, &quot;H)To test the Queue page&quot;](146)" classname="runner.TestRunnerTestng" time="0.683">
    <system-out><![CDATA[
@PythonEditor_Invalid
Scenario Outline: Python Editor page with Invalid data                                                                                        &amp#27;[90m# src/test/resources/Features/08_queue.feature:130&amp#27;[0m
====================START SCENARIO=====================
Inside step-The user is on the same TryEditor page.
  &amp#27;[32mGiven &amp#27;[0m&amp#27;[32mUser is on the tryEditor page&amp#27;[0m                                                                                                         &amp#27;[90m# stepDefinition.TryEditorPageStep.user_is_on_the_try_editor_page()&amp#27;[0m
The sheet existance status is : true
print(10
  &amp#27;[32mAnd &amp#27;[0m&amp#27;[32menters the data in the Editor after reading data from excel sheet &amp#27;[0m&amp#27;[32m&amp#27;[1m"Python_code"&amp#27;[0m&amp#27;[32m with column_name &amp#27;[0m&amp#27;[32m&amp#27;[1m"Python_Invalid_Data"&amp#27;[0m&amp#27;[32m and row_number &amp#27;[0m&amp#27;[32m&amp#27;[1m2&amp#27;[0m &amp#27;[90m# stepDefinition.TryEditorPageStep.enters_the_data_in_the_editor_after_reading_data_from_excel_sheet_with_column_name_and_row_number(java.lang.String,java.lang.String,java.lang.Integer)&amp#27;[0m
  &amp#27;[32mWhen &amp#27;[0m&amp#27;[32mThe User clicks a run button&amp#27;[0m                                                                                                           &amp#27;[90m# stepDefinition.TryEditorPageStep.the_user_clicks_a_run_button()&amp#27;[0m
  &amp#27;[32mThen &amp#27;[0m&amp#27;[32mThe user see error msg in alert window and press ok button&amp#27;[0m                                                                             &amp#27;[90m# stepDefinition.TryEditorPageStep.the_user_see_error_msg_in_alert_window()&amp#27;[0m
Scenario status ======>PASSED
]]></system-out>
  </testcase>
  <testcase name="runScenario[&quot;Python Editor page with valid data&quot;, &quot;H)To test the Queue page&quot;](147)" classname="runner.TestRunnerTestng" time="0.647">
    <system-out><![CDATA[
@PythonEditor_Valid
Scenario Outline: Python Editor page with valid data                                                                                    &amp#27;[90m# src/test/resources/Features/08_queue.feature:141&amp#27;[0m
====================START SCENARIO=====================
  &amp#27;[32mGiven &amp#27;[0m&amp#27;[32mThe user is on the tryEditor page&amp#27;[0m                                                                                               &amp#27;[90m# stepDefinition.TryEditorPageStep.the_user_is_on_the_try_editor_page()&amp#27;[0m
The sheet existance status is : true
print(10);
  &amp#27;[32mAnd &amp#27;[0m&amp#27;[32menters data in the Editor after reading data from excel sheet &amp#27;[0m&amp#27;[32m&amp#27;[1m"Python_code"&amp#27;[0m&amp#27;[32m with column_name &amp#27;[0m&amp#27;[32m&amp#27;[1m"Python_Valid_Data"&amp#27;[0m&amp#27;[32m and row_number &amp#27;[0m&amp#27;[32m&amp#27;[1m2&amp#27;[0m &amp#27;[90m# stepDefinition.TryEditorPageStep.enters_data_in_the_editor_after_reading_data_from_excel_sheet_with_column_name_and_row_number(java.lang.String,java.lang.String,java.lang.Integer)&amp#27;[0m
  &amp#27;[32mWhen &amp#27;[0m&amp#27;[32mUser clicks a run button&amp#27;[0m                                                                                                         &amp#27;[90m# stepDefinition.TryEditorPageStep.user_clicks_a_run_button()&amp#27;[0m
Console screen containing output is displayed.
The User able to see result in the console: 10
  &amp#27;[32mThen &amp#27;[0m&amp#27;[32moutput should be displayed on the console&amp#27;[0m                                                                                        &amp#27;[90m# stepDefinition.TryEditorPageStep.output_should_be_displayed_on_the_console()&amp#27;[0m
Scenario status ======>PASSED
]]></system-out>
  </testcase>
  <testcase name="runScenario[&quot;User go back to the previous page&quot;, &quot;H)To test the Queue page&quot;](148)" classname="runner.TestRunnerTestng" time="0.196">
    <system-out><![CDATA[
@previousPage
Scenario: User go back to the previous page   &amp#27;[90m# src/test/resources/Features/08_queue.feature:144&amp#27;[0m
====================START SCENARIO=====================
The user is already on tryEditor page
  &amp#27;[32mGiven &amp#27;[0m&amp#27;[32mThe user is already on tryEditor page&amp#27;[0m &amp#27;[90m# stepDefinition.TryEditorPageStep.the_user_is_already_on_try_editor_page()&amp#27;[0m
Console screen containing output is displayed.
  &amp#27;[32mWhen &amp#27;[0m&amp#27;[32mUser able to see output in console&amp#27;[0m     &amp#27;[90m# stepDefinition.TryEditorPageStep.user_able_to_see_output_in_console()&amp#27;[0m
Console screen containing output is displayed and user go to the previous page.
  &amp#27;[32mThen &amp#27;[0m&amp#27;[32mUser go back to the previous page&amp#27;[0m      &amp#27;[90m# stepDefinition.TryEditorPageStep.user_go_back_to_the_previous_page()&amp#27;[0m
Scenario status ======>PASSED
]]></system-out>
  </testcase>
  <testcase name="runScenario[&quot;To perform Queue Operations&quot;, &quot;H)To test the Queue page&quot;](149)" classname="runner.TestRunnerTestng" time="0.26">
    <system-out><![CDATA[
@qp_Qoperations
Scenario: To perform Queue Operations                                             &amp#27;[90m# src/test/resources/Features/08_queue.feature:151&amp#27;[0m
====================START SCENARIO=====================
User is on Implementation of using Array Page
  &amp#27;[32mGiven &amp#27;[0m&amp#27;[32mThe user is in  Implementation using Array Page&amp#27;[0m                           &amp#27;[90m# stepDefinition.QueueStep.the_user_is_in_Implementation_using_array_page()&amp#27;[0m
User clicks Operations button.
  &amp#27;[32mWhen &amp#27;[0m&amp#27;[32mThe user clicks Queue Operations button&amp#27;[0m                                    &amp#27;[90m# stepDefinition.QueueStep.the_user_clicks_queue_operations_button()&amp#27;[0m
  &amp#27;[32mThen &amp#27;[0m&amp#27;[32mThe user should be directed to &amp#27;[0m&amp#27;[32m&amp#27;[1m"Queue Operations"&amp#27;[0m&amp#27;[32m Queue Operations Pageq33&amp#27;[0m &amp#27;[90m# stepDefinition.QueueStep.the_user_should_be_directed_to_queue_operations_pageq33(java.lang.String)&amp#27;[0m
Scenario status ======>PASSED
]]></system-out>
  </testcase>
  <testcase name="runScenario[&quot;check user directed to tryeditor&quot;, &quot;H)To test the Queue page&quot;](150)" classname="runner.TestRunnerTestng" time="0.292">
    <system-out><![CDATA[
@Operationseditor
Scenario: check user directed to tryeditor                                                     &amp#27;[90m# src/test/resources/Features/08_queue.feature:157&amp#27;[0m
====================START SCENARIO=====================
User is on Homepage
  &amp#27;[32mGiven &amp#27;[0m&amp#27;[32mThe user is in the Operations in Stack page&amp#27;[0m                                            &amp#27;[90m# stepDefinition.TryHereStep.the_user_is_in_the_operations_in_stack_page()&amp#27;[0m
  &amp#27;[32mWhen &amp#27;[0m&amp#27;[32mThe user clicks Try Here button&amp#27;[0m                                                         &amp#27;[90m# stepDefinition.TryHereStep.the_user_clicks_try_here_button()&amp#27;[0m
  &amp#27;[32mThen &amp#27;[0m&amp#27;[32mThe user should be redirected to a page having an tryEditor with a &amp#27;[0m&amp#27;[32m&amp#27;[1m"Run"&amp#27;[0m&amp#27;[32m button to test&amp#27;[0m &amp#27;[90m# stepDefinition.TryHereStep.the_user_should_be_redirected_to_a_page_having_an_try_editor_with_a_button_to_test(java.lang.String)&amp#27;[0m
Scenario status ======>PASSED
]]></system-out>
  </testcase>
  <testcase name="runScenario[&quot;Python Editor page without data&quot;, &quot;H)To test the Queue page&quot;](151)" classname="runner.TestRunnerTestng" time="0.514">
    <system-out><![CDATA[
@PythonEditor_Blank
Scenario: Python Editor page without data                                    &amp#27;[90m# src/test/resources/Features/08_queue.feature:163&amp#27;[0m
====================START SCENARIO=====================
  &amp#27;[32mGiven &amp#27;[0m&amp#27;[32mThe user is on tryEditor page&amp#27;[0m                                        &amp#27;[90m# stepDefinition.TryEditorPageStep.the_user_is_on_try_editor_page()&amp#27;[0m
User did not enter any code and clicks run button.
  &amp#27;[32mWhen &amp#27;[0m&amp#27;[32mThe user clicks the run button without entring the code in the Editor&amp#27;[0m &amp#27;[90m# stepDefinition.TryEditorPageStep.the_user_clicks_the_run_button_without_entring_the_code_in_the_editor()&amp#27;[0m
No error message is displayed on the page.Raise as a BUG.
  &amp#27;[32mThen &amp#27;[0m&amp#27;[32mNothing happens to the page and no error message is displayed&amp#27;[0m         &amp#27;[90m# stepDefinition.TryEditorPageStep.nothing_happens_to_the_page_and_no_error_message_is_displayed()&amp#27;[0m
Scenario status ======>PASSED
]]></system-out>
  </testcase>
  <testcase name="runScenario[&quot;Python Editor page with Invalid data&quot;, &quot;H)To test the Queue page&quot;](152)" classname="runner.TestRunnerTestng" time="0.675">
    <system-out><![CDATA[
@PythonEditor_Invalid
Scenario Outline: Python Editor page with Invalid data                                                                                        &amp#27;[90m# src/test/resources/Features/08_queue.feature:177&amp#27;[0m
====================START SCENARIO=====================
Inside step-The user is on the same TryEditor page.
  &amp#27;[32mGiven &amp#27;[0m&amp#27;[32mUser is on the tryEditor page&amp#27;[0m                                                                                                         &amp#27;[90m# stepDefinition.TryEditorPageStep.user_is_on_the_try_editor_page()&amp#27;[0m
The sheet existance status is : true
print(10
  &amp#27;[32mAnd &amp#27;[0m&amp#27;[32menters the data in the Editor after reading data from excel sheet &amp#27;[0m&amp#27;[32m&amp#27;[1m"Python_code"&amp#27;[0m&amp#27;[32m with column_name &amp#27;[0m&amp#27;[32m&amp#27;[1m"Python_Invalid_Data"&amp#27;[0m&amp#27;[32m and row_number &amp#27;[0m&amp#27;[32m&amp#27;[1m2&amp#27;[0m &amp#27;[90m# stepDefinition.TryEditorPageStep.enters_the_data_in_the_editor_after_reading_data_from_excel_sheet_with_column_name_and_row_number(java.lang.String,java.lang.String,java.lang.Integer)&amp#27;[0m
  &amp#27;[32mWhen &amp#27;[0m&amp#27;[32mThe User clicks a run button&amp#27;[0m                                                                                                           &amp#27;[90m# stepDefinition.TryEditorPageStep.the_user_clicks_a_run_button()&amp#27;[0m
  &amp#27;[32mThen &amp#27;[0m&amp#27;[32mThe user see error msg in alert window and press ok button&amp#27;[0m                                                                             &amp#27;[90m# stepDefinition.TryEditorPageStep.the_user_see_error_msg_in_alert_window()&amp#27;[0m
Scenario status ======>PASSED
]]></system-out>
  </testcase>
  <testcase name="runScenario[&quot;Python Editor page with valid data&quot;, &quot;H)To test the Queue page&quot;](153)" classname="runner.TestRunnerTestng" time="0.536">
    <system-out><![CDATA[
@PythonEditor_Valid
Scenario Outline: Python Editor page with valid data                                                                                    &amp#27;[90m# src/test/resources/Features/08_queue.feature:188&amp#27;[0m
====================START SCENARIO=====================
  &amp#27;[32mGiven &amp#27;[0m&amp#27;[32mThe user is on the tryEditor page&amp#27;[0m                                                                                               &amp#27;[90m# stepDefinition.TryEditorPageStep.the_user_is_on_the_try_editor_page()&amp#27;[0m
The sheet existance status is : true
print(10);
  &amp#27;[32mAnd &amp#27;[0m&amp#27;[32menters data in the Editor after reading data from excel sheet &amp#27;[0m&amp#27;[32m&amp#27;[1m"Python_code"&amp#27;[0m&amp#27;[32m with column_name &amp#27;[0m&amp#27;[32m&amp#27;[1m"Python_Valid_Data"&amp#27;[0m&amp#27;[32m and row_number &amp#27;[0m&amp#27;[32m&amp#27;[1m2&amp#27;[0m &amp#27;[90m# stepDefinition.TryEditorPageStep.enters_data_in_the_editor_after_reading_data_from_excel_sheet_with_column_name_and_row_number(java.lang.String,java.lang.String,java.lang.Integer)&amp#27;[0m
  &amp#27;[32mWhen &amp#27;[0m&amp#27;[32mUser clicks a run button&amp#27;[0m                                                                                                         &amp#27;[90m# stepDefinition.TryEditorPageStep.user_clicks_a_run_button()&amp#27;[0m
Console screen containing output is displayed.
The User able to see result in the console: 10
  &amp#27;[32mThen &amp#27;[0m&amp#27;[32moutput should be displayed on the console&amp#27;[0m                                                                                        &amp#27;[90m# stepDefinition.TryEditorPageStep.output_should_be_displayed_on_the_console()&amp#27;[0m
Scenario status ======>PASSED
]]></system-out>
  </testcase>
  <testcase name="runScenario[&quot;User go back to the previous page&quot;, &quot;H)To test the Queue page&quot;](154)" classname="runner.TestRunnerTestng" time="0.209">
    <system-out><![CDATA[
@previousPage
Scenario: User go back to the previous page   &amp#27;[90m# src/test/resources/Features/08_queue.feature:191&amp#27;[0m
====================START SCENARIO=====================
The user is already on tryEditor page
  &amp#27;[32mGiven &amp#27;[0m&amp#27;[32mThe user is already on tryEditor page&amp#27;[0m &amp#27;[90m# stepDefinition.TryEditorPageStep.the_user_is_already_on_try_editor_page()&amp#27;[0m
Console screen containing output is displayed.
  &amp#27;[32mWhen &amp#27;[0m&amp#27;[32mUser able to see output in console&amp#27;[0m     &amp#27;[90m# stepDefinition.TryEditorPageStep.user_able_to_see_output_in_console()&amp#27;[0m
Console screen containing output is displayed and user go to the previous page.
  &amp#27;[32mThen &amp#27;[0m&amp#27;[32mUser go back to the previous page&amp#27;[0m      &amp#27;[90m# stepDefinition.TryEditorPageStep.user_go_back_to_the_previous_page()&amp#27;[0m
Scenario status ======>PASSED
]]></system-out>
  </testcase>
  <testcase name="runScenario[&quot;to test practice question link&quot;, &quot;H)To test the Queue page&quot;](155)" classname="runner.TestRunnerTestng" time="0.211">
    <system-out><![CDATA[
@qp_pracQues
Scenario: to test practice question link                                                      &amp#27;[90m# src/test/resources/Features/08_queue.feature:198&amp#27;[0m
====================START SCENARIO=====================
User is on Queuepage
  &amp#27;[32mGiven &amp#27;[0m&amp#27;[32mThe user is in the Queue page&amp#27;[0m                                                         &amp#27;[90m# stepDefinition.QueueStep.the_user_is_in_the_queue_page()&amp#27;[0m
User clicks Practice Questions  on queue
  &amp#27;[32mWhen &amp#27;[0m&amp#27;[32mThe user clicks Practice Questions on queue&amp#27;[0m                                            &amp#27;[90m# stepDefinition.QueueStep.the_user_clicks_practice_questions_on_queue()&amp#27;[0m
  &amp#27;[32mThen &amp#27;[0m&amp#27;[32mThe user should be redirected to &amp#27;[0m&amp#27;[32m&amp#27;[1m"Practice Questions"&amp#27;[0m&amp#27;[32m Practice Questions page of queue&amp#27;[0m &amp#27;[90m# stepDefinition.QueueStep.the_user_should_be_redirected_to_practice_questions_page_of_queue(java.lang.String)&amp#27;[0m
Scenario status ======>PASSED
]]></system-out>
  </testcase>
  <testcase name="runScenario[&quot;User go back to the DS Algo home page&quot;, &quot;H)To test the Queue page&quot;](156)" classname="runner.TestRunnerTestng" time="0.143">
    <system-out><![CDATA[
@backtoDSHomePage
Scenario: User go back to the DS Algo home page                                       &amp#27;[90m# src/test/resources/Features/08_queue.feature:204&amp#27;[0m
====================START SCENARIO=====================
User is on Practice Questions page.
  &amp#27;[32mGiven &amp#27;[0m&amp#27;[32mThe user is already on Practice Questions page&amp#27;[0m                                &amp#27;[90m# stepDefinition.TreeStep.the_user_is_already_on_practice_questions_page()&amp#27;[0m
The practice questions page is blank.
  &amp#27;[32mWhen &amp#27;[0m&amp#27;[32mNothing is displayed on the page&amp#27;[0m                                               &amp#27;[90m# stepDefinition.TreeStep.nothing_is_displayed_on_the_page()&amp#27;[0m
Verify Home page title by Assertions.
User is redirected to https://dsportalapp.herokuapp.com/home DS Algo home page
  &amp#27;[32mThen &amp#27;[0m&amp#27;[32mUser go back to the &amp#27;[0m&amp#27;[32m&amp#27;[1m"https://dsportalapp.herokuapp.com/home"&amp#27;[0m&amp#27;[32m DS Algo home page&amp#27;[0m &amp#27;[90m# stepDefinition.TreeStep.user_go_back_to_the_ds_algo_home_page(java.lang.String)&amp#27;[0m
Scenario status ======>PASSED
]]></system-out>
  </testcase>
  <testcase name="runScenario[&quot;Get started to Tree from DS Algo home page&quot;, &quot;I)Automatating Tree Module pages&quot;](157)" classname="runner.TestRunnerTestng" time="0.373">
    <system-out><![CDATA[
@TreePage
Scenario: Get started to Tree from DS Algo home page      &amp#27;[90m# src/test/resources/Features/09_dsTree.feature:4&amp#27;[0m
====================START SCENARIO=====================
Inside step-User is on DS Algo home page.
Verify Home page title by Assertions.
  &amp#27;[32mGiven &amp#27;[0m&amp#27;[32mUser is on the DS algo home page&amp#27;[0m                  &amp#27;[90m# stepDefinition.TreeStep.user_is_on_the_ds_algo_home_page()&amp#27;[0m
User clicks Tree Get Started button.
  &amp#27;[32mWhen &amp#27;[0m&amp#27;[32mUser clicks Get started button from Tree pane&amp#27;[0m      &amp#27;[90m# stepDefinition.TreeStep.user_clicks_get_started_button_from_tree_pane()&amp#27;[0m
The user able to see Title: Tree
Verify Tree Home page title by Assertions.
  &amp#27;[32mThen &amp#27;[0m&amp#27;[32mUser should be redirected to &amp#27;[0m&amp#27;[32m&amp#27;[1m"Tree"&amp#27;[0m&amp#27;[32m Tree home page&amp#27;[0m &amp#27;[90m# stepDefinition.TreeStep.user_should_be_redirected_to_tree_home_page(java.lang.String)&amp#27;[0m
Scenario status ======>PASSED
]]></system-out>
  </testcase>
  <testcase name="runScenario[&quot;Tree home page Link&quot;, &quot;I)Automatating Tree Module pages&quot;](158)" classname="runner.TestRunnerTestng" time="0.325">
    <system-out><![CDATA[
@OverviewofTree
Scenario: Tree home page Link                                        &amp#27;[90m# src/test/resources/Features/09_dsTree.feature:11&amp#27;[0m
====================START SCENARIO=====================
  &amp#27;[32mGiven &amp#27;[0m&amp#27;[32mUser is on Tree home page&amp#27;[0m                                    &amp#27;[90m# stepDefinition.TreeStep.user_is_on_tree_home_page()&amp#27;[0m
User clicks Overview of Trees link.
  &amp#27;[32mWhen &amp#27;[0m&amp#27;[32mUser clicks Overview of Trees link&amp#27;[0m                            &amp#27;[90m# stepDefinition.TreeStep.user_clicks_overview_of_trees_link()&amp#27;[0m
The user able to see Title: Overview of Trees
Verify Overview of Trees page title by Assertions.
User is on Overview of Trees
  &amp#27;[32mThen &amp#27;[0m&amp#27;[32mUser should be redirected to &amp#27;[0m&amp#27;[32m&amp#27;[1m"Overview of Trees"&amp#27;[0m&amp#27;[32m Tree OT page&amp#27;[0m &amp#27;[90m# stepDefinition.TreeStep.user_should_be_redirected_to_tree_ot_page(java.lang.String)&amp#27;[0m
Scenario status ======>PASSED
]]></system-out>
  </testcase>
  <testcase name="runScenario[&quot;Overview of Trees page&quot;, &quot;I)Automatating Tree Module pages&quot;](159)" classname="runner.TestRunnerTestng" time="0.477">
    <system-out><![CDATA[
@PythonEditor
Scenario: Overview of Trees page                                                                                              &amp#27;[90m# src/test/resources/Features/09_dsTree.feature:17&amp#27;[0m
====================START SCENARIO=====================
  &amp#27;[32mGiven &amp#27;[0m&amp#27;[32mUser is on Overview of Trees page&amp#27;[0m                                                                                     &amp#27;[90m# stepDefinition.TreeStep.user_is_on_overview_of_trees_page()&amp#27;[0m
User clicks Try Here link on Overview of Trees page
  &amp#27;[32mWhen &amp#27;[0m&amp#27;[32mUser clicks a Try Here link on Overview of Trees page&amp#27;[0m                                                                  &amp#27;[90m# stepDefinition.TreeStep.user_clicks_a_try_here_link()&amp#27;[0m
  &amp#27;[32mThen &amp#27;[0m&amp#27;[32mUser should be redirected to &amp#27;[0m&amp#27;[32m&amp#27;[1m"https://dsportalapp.herokuapp.com/tryEditor"&amp#27;[0m&amp#27;[32m tryEditor page having Editor and run button&amp#27;[0m &amp#27;[90m# stepDefinition.GraphStep.user_should_be_redirected_to_try_editor_page_having_editor_and_run_button(java.lang.String)&amp#27;[0m
Scenario status ======>PASSED
]]></system-out>
  </testcase>
  <testcase name="runScenario[&quot;Python Editor page without data&quot;, &quot;I)Automatating Tree Module pages&quot;](160)" classname="runner.TestRunnerTestng" time="0.458">
    <system-out><![CDATA[
@PythonEditor_Blank
Scenario: Python Editor page without data                                    &amp#27;[90m# src/test/resources/Features/09_dsTree.feature:23&amp#27;[0m
====================START SCENARIO=====================
  &amp#27;[32mGiven &amp#27;[0m&amp#27;[32mThe user is on tryEditor page&amp#27;[0m                                        &amp#27;[90m# stepDefinition.TryEditorPageStep.the_user_is_on_try_editor_page()&amp#27;[0m
User did not enter any code and clicks run button.
  &amp#27;[32mWhen &amp#27;[0m&amp#27;[32mThe user clicks the run button without entring the code in the Editor&amp#27;[0m &amp#27;[90m# stepDefinition.TryEditorPageStep.the_user_clicks_the_run_button_without_entring_the_code_in_the_editor()&amp#27;[0m
No error message is displayed on the page.Raise as a BUG.
  &amp#27;[32mThen &amp#27;[0m&amp#27;[32mNothing happens to the page and no error message is displayed&amp#27;[0m         &amp#27;[90m# stepDefinition.TryEditorPageStep.nothing_happens_to_the_page_and_no_error_message_is_displayed()&amp#27;[0m
Scenario status ======>PASSED
]]></system-out>
  </testcase>
  <testcase name="runScenario[&quot;Python Editor page with Invalid data&quot;, &quot;I)Automatating Tree Module pages&quot;](161)" classname="runner.TestRunnerTestng" time="0.561">
    <system-out><![CDATA[
@PythonEditor_Invalid
Scenario Outline: Python Editor page with Invalid data                                                                                        &amp#27;[90m# src/test/resources/Features/09_dsTree.feature:37&amp#27;[0m
====================START SCENARIO=====================
Inside step-The user is on the same TryEditor page.
  &amp#27;[32mGiven &amp#27;[0m&amp#27;[32mUser is on the tryEditor page&amp#27;[0m                                                                                                         &amp#27;[90m# stepDefinition.TryEditorPageStep.user_is_on_the_try_editor_page()&amp#27;[0m
The sheet existance status is : true
print(10
  &amp#27;[32mAnd &amp#27;[0m&amp#27;[32menters the data in the Editor after reading data from excel sheet &amp#27;[0m&amp#27;[32m&amp#27;[1m"Python_code"&amp#27;[0m&amp#27;[32m with column_name &amp#27;[0m&amp#27;[32m&amp#27;[1m"Python_Invalid_Data"&amp#27;[0m&amp#27;[32m and row_number &amp#27;[0m&amp#27;[32m&amp#27;[1m2&amp#27;[0m &amp#27;[90m# stepDefinition.TryEditorPageStep.enters_the_data_in_the_editor_after_reading_data_from_excel_sheet_with_column_name_and_row_number(java.lang.String,java.lang.String,java.lang.Integer)&amp#27;[0m
  &amp#27;[32mWhen &amp#27;[0m&amp#27;[32mThe User clicks a run button&amp#27;[0m                                                                                                           &amp#27;[90m# stepDefinition.TryEditorPageStep.the_user_clicks_a_run_button()&amp#27;[0m
  &amp#27;[32mThen &amp#27;[0m&amp#27;[32mThe user see error msg in alert window and press ok button&amp#27;[0m                                                                             &amp#27;[90m# stepDefinition.TryEditorPageStep.the_user_see_error_msg_in_alert_window()&amp#27;[0m
Scenario status ======>PASSED
]]></system-out>
  </testcase>
  <testcase name="runScenario[&quot;Python Editor page with valid data&quot;, &quot;I)Automatating Tree Module pages&quot;](162)" classname="runner.TestRunnerTestng" time="0.533">
    <system-out><![CDATA[
@PythonEditor_Valid
Scenario Outline: Python Editor page with valid data                                                                                    &amp#27;[90m# src/test/resources/Features/09_dsTree.feature:48&amp#27;[0m
====================START SCENARIO=====================
  &amp#27;[32mGiven &amp#27;[0m&amp#27;[32mThe user is on the tryEditor page&amp#27;[0m                                                                                               &amp#27;[90m# stepDefinition.TryEditorPageStep.the_user_is_on_the_try_editor_page()&amp#27;[0m
The sheet existance status is : true
print(10);
  &amp#27;[32mAnd &amp#27;[0m&amp#27;[32menters data in the Editor after reading data from excel sheet &amp#27;[0m&amp#27;[32m&amp#27;[1m"Python_code"&amp#27;[0m&amp#27;[32m with column_name &amp#27;[0m&amp#27;[32m&amp#27;[1m"Python_Valid_Data"&amp#27;[0m&amp#27;[32m and row_number &amp#27;[0m&amp#27;[32m&amp#27;[1m2&amp#27;[0m &amp#27;[90m# stepDefinition.TryEditorPageStep.enters_data_in_the_editor_after_reading_data_from_excel_sheet_with_column_name_and_row_number(java.lang.String,java.lang.String,java.lang.Integer)&amp#27;[0m
  &amp#27;[32mWhen &amp#27;[0m&amp#27;[32mUser clicks a run button&amp#27;[0m                                                                                                         &amp#27;[90m# stepDefinition.TryEditorPageStep.user_clicks_a_run_button()&amp#27;[0m
Console screen containing output is displayed.
The User able to see result in the console: 10
  &amp#27;[32mThen &amp#27;[0m&amp#27;[32moutput should be displayed on the console&amp#27;[0m                                                                                        &amp#27;[90m# stepDefinition.TryEditorPageStep.output_should_be_displayed_on_the_console()&amp#27;[0m
Scenario status ======>PASSED
]]></system-out>
  </testcase>
  <testcase name="runScenario[&quot;User go back to the previous page&quot;, &quot;I)Automatating Tree Module pages&quot;](163)" classname="runner.TestRunnerTestng" time="0.195">
    <system-out><![CDATA[
@previousPage
Scenario: User go back to the previous page   &amp#27;[90m# src/test/resources/Features/09_dsTree.feature:51&amp#27;[0m
====================START SCENARIO=====================
The user is already on tryEditor page
  &amp#27;[32mGiven &amp#27;[0m&amp#27;[32mThe user is already on tryEditor page&amp#27;[0m &amp#27;[90m# stepDefinition.TryEditorPageStep.the_user_is_already_on_try_editor_page()&amp#27;[0m
Console screen containing output is displayed.
  &amp#27;[32mWhen &amp#27;[0m&amp#27;[32mUser able to see output in console&amp#27;[0m     &amp#27;[90m# stepDefinition.TryEditorPageStep.user_able_to_see_output_in_console()&amp#27;[0m
Console screen containing output is displayed and user go to the previous page.
  &amp#27;[32mThen &amp#27;[0m&amp#27;[32mUser go back to the previous page&amp#27;[0m      &amp#27;[90m# stepDefinition.TryEditorPageStep.user_go_back_to_the_previous_page()&amp#27;[0m
Scenario status ======>PASSED
]]></system-out>
  </testcase>
  <testcase name="runScenario[&quot;Terminologies page Link&quot;, &quot;I)Automatating Tree Module pages&quot;](164)" classname="runner.TestRunnerTestng" time="0.298">
    <system-out><![CDATA[
@Terminologies
Scenario: Terminologies page Link                                           &amp#27;[90m# src/test/resources/Features/09_dsTree.feature:58&amp#27;[0m
====================START SCENARIO=====================
  &amp#27;[32mGiven &amp#27;[0m&amp#27;[32mUser is on Overview of Trees page&amp#27;[0m                                   &amp#27;[90m# stepDefinition.TreeStep.user_is_on_overview_of_trees_page()&amp#27;[0m
User clicks Terminologies link.
  &amp#27;[32mWhen &amp#27;[0m&amp#27;[32mUser clicks Terminologies link&amp#27;[0m                                       &amp#27;[90m# stepDefinition.TreeStep.user_clicks_terminologies_link()&amp#27;[0m
The user able to see Title: Terminologies
Verify Terminologies page title by Assertions.
User is on Terminologies
  &amp#27;[32mThen &amp#27;[0m&amp#27;[32mUser should be redirected to &amp#27;[0m&amp#27;[32m&amp#27;[1m"Terminologies"&amp#27;[0m&amp#27;[32m Tree Terminologies page&amp#27;[0m &amp#27;[90m# stepDefinition.TreeStep.user_should_be_redirected_to_tree_terminologies_page(java.lang.String)&amp#27;[0m
Scenario status ======>PASSED
]]></system-out>
  </testcase>
  <testcase name="runScenario[&quot;Terminologies page&quot;, &quot;I)Automatating Tree Module pages&quot;](165)" classname="runner.TestRunnerTestng" time="0.437">
    <system-out><![CDATA[
@PythonEditor
Scenario: Terminologies page                                                                                                  &amp#27;[90m# src/test/resources/Features/09_dsTree.feature:64&amp#27;[0m
====================START SCENARIO=====================
  &amp#27;[32mGiven &amp#27;[0m&amp#27;[32mUser is on Terminologies page&amp#27;[0m                                                                                         &amp#27;[90m# stepDefinition.TreeStep.user_is_on_terminologies_page()&amp#27;[0m
User clicks Try Here link on Terminologies page
  &amp#27;[32mWhen &amp#27;[0m&amp#27;[32mUser clicks a Try Here link on Terminologies page&amp#27;[0m                                                                      &amp#27;[90m# stepDefinition.TreeStep.user_clicks_a_try_here_link_on_terminologies_page()&amp#27;[0m
  &amp#27;[32mThen &amp#27;[0m&amp#27;[32mUser should be redirected to &amp#27;[0m&amp#27;[32m&amp#27;[1m"https://dsportalapp.herokuapp.com/tryEditor"&amp#27;[0m&amp#27;[32m tryEditor page having Editor and run button&amp#27;[0m &amp#27;[90m# stepDefinition.GraphStep.user_should_be_redirected_to_try_editor_page_having_editor_and_run_button(java.lang.String)&amp#27;[0m
Scenario status ======>PASSED
]]></system-out>
  </testcase>
  <testcase name="runScenario[&quot;Python Editor page without data&quot;, &quot;I)Automatating Tree Module pages&quot;](166)" classname="runner.TestRunnerTestng" time="0.426">
    <system-out><![CDATA[
@PythonEditor_Blank
Scenario: Python Editor page without data                                    &amp#27;[90m# src/test/resources/Features/09_dsTree.feature:70&amp#27;[0m
====================START SCENARIO=====================
  &amp#27;[32mGiven &amp#27;[0m&amp#27;[32mThe user is on tryEditor page&amp#27;[0m                                        &amp#27;[90m# stepDefinition.TryEditorPageStep.the_user_is_on_try_editor_page()&amp#27;[0m
User did not enter any code and clicks run button.
  &amp#27;[32mWhen &amp#27;[0m&amp#27;[32mThe user clicks the run button without entring the code in the Editor&amp#27;[0m &amp#27;[90m# stepDefinition.TryEditorPageStep.the_user_clicks_the_run_button_without_entring_the_code_in_the_editor()&amp#27;[0m
No error message is displayed on the page.Raise as a BUG.
  &amp#27;[32mThen &amp#27;[0m&amp#27;[32mNothing happens to the page and no error message is displayed&amp#27;[0m         &amp#27;[90m# stepDefinition.TryEditorPageStep.nothing_happens_to_the_page_and_no_error_message_is_displayed()&amp#27;[0m
Scenario status ======>PASSED
]]></system-out>
  </testcase>
  <testcase name="runScenario[&quot;Python Editor page with Invalid data&quot;, &quot;I)Automatating Tree Module pages&quot;](167)" classname="runner.TestRunnerTestng" time="0.53">
    <system-out><![CDATA[
@PythonEditor_Invalid
Scenario Outline: Python Editor page with Invalid data                                                                                        &amp#27;[90m# src/test/resources/Features/09_dsTree.feature:84&amp#27;[0m
====================START SCENARIO=====================
Inside step-The user is on the same TryEditor page.
  &amp#27;[32mGiven &amp#27;[0m&amp#27;[32mUser is on the tryEditor page&amp#27;[0m                                                                                                         &amp#27;[90m# stepDefinition.TryEditorPageStep.user_is_on_the_try_editor_page()&amp#27;[0m
The sheet existance status is : true
print(10
  &amp#27;[32mAnd &amp#27;[0m&amp#27;[32menters the data in the Editor after reading data from excel sheet &amp#27;[0m&amp#27;[32m&amp#27;[1m"Python_code"&amp#27;[0m&amp#27;[32m with column_name &amp#27;[0m&amp#27;[32m&amp#27;[1m"Python_Invalid_Data"&amp#27;[0m&amp#27;[32m and row_number &amp#27;[0m&amp#27;[32m&amp#27;[1m2&amp#27;[0m &amp#27;[90m# stepDefinition.TryEditorPageStep.enters_the_data_in_the_editor_after_reading_data_from_excel_sheet_with_column_name_and_row_number(java.lang.String,java.lang.String,java.lang.Integer)&amp#27;[0m
  &amp#27;[32mWhen &amp#27;[0m&amp#27;[32mThe User clicks a run button&amp#27;[0m                                                                                                           &amp#27;[90m# stepDefinition.TryEditorPageStep.the_user_clicks_a_run_button()&amp#27;[0m
  &amp#27;[32mThen &amp#27;[0m&amp#27;[32mThe user see error msg in alert window and press ok button&amp#27;[0m                                                                             &amp#27;[90m# stepDefinition.TryEditorPageStep.the_user_see_error_msg_in_alert_window()&amp#27;[0m
Scenario status ======>PASSED
]]></system-out>
  </testcase>
  <testcase name="runScenario[&quot;Python Editor page with valid data&quot;, &quot;I)Automatating Tree Module pages&quot;](168)" classname="runner.TestRunnerTestng" time="0.6">
    <system-out><![CDATA[
@PythonEditor_Valid
Scenario Outline: Python Editor page with valid data                                                                                    &amp#27;[90m# src/test/resources/Features/09_dsTree.feature:95&amp#27;[0m
====================START SCENARIO=====================
  &amp#27;[32mGiven &amp#27;[0m&amp#27;[32mThe user is on the tryEditor page&amp#27;[0m                                                                                               &amp#27;[90m# stepDefinition.TryEditorPageStep.the_user_is_on_the_try_editor_page()&amp#27;[0m
The sheet existance status is : true
print(10);
  &amp#27;[32mAnd &amp#27;[0m&amp#27;[32menters data in the Editor after reading data from excel sheet &amp#27;[0m&amp#27;[32m&amp#27;[1m"Python_code"&amp#27;[0m&amp#27;[32m with column_name &amp#27;[0m&amp#27;[32m&amp#27;[1m"Python_Valid_Data"&amp#27;[0m&amp#27;[32m and row_number &amp#27;[0m&amp#27;[32m&amp#27;[1m2&amp#27;[0m &amp#27;[90m# stepDefinition.TryEditorPageStep.enters_data_in_the_editor_after_reading_data_from_excel_sheet_with_column_name_and_row_number(java.lang.String,java.lang.String,java.lang.Integer)&amp#27;[0m
  &amp#27;[32mWhen &amp#27;[0m&amp#27;[32mUser clicks a run button&amp#27;[0m                                                                                                         &amp#27;[90m# stepDefinition.TryEditorPageStep.user_clicks_a_run_button()&amp#27;[0m
Console screen containing output is displayed.
The User able to see result in the console: 10
  &amp#27;[32mThen &amp#27;[0m&amp#27;[32moutput should be displayed on the console&amp#27;[0m                                                                                        &amp#27;[90m# stepDefinition.TryEditorPageStep.output_should_be_displayed_on_the_console()&amp#27;[0m
Scenario status ======>PASSED
]]></system-out>
  </testcase>
  <testcase name="runScenario[&quot;User go back to the previous page&quot;, &quot;I)Automatating Tree Module pages&quot;](169)" classname="runner.TestRunnerTestng" time="0.195">
    <system-out><![CDATA[
@previousPage
Scenario: User go back to the previous page   &amp#27;[90m# src/test/resources/Features/09_dsTree.feature:98&amp#27;[0m
====================START SCENARIO=====================
The user is already on tryEditor page
  &amp#27;[32mGiven &amp#27;[0m&amp#27;[32mThe user is already on tryEditor page&amp#27;[0m &amp#27;[90m# stepDefinition.TryEditorPageStep.the_user_is_already_on_try_editor_page()&amp#27;[0m
Console screen containing output is displayed.
  &amp#27;[32mWhen &amp#27;[0m&amp#27;[32mUser able to see output in console&amp#27;[0m     &amp#27;[90m# stepDefinition.TryEditorPageStep.user_able_to_see_output_in_console()&amp#27;[0m
Console screen containing output is displayed and user go to the previous page.
  &amp#27;[32mThen &amp#27;[0m&amp#27;[32mUser go back to the previous page&amp#27;[0m      &amp#27;[90m# stepDefinition.TryEditorPageStep.user_go_back_to_the_previous_page()&amp#27;[0m
Scenario status ======>PASSED
]]></system-out>
  </testcase>
  <testcase name="runScenario[&quot;Types of Trees page Link&quot;, &quot;I)Automatating Tree Module pages&quot;](170)" classname="runner.TestRunnerTestng" time="0.31">
    <system-out><![CDATA[
@TypesofTrees
Scenario: Types of Trees page Link                                       &amp#27;[90m# src/test/resources/Features/09_dsTree.feature:105&amp#27;[0m
====================START SCENARIO=====================
  &amp#27;[32mGiven &amp#27;[0m&amp#27;[32mUser is on Terminologies page&amp#27;[0m                                    &amp#27;[90m# stepDefinition.TreeStep.user_is_on_terminologies_page()&amp#27;[0m
User clicks Types of Trees link.
  &amp#27;[32mWhen &amp#27;[0m&amp#27;[32mUser clicks Types of Trees link&amp#27;[0m                                   &amp#27;[90m# stepDefinition.TreeStep.user_clicks_types_of_trees_link()&amp#27;[0m
The user able to see Title: Types of Trees
Verify Types of Trees page title by Assertions.
User is on Types of Trees
  &amp#27;[32mThen &amp#27;[0m&amp#27;[32mUser should be redirected to &amp#27;[0m&amp#27;[32m&amp#27;[1m"Types of Trees"&amp#27;[0m&amp#27;[32m Types of Trees page&amp#27;[0m &amp#27;[90m# stepDefinition.TreeStep.user_should_be_redirected_to_tree_page(java.lang.String)&amp#27;[0m
Scenario status ======>PASSED
]]></system-out>
  </testcase>
  <testcase name="runScenario[&quot;Types of Trees page&quot;, &quot;I)Automatating Tree Module pages&quot;](171)" classname="runner.TestRunnerTestng" time="0.516">
    <system-out><![CDATA[
@PythonEditor
Scenario: Types of Trees page                                                                                                 &amp#27;[90m# src/test/resources/Features/09_dsTree.feature:111&amp#27;[0m
====================START SCENARIO=====================
  &amp#27;[32mGiven &amp#27;[0m&amp#27;[32mUser is on Types of Trees page&amp#27;[0m                                                                                        &amp#27;[90m# stepDefinition.TreeStep.user_is_on_types_of_trees_page()&amp#27;[0m
User clicks Try Here link on Types of Trees page
  &amp#27;[32mWhen &amp#27;[0m&amp#27;[32mUser clicks a Try Here link on Types of Trees page&amp#27;[0m                                                                     &amp#27;[90m# stepDefinition.TreeStep.user_clicks_a_try_here_link_on_types_of_trees_page()&amp#27;[0m
  &amp#27;[32mThen &amp#27;[0m&amp#27;[32mUser should be redirected to &amp#27;[0m&amp#27;[32m&amp#27;[1m"https://dsportalapp.herokuapp.com/tryEditor"&amp#27;[0m&amp#27;[32m tryEditor page having Editor and run button&amp#27;[0m &amp#27;[90m# stepDefinition.GraphStep.user_should_be_redirected_to_try_editor_page_having_editor_and_run_button(java.lang.String)&amp#27;[0m
Scenario status ======>PASSED
]]></system-out>
  </testcase>
  <testcase name="runScenario[&quot;Python Editor page without data&quot;, &quot;I)Automatating Tree Module pages&quot;](172)" classname="runner.TestRunnerTestng" time="0.438">
    <system-out><![CDATA[
@PythonEditor_Blank
Scenario: Python Editor page without data                                    &amp#27;[90m# src/test/resources/Features/09_dsTree.feature:117&amp#27;[0m
====================START SCENARIO=====================
  &amp#27;[32mGiven &amp#27;[0m&amp#27;[32mThe user is on tryEditor page&amp#27;[0m                                        &amp#27;[90m# stepDefinition.TryEditorPageStep.the_user_is_on_try_editor_page()&amp#27;[0m
User did not enter any code and clicks run button.
  &amp#27;[32mWhen &amp#27;[0m&amp#27;[32mThe user clicks the run button without entring the code in the Editor&amp#27;[0m &amp#27;[90m# stepDefinition.TryEditorPageStep.the_user_clicks_the_run_button_without_entring_the_code_in_the_editor()&amp#27;[0m
No error message is displayed on the page.Raise as a BUG.
  &amp#27;[32mThen &amp#27;[0m&amp#27;[32mNothing happens to the page and no error message is displayed&amp#27;[0m         &amp#27;[90m# stepDefinition.TryEditorPageStep.nothing_happens_to_the_page_and_no_error_message_is_displayed()&amp#27;[0m
Scenario status ======>PASSED
]]></system-out>
  </testcase>
  <testcase name="runScenario[&quot;Python Editor page with Invalid data&quot;, &quot;I)Automatating Tree Module pages&quot;](173)" classname="runner.TestRunnerTestng" time="0.55">
    <system-out><![CDATA[
@PythonEditor_Invalid
Scenario Outline: Python Editor page with Invalid data                                                                                        &amp#27;[90m# src/test/resources/Features/09_dsTree.feature:131&amp#27;[0m
====================START SCENARIO=====================
Inside step-The user is on the same TryEditor page.
  &amp#27;[32mGiven &amp#27;[0m&amp#27;[32mUser is on the tryEditor page&amp#27;[0m                                                                                                         &amp#27;[90m# stepDefinition.TryEditorPageStep.user_is_on_the_try_editor_page()&amp#27;[0m
The sheet existance status is : true
print(10
  &amp#27;[32mAnd &amp#27;[0m&amp#27;[32menters the data in the Editor after reading data from excel sheet &amp#27;[0m&amp#27;[32m&amp#27;[1m"Python_code"&amp#27;[0m&amp#27;[32m with column_name &amp#27;[0m&amp#27;[32m&amp#27;[1m"Python_Invalid_Data"&amp#27;[0m&amp#27;[32m and row_number &amp#27;[0m&amp#27;[32m&amp#27;[1m2&amp#27;[0m &amp#27;[90m# stepDefinition.TryEditorPageStep.enters_the_data_in_the_editor_after_reading_data_from_excel_sheet_with_column_name_and_row_number(java.lang.String,java.lang.String,java.lang.Integer)&amp#27;[0m
  &amp#27;[32mWhen &amp#27;[0m&amp#27;[32mThe User clicks a run button&amp#27;[0m                                                                                                           &amp#27;[90m# stepDefinition.TryEditorPageStep.the_user_clicks_a_run_button()&amp#27;[0m
  &amp#27;[32mThen &amp#27;[0m&amp#27;[32mThe user see error msg in alert window and press ok button&amp#27;[0m                                                                             &amp#27;[90m# stepDefinition.TryEditorPageStep.the_user_see_error_msg_in_alert_window()&amp#27;[0m
Scenario status ======>PASSED
]]></system-out>
  </testcase>
  <testcase name="runScenario[&quot;Python Editor page with valid data&quot;, &quot;I)Automatating Tree Module pages&quot;](174)" classname="runner.TestRunnerTestng" time="0.537">
    <system-out><![CDATA[
@PythonEditor_Valid
Scenario Outline: Python Editor page with valid data                                                                                    &amp#27;[90m# src/test/resources/Features/09_dsTree.feature:142&amp#27;[0m
====================START SCENARIO=====================
  &amp#27;[32mGiven &amp#27;[0m&amp#27;[32mThe user is on the tryEditor page&amp#27;[0m                                                                                               &amp#27;[90m# stepDefinition.TryEditorPageStep.the_user_is_on_the_try_editor_page()&amp#27;[0m
The sheet existance status is : true
print(10);
  &amp#27;[32mAnd &amp#27;[0m&amp#27;[32menters data in the Editor after reading data from excel sheet &amp#27;[0m&amp#27;[32m&amp#27;[1m"Python_code"&amp#27;[0m&amp#27;[32m with column_name &amp#27;[0m&amp#27;[32m&amp#27;[1m"Python_Valid_Data"&amp#27;[0m&amp#27;[32m and row_number &amp#27;[0m&amp#27;[32m&amp#27;[1m2&amp#27;[0m &amp#27;[90m# stepDefinition.TryEditorPageStep.enters_data_in_the_editor_after_reading_data_from_excel_sheet_with_column_name_and_row_number(java.lang.String,java.lang.String,java.lang.Integer)&amp#27;[0m
  &amp#27;[32mWhen &amp#27;[0m&amp#27;[32mUser clicks a run button&amp#27;[0m                                                                                                         &amp#27;[90m# stepDefinition.TryEditorPageStep.user_clicks_a_run_button()&amp#27;[0m
Console screen containing output is displayed.
The User able to see result in the console: 10
  &amp#27;[32mThen &amp#27;[0m&amp#27;[32moutput should be displayed on the console&amp#27;[0m                                                                                        &amp#27;[90m# stepDefinition.TryEditorPageStep.output_should_be_displayed_on_the_console()&amp#27;[0m
Scenario status ======>PASSED
]]></system-out>
  </testcase>
  <testcase name="runScenario[&quot;User go back to the previous page&quot;, &quot;I)Automatating Tree Module pages&quot;](175)" classname="runner.TestRunnerTestng" time="0.185">
    <system-out><![CDATA[
@previousPage
Scenario: User go back to the previous page   &amp#27;[90m# src/test/resources/Features/09_dsTree.feature:145&amp#27;[0m
====================START SCENARIO=====================
The user is already on tryEditor page
  &amp#27;[32mGiven &amp#27;[0m&amp#27;[32mThe user is already on tryEditor page&amp#27;[0m &amp#27;[90m# stepDefinition.TryEditorPageStep.the_user_is_already_on_try_editor_page()&amp#27;[0m
Console screen containing output is displayed.
  &amp#27;[32mWhen &amp#27;[0m&amp#27;[32mUser able to see output in console&amp#27;[0m     &amp#27;[90m# stepDefinition.TryEditorPageStep.user_able_to_see_output_in_console()&amp#27;[0m
Console screen containing output is displayed and user go to the previous page.
  &amp#27;[32mThen &amp#27;[0m&amp#27;[32mUser go back to the previous page&amp#27;[0m      &amp#27;[90m# stepDefinition.TryEditorPageStep.user_go_back_to_the_previous_page()&amp#27;[0m
Scenario status ======>PASSED
]]></system-out>
  </testcase>
  <testcase name="runScenario[&quot;Tree Traversals page Link&quot;, &quot;I)Automatating Tree Module pages&quot;](176)" classname="runner.TestRunnerTestng" time="0.319">
    <system-out><![CDATA[
@TreeTraversals
Scenario: Tree Traversals page Link                                                &amp#27;[90m# src/test/resources/Features/09_dsTree.feature:152&amp#27;[0m
====================START SCENARIO=====================
  &amp#27;[32mGiven &amp#27;[0m&amp#27;[32mUser is on Types of Trees page&amp#27;[0m                                             &amp#27;[90m# stepDefinition.TreeStep.user_is_on_types_of_trees_page()&amp#27;[0m
User clicks Tree Traversals link.
  &amp#27;[32mWhen &amp#27;[0m&amp#27;[32mUser clicks Tree Traversals link&amp#27;[0m                                            &amp#27;[90m# stepDefinition.TreeStep.user_clicks_tree_traversals_link()&amp#27;[0m
The user able to see Title: Tree Traversals
Verify Tree Traversals page title by Assertions.
User is on Tree Traversals
  &amp#27;[32mThen &amp#27;[0m&amp#27;[32mUser should be redirected to &amp#27;[0m&amp#27;[32m&amp#27;[1m"Tree Traversals"&amp#27;[0m&amp#27;[32m Tree Traversals of Tree page&amp#27;[0m &amp#27;[90m# stepDefinition.TreeStep.user_should_be_redirected_to_tree_traversals_of_tree_page(java.lang.String)&amp#27;[0m
Scenario status ======>PASSED
]]></system-out>
  </testcase>
  <testcase name="runScenario[&quot;Tree Traversals page&quot;, &quot;I)Automatating Tree Module pages&quot;](177)" classname="runner.TestRunnerTestng" time="0.446">
    <system-out><![CDATA[
@PythonEditor
Scenario: Tree Traversals page                                                                                                &amp#27;[90m# src/test/resources/Features/09_dsTree.feature:158&amp#27;[0m
====================START SCENARIO=====================
  &amp#27;[32mGiven &amp#27;[0m&amp#27;[32mUser is on Tree Traversals page&amp#27;[0m                                                                                       &amp#27;[90m# stepDefinition.TreeStep.user_is_on_tree_traversals_page()&amp#27;[0m
User clicks Try Here link on Tree Traversals page
  &amp#27;[32mWhen &amp#27;[0m&amp#27;[32mUser clicks a Try Here link on Tree Traversals page&amp#27;[0m                                                                    &amp#27;[90m# stepDefinition.TreeStep.user_clicks_a_try_here_link_on_tree_traversals_page()&amp#27;[0m
  &amp#27;[32mThen &amp#27;[0m&amp#27;[32mUser should be redirected to &amp#27;[0m&amp#27;[32m&amp#27;[1m"https://dsportalapp.herokuapp.com/tryEditor"&amp#27;[0m&amp#27;[32m tryEditor page having Editor and run button&amp#27;[0m &amp#27;[90m# stepDefinition.GraphStep.user_should_be_redirected_to_try_editor_page_having_editor_and_run_button(java.lang.String)&amp#27;[0m
Scenario status ======>PASSED
]]></system-out>
  </testcase>
  <testcase name="runScenario[&quot;Python Editor page without data&quot;, &quot;I)Automatating Tree Module pages&quot;](178)" classname="runner.TestRunnerTestng" time="0.412">
    <system-out><![CDATA[
@PythonEditor_Blank
Scenario: Python Editor page without data                                    &amp#27;[90m# src/test/resources/Features/09_dsTree.feature:164&amp#27;[0m
====================START SCENARIO=====================
  &amp#27;[32mGiven &amp#27;[0m&amp#27;[32mThe user is on tryEditor page&amp#27;[0m                                        &amp#27;[90m# stepDefinition.TryEditorPageStep.the_user_is_on_try_editor_page()&amp#27;[0m
User did not enter any code and clicks run button.
  &amp#27;[32mWhen &amp#27;[0m&amp#27;[32mThe user clicks the run button without entring the code in the Editor&amp#27;[0m &amp#27;[90m# stepDefinition.TryEditorPageStep.the_user_clicks_the_run_button_without_entring_the_code_in_the_editor()&amp#27;[0m
No error message is displayed on the page.Raise as a BUG.
  &amp#27;[32mThen &amp#27;[0m&amp#27;[32mNothing happens to the page and no error message is displayed&amp#27;[0m         &amp#27;[90m# stepDefinition.TryEditorPageStep.nothing_happens_to_the_page_and_no_error_message_is_displayed()&amp#27;[0m
Scenario status ======>PASSED
]]></system-out>
  </testcase>
  <testcase name="runScenario[&quot;Python Editor page with Invalid data&quot;, &quot;I)Automatating Tree Module pages&quot;](179)" classname="runner.TestRunnerTestng" time="0.553">
    <system-out><![CDATA[
@PythonEditor_Invalid
Scenario Outline: Python Editor page with Invalid data                                                                                        &amp#27;[90m# src/test/resources/Features/09_dsTree.feature:178&amp#27;[0m
====================START SCENARIO=====================
Inside step-The user is on the same TryEditor page.
  &amp#27;[32mGiven &amp#27;[0m&amp#27;[32mUser is on the tryEditor page&amp#27;[0m                                                                                                         &amp#27;[90m# stepDefinition.TryEditorPageStep.user_is_on_the_try_editor_page()&amp#27;[0m
The sheet existance status is : true
print(10
  &amp#27;[32mAnd &amp#27;[0m&amp#27;[32menters the data in the Editor after reading data from excel sheet &amp#27;[0m&amp#27;[32m&amp#27;[1m"Python_code"&amp#27;[0m&amp#27;[32m with column_name &amp#27;[0m&amp#27;[32m&amp#27;[1m"Python_Invalid_Data"&amp#27;[0m&amp#27;[32m and row_number &amp#27;[0m&amp#27;[32m&amp#27;[1m2&amp#27;[0m &amp#27;[90m# stepDefinition.TryEditorPageStep.enters_the_data_in_the_editor_after_reading_data_from_excel_sheet_with_column_name_and_row_number(java.lang.String,java.lang.String,java.lang.Integer)&amp#27;[0m
  &amp#27;[32mWhen &amp#27;[0m&amp#27;[32mThe User clicks a run button&amp#27;[0m                                                                                                           &amp#27;[90m# stepDefinition.TryEditorPageStep.the_user_clicks_a_run_button()&amp#27;[0m
  &amp#27;[32mThen &amp#27;[0m&amp#27;[32mThe user see error msg in alert window and press ok button&amp#27;[0m                                                                             &amp#27;[90m# stepDefinition.TryEditorPageStep.the_user_see_error_msg_in_alert_window()&amp#27;[0m
Scenario status ======>PASSED
]]></system-out>
  </testcase>
  <testcase name="runScenario[&quot;Python Editor page with valid data&quot;, &quot;I)Automatating Tree Module pages&quot;](180)" classname="runner.TestRunnerTestng" time="0.519">
    <system-out><![CDATA[
@PythonEditor_Valid
Scenario Outline: Python Editor page with valid data                                                                                    &amp#27;[90m# src/test/resources/Features/09_dsTree.feature:189&amp#27;[0m
====================START SCENARIO=====================
  &amp#27;[32mGiven &amp#27;[0m&amp#27;[32mThe user is on the tryEditor page&amp#27;[0m                                                                                               &amp#27;[90m# stepDefinition.TryEditorPageStep.the_user_is_on_the_try_editor_page()&amp#27;[0m
The sheet existance status is : true
print(10);
  &amp#27;[32mAnd &amp#27;[0m&amp#27;[32menters data in the Editor after reading data from excel sheet &amp#27;[0m&amp#27;[32m&amp#27;[1m"Python_code"&amp#27;[0m&amp#27;[32m with column_name &amp#27;[0m&amp#27;[32m&amp#27;[1m"Python_Valid_Data"&amp#27;[0m&amp#27;[32m and row_number &amp#27;[0m&amp#27;[32m&amp#27;[1m2&amp#27;[0m &amp#27;[90m# stepDefinition.TryEditorPageStep.enters_data_in_the_editor_after_reading_data_from_excel_sheet_with_column_name_and_row_number(java.lang.String,java.lang.String,java.lang.Integer)&amp#27;[0m
  &amp#27;[32mWhen &amp#27;[0m&amp#27;[32mUser clicks a run button&amp#27;[0m                                                                                                         &amp#27;[90m# stepDefinition.TryEditorPageStep.user_clicks_a_run_button()&amp#27;[0m
Console screen containing output is displayed.
The User able to see result in the console: 10
  &amp#27;[32mThen &amp#27;[0m&amp#27;[32moutput should be displayed on the console&amp#27;[0m                                                                                        &amp#27;[90m# stepDefinition.TryEditorPageStep.output_should_be_displayed_on_the_console()&amp#27;[0m
Scenario status ======>PASSED
]]></system-out>
  </testcase>
  <testcase name="runScenario[&quot;User go back to the previous page&quot;, &quot;I)Automatating Tree Module pages&quot;](181)" classname="runner.TestRunnerTestng" time="0.157">
    <system-out><![CDATA[
@previousPage
Scenario: User go back to the previous page   &amp#27;[90m# src/test/resources/Features/09_dsTree.feature:192&amp#27;[0m
====================START SCENARIO=====================
The user is already on tryEditor page
  &amp#27;[32mGiven &amp#27;[0m&amp#27;[32mThe user is already on tryEditor page&amp#27;[0m &amp#27;[90m# stepDefinition.TryEditorPageStep.the_user_is_already_on_try_editor_page()&amp#27;[0m
Console screen containing output is displayed.
  &amp#27;[32mWhen &amp#27;[0m&amp#27;[32mUser able to see output in console&amp#27;[0m     &amp#27;[90m# stepDefinition.TryEditorPageStep.user_able_to_see_output_in_console()&amp#27;[0m
Console screen containing output is displayed and user go to the previous page.
  &amp#27;[32mThen &amp#27;[0m&amp#27;[32mUser go back to the previous page&amp#27;[0m      &amp#27;[90m# stepDefinition.TryEditorPageStep.user_go_back_to_the_previous_page()&amp#27;[0m
Scenario status ======>PASSED
]]></system-out>
  </testcase>
  <testcase name="runScenario[&quot;Traversals-Illustration page Link&quot;, &quot;I)Automatating Tree Module pages&quot;](182)" classname="runner.TestRunnerTestng" time="0.263">
    <system-out><![CDATA[
@TraversalsIllustration
Scenario: Traversals-Illustration page Link                                                     &amp#27;[90m# src/test/resources/Features/09_dsTree.feature:199&amp#27;[0m
====================START SCENARIO=====================
  &amp#27;[32mGiven &amp#27;[0m&amp#27;[32mUser is on Tree Traversals page&amp#27;[0m                                                         &amp#27;[90m# stepDefinition.TreeStep.user_is_on_tree_traversals_page()&amp#27;[0m
User clicks Traversals-Illustration link.
  &amp#27;[32mWhen &amp#27;[0m&amp#27;[32mUser clicks Traversals-Illustration link&amp#27;[0m                                                 &amp#27;[90m# stepDefinition.TreeStep.user_clicks_traversals_illustration_link()&amp#27;[0m
The user able to see Title: Traversals-Illustration
Verify Traversals-Illustration page title by Assertions.
User is on Traversals-Illustration
  &amp#27;[32mThen &amp#27;[0m&amp#27;[32mUser should be redirected to &amp#27;[0m&amp#27;[32m&amp#27;[1m"Traversals-Illustration"&amp#27;[0m&amp#27;[32m Traversals-Illustration Tree page&amp#27;[0m &amp#27;[90m# stepDefinition.TreeStep.user_should_be_redirected_to_traversals_illustration_tree_page(java.lang.String)&amp#27;[0m
Scenario status ======>PASSED
]]></system-out>
  </testcase>
  <testcase name="runScenario[&quot;Traversals-Illustration page&quot;, &quot;I)Automatating Tree Module pages&quot;](183)" classname="runner.TestRunnerTestng" time="0.396">
    <system-out><![CDATA[
@PythonEditor
Scenario: Traversals-Illustration page                                                                                        &amp#27;[90m# src/test/resources/Features/09_dsTree.feature:205&amp#27;[0m
====================START SCENARIO=====================
  &amp#27;[32mGiven &amp#27;[0m&amp#27;[32mUser is on Traversals-Illustration page&amp#27;[0m                                                                               &amp#27;[90m# stepDefinition.TreeStep.user_is_on_traversals_illustration_page()&amp#27;[0m
User clicks Try Here link on Traversals-Illustration page
  &amp#27;[32mWhen &amp#27;[0m&amp#27;[32mUser clicks a Try Here link on Traversals-Illustration page&amp#27;[0m                                                            &amp#27;[90m# stepDefinition.TreeStep.user_clicks_a_try_here_link_on_traversals_illustration_page()&amp#27;[0m
  &amp#27;[32mThen &amp#27;[0m&amp#27;[32mUser should be redirected to &amp#27;[0m&amp#27;[32m&amp#27;[1m"https://dsportalapp.herokuapp.com/tryEditor"&amp#27;[0m&amp#27;[32m tryEditor page having Editor and run button&amp#27;[0m &amp#27;[90m# stepDefinition.GraphStep.user_should_be_redirected_to_try_editor_page_having_editor_and_run_button(java.lang.String)&amp#27;[0m
Scenario status ======>PASSED
]]></system-out>
  </testcase>
  <testcase name="runScenario[&quot;Python Editor page without data&quot;, &quot;I)Automatating Tree Module pages&quot;](184)" classname="runner.TestRunnerTestng" time="0.383">
    <system-out><![CDATA[
@PythonEditor_Blank
Scenario: Python Editor page without data                                    &amp#27;[90m# src/test/resources/Features/09_dsTree.feature:211&amp#27;[0m
====================START SCENARIO=====================
  &amp#27;[32mGiven &amp#27;[0m&amp#27;[32mThe user is on tryEditor page&amp#27;[0m                                        &amp#27;[90m# stepDefinition.TryEditorPageStep.the_user_is_on_try_editor_page()&amp#27;[0m
User did not enter any code and clicks run button.
  &amp#27;[32mWhen &amp#27;[0m&amp#27;[32mThe user clicks the run button without entring the code in the Editor&amp#27;[0m &amp#27;[90m# stepDefinition.TryEditorPageStep.the_user_clicks_the_run_button_without_entring_the_code_in_the_editor()&amp#27;[0m
No error message is displayed on the page.Raise as a BUG.
  &amp#27;[32mThen &amp#27;[0m&amp#27;[32mNothing happens to the page and no error message is displayed&amp#27;[0m         &amp#27;[90m# stepDefinition.TryEditorPageStep.nothing_happens_to_the_page_and_no_error_message_is_displayed()&amp#27;[0m
Scenario status ======>PASSED
]]></system-out>
  </testcase>
  <testcase name="runScenario[&quot;Python Editor page with Invalid data&quot;, &quot;I)Automatating Tree Module pages&quot;](185)" classname="runner.TestRunnerTestng" time="0.544">
    <system-out><![CDATA[
@PythonEditor_Invalid
Scenario Outline: Python Editor page with Invalid data                                                                                        &amp#27;[90m# src/test/resources/Features/09_dsTree.feature:225&amp#27;[0m
====================START SCENARIO=====================
Inside step-The user is on the same TryEditor page.
  &amp#27;[32mGiven &amp#27;[0m&amp#27;[32mUser is on the tryEditor page&amp#27;[0m                                                                                                         &amp#27;[90m# stepDefinition.TryEditorPageStep.user_is_on_the_try_editor_page()&amp#27;[0m
The sheet existance status is : true
print(10
  &amp#27;[32mAnd &amp#27;[0m&amp#27;[32menters the data in the Editor after reading data from excel sheet &amp#27;[0m&amp#27;[32m&amp#27;[1m"Python_code"&amp#27;[0m&amp#27;[32m with column_name &amp#27;[0m&amp#27;[32m&amp#27;[1m"Python_Invalid_Data"&amp#27;[0m&amp#27;[32m and row_number &amp#27;[0m&amp#27;[32m&amp#27;[1m2&amp#27;[0m &amp#27;[90m# stepDefinition.TryEditorPageStep.enters_the_data_in_the_editor_after_reading_data_from_excel_sheet_with_column_name_and_row_number(java.lang.String,java.lang.String,java.lang.Integer)&amp#27;[0m
  &amp#27;[32mWhen &amp#27;[0m&amp#27;[32mThe User clicks a run button&amp#27;[0m                                                                                                           &amp#27;[90m# stepDefinition.TryEditorPageStep.the_user_clicks_a_run_button()&amp#27;[0m
  &amp#27;[32mThen &amp#27;[0m&amp#27;[32mThe user see error msg in alert window and press ok button&amp#27;[0m                                                                             &amp#27;[90m# stepDefinition.TryEditorPageStep.the_user_see_error_msg_in_alert_window()&amp#27;[0m
Scenario status ======>PASSED
]]></system-out>
  </testcase>
  <testcase name="runScenario[&quot;Python Editor page with valid data&quot;, &quot;I)Automatating Tree Module pages&quot;](186)" classname="runner.TestRunnerTestng" time="0.507">
    <system-out><![CDATA[
@PythonEditor_Valid
Scenario Outline: Python Editor page with valid data                                                                                    &amp#27;[90m# src/test/resources/Features/09_dsTree.feature:236&amp#27;[0m
====================START SCENARIO=====================
  &amp#27;[32mGiven &amp#27;[0m&amp#27;[32mThe user is on the tryEditor page&amp#27;[0m                                                                                               &amp#27;[90m# stepDefinition.TryEditorPageStep.the_user_is_on_the_try_editor_page()&amp#27;[0m
The sheet existance status is : true
print(10);
  &amp#27;[32mAnd &amp#27;[0m&amp#27;[32menters data in the Editor after reading data from excel sheet &amp#27;[0m&amp#27;[32m&amp#27;[1m"Python_code"&amp#27;[0m&amp#27;[32m with column_name &amp#27;[0m&amp#27;[32m&amp#27;[1m"Python_Valid_Data"&amp#27;[0m&amp#27;[32m and row_number &amp#27;[0m&amp#27;[32m&amp#27;[1m2&amp#27;[0m &amp#27;[90m# stepDefinition.TryEditorPageStep.enters_data_in_the_editor_after_reading_data_from_excel_sheet_with_column_name_and_row_number(java.lang.String,java.lang.String,java.lang.Integer)&amp#27;[0m
  &amp#27;[32mWhen &amp#27;[0m&amp#27;[32mUser clicks a run button&amp#27;[0m                                                                                                         &amp#27;[90m# stepDefinition.TryEditorPageStep.user_clicks_a_run_button()&amp#27;[0m
Console screen containing output is displayed.
The User able to see result in the console: 10
  &amp#27;[32mThen &amp#27;[0m&amp#27;[32moutput should be displayed on the console&amp#27;[0m                                                                                        &amp#27;[90m# stepDefinition.TryEditorPageStep.output_should_be_displayed_on_the_console()&amp#27;[0m
Scenario status ======>PASSED
]]></system-out>
  </testcase>
  <testcase name="runScenario[&quot;User go back to the previous page&quot;, &quot;I)Automatating Tree Module pages&quot;](187)" classname="runner.TestRunnerTestng" time="0.171">
    <system-out><![CDATA[
@previousPage
Scenario: User go back to the previous page   &amp#27;[90m# src/test/resources/Features/09_dsTree.feature:239&amp#27;[0m
====================START SCENARIO=====================
The user is already on tryEditor page
  &amp#27;[32mGiven &amp#27;[0m&amp#27;[32mThe user is already on tryEditor page&amp#27;[0m &amp#27;[90m# stepDefinition.TryEditorPageStep.the_user_is_already_on_try_editor_page()&amp#27;[0m
Console screen containing output is displayed.
  &amp#27;[32mWhen &amp#27;[0m&amp#27;[32mUser able to see output in console&amp#27;[0m     &amp#27;[90m# stepDefinition.TryEditorPageStep.user_able_to_see_output_in_console()&amp#27;[0m
Console screen containing output is displayed and user go to the previous page.
  &amp#27;[32mThen &amp#27;[0m&amp#27;[32mUser go back to the previous page&amp#27;[0m      &amp#27;[90m# stepDefinition.TryEditorPageStep.user_go_back_to_the_previous_page()&amp#27;[0m
Scenario status ======>PASSED
]]></system-out>
  </testcase>
  <testcase name="runScenario[&quot;Binary Trees page Link&quot;, &quot;I)Automatating Tree Module pages&quot;](188)" classname="runner.TestRunnerTestng" time="0.263">
    <system-out><![CDATA[
@BinaryTrees
Scenario: Binary Trees page Link                                     &amp#27;[90m# src/test/resources/Features/09_dsTree.feature:246&amp#27;[0m
====================START SCENARIO=====================
  &amp#27;[32mGiven &amp#27;[0m&amp#27;[32mUser is on Traversals-Illustration page&amp#27;[0m                      &amp#27;[90m# stepDefinition.TreeStep.user_is_on_traversals_illustration_page()&amp#27;[0m
User clicks Binary Trees link.
  &amp#27;[32mWhen &amp#27;[0m&amp#27;[32mUser clicks Binary Trees link&amp#27;[0m                                 &amp#27;[90m# stepDefinition.TreeStep.user_clicks_binary_trees_link()&amp#27;[0m
The user able to see Title: Binary Trees
Verify Binary Trees page title by Assertions.
User is on Binary Trees
  &amp#27;[32mThen &amp#27;[0m&amp#27;[32mUser should be redirected to &amp#27;[0m&amp#27;[32m&amp#27;[1m"Binary Trees"&amp#27;[0m&amp#27;[32m Binary Trees page&amp#27;[0m &amp#27;[90m# stepDefinition.TreeStep.user_should_be_redirected_to_binary_trees_page(java.lang.String)&amp#27;[0m
Scenario status ======>PASSED
]]></system-out>
  </testcase>
  <testcase name="runScenario[&quot;Binary Trees page&quot;, &quot;I)Automatating Tree Module pages&quot;](189)" classname="runner.TestRunnerTestng" time="0.371">
    <system-out><![CDATA[
@PythonEditor
Scenario: Binary Trees page                                                                                                   &amp#27;[90m# src/test/resources/Features/09_dsTree.feature:252&amp#27;[0m
====================START SCENARIO=====================
  &amp#27;[32mGiven &amp#27;[0m&amp#27;[32mUser is on Binary Trees page&amp#27;[0m                                                                                          &amp#27;[90m# stepDefinition.TreeStep.user_is_on_binary_trees_page()&amp#27;[0m
User clicks Try Here link on Binary Trees page
  &amp#27;[32mWhen &amp#27;[0m&amp#27;[32mUser clicks a Try Here link on Binary Trees page&amp#27;[0m                                                                       &amp#27;[90m# stepDefinition.TreeStep.user_clicks_a_try_here_link_on_binary_trees_page()&amp#27;[0m
  &amp#27;[32mThen &amp#27;[0m&amp#27;[32mUser should be redirected to &amp#27;[0m&amp#27;[32m&amp#27;[1m"https://dsportalapp.herokuapp.com/tryEditor"&amp#27;[0m&amp#27;[32m tryEditor page having Editor and run button&amp#27;[0m &amp#27;[90m# stepDefinition.GraphStep.user_should_be_redirected_to_try_editor_page_having_editor_and_run_button(java.lang.String)&amp#27;[0m
Scenario status ======>PASSED
]]></system-out>
  </testcase>
  <testcase name="runScenario[&quot;Python Editor page without data&quot;, &quot;I)Automatating Tree Module pages&quot;](190)" classname="runner.TestRunnerTestng" time="0.412">
    <system-out><![CDATA[
@PythonEditor_Blank
Scenario: Python Editor page without data                                    &amp#27;[90m# src/test/resources/Features/09_dsTree.feature:258&amp#27;[0m
====================START SCENARIO=====================
  &amp#27;[32mGiven &amp#27;[0m&amp#27;[32mThe user is on tryEditor page&amp#27;[0m                                        &amp#27;[90m# stepDefinition.TryEditorPageStep.the_user_is_on_try_editor_page()&amp#27;[0m
User did not enter any code and clicks run button.
  &amp#27;[32mWhen &amp#27;[0m&amp#27;[32mThe user clicks the run button without entring the code in the Editor&amp#27;[0m &amp#27;[90m# stepDefinition.TryEditorPageStep.the_user_clicks_the_run_button_without_entring_the_code_in_the_editor()&amp#27;[0m
No error message is displayed on the page.Raise as a BUG.
  &amp#27;[32mThen &amp#27;[0m&amp#27;[32mNothing happens to the page and no error message is displayed&amp#27;[0m         &amp#27;[90m# stepDefinition.TryEditorPageStep.nothing_happens_to_the_page_and_no_error_message_is_displayed()&amp#27;[0m
Scenario status ======>PASSED
]]></system-out>
  </testcase>
  <testcase name="runScenario[&quot;Python Editor page with Invalid data&quot;, &quot;I)Automatating Tree Module pages&quot;](191)" classname="runner.TestRunnerTestng" time="0.567">
    <system-out><![CDATA[
@PythonEditor_Invalid
Scenario Outline: Python Editor page with Invalid data                                                                                        &amp#27;[90m# src/test/resources/Features/09_dsTree.feature:272&amp#27;[0m
====================START SCENARIO=====================
Inside step-The user is on the same TryEditor page.
  &amp#27;[32mGiven &amp#27;[0m&amp#27;[32mUser is on the tryEditor page&amp#27;[0m                                                                                                         &amp#27;[90m# stepDefinition.TryEditorPageStep.user_is_on_the_try_editor_page()&amp#27;[0m
The sheet existance status is : true
print(10
  &amp#27;[32mAnd &amp#27;[0m&amp#27;[32menters the data in the Editor after reading data from excel sheet &amp#27;[0m&amp#27;[32m&amp#27;[1m"Python_code"&amp#27;[0m&amp#27;[32m with column_name &amp#27;[0m&amp#27;[32m&amp#27;[1m"Python_Invalid_Data"&amp#27;[0m&amp#27;[32m and row_number &amp#27;[0m&amp#27;[32m&amp#27;[1m2&amp#27;[0m &amp#27;[90m# stepDefinition.TryEditorPageStep.enters_the_data_in_the_editor_after_reading_data_from_excel_sheet_with_column_name_and_row_number(java.lang.String,java.lang.String,java.lang.Integer)&amp#27;[0m
  &amp#27;[32mWhen &amp#27;[0m&amp#27;[32mThe User clicks a run button&amp#27;[0m                                                                                                           &amp#27;[90m# stepDefinition.TryEditorPageStep.the_user_clicks_a_run_button()&amp#27;[0m
  &amp#27;[32mThen &amp#27;[0m&amp#27;[32mThe user see error msg in alert window and press ok button&amp#27;[0m                                                                             &amp#27;[90m# stepDefinition.TryEditorPageStep.the_user_see_error_msg_in_alert_window()&amp#27;[0m
Scenario status ======>PASSED
]]></system-out>
  </testcase>
  <testcase name="runScenario[&quot;Python Editor page with valid data&quot;, &quot;I)Automatating Tree Module pages&quot;](192)" classname="runner.TestRunnerTestng" time="0.534">
    <system-out><![CDATA[
@PythonEditor_Valid
Scenario Outline: Python Editor page with valid data                                                                                    &amp#27;[90m# src/test/resources/Features/09_dsTree.feature:283&amp#27;[0m
====================START SCENARIO=====================
  &amp#27;[32mGiven &amp#27;[0m&amp#27;[32mThe user is on the tryEditor page&amp#27;[0m                                                                                               &amp#27;[90m# stepDefinition.TryEditorPageStep.the_user_is_on_the_try_editor_page()&amp#27;[0m
The sheet existance status is : true
print(10);
  &amp#27;[32mAnd &amp#27;[0m&amp#27;[32menters data in the Editor after reading data from excel sheet &amp#27;[0m&amp#27;[32m&amp#27;[1m"Python_code"&amp#27;[0m&amp#27;[32m with column_name &amp#27;[0m&amp#27;[32m&amp#27;[1m"Python_Valid_Data"&amp#27;[0m&amp#27;[32m and row_number &amp#27;[0m&amp#27;[32m&amp#27;[1m2&amp#27;[0m &amp#27;[90m# stepDefinition.TryEditorPageStep.enters_data_in_the_editor_after_reading_data_from_excel_sheet_with_column_name_and_row_number(java.lang.String,java.lang.String,java.lang.Integer)&amp#27;[0m
  &amp#27;[32mWhen &amp#27;[0m&amp#27;[32mUser clicks a run button&amp#27;[0m                                                                                                         &amp#27;[90m# stepDefinition.TryEditorPageStep.user_clicks_a_run_button()&amp#27;[0m
Console screen containing output is displayed.
The User able to see result in the console: 10
  &amp#27;[32mThen &amp#27;[0m&amp#27;[32moutput should be displayed on the console&amp#27;[0m                                                                                        &amp#27;[90m# stepDefinition.TryEditorPageStep.output_should_be_displayed_on_the_console()&amp#27;[0m
Scenario status ======>PASSED
]]></system-out>
  </testcase>
  <testcase name="runScenario[&quot;User go back to the previous page&quot;, &quot;I)Automatating Tree Module pages&quot;](193)" classname="runner.TestRunnerTestng" time="0.213">
    <system-out><![CDATA[
@previousPage
Scenario: User go back to the previous page   &amp#27;[90m# src/test/resources/Features/09_dsTree.feature:286&amp#27;[0m
====================START SCENARIO=====================
The user is already on tryEditor page
  &amp#27;[32mGiven &amp#27;[0m&amp#27;[32mThe user is already on tryEditor page&amp#27;[0m &amp#27;[90m# stepDefinition.TryEditorPageStep.the_user_is_already_on_try_editor_page()&amp#27;[0m
Console screen containing output is displayed.
  &amp#27;[32mWhen &amp#27;[0m&amp#27;[32mUser able to see output in console&amp#27;[0m     &amp#27;[90m# stepDefinition.TryEditorPageStep.user_able_to_see_output_in_console()&amp#27;[0m
Console screen containing output is displayed and user go to the previous page.
  &amp#27;[32mThen &amp#27;[0m&amp#27;[32mUser go back to the previous page&amp#27;[0m      &amp#27;[90m# stepDefinition.TryEditorPageStep.user_go_back_to_the_previous_page()&amp#27;[0m
Scenario status ======>PASSED
]]></system-out>
  </testcase>
  <testcase name="runScenario[&quot;Types of Binary Trees page Link&quot;, &quot;I)Automatating Tree Module pages&quot;](194)" classname="runner.TestRunnerTestng" time="0.348">
    <system-out><![CDATA[
@TypesofBinaryTrees
Scenario: Types of Binary Trees page Link                                              &amp#27;[90m# src/test/resources/Features/09_dsTree.feature:293&amp#27;[0m
====================START SCENARIO=====================
  &amp#27;[32mGiven &amp#27;[0m&amp#27;[32mUser is on Binary Trees page&amp#27;[0m                                                   &amp#27;[90m# stepDefinition.TreeStep.user_is_on_binary_trees_page()&amp#27;[0m
User clicks Types of Binary Trees link.
  &amp#27;[32mWhen &amp#27;[0m&amp#27;[32mUser clicks Types of Binary Trees link&amp#27;[0m                                          &amp#27;[90m# stepDefinition.TreeStep.user_clicks_types_of_binary_trees_link()&amp#27;[0m
The user able to see Title: Types of Binary Trees
Verify Types of Binary Trees page title by Assertions.
User is on Types of Binary Trees
  &amp#27;[32mThen &amp#27;[0m&amp#27;[32mUser should be redirected to &amp#27;[0m&amp#27;[32m&amp#27;[1m"Types of Binary Trees"&amp#27;[0m&amp#27;[32m Types of Binary Trees page&amp#27;[0m &amp#27;[90m# stepDefinition.TreeStep.user_should_be_redirected_to_types_of_binary_trees_page(java.lang.String)&amp#27;[0m
Scenario status ======>PASSED
]]></system-out>
  </testcase>
  <testcase name="runScenario[&quot;Types of Binary Trees page&quot;, &quot;I)Automatating Tree Module pages&quot;](195)" classname="runner.TestRunnerTestng" time="0.425">
    <system-out><![CDATA[
@PythonEditor
Scenario: Types of Binary Trees page                                                                                          &amp#27;[90m# src/test/resources/Features/09_dsTree.feature:299&amp#27;[0m
====================START SCENARIO=====================
  &amp#27;[32mGiven &amp#27;[0m&amp#27;[32mUser is on Types of Binary Trees page&amp#27;[0m                                                                                 &amp#27;[90m# stepDefinition.TreeStep.user_is_on_types_of_binary_trees_page()&amp#27;[0m
User clicks Try Here link on Types of Binary Trees page
  &amp#27;[32mWhen &amp#27;[0m&amp#27;[32mUser clicks a Try Here link on Types of Binary Trees page&amp#27;[0m                                                              &amp#27;[90m# stepDefinition.TreeStep.user_clicks_a_try_here_link_on_types_of_binary_trees_page()&amp#27;[0m
  &amp#27;[32mThen &amp#27;[0m&amp#27;[32mUser should be redirected to &amp#27;[0m&amp#27;[32m&amp#27;[1m"https://dsportalapp.herokuapp.com/tryEditor"&amp#27;[0m&amp#27;[32m tryEditor page having Editor and run button&amp#27;[0m &amp#27;[90m# stepDefinition.GraphStep.user_should_be_redirected_to_try_editor_page_having_editor_and_run_button(java.lang.String)&amp#27;[0m
Scenario status ======>PASSED
]]></system-out>
  </testcase>
  <testcase name="runScenario[&quot;Python Editor page without data&quot;, &quot;I)Automatating Tree Module pages&quot;](196)" classname="runner.TestRunnerTestng" time="0.375">
    <system-out><![CDATA[
@PythonEditor_Blank
Scenario: Python Editor page without data                                    &amp#27;[90m# src/test/resources/Features/09_dsTree.feature:305&amp#27;[0m
====================START SCENARIO=====================
  &amp#27;[32mGiven &amp#27;[0m&amp#27;[32mThe user is on tryEditor page&amp#27;[0m                                        &amp#27;[90m# stepDefinition.TryEditorPageStep.the_user_is_on_try_editor_page()&amp#27;[0m
User did not enter any code and clicks run button.
  &amp#27;[32mWhen &amp#27;[0m&amp#27;[32mThe user clicks the run button without entring the code in the Editor&amp#27;[0m &amp#27;[90m# stepDefinition.TryEditorPageStep.the_user_clicks_the_run_button_without_entring_the_code_in_the_editor()&amp#27;[0m
No error message is displayed on the page.Raise as a BUG.
  &amp#27;[32mThen &amp#27;[0m&amp#27;[32mNothing happens to the page and no error message is displayed&amp#27;[0m         &amp#27;[90m# stepDefinition.TryEditorPageStep.nothing_happens_to_the_page_and_no_error_message_is_displayed()&amp#27;[0m
Scenario status ======>PASSED
]]></system-out>
  </testcase>
  <testcase name="runScenario[&quot;Python Editor page with Invalid data&quot;, &quot;I)Automatating Tree Module pages&quot;](197)" classname="runner.TestRunnerTestng" time="0.584">
    <system-out><![CDATA[
@PythonEditor_Invalid
Scenario Outline: Python Editor page with Invalid data                                                                                        &amp#27;[90m# src/test/resources/Features/09_dsTree.feature:319&amp#27;[0m
====================START SCENARIO=====================
Inside step-The user is on the same TryEditor page.
  &amp#27;[32mGiven &amp#27;[0m&amp#27;[32mUser is on the tryEditor page&amp#27;[0m                                                                                                         &amp#27;[90m# stepDefinition.TryEditorPageStep.user_is_on_the_try_editor_page()&amp#27;[0m
The sheet existance status is : true
print(10
  &amp#27;[32mAnd &amp#27;[0m&amp#27;[32menters the data in the Editor after reading data from excel sheet &amp#27;[0m&amp#27;[32m&amp#27;[1m"Python_code"&amp#27;[0m&amp#27;[32m with column_name &amp#27;[0m&amp#27;[32m&amp#27;[1m"Python_Invalid_Data"&amp#27;[0m&amp#27;[32m and row_number &amp#27;[0m&amp#27;[32m&amp#27;[1m2&amp#27;[0m &amp#27;[90m# stepDefinition.TryEditorPageStep.enters_the_data_in_the_editor_after_reading_data_from_excel_sheet_with_column_name_and_row_number(java.lang.String,java.lang.String,java.lang.Integer)&amp#27;[0m
  &amp#27;[32mWhen &amp#27;[0m&amp#27;[32mThe User clicks a run button&amp#27;[0m                                                                                                           &amp#27;[90m# stepDefinition.TryEditorPageStep.the_user_clicks_a_run_button()&amp#27;[0m
  &amp#27;[32mThen &amp#27;[0m&amp#27;[32mThe user see error msg in alert window and press ok button&amp#27;[0m                                                                             &amp#27;[90m# stepDefinition.TryEditorPageStep.the_user_see_error_msg_in_alert_window()&amp#27;[0m
Scenario status ======>PASSED
]]></system-out>
  </testcase>
  <testcase name="runScenario[&quot;Python Editor page with valid data&quot;, &quot;I)Automatating Tree Module pages&quot;](198)" classname="runner.TestRunnerTestng" time="0.533">
    <system-out><![CDATA[
@PythonEditor_Valid
Scenario Outline: Python Editor page with valid data                                                                                    &amp#27;[90m# src/test/resources/Features/09_dsTree.feature:330&amp#27;[0m
====================START SCENARIO=====================
  &amp#27;[32mGiven &amp#27;[0m&amp#27;[32mThe user is on the tryEditor page&amp#27;[0m                                                                                               &amp#27;[90m# stepDefinition.TryEditorPageStep.the_user_is_on_the_try_editor_page()&amp#27;[0m
The sheet existance status is : true
print(10);
  &amp#27;[32mAnd &amp#27;[0m&amp#27;[32menters data in the Editor after reading data from excel sheet &amp#27;[0m&amp#27;[32m&amp#27;[1m"Python_code"&amp#27;[0m&amp#27;[32m with column_name &amp#27;[0m&amp#27;[32m&amp#27;[1m"Python_Valid_Data"&amp#27;[0m&amp#27;[32m and row_number &amp#27;[0m&amp#27;[32m&amp#27;[1m2&amp#27;[0m &amp#27;[90m# stepDefinition.TryEditorPageStep.enters_data_in_the_editor_after_reading_data_from_excel_sheet_with_column_name_and_row_number(java.lang.String,java.lang.String,java.lang.Integer)&amp#27;[0m
  &amp#27;[32mWhen &amp#27;[0m&amp#27;[32mUser clicks a run button&amp#27;[0m                                                                                                         &amp#27;[90m# stepDefinition.TryEditorPageStep.user_clicks_a_run_button()&amp#27;[0m
Console screen containing output is displayed.
The User able to see result in the console: 10
  &amp#27;[32mThen &amp#27;[0m&amp#27;[32moutput should be displayed on the console&amp#27;[0m                                                                                        &amp#27;[90m# stepDefinition.TryEditorPageStep.output_should_be_displayed_on_the_console()&amp#27;[0m
Scenario status ======>PASSED
]]></system-out>
  </testcase>
  <testcase name="runScenario[&quot;User go back to the previous page&quot;, &quot;I)Automatating Tree Module pages&quot;](199)" classname="runner.TestRunnerTestng" time="0.204">
    <system-out><![CDATA[
@previousPage
Scenario: User go back to the previous page   &amp#27;[90m# src/test/resources/Features/09_dsTree.feature:333&amp#27;[0m
====================START SCENARIO=====================
The user is already on tryEditor page
  &amp#27;[32mGiven &amp#27;[0m&amp#27;[32mThe user is already on tryEditor page&amp#27;[0m &amp#27;[90m# stepDefinition.TryEditorPageStep.the_user_is_already_on_try_editor_page()&amp#27;[0m
Console screen containing output is displayed.
  &amp#27;[32mWhen &amp#27;[0m&amp#27;[32mUser able to see output in console&amp#27;[0m     &amp#27;[90m# stepDefinition.TryEditorPageStep.user_able_to_see_output_in_console()&amp#27;[0m
Console screen containing output is displayed and user go to the previous page.
  &amp#27;[32mThen &amp#27;[0m&amp#27;[32mUser go back to the previous page&amp#27;[0m      &amp#27;[90m# stepDefinition.TryEditorPageStep.user_go_back_to_the_previous_page()&amp#27;[0m
Scenario status ======>PASSED
]]></system-out>
  </testcase>
  <testcase name="runScenario[&quot;Implementation in Python page Link&quot;, &quot;I)Automatating Tree Module pages&quot;](200)" classname="runner.TestRunnerTestng" time="0.27">
    <system-out><![CDATA[
@ImplementationinPython
Scenario: Implementation in Python page Link                                                      &amp#27;[90m# src/test/resources/Features/09_dsTree.feature:340&amp#27;[0m
====================START SCENARIO=====================
  &amp#27;[32mGiven &amp#27;[0m&amp#27;[32mUser is on Types of Binary Trees page&amp#27;[0m                                                     &amp#27;[90m# stepDefinition.TreeStep.user_is_on_types_of_binary_trees_page()&amp#27;[0m
User clicks Implementation in Python link.
  &amp#27;[32mWhen &amp#27;[0m&amp#27;[32mUser clicks Implementation in Python link&amp#27;[0m                                                  &amp#27;[90m# stepDefinition.TreeStep.user_clicks_implementation_in_python_link()&amp#27;[0m
The user able to see Title: Implementation in Python
Verify Implementation in Python page title by Assertions.
User is on Implementation in Python
  &amp#27;[32mThen &amp#27;[0m&amp#27;[32mUser should be redirected to &amp#27;[0m&amp#27;[32m&amp#27;[1m"Implementation in Python"&amp#27;[0m&amp#27;[32m Implementation in Python Tree page&amp#27;[0m &amp#27;[90m# stepDefinition.TreeStep.user_should_be_redirected_to_implementation_in_python_tree_page(java.lang.String)&amp#27;[0m
Scenario status ======>PASSED
]]></system-out>
  </testcase>
  <testcase name="runScenario[&quot;Implementation in Python page&quot;, &quot;I)Automatating Tree Module pages&quot;](201)" classname="runner.TestRunnerTestng" time="0.394">
    <system-out><![CDATA[
@PythonEditor
Scenario: Implementation in Python page                                                                                       &amp#27;[90m# src/test/resources/Features/09_dsTree.feature:346&amp#27;[0m
====================START SCENARIO=====================
  &amp#27;[32mGiven &amp#27;[0m&amp#27;[32mUser is on Implementation in Python page&amp#27;[0m                                                                              &amp#27;[90m# stepDefinition.TreeStep.user_is_on_implementation_in_python_page()&amp#27;[0m
User clicks Try Here link on Implementation in Python page
  &amp#27;[32mWhen &amp#27;[0m&amp#27;[32mUser clicks a Try Here link on Implementation in Python page&amp#27;[0m                                                           &amp#27;[90m# stepDefinition.TreeStep.user_clicks_a_try_here_link_on_implementation_in_python_page()&amp#27;[0m
  &amp#27;[32mThen &amp#27;[0m&amp#27;[32mUser should be redirected to &amp#27;[0m&amp#27;[32m&amp#27;[1m"https://dsportalapp.herokuapp.com/tryEditor"&amp#27;[0m&amp#27;[32m tryEditor page having Editor and run button&amp#27;[0m &amp#27;[90m# stepDefinition.GraphStep.user_should_be_redirected_to_try_editor_page_having_editor_and_run_button(java.lang.String)&amp#27;[0m
Scenario status ======>PASSED
]]></system-out>
  </testcase>
  <testcase name="runScenario[&quot;Python Editor page without data&quot;, &quot;I)Automatating Tree Module pages&quot;](202)" classname="runner.TestRunnerTestng" time="0.417">
    <system-out><![CDATA[
@PythonEditor_Blank
Scenario: Python Editor page without data                                    &amp#27;[90m# src/test/resources/Features/09_dsTree.feature:352&amp#27;[0m
====================START SCENARIO=====================
  &amp#27;[32mGiven &amp#27;[0m&amp#27;[32mThe user is on tryEditor page&amp#27;[0m                                        &amp#27;[90m# stepDefinition.TryEditorPageStep.the_user_is_on_try_editor_page()&amp#27;[0m
User did not enter any code and clicks run button.
  &amp#27;[32mWhen &amp#27;[0m&amp#27;[32mThe user clicks the run button without entring the code in the Editor&amp#27;[0m &amp#27;[90m# stepDefinition.TryEditorPageStep.the_user_clicks_the_run_button_without_entring_the_code_in_the_editor()&amp#27;[0m
No error message is displayed on the page.Raise as a BUG.
  &amp#27;[32mThen &amp#27;[0m&amp#27;[32mNothing happens to the page and no error message is displayed&amp#27;[0m         &amp#27;[90m# stepDefinition.TryEditorPageStep.nothing_happens_to_the_page_and_no_error_message_is_displayed()&amp#27;[0m
Scenario status ======>PASSED
]]></system-out>
  </testcase>
  <testcase name="runScenario[&quot;Python Editor page with Invalid data&quot;, &quot;I)Automatating Tree Module pages&quot;](203)" classname="runner.TestRunnerTestng" time="0.578">
    <system-out><![CDATA[
@PythonEditor_Invalid
Scenario Outline: Python Editor page with Invalid data                                                                                        &amp#27;[90m# src/test/resources/Features/09_dsTree.feature:366&amp#27;[0m
====================START SCENARIO=====================
Inside step-The user is on the same TryEditor page.
  &amp#27;[32mGiven &amp#27;[0m&amp#27;[32mUser is on the tryEditor page&amp#27;[0m                                                                                                         &amp#27;[90m# stepDefinition.TryEditorPageStep.user_is_on_the_try_editor_page()&amp#27;[0m
The sheet existance status is : true
print(10
  &amp#27;[32mAnd &amp#27;[0m&amp#27;[32menters the data in the Editor after reading data from excel sheet &amp#27;[0m&amp#27;[32m&amp#27;[1m"Python_code"&amp#27;[0m&amp#27;[32m with column_name &amp#27;[0m&amp#27;[32m&amp#27;[1m"Python_Invalid_Data"&amp#27;[0m&amp#27;[32m and row_number &amp#27;[0m&amp#27;[32m&amp#27;[1m2&amp#27;[0m &amp#27;[90m# stepDefinition.TryEditorPageStep.enters_the_data_in_the_editor_after_reading_data_from_excel_sheet_with_column_name_and_row_number(java.lang.String,java.lang.String,java.lang.Integer)&amp#27;[0m
  &amp#27;[32mWhen &amp#27;[0m&amp#27;[32mThe User clicks a run button&amp#27;[0m                                                                                                           &amp#27;[90m# stepDefinition.TryEditorPageStep.the_user_clicks_a_run_button()&amp#27;[0m
  &amp#27;[32mThen &amp#27;[0m&amp#27;[32mThe user see error msg in alert window and press ok button&amp#27;[0m                                                                             &amp#27;[90m# stepDefinition.TryEditorPageStep.the_user_see_error_msg_in_alert_window()&amp#27;[0m
Scenario status ======>PASSED
]]></system-out>
  </testcase>
  <testcase name="runScenario[&quot;Python Editor page with valid data&quot;, &quot;I)Automatating Tree Module pages&quot;](204)" classname="runner.TestRunnerTestng" time="0.501">
    <system-out><![CDATA[
@PythonEditor_Valid
Scenario Outline: Python Editor page with valid data                                                                                    &amp#27;[90m# src/test/resources/Features/09_dsTree.feature:377&amp#27;[0m
====================START SCENARIO=====================
  &amp#27;[32mGiven &amp#27;[0m&amp#27;[32mThe user is on the tryEditor page&amp#27;[0m                                                                                               &amp#27;[90m# stepDefinition.TryEditorPageStep.the_user_is_on_the_try_editor_page()&amp#27;[0m
The sheet existance status is : true
print(10);
  &amp#27;[32mAnd &amp#27;[0m&amp#27;[32menters data in the Editor after reading data from excel sheet &amp#27;[0m&amp#27;[32m&amp#27;[1m"Python_code"&amp#27;[0m&amp#27;[32m with column_name &amp#27;[0m&amp#27;[32m&amp#27;[1m"Python_Valid_Data"&amp#27;[0m&amp#27;[32m and row_number &amp#27;[0m&amp#27;[32m&amp#27;[1m2&amp#27;[0m &amp#27;[90m# stepDefinition.TryEditorPageStep.enters_data_in_the_editor_after_reading_data_from_excel_sheet_with_column_name_and_row_number(java.lang.String,java.lang.String,java.lang.Integer)&amp#27;[0m
  &amp#27;[32mWhen &amp#27;[0m&amp#27;[32mUser clicks a run button&amp#27;[0m                                                                                                         &amp#27;[90m# stepDefinition.TryEditorPageStep.user_clicks_a_run_button()&amp#27;[0m
Console screen containing output is displayed.
The User able to see result in the console: 10
  &amp#27;[32mThen &amp#27;[0m&amp#27;[32moutput should be displayed on the console&amp#27;[0m                                                                                        &amp#27;[90m# stepDefinition.TryEditorPageStep.output_should_be_displayed_on_the_console()&amp#27;[0m
Scenario status ======>PASSED
]]></system-out>
  </testcase>
  <testcase name="runScenario[&quot;User go back to the previous page&quot;, &quot;I)Automatating Tree Module pages&quot;](205)" classname="runner.TestRunnerTestng" time="0.227">
    <system-out><![CDATA[
@previousPage
Scenario: User go back to the previous page   &amp#27;[90m# src/test/resources/Features/09_dsTree.feature:380&amp#27;[0m
====================START SCENARIO=====================
The user is already on tryEditor page
  &amp#27;[32mGiven &amp#27;[0m&amp#27;[32mThe user is already on tryEditor page&amp#27;[0m &amp#27;[90m# stepDefinition.TryEditorPageStep.the_user_is_already_on_try_editor_page()&amp#27;[0m
Console screen containing output is displayed.
  &amp#27;[32mWhen &amp#27;[0m&amp#27;[32mUser able to see output in console&amp#27;[0m     &amp#27;[90m# stepDefinition.TryEditorPageStep.user_able_to_see_output_in_console()&amp#27;[0m
Console screen containing output is displayed and user go to the previous page.
  &amp#27;[32mThen &amp#27;[0m&amp#27;[32mUser go back to the previous page&amp#27;[0m      &amp#27;[90m# stepDefinition.TryEditorPageStep.user_go_back_to_the_previous_page()&amp#27;[0m
Scenario status ======>PASSED
]]></system-out>
  </testcase>
  <testcase name="runScenario[&quot;Binary Tree Traversals page Link&quot;, &quot;I)Automatating Tree Module pages&quot;](206)" classname="runner.TestRunnerTestng" time="0.301">
    <system-out><![CDATA[
@binaryTreeTraversals
Scenario: Binary Tree Traversals page Link                                               &amp#27;[90m# src/test/resources/Features/09_dsTree.feature:387&amp#27;[0m
====================START SCENARIO=====================
  &amp#27;[32mGiven &amp#27;[0m&amp#27;[32mUser is on Implementation in Python page&amp#27;[0m                                         &amp#27;[90m# stepDefinition.TreeStep.user_is_on_implementation_in_python_page()&amp#27;[0m
User clicks Binary Tree Traversals link.
  &amp#27;[32mWhen &amp#27;[0m&amp#27;[32mUser clicks Binary Tree Traversals link&amp#27;[0m                                           &amp#27;[90m# stepDefinition.TreeStep.user_clicks_binary_tree_traversals_link()&amp#27;[0m
The user able to see Title: Binary Tree Traversals
Verify Binary Tree Traversals page title by Assertions.
User is on Binary Tree Traversals
  &amp#27;[32mThen &amp#27;[0m&amp#27;[32mUser should be redirected to &amp#27;[0m&amp#27;[32m&amp#27;[1m"Binary Tree Traversals"&amp#27;[0m&amp#27;[32m Binary Tree Traversals page&amp#27;[0m &amp#27;[90m# stepDefinition.TreeStep.user_should_be_redirected_to_binary_tree_traversals_page(java.lang.String)&amp#27;[0m
Scenario status ======>PASSED
]]></system-out>
  </testcase>
  <testcase name="runScenario[&quot;Binary Tree Traversals page&quot;, &quot;I)Automatating Tree Module pages&quot;](207)" classname="runner.TestRunnerTestng" time="0.453">
    <system-out><![CDATA[
@PythonEditor
Scenario: Binary Tree Traversals page                                                                                         &amp#27;[90m# src/test/resources/Features/09_dsTree.feature:393&amp#27;[0m
====================START SCENARIO=====================
  &amp#27;[32mGiven &amp#27;[0m&amp#27;[32mUser is on Binary Tree Traversals page&amp#27;[0m                                                                                &amp#27;[90m# stepDefinition.TreeStep.user_is_on_binary_tree_traversals_page()&amp#27;[0m
User clicks Try Here link on Binary Tree Traversals page
  &amp#27;[32mWhen &amp#27;[0m&amp#27;[32mUser clicks a Try Here link on Binary Tree Traversals page&amp#27;[0m                                                             &amp#27;[90m# stepDefinition.TreeStep.user_clicks_a_try_here_link_on_binary_tree_traversals_page()&amp#27;[0m
  &amp#27;[32mThen &amp#27;[0m&amp#27;[32mUser should be redirected to &amp#27;[0m&amp#27;[32m&amp#27;[1m"https://dsportalapp.herokuapp.com/tryEditor"&amp#27;[0m&amp#27;[32m tryEditor page having Editor and run button&amp#27;[0m &amp#27;[90m# stepDefinition.GraphStep.user_should_be_redirected_to_try_editor_page_having_editor_and_run_button(java.lang.String)&amp#27;[0m
Scenario status ======>PASSED
]]></system-out>
  </testcase>
  <testcase name="runScenario[&quot;Python Editor page without data&quot;, &quot;I)Automatating Tree Module pages&quot;](208)" classname="runner.TestRunnerTestng" time="0.44">
    <system-out><![CDATA[
@PythonEditor_Blank
Scenario: Python Editor page without data                                    &amp#27;[90m# src/test/resources/Features/09_dsTree.feature:399&amp#27;[0m
====================START SCENARIO=====================
  &amp#27;[32mGiven &amp#27;[0m&amp#27;[32mThe user is on tryEditor page&amp#27;[0m                                        &amp#27;[90m# stepDefinition.TryEditorPageStep.the_user_is_on_try_editor_page()&amp#27;[0m
User did not enter any code and clicks run button.
  &amp#27;[32mWhen &amp#27;[0m&amp#27;[32mThe user clicks the run button without entring the code in the Editor&amp#27;[0m &amp#27;[90m# stepDefinition.TryEditorPageStep.the_user_clicks_the_run_button_without_entring_the_code_in_the_editor()&amp#27;[0m
No error message is displayed on the page.Raise as a BUG.
  &amp#27;[32mThen &amp#27;[0m&amp#27;[32mNothing happens to the page and no error message is displayed&amp#27;[0m         &amp#27;[90m# stepDefinition.TryEditorPageStep.nothing_happens_to_the_page_and_no_error_message_is_displayed()&amp#27;[0m
Scenario status ======>PASSED
]]></system-out>
  </testcase>
  <testcase name="runScenario[&quot;Python Editor page with Invalid data&quot;, &quot;I)Automatating Tree Module pages&quot;](209)" classname="runner.TestRunnerTestng" time="0.534">
    <system-out><![CDATA[
@PythonEditor_Invalid
Scenario Outline: Python Editor page with Invalid data                                                                                        &amp#27;[90m# src/test/resources/Features/09_dsTree.feature:413&amp#27;[0m
====================START SCENARIO=====================
Inside step-The user is on the same TryEditor page.
  &amp#27;[32mGiven &amp#27;[0m&amp#27;[32mUser is on the tryEditor page&amp#27;[0m                                                                                                         &amp#27;[90m# stepDefinition.TryEditorPageStep.user_is_on_the_try_editor_page()&amp#27;[0m
The sheet existance status is : true
print(10
  &amp#27;[32mAnd &amp#27;[0m&amp#27;[32menters the data in the Editor after reading data from excel sheet &amp#27;[0m&amp#27;[32m&amp#27;[1m"Python_code"&amp#27;[0m&amp#27;[32m with column_name &amp#27;[0m&amp#27;[32m&amp#27;[1m"Python_Invalid_Data"&amp#27;[0m&amp#27;[32m and row_number &amp#27;[0m&amp#27;[32m&amp#27;[1m2&amp#27;[0m &amp#27;[90m# stepDefinition.TryEditorPageStep.enters_the_data_in_the_editor_after_reading_data_from_excel_sheet_with_column_name_and_row_number(java.lang.String,java.lang.String,java.lang.Integer)&amp#27;[0m
  &amp#27;[32mWhen &amp#27;[0m&amp#27;[32mThe User clicks a run button&amp#27;[0m                                                                                                           &amp#27;[90m# stepDefinition.TryEditorPageStep.the_user_clicks_a_run_button()&amp#27;[0m
  &amp#27;[32mThen &amp#27;[0m&amp#27;[32mThe user see error msg in alert window and press ok button&amp#27;[0m                                                                             &amp#27;[90m# stepDefinition.TryEditorPageStep.the_user_see_error_msg_in_alert_window()&amp#27;[0m
Scenario status ======>PASSED
]]></system-out>
  </testcase>
  <testcase name="runScenario[&quot;Python Editor page with valid data&quot;, &quot;I)Automatating Tree Module pages&quot;](210)" classname="runner.TestRunnerTestng" time="0.539">
    <system-out><![CDATA[
@PythonEditor_Valid
Scenario Outline: Python Editor page with valid data                                                                                    &amp#27;[90m# src/test/resources/Features/09_dsTree.feature:424&amp#27;[0m
====================START SCENARIO=====================
  &amp#27;[32mGiven &amp#27;[0m&amp#27;[32mThe user is on the tryEditor page&amp#27;[0m                                                                                               &amp#27;[90m# stepDefinition.TryEditorPageStep.the_user_is_on_the_try_editor_page()&amp#27;[0m
The sheet existance status is : true
print(10);
  &amp#27;[32mAnd &amp#27;[0m&amp#27;[32menters data in the Editor after reading data from excel sheet &amp#27;[0m&amp#27;[32m&amp#27;[1m"Python_code"&amp#27;[0m&amp#27;[32m with column_name &amp#27;[0m&amp#27;[32m&amp#27;[1m"Python_Valid_Data"&amp#27;[0m&amp#27;[32m and row_number &amp#27;[0m&amp#27;[32m&amp#27;[1m2&amp#27;[0m &amp#27;[90m# stepDefinition.TryEditorPageStep.enters_data_in_the_editor_after_reading_data_from_excel_sheet_with_column_name_and_row_number(java.lang.String,java.lang.String,java.lang.Integer)&amp#27;[0m
  &amp#27;[32mWhen &amp#27;[0m&amp#27;[32mUser clicks a run button&amp#27;[0m                                                                                                         &amp#27;[90m# stepDefinition.TryEditorPageStep.user_clicks_a_run_button()&amp#27;[0m
Console screen containing output is displayed.
The User able to see result in the console: 10
  &amp#27;[32mThen &amp#27;[0m&amp#27;[32moutput should be displayed on the console&amp#27;[0m                                                                                        &amp#27;[90m# stepDefinition.TryEditorPageStep.output_should_be_displayed_on_the_console()&amp#27;[0m
Scenario status ======>PASSED
]]></system-out>
  </testcase>
  <testcase name="runScenario[&quot;User go back to the previous page&quot;, &quot;I)Automatating Tree Module pages&quot;](211)" classname="runner.TestRunnerTestng" time="0.193">
    <system-out><![CDATA[
@previousPage
Scenario: User go back to the previous page   &amp#27;[90m# src/test/resources/Features/09_dsTree.feature:427&amp#27;[0m
====================START SCENARIO=====================
The user is already on tryEditor page
  &amp#27;[32mGiven &amp#27;[0m&amp#27;[32mThe user is already on tryEditor page&amp#27;[0m &amp#27;[90m# stepDefinition.TryEditorPageStep.the_user_is_already_on_try_editor_page()&amp#27;[0m
Console screen containing output is displayed.
  &amp#27;[32mWhen &amp#27;[0m&amp#27;[32mUser able to see output in console&amp#27;[0m     &amp#27;[90m# stepDefinition.TryEditorPageStep.user_able_to_see_output_in_console()&amp#27;[0m
Console screen containing output is displayed and user go to the previous page.
  &amp#27;[32mThen &amp#27;[0m&amp#27;[32mUser go back to the previous page&amp#27;[0m      &amp#27;[90m# stepDefinition.TryEditorPageStep.user_go_back_to_the_previous_page()&amp#27;[0m
Scenario status ======>PASSED
]]></system-out>
  </testcase>
  <testcase name="runScenario[&quot;Implementation of Binary Trees page Link&quot;, &quot;I)Automatating Tree Module pages&quot;](212)" classname="runner.TestRunnerTestng" time="0.276">
    <system-out><![CDATA[
@ImplementationofBinaryTrees
Scenario: Implementation of Binary Trees page Link                                                       &amp#27;[90m# src/test/resources/Features/09_dsTree.feature:434&amp#27;[0m
====================START SCENARIO=====================
  &amp#27;[32mGiven &amp#27;[0m&amp#27;[32mUser is on Binary Tree Traversals page&amp#27;[0m                                                           &amp#27;[90m# stepDefinition.TreeStep.user_is_on_binary_tree_traversals_page()&amp#27;[0m
User clicks Implementation of Binary Trees link.
  &amp#27;[32mWhen &amp#27;[0m&amp#27;[32mUser clicks Implementation of Binary Trees link&amp#27;[0m                                                   &amp#27;[90m# stepDefinition.TreeStep.user_clicks_implementation_of_binary_trees_link()&amp#27;[0m
The user able to see Title: Implementation of Binary Trees
Verify Implementation of Binary Trees page title by Assertions.
User is on Implementation of Binary Trees
  &amp#27;[32mThen &amp#27;[0m&amp#27;[32mUser should be redirected to &amp#27;[0m&amp#27;[32m&amp#27;[1m"Implementation of Binary Trees"&amp#27;[0m&amp#27;[32m Implementation of Binary Trees page&amp#27;[0m &amp#27;[90m# stepDefinition.TreeStep.user_should_be_redirected_to_implementation_of_binary_trees_page(java.lang.String)&amp#27;[0m
Scenario status ======>PASSED
]]></system-out>
  </testcase>
  <testcase name="runScenario[&quot;Implementation of Binary Trees page&quot;, &quot;I)Automatating Tree Module pages&quot;](213)" classname="runner.TestRunnerTestng" time="0.36">
    <system-out><![CDATA[
@PythonEditor
Scenario: Implementation of Binary Trees page                                                                                 &amp#27;[90m# src/test/resources/Features/09_dsTree.feature:440&amp#27;[0m
====================START SCENARIO=====================
  &amp#27;[32mGiven &amp#27;[0m&amp#27;[32mUser is on Implementation of Binary Trees page&amp#27;[0m                                                                        &amp#27;[90m# stepDefinition.TreeStep.user_is_on_implementation_of_binary_trees_page()&amp#27;[0m
User clicks Try Here link on Implementation of Binary Trees page
  &amp#27;[32mWhen &amp#27;[0m&amp#27;[32mUser clicks a Try Here link on Implementation of Binary Trees page&amp#27;[0m                                                     &amp#27;[90m# stepDefinition.TreeStep.user_clicks_a_try_here_link_on_implementation_of_binary_trees_page()&amp#27;[0m
  &amp#27;[32mThen &amp#27;[0m&amp#27;[32mUser should be redirected to &amp#27;[0m&amp#27;[32m&amp#27;[1m"https://dsportalapp.herokuapp.com/tryEditor"&amp#27;[0m&amp#27;[32m tryEditor page having Editor and run button&amp#27;[0m &amp#27;[90m# stepDefinition.GraphStep.user_should_be_redirected_to_try_editor_page_having_editor_and_run_button(java.lang.String)&amp#27;[0m
Scenario status ======>PASSED
]]></system-out>
  </testcase>
  <testcase name="runScenario[&quot;Python Editor page without data&quot;, &quot;I)Automatating Tree Module pages&quot;](214)" classname="runner.TestRunnerTestng" time="0.429">
    <system-out><![CDATA[
@PythonEditor_Blank
Scenario: Python Editor page without data                                    &amp#27;[90m# src/test/resources/Features/09_dsTree.feature:446&amp#27;[0m
====================START SCENARIO=====================
  &amp#27;[32mGiven &amp#27;[0m&amp#27;[32mThe user is on tryEditor page&amp#27;[0m                                        &amp#27;[90m# stepDefinition.TryEditorPageStep.the_user_is_on_try_editor_page()&amp#27;[0m
User did not enter any code and clicks run button.
  &amp#27;[32mWhen &amp#27;[0m&amp#27;[32mThe user clicks the run button without entring the code in the Editor&amp#27;[0m &amp#27;[90m# stepDefinition.TryEditorPageStep.the_user_clicks_the_run_button_without_entring_the_code_in_the_editor()&amp#27;[0m
No error message is displayed on the page.Raise as a BUG.
  &amp#27;[32mThen &amp#27;[0m&amp#27;[32mNothing happens to the page and no error message is displayed&amp#27;[0m         &amp#27;[90m# stepDefinition.TryEditorPageStep.nothing_happens_to_the_page_and_no_error_message_is_displayed()&amp#27;[0m
Scenario status ======>PASSED
]]></system-out>
  </testcase>
  <testcase name="runScenario[&quot;Python Editor page with Invalid data&quot;, &quot;I)Automatating Tree Module pages&quot;](215)" classname="runner.TestRunnerTestng" time="0.594">
    <system-out><![CDATA[
@PythonEditor_Invalid
Scenario Outline: Python Editor page with Invalid data                                                                                        &amp#27;[90m# src/test/resources/Features/09_dsTree.feature:460&amp#27;[0m
====================START SCENARIO=====================
Inside step-The user is on the same TryEditor page.
  &amp#27;[32mGiven &amp#27;[0m&amp#27;[32mUser is on the tryEditor page&amp#27;[0m                                                                                                         &amp#27;[90m# stepDefinition.TryEditorPageStep.user_is_on_the_try_editor_page()&amp#27;[0m
The sheet existance status is : true
print(10
  &amp#27;[32mAnd &amp#27;[0m&amp#27;[32menters the data in the Editor after reading data from excel sheet &amp#27;[0m&amp#27;[32m&amp#27;[1m"Python_code"&amp#27;[0m&amp#27;[32m with column_name &amp#27;[0m&amp#27;[32m&amp#27;[1m"Python_Invalid_Data"&amp#27;[0m&amp#27;[32m and row_number &amp#27;[0m&amp#27;[32m&amp#27;[1m2&amp#27;[0m &amp#27;[90m# stepDefinition.TryEditorPageStep.enters_the_data_in_the_editor_after_reading_data_from_excel_sheet_with_column_name_and_row_number(java.lang.String,java.lang.String,java.lang.Integer)&amp#27;[0m
  &amp#27;[32mWhen &amp#27;[0m&amp#27;[32mThe User clicks a run button&amp#27;[0m                                                                                                           &amp#27;[90m# stepDefinition.TryEditorPageStep.the_user_clicks_a_run_button()&amp#27;[0m
  &amp#27;[32mThen &amp#27;[0m&amp#27;[32mThe user see error msg in alert window and press ok button&amp#27;[0m                                                                             &amp#27;[90m# stepDefinition.TryEditorPageStep.the_user_see_error_msg_in_alert_window()&amp#27;[0m
Scenario status ======>PASSED
]]></system-out>
  </testcase>
  <testcase name="runScenario[&quot;Python Editor page with valid data&quot;, &quot;I)Automatating Tree Module pages&quot;](216)" classname="runner.TestRunnerTestng" time="0.588">
    <system-out><![CDATA[
@PythonEditor_Valid
Scenario Outline: Python Editor page with valid data                                                                                    &amp#27;[90m# src/test/resources/Features/09_dsTree.feature:471&amp#27;[0m
====================START SCENARIO=====================
  &amp#27;[32mGiven &amp#27;[0m&amp#27;[32mThe user is on the tryEditor page&amp#27;[0m                                                                                               &amp#27;[90m# stepDefinition.TryEditorPageStep.the_user_is_on_the_try_editor_page()&amp#27;[0m
The sheet existance status is : true
print(10);
  &amp#27;[32mAnd &amp#27;[0m&amp#27;[32menters data in the Editor after reading data from excel sheet &amp#27;[0m&amp#27;[32m&amp#27;[1m"Python_code"&amp#27;[0m&amp#27;[32m with column_name &amp#27;[0m&amp#27;[32m&amp#27;[1m"Python_Valid_Data"&amp#27;[0m&amp#27;[32m and row_number &amp#27;[0m&amp#27;[32m&amp#27;[1m2&amp#27;[0m &amp#27;[90m# stepDefinition.TryEditorPageStep.enters_data_in_the_editor_after_reading_data_from_excel_sheet_with_column_name_and_row_number(java.lang.String,java.lang.String,java.lang.Integer)&amp#27;[0m
  &amp#27;[32mWhen &amp#27;[0m&amp#27;[32mUser clicks a run button&amp#27;[0m                                                                                                         &amp#27;[90m# stepDefinition.TryEditorPageStep.user_clicks_a_run_button()&amp#27;[0m
Console screen containing output is displayed.
The User able to see result in the console: 10
  &amp#27;[32mThen &amp#27;[0m&amp#27;[32moutput should be displayed on the console&amp#27;[0m                                                                                        &amp#27;[90m# stepDefinition.TryEditorPageStep.output_should_be_displayed_on_the_console()&amp#27;[0m
Scenario status ======>PASSED
]]></system-out>
  </testcase>
  <testcase name="runScenario[&quot;User go back to the previous page&quot;, &quot;I)Automatating Tree Module pages&quot;](217)" classname="runner.TestRunnerTestng" time="0.179">
    <system-out><![CDATA[
@previousPage
Scenario: User go back to the previous page   &amp#27;[90m# src/test/resources/Features/09_dsTree.feature:474&amp#27;[0m
====================START SCENARIO=====================
The user is already on tryEditor page
  &amp#27;[32mGiven &amp#27;[0m&amp#27;[32mThe user is already on tryEditor page&amp#27;[0m &amp#27;[90m# stepDefinition.TryEditorPageStep.the_user_is_already_on_try_editor_page()&amp#27;[0m
Console screen containing output is displayed.
  &amp#27;[32mWhen &amp#27;[0m&amp#27;[32mUser able to see output in console&amp#27;[0m     &amp#27;[90m# stepDefinition.TryEditorPageStep.user_able_to_see_output_in_console()&amp#27;[0m
Console screen containing output is displayed and user go to the previous page.
  &amp#27;[32mThen &amp#27;[0m&amp#27;[32mUser go back to the previous page&amp#27;[0m      &amp#27;[90m# stepDefinition.TryEditorPageStep.user_go_back_to_the_previous_page()&amp#27;[0m
Scenario status ======>PASSED
]]></system-out>
  </testcase>
  <testcase name="runScenario[&quot;Applications of Binary trees page Link&quot;, &quot;I)Automatating Tree Module pages&quot;](218)" classname="runner.TestRunnerTestng" time="0.314">
    <system-out><![CDATA[
@applicationsofBinaryTrees
Scenario: Applications of Binary trees page Link                                                     &amp#27;[90m# src/test/resources/Features/09_dsTree.feature:481&amp#27;[0m
====================START SCENARIO=====================
  &amp#27;[32mGiven &amp#27;[0m&amp#27;[32mUser is on Implementation of Binary Trees page&amp#27;[0m                                               &amp#27;[90m# stepDefinition.TreeStep.user_is_on_implementation_of_binary_trees_page()&amp#27;[0m
User clicks Applications of Binary trees link.
  &amp#27;[32mWhen &amp#27;[0m&amp#27;[32mUser clicks Applications of Binary trees link&amp#27;[0m                                                 &amp#27;[90m# stepDefinition.TreeStep.user_clicks_applications_of_binary_trees_link()&amp#27;[0m
The user able to see Title: Applications of Binary trees
Verify Applications of Binary trees page title by Assertions.
User is on Applications of Binary trees
  &amp#27;[32mThen &amp#27;[0m&amp#27;[32mUser should be redirected to &amp#27;[0m&amp#27;[32m&amp#27;[1m"Applications of Binary trees"&amp#27;[0m&amp#27;[32m Applications of Binary trees page&amp#27;[0m &amp#27;[90m# stepDefinition.TreeStep.user_should_be_redirected_to_applications_of_binary_trees_page(java.lang.String)&amp#27;[0m
Scenario status ======>PASSED
]]></system-out>
  </testcase>
  <testcase name="runScenario[&quot;Applications of Binary trees page&quot;, &quot;I)Automatating Tree Module pages&quot;](219)" classname="runner.TestRunnerTestng" time="0.503">
    <system-out><![CDATA[
@PythonEditor
Scenario: Applications of Binary trees page                                                                                   &amp#27;[90m# src/test/resources/Features/09_dsTree.feature:487&amp#27;[0m
====================START SCENARIO=====================
  &amp#27;[32mGiven &amp#27;[0m&amp#27;[32mUser is on Applications of Binary trees page&amp#27;[0m                                                                          &amp#27;[90m# stepDefinition.TreeStep.user_is_on_applications_of_binary_trees_page()&amp#27;[0m
User clicks Try Here link on Applications of Binary trees page
  &amp#27;[32mWhen &amp#27;[0m&amp#27;[32mUser clicks a Try Here link on Applications of Binary trees page&amp#27;[0m                                                       &amp#27;[90m# stepDefinition.TreeStep.user_clicks_a_try_here_link_on_applications_of_binary_trees_page()&amp#27;[0m
  &amp#27;[32mThen &amp#27;[0m&amp#27;[32mUser should be redirected to &amp#27;[0m&amp#27;[32m&amp#27;[1m"https://dsportalapp.herokuapp.com/tryEditor"&amp#27;[0m&amp#27;[32m tryEditor page having Editor and run button&amp#27;[0m &amp#27;[90m# stepDefinition.GraphStep.user_should_be_redirected_to_try_editor_page_having_editor_and_run_button(java.lang.String)&amp#27;[0m
Scenario status ======>PASSED
]]></system-out>
  </testcase>
  <testcase name="runScenario[&quot;Python Editor page without data&quot;, &quot;I)Automatating Tree Module pages&quot;](220)" classname="runner.TestRunnerTestng" time="0.492">
    <system-out><![CDATA[
@PythonEditor_Blank
Scenario: Python Editor page without data                                    &amp#27;[90m# src/test/resources/Features/09_dsTree.feature:493&amp#27;[0m
====================START SCENARIO=====================
  &amp#27;[32mGiven &amp#27;[0m&amp#27;[32mThe user is on tryEditor page&amp#27;[0m                                        &amp#27;[90m# stepDefinition.TryEditorPageStep.the_user_is_on_try_editor_page()&amp#27;[0m
User did not enter any code and clicks run button.
  &amp#27;[32mWhen &amp#27;[0m&amp#27;[32mThe user clicks the run button without entring the code in the Editor&amp#27;[0m &amp#27;[90m# stepDefinition.TryEditorPageStep.the_user_clicks_the_run_button_without_entring_the_code_in_the_editor()&amp#27;[0m
No error message is displayed on the page.Raise as a BUG.
  &amp#27;[32mThen &amp#27;[0m&amp#27;[32mNothing happens to the page and no error message is displayed&amp#27;[0m         &amp#27;[90m# stepDefinition.TryEditorPageStep.nothing_happens_to_the_page_and_no_error_message_is_displayed()&amp#27;[0m
Scenario status ======>PASSED
]]></system-out>
  </testcase>
  <testcase name="runScenario[&quot;Python Editor page with Invalid data&quot;, &quot;I)Automatating Tree Module pages&quot;](221)" classname="runner.TestRunnerTestng" time="0.558">
    <system-out><![CDATA[
@PythonEditor_Invalid
Scenario Outline: Python Editor page with Invalid data                                                                                        &amp#27;[90m# src/test/resources/Features/09_dsTree.feature:507&amp#27;[0m
====================START SCENARIO=====================
Inside step-The user is on the same TryEditor page.
  &amp#27;[32mGiven &amp#27;[0m&amp#27;[32mUser is on the tryEditor page&amp#27;[0m                                                                                                         &amp#27;[90m# stepDefinition.TryEditorPageStep.user_is_on_the_try_editor_page()&amp#27;[0m
The sheet existance status is : true
print(10
  &amp#27;[32mAnd &amp#27;[0m&amp#27;[32menters the data in the Editor after reading data from excel sheet &amp#27;[0m&amp#27;[32m&amp#27;[1m"Python_code"&amp#27;[0m&amp#27;[32m with column_name &amp#27;[0m&amp#27;[32m&amp#27;[1m"Python_Invalid_Data"&amp#27;[0m&amp#27;[32m and row_number &amp#27;[0m&amp#27;[32m&amp#27;[1m2&amp#27;[0m &amp#27;[90m# stepDefinition.TryEditorPageStep.enters_the_data_in_the_editor_after_reading_data_from_excel_sheet_with_column_name_and_row_number(java.lang.String,java.lang.String,java.lang.Integer)&amp#27;[0m
  &amp#27;[32mWhen &amp#27;[0m&amp#27;[32mThe User clicks a run button&amp#27;[0m                                                                                                           &amp#27;[90m# stepDefinition.TryEditorPageStep.the_user_clicks_a_run_button()&amp#27;[0m
  &amp#27;[32mThen &amp#27;[0m&amp#27;[32mThe user see error msg in alert window and press ok button&amp#27;[0m                                                                             &amp#27;[90m# stepDefinition.TryEditorPageStep.the_user_see_error_msg_in_alert_window()&amp#27;[0m
Scenario status ======>PASSED
]]></system-out>
  </testcase>
  <testcase name="runScenario[&quot;Python Editor page with valid data&quot;, &quot;I)Automatating Tree Module pages&quot;](222)" classname="runner.TestRunnerTestng" time="0.574">
    <system-out><![CDATA[
@PythonEditor_Valid
Scenario Outline: Python Editor page with valid data                                                                                    &amp#27;[90m# src/test/resources/Features/09_dsTree.feature:518&amp#27;[0m
====================START SCENARIO=====================
  &amp#27;[32mGiven &amp#27;[0m&amp#27;[32mThe user is on the tryEditor page&amp#27;[0m                                                                                               &amp#27;[90m# stepDefinition.TryEditorPageStep.the_user_is_on_the_try_editor_page()&amp#27;[0m
The sheet existance status is : true
print(10);
  &amp#27;[32mAnd &amp#27;[0m&amp#27;[32menters data in the Editor after reading data from excel sheet &amp#27;[0m&amp#27;[32m&amp#27;[1m"Python_code"&amp#27;[0m&amp#27;[32m with column_name &amp#27;[0m&amp#27;[32m&amp#27;[1m"Python_Valid_Data"&amp#27;[0m&amp#27;[32m and row_number &amp#27;[0m&amp#27;[32m&amp#27;[1m2&amp#27;[0m &amp#27;[90m# stepDefinition.TryEditorPageStep.enters_data_in_the_editor_after_reading_data_from_excel_sheet_with_column_name_and_row_number(java.lang.String,java.lang.String,java.lang.Integer)&amp#27;[0m
  &amp#27;[32mWhen &amp#27;[0m&amp#27;[32mUser clicks a run button&amp#27;[0m                                                                                                         &amp#27;[90m# stepDefinition.TryEditorPageStep.user_clicks_a_run_button()&amp#27;[0m
Console screen containing output is displayed.
The User able to see result in the console: 10
  &amp#27;[32mThen &amp#27;[0m&amp#27;[32moutput should be displayed on the console&amp#27;[0m                                                                                        &amp#27;[90m# stepDefinition.TryEditorPageStep.output_should_be_displayed_on_the_console()&amp#27;[0m
Scenario status ======>PASSED
]]></system-out>
  </testcase>
  <testcase name="runScenario[&quot;User go back to the previous page&quot;, &quot;I)Automatating Tree Module pages&quot;](223)" classname="runner.TestRunnerTestng" time="0.203">
    <system-out><![CDATA[
@previousPage
Scenario: User go back to the previous page   &amp#27;[90m# src/test/resources/Features/09_dsTree.feature:521&amp#27;[0m
====================START SCENARIO=====================
The user is already on tryEditor page
  &amp#27;[32mGiven &amp#27;[0m&amp#27;[32mThe user is already on tryEditor page&amp#27;[0m &amp#27;[90m# stepDefinition.TryEditorPageStep.the_user_is_already_on_try_editor_page()&amp#27;[0m
Console screen containing output is displayed.
  &amp#27;[32mWhen &amp#27;[0m&amp#27;[32mUser able to see output in console&amp#27;[0m     &amp#27;[90m# stepDefinition.TryEditorPageStep.user_able_to_see_output_in_console()&amp#27;[0m
Console screen containing output is displayed and user go to the previous page.
  &amp#27;[32mThen &amp#27;[0m&amp#27;[32mUser go back to the previous page&amp#27;[0m      &amp#27;[90m# stepDefinition.TryEditorPageStep.user_go_back_to_the_previous_page()&amp#27;[0m
Scenario status ======>PASSED
]]></system-out>
  </testcase>
  <testcase name="runScenario[&quot;Binary Search Trees page Link&quot;, &quot;I)Automatating Tree Module pages&quot;](224)" classname="runner.TestRunnerTestng" time="0.467">
    <system-out><![CDATA[
@binarySearchTrees
Scenario: Binary Search Trees page Link                                             &amp#27;[90m# src/test/resources/Features/09_dsTree.feature:528&amp#27;[0m
====================START SCENARIO=====================
  &amp#27;[32mGiven &amp#27;[0m&amp#27;[32mUser is on Applications of Binary trees page&amp#27;[0m                                &amp#27;[90m# stepDefinition.TreeStep.user_is_on_applications_of_binary_trees_page()&amp#27;[0m
User clicks Binary Search Trees link.
  &amp#27;[32mWhen &amp#27;[0m&amp#27;[32mUser clicks Binary Search Trees link&amp#27;[0m                                         &amp#27;[90m# stepDefinition.TreeStep.user_clicks_binary_search_trees_link()&amp#27;[0m
The user able to see Title: Binary Search Trees
Verify Binary Search Trees page title by Assertions.
User is on Binary Search Trees
  &amp#27;[32mThen &amp#27;[0m&amp#27;[32mUser should be redirected to &amp#27;[0m&amp#27;[32m&amp#27;[1m"Binary Search Trees"&amp#27;[0m&amp#27;[32m Binary Search Treese page&amp#27;[0m &amp#27;[90m# stepDefinition.TreeStep.user_should_be_redirected_to_binary_search_treese_page(java.lang.String)&amp#27;[0m
Scenario status ======>PASSED
]]></system-out>
  </testcase>
  <testcase name="runScenario[&quot;Binary Search Trees page&quot;, &quot;I)Automatating Tree Module pages&quot;](225)" classname="runner.TestRunnerTestng" time="0.472">
    <system-out><![CDATA[
@PythonEditor
Scenario: Binary Search Trees page                                                                                            &amp#27;[90m# src/test/resources/Features/09_dsTree.feature:534&amp#27;[0m
====================START SCENARIO=====================
  &amp#27;[32mGiven &amp#27;[0m&amp#27;[32mUser is on Binary Search Trees page&amp#27;[0m                                                                                   &amp#27;[90m# stepDefinition.TreeStep.user_is_on_binary_search_trees_page()&amp#27;[0m
User clicks Try Here link on Binary Search Trees page
  &amp#27;[32mWhen &amp#27;[0m&amp#27;[32mUser clicks a Try Here link on Binary Search Trees page&amp#27;[0m                                                                &amp#27;[90m# stepDefinition.TreeStep.user_clicks_a_try_here_link_on_binary_search_trees_page()&amp#27;[0m
  &amp#27;[32mThen &amp#27;[0m&amp#27;[32mUser should be redirected to &amp#27;[0m&amp#27;[32m&amp#27;[1m"https://dsportalapp.herokuapp.com/tryEditor"&amp#27;[0m&amp#27;[32m tryEditor page having Editor and run button&amp#27;[0m &amp#27;[90m# stepDefinition.GraphStep.user_should_be_redirected_to_try_editor_page_having_editor_and_run_button(java.lang.String)&amp#27;[0m
Scenario status ======>PASSED
]]></system-out>
  </testcase>
  <testcase name="runScenario[&quot;Python Editor page without data&quot;, &quot;I)Automatating Tree Module pages&quot;](226)" classname="runner.TestRunnerTestng" time="0.412">
    <system-out><![CDATA[
@PythonEditor_Blank
Scenario: Python Editor page without data                                    &amp#27;[90m# src/test/resources/Features/09_dsTree.feature:540&amp#27;[0m
====================START SCENARIO=====================
  &amp#27;[32mGiven &amp#27;[0m&amp#27;[32mThe user is on tryEditor page&amp#27;[0m                                        &amp#27;[90m# stepDefinition.TryEditorPageStep.the_user_is_on_try_editor_page()&amp#27;[0m
User did not enter any code and clicks run button.
  &amp#27;[32mWhen &amp#27;[0m&amp#27;[32mThe user clicks the run button without entring the code in the Editor&amp#27;[0m &amp#27;[90m# stepDefinition.TryEditorPageStep.the_user_clicks_the_run_button_without_entring_the_code_in_the_editor()&amp#27;[0m
No error message is displayed on the page.Raise as a BUG.
  &amp#27;[32mThen &amp#27;[0m&amp#27;[32mNothing happens to the page and no error message is displayed&amp#27;[0m         &amp#27;[90m# stepDefinition.TryEditorPageStep.nothing_happens_to_the_page_and_no_error_message_is_displayed()&amp#27;[0m
Scenario status ======>PASSED
]]></system-out>
  </testcase>
  <testcase name="runScenario[&quot;Python Editor page with Invalid data&quot;, &quot;I)Automatating Tree Module pages&quot;](227)" classname="runner.TestRunnerTestng" time="0.523">
    <system-out><![CDATA[
@PythonEditor_Invalid
Scenario Outline: Python Editor page with Invalid data                                                                                        &amp#27;[90m# src/test/resources/Features/09_dsTree.feature:554&amp#27;[0m
====================START SCENARIO=====================
Inside step-The user is on the same TryEditor page.
  &amp#27;[32mGiven &amp#27;[0m&amp#27;[32mUser is on the tryEditor page&amp#27;[0m                                                                                                         &amp#27;[90m# stepDefinition.TryEditorPageStep.user_is_on_the_try_editor_page()&amp#27;[0m
The sheet existance status is : true
print(10
  &amp#27;[32mAnd &amp#27;[0m&amp#27;[32menters the data in the Editor after reading data from excel sheet &amp#27;[0m&amp#27;[32m&amp#27;[1m"Python_code"&amp#27;[0m&amp#27;[32m with column_name &amp#27;[0m&amp#27;[32m&amp#27;[1m"Python_Invalid_Data"&amp#27;[0m&amp#27;[32m and row_number &amp#27;[0m&amp#27;[32m&amp#27;[1m2&amp#27;[0m &amp#27;[90m# stepDefinition.TryEditorPageStep.enters_the_data_in_the_editor_after_reading_data_from_excel_sheet_with_column_name_and_row_number(java.lang.String,java.lang.String,java.lang.Integer)&amp#27;[0m
  &amp#27;[32mWhen &amp#27;[0m&amp#27;[32mThe User clicks a run button&amp#27;[0m                                                                                                           &amp#27;[90m# stepDefinition.TryEditorPageStep.the_user_clicks_a_run_button()&amp#27;[0m
  &amp#27;[32mThen &amp#27;[0m&amp#27;[32mThe user see error msg in alert window and press ok button&amp#27;[0m                                                                             &amp#27;[90m# stepDefinition.TryEditorPageStep.the_user_see_error_msg_in_alert_window()&amp#27;[0m
Scenario status ======>PASSED
]]></system-out>
  </testcase>
  <testcase name="runScenario[&quot;Python Editor page with valid data&quot;, &quot;I)Automatating Tree Module pages&quot;](228)" classname="runner.TestRunnerTestng" time="0.527">
    <system-out><![CDATA[
@PythonEditor_Valid
Scenario Outline: Python Editor page with valid data                                                                                    &amp#27;[90m# src/test/resources/Features/09_dsTree.feature:565&amp#27;[0m
====================START SCENARIO=====================
  &amp#27;[32mGiven &amp#27;[0m&amp#27;[32mThe user is on the tryEditor page&amp#27;[0m                                                                                               &amp#27;[90m# stepDefinition.TryEditorPageStep.the_user_is_on_the_try_editor_page()&amp#27;[0m
The sheet existance status is : true
print(10);
  &amp#27;[32mAnd &amp#27;[0m&amp#27;[32menters data in the Editor after reading data from excel sheet &amp#27;[0m&amp#27;[32m&amp#27;[1m"Python_code"&amp#27;[0m&amp#27;[32m with column_name &amp#27;[0m&amp#27;[32m&amp#27;[1m"Python_Valid_Data"&amp#27;[0m&amp#27;[32m and row_number &amp#27;[0m&amp#27;[32m&amp#27;[1m2&amp#27;[0m &amp#27;[90m# stepDefinition.TryEditorPageStep.enters_data_in_the_editor_after_reading_data_from_excel_sheet_with_column_name_and_row_number(java.lang.String,java.lang.String,java.lang.Integer)&amp#27;[0m
  &amp#27;[32mWhen &amp#27;[0m&amp#27;[32mUser clicks a run button&amp#27;[0m                                                                                                         &amp#27;[90m# stepDefinition.TryEditorPageStep.user_clicks_a_run_button()&amp#27;[0m
Console screen containing output is displayed.
The User able to see result in the console: 10
  &amp#27;[32mThen &amp#27;[0m&amp#27;[32moutput should be displayed on the console&amp#27;[0m                                                                                        &amp#27;[90m# stepDefinition.TryEditorPageStep.output_should_be_displayed_on_the_console()&amp#27;[0m
Scenario status ======>PASSED
]]></system-out>
  </testcase>
  <testcase name="runScenario[&quot;User go back to the previous page&quot;, &quot;I)Automatating Tree Module pages&quot;](229)" classname="runner.TestRunnerTestng" time="0.238">
    <system-out><![CDATA[
@previousPage
Scenario: User go back to the previous page   &amp#27;[90m# src/test/resources/Features/09_dsTree.feature:568&amp#27;[0m
====================START SCENARIO=====================
The user is already on tryEditor page
  &amp#27;[32mGiven &amp#27;[0m&amp#27;[32mThe user is already on tryEditor page&amp#27;[0m &amp#27;[90m# stepDefinition.TryEditorPageStep.the_user_is_already_on_try_editor_page()&amp#27;[0m
Console screen containing output is displayed.
  &amp#27;[32mWhen &amp#27;[0m&amp#27;[32mUser able to see output in console&amp#27;[0m     &amp#27;[90m# stepDefinition.TryEditorPageStep.user_able_to_see_output_in_console()&amp#27;[0m
Console screen containing output is displayed and user go to the previous page.
  &amp#27;[32mThen &amp#27;[0m&amp#27;[32mUser go back to the previous page&amp#27;[0m      &amp#27;[90m# stepDefinition.TryEditorPageStep.user_go_back_to_the_previous_page()&amp#27;[0m
Scenario status ======>PASSED
]]></system-out>
  </testcase>
  <testcase name="runScenario[&quot;Implementation Of BST page Link&quot;, &quot;I)Automatating Tree Module pages&quot;](230)" classname="runner.TestRunnerTestng" time="0.343">
    <system-out><![CDATA[
@implementationofBST
Scenario: Implementation Of BST page Link                                                   &amp#27;[90m# src/test/resources/Features/09_dsTree.feature:575&amp#27;[0m
====================START SCENARIO=====================
  &amp#27;[32mGiven &amp#27;[0m&amp#27;[32mUser is on Binary Search Trees page&amp#27;[0m                                                 &amp#27;[90m# stepDefinition.TreeStep.user_is_on_binary_search_trees_page()&amp#27;[0m
User clicks Implementation Of BST link.
  &amp#27;[32mWhen &amp#27;[0m&amp#27;[32mUser clicks Implementation Of BST link&amp#27;[0m                                               &amp#27;[90m# stepDefinition.TreeStep.user_clicks_implementation_of_bst_link()&amp#27;[0m
The user able to see Title: Implementation Of BST
Verify Implementation Of BST page title by Assertions.
User is on Implementation Of BST
  &amp#27;[32mThen &amp#27;[0m&amp#27;[32mUser should be redirected to &amp#27;[0m&amp#27;[32m&amp#27;[1m"Implementation Of BST"&amp#27;[0m&amp#27;[32m Implementation Of BST Tree page&amp#27;[0m &amp#27;[90m# stepDefinition.TreeStep.user_should_be_redirected_to_implementation_of_bst_tree_page(java.lang.String)&amp#27;[0m
Scenario status ======>PASSED
]]></system-out>
  </testcase>
  <testcase name="runScenario[&quot;Implementation Of BST page&quot;, &quot;I)Automatating Tree Module pages&quot;](231)" classname="runner.TestRunnerTestng" time="0.561">
    <system-out><![CDATA[
@PythonEditor
Scenario: Implementation Of BST page                                                                                          &amp#27;[90m# src/test/resources/Features/09_dsTree.feature:581&amp#27;[0m
====================START SCENARIO=====================
  &amp#27;[32mGiven &amp#27;[0m&amp#27;[32mUser is on Implementation Of BST page&amp#27;[0m                                                                                 &amp#27;[90m# stepDefinition.TreeStep.user_is_on_implementation_of_bst_page()&amp#27;[0m
User clicks Try Here link on Implementation Of BST page
  &amp#27;[32mWhen &amp#27;[0m&amp#27;[32mUser clicks a Try Here link on Implementation Of BST page&amp#27;[0m                                                              &amp#27;[90m# stepDefinition.TreeStep.user_clicks_a_try_here_link_on_implementation_of_bst_page()&amp#27;[0m
  &amp#27;[32mThen &amp#27;[0m&amp#27;[32mUser should be redirected to &amp#27;[0m&amp#27;[32m&amp#27;[1m"https://dsportalapp.herokuapp.com/tryEditor"&amp#27;[0m&amp#27;[32m tryEditor page having Editor and run button&amp#27;[0m &amp#27;[90m# stepDefinition.GraphStep.user_should_be_redirected_to_try_editor_page_having_editor_and_run_button(java.lang.String)&amp#27;[0m
Scenario status ======>PASSED
]]></system-out>
  </testcase>
  <testcase name="runScenario[&quot;Python Editor page without data&quot;, &quot;I)Automatating Tree Module pages&quot;](232)" classname="runner.TestRunnerTestng" time="0.473">
    <system-out><![CDATA[
@PythonEditor_Blank
Scenario: Python Editor page without data                                    &amp#27;[90m# src/test/resources/Features/09_dsTree.feature:587&amp#27;[0m
====================START SCENARIO=====================
  &amp#27;[32mGiven &amp#27;[0m&amp#27;[32mThe user is on tryEditor page&amp#27;[0m                                        &amp#27;[90m# stepDefinition.TryEditorPageStep.the_user_is_on_try_editor_page()&amp#27;[0m
User did not enter any code and clicks run button.
  &amp#27;[32mWhen &amp#27;[0m&amp#27;[32mThe user clicks the run button without entring the code in the Editor&amp#27;[0m &amp#27;[90m# stepDefinition.TryEditorPageStep.the_user_clicks_the_run_button_without_entring_the_code_in_the_editor()&amp#27;[0m
No error message is displayed on the page.Raise as a BUG.
  &amp#27;[32mThen &amp#27;[0m&amp#27;[32mNothing happens to the page and no error message is displayed&amp#27;[0m         &amp#27;[90m# stepDefinition.TryEditorPageStep.nothing_happens_to_the_page_and_no_error_message_is_displayed()&amp#27;[0m
Scenario status ======>PASSED
]]></system-out>
  </testcase>
  <testcase name="runScenario[&quot;Python Editor page with Invalid data&quot;, &quot;I)Automatating Tree Module pages&quot;](233)" classname="runner.TestRunnerTestng" time="0.524">
    <system-out><![CDATA[
@PythonEditor_Invalid
Scenario Outline: Python Editor page with Invalid data                                                                                        &amp#27;[90m# src/test/resources/Features/09_dsTree.feature:601&amp#27;[0m
====================START SCENARIO=====================
Inside step-The user is on the same TryEditor page.
  &amp#27;[32mGiven &amp#27;[0m&amp#27;[32mUser is on the tryEditor page&amp#27;[0m                                                                                                         &amp#27;[90m# stepDefinition.TryEditorPageStep.user_is_on_the_try_editor_page()&amp#27;[0m
The sheet existance status is : true
print(10
  &amp#27;[32mAnd &amp#27;[0m&amp#27;[32menters the data in the Editor after reading data from excel sheet &amp#27;[0m&amp#27;[32m&amp#27;[1m"Python_code"&amp#27;[0m&amp#27;[32m with column_name &amp#27;[0m&amp#27;[32m&amp#27;[1m"Python_Invalid_Data"&amp#27;[0m&amp#27;[32m and row_number &amp#27;[0m&amp#27;[32m&amp#27;[1m2&amp#27;[0m &amp#27;[90m# stepDefinition.TryEditorPageStep.enters_the_data_in_the_editor_after_reading_data_from_excel_sheet_with_column_name_and_row_number(java.lang.String,java.lang.String,java.lang.Integer)&amp#27;[0m
  &amp#27;[32mWhen &amp#27;[0m&amp#27;[32mThe User clicks a run button&amp#27;[0m                                                                                                           &amp#27;[90m# stepDefinition.TryEditorPageStep.the_user_clicks_a_run_button()&amp#27;[0m
  &amp#27;[32mThen &amp#27;[0m&amp#27;[32mThe user see error msg in alert window and press ok button&amp#27;[0m                                                                             &amp#27;[90m# stepDefinition.TryEditorPageStep.the_user_see_error_msg_in_alert_window()&amp#27;[0m
Scenario status ======>PASSED
]]></system-out>
  </testcase>
  <testcase name="runScenario[&quot;Python Editor page with valid data&quot;, &quot;I)Automatating Tree Module pages&quot;](234)" classname="runner.TestRunnerTestng" time="0.541">
    <system-out><![CDATA[
@PythonEditor_Valid
Scenario Outline: Python Editor page with valid data                                                                                    &amp#27;[90m# src/test/resources/Features/09_dsTree.feature:612&amp#27;[0m
====================START SCENARIO=====================
  &amp#27;[32mGiven &amp#27;[0m&amp#27;[32mThe user is on the tryEditor page&amp#27;[0m                                                                                               &amp#27;[90m# stepDefinition.TryEditorPageStep.the_user_is_on_the_try_editor_page()&amp#27;[0m
The sheet existance status is : true
print(10);
  &amp#27;[32mAnd &amp#27;[0m&amp#27;[32menters data in the Editor after reading data from excel sheet &amp#27;[0m&amp#27;[32m&amp#27;[1m"Python_code"&amp#27;[0m&amp#27;[32m with column_name &amp#27;[0m&amp#27;[32m&amp#27;[1m"Python_Valid_Data"&amp#27;[0m&amp#27;[32m and row_number &amp#27;[0m&amp#27;[32m&amp#27;[1m2&amp#27;[0m &amp#27;[90m# stepDefinition.TryEditorPageStep.enters_data_in_the_editor_after_reading_data_from_excel_sheet_with_column_name_and_row_number(java.lang.String,java.lang.String,java.lang.Integer)&amp#27;[0m
  &amp#27;[32mWhen &amp#27;[0m&amp#27;[32mUser clicks a run button&amp#27;[0m                                                                                                         &amp#27;[90m# stepDefinition.TryEditorPageStep.user_clicks_a_run_button()&amp#27;[0m
Console screen containing output is displayed.
The User able to see result in the console: 10
  &amp#27;[32mThen &amp#27;[0m&amp#27;[32moutput should be displayed on the console&amp#27;[0m                                                                                        &amp#27;[90m# stepDefinition.TryEditorPageStep.output_should_be_displayed_on_the_console()&amp#27;[0m
Scenario status ======>PASSED
]]></system-out>
  </testcase>
  <testcase name="runScenario[&quot;User go back to the previous page&quot;, &quot;I)Automatating Tree Module pages&quot;](235)" classname="runner.TestRunnerTestng" time="0.184">
    <system-out><![CDATA[
@previousPage
Scenario: User go back to the previous page   &amp#27;[90m# src/test/resources/Features/09_dsTree.feature:615&amp#27;[0m
====================START SCENARIO=====================
The user is already on tryEditor page
  &amp#27;[32mGiven &amp#27;[0m&amp#27;[32mThe user is already on tryEditor page&amp#27;[0m &amp#27;[90m# stepDefinition.TryEditorPageStep.the_user_is_already_on_try_editor_page()&amp#27;[0m
Console screen containing output is displayed.
  &amp#27;[32mWhen &amp#27;[0m&amp#27;[32mUser able to see output in console&amp#27;[0m     &amp#27;[90m# stepDefinition.TryEditorPageStep.user_able_to_see_output_in_console()&amp#27;[0m
Console screen containing output is displayed and user go to the previous page.
  &amp#27;[32mThen &amp#27;[0m&amp#27;[32mUser go back to the previous page&amp#27;[0m      &amp#27;[90m# stepDefinition.TryEditorPageStep.user_go_back_to_the_previous_page()&amp#27;[0m
Scenario status ======>PASSED
]]></system-out>
  </testcase>
  <testcase name="runScenario[&quot;Tree page Practice Questions&quot;, &quot;I)Automatating Tree Module pages&quot;](236)" classname="runner.TestRunnerTestng" time="0.181">
    <system-out><![CDATA[
@PracticeQuestions
Scenario: Tree page Practice Questions                                                     &amp#27;[90m# src/test/resources/Features/09_dsTree.feature:622&amp#27;[0m
====================START SCENARIO=====================
  &amp#27;[32mGiven &amp#27;[0m&amp#27;[32mUser is on Implementation Of BST page&amp#27;[0m                                              &amp#27;[90m# stepDefinition.TreeStep.user_is_on_implementation_of_bst_page()&amp#27;[0m
User clicks  Practice Questions link of tree.
  &amp#27;[32mWhen &amp#27;[0m&amp#27;[32mUser clicks Practice Questions link of tree&amp#27;[0m                                         &amp#27;[90m# stepDefinition.TreeStep.user_clicks_practice_questions_link_of_tree()&amp#27;[0m
Verify Practice Question page title in Tree.
User is redirected to  Practice Questions  page
  &amp#27;[32mThen &amp#27;[0m&amp#27;[32mUser should be redirected to &amp#27;[0m&amp#27;[32m&amp#27;[1m" Practice Questions "&amp#27;[0m&amp#27;[32m Practice Questions of Tree page&amp#27;[0m &amp#27;[90m# stepDefinition.TreeStep.user_should_be_redirected_to_practice_questions_of_tree_page(java.lang.String)&amp#27;[0m
Scenario status ======>PASSED
]]></system-out>
  </testcase>
  <testcase name="runScenario[&quot;User go back to the DS Algo home page&quot;, &quot;I)Automatating Tree Module pages&quot;](237)" classname="runner.TestRunnerTestng" time="0.173">
    <system-out><![CDATA[
@backtoDSHomePage
Scenario: User go back to the DS Algo home page                                       &amp#27;[90m# src/test/resources/Features/09_dsTree.feature:628&amp#27;[0m
====================START SCENARIO=====================
User is on Practice Questions page.
  &amp#27;[32mGiven &amp#27;[0m&amp#27;[32mThe user is already on Practice Questions page&amp#27;[0m                                &amp#27;[90m# stepDefinition.TreeStep.the_user_is_already_on_practice_questions_page()&amp#27;[0m
The practice questions page is blank.
  &amp#27;[32mWhen &amp#27;[0m&amp#27;[32mNothing is displayed on the page&amp#27;[0m                                               &amp#27;[90m# stepDefinition.TreeStep.nothing_is_displayed_on_the_page()&amp#27;[0m
Verify Home page title by Assertions.
User is redirected to https://dsportalapp.herokuapp.com/home DS Algo home page
  &amp#27;[32mThen &amp#27;[0m&amp#27;[32mUser go back to the &amp#27;[0m&amp#27;[32m&amp#27;[1m"https://dsportalapp.herokuapp.com/home"&amp#27;[0m&amp#27;[32m DS Algo home page&amp#27;[0m &amp#27;[90m# stepDefinition.TreeStep.user_go_back_to_the_ds_algo_home_page(java.lang.String)&amp#27;[0m
Scenario status ======>PASSED
]]></system-out>
  </testcase>
  <testcase name="runScenario[&quot;Get started to graph from DS Algo home page&quot;, &quot;J)Automatating Graph Module pages&quot;](238)" classname="runner.TestRunnerTestng" time="0.269">
    <system-out><![CDATA[
@Graphpage
Scenario: Get started to graph from DS Algo home page                                          &amp#27;[90m# src/test/resources/Features/10_dsGraph.feature:4&amp#27;[0m
====================START SCENARIO=====================
Verify Home page title by Assertions.
  &amp#27;[32mGiven &amp#27;[0m&amp#27;[32mUser is on DS algo home page&amp#27;[0m                                                           &amp#27;[90m# stepDefinition.GraphStep.user_is_on_ds_algo_home_page()&amp#27;[0m
User clicks Graph Get Started button.
  &amp#27;[32mWhen &amp#27;[0m&amp#27;[32mUser clicks Get started button&amp#27;[0m                                                          &amp#27;[90m# stepDefinition.GraphStep.user_clicks_get_started_button()&amp#27;[0m
Verify Graph Home page title by Assertions.
User is redirected to https://dsportalapp.herokuapp.com/graph/ page
  &amp#27;[32mThen &amp#27;[0m&amp#27;[32mUser should be redirected to &amp#27;[0m&amp#27;[32m&amp#27;[1m"https://dsportalapp.herokuapp.com/graph/"&amp#27;[0m&amp#27;[32m graph home page&amp#27;[0m &amp#27;[90m# stepDefinition.GraphStep.user_should_be_redirected_to_graph_home_page(java.lang.String)&amp#27;[0m
Scenario status ======>PASSED
]]></system-out>
  </testcase>
  <testcase name="runScenario[&quot;Graph home page&quot;, &quot;J)Automatating Graph Module pages&quot;](239)" classname="runner.TestRunnerTestng" time="0.282">
    <system-out><![CDATA[
@Graphpage
Scenario: Graph home page                              &amp#27;[90m# src/test/resources/Features/10_dsGraph.feature:10&amp#27;[0m
====================START SCENARIO=====================
Verify Graph Home page title by Assertions.
  &amp#27;[32mGiven &amp#27;[0m&amp#27;[32mUser is on Graph home page&amp#27;[0m                     &amp#27;[90m# stepDefinition.GraphStep.user_is_on_graph_home_page()&amp#27;[0m
User clicks Graph link on Graph home page.
  &amp#27;[32mWhen &amp#27;[0m&amp#27;[32mUser clicks Graph link&amp#27;[0m                          &amp#27;[90m# stepDefinition.GraphStep.user_clicks_graph_link()&amp#27;[0m
The user able to see Title: Graph
Verify title of Graph page.
User is redirected to Graph page
  &amp#27;[32mThen &amp#27;[0m&amp#27;[32mUser should be redirected to &amp#27;[0m&amp#27;[32m&amp#27;[1m"Graph"&amp#27;[0m&amp#27;[32m graph page&amp#27;[0m &amp#27;[90m# stepDefinition.GraphStep.user_should_be_redirected_to_graph_page(java.lang.String)&amp#27;[0m
Scenario status ======>PASSED
]]></system-out>
  </testcase>
  <testcase name="runScenario[&quot;Graph page&quot;, &quot;J)Automatating Graph Module pages&quot;](240)" classname="runner.TestRunnerTestng" time="0.413">
    <system-out><![CDATA[
@PythonEditor
Scenario: Graph page                                                                                                          &amp#27;[90m# src/test/resources/Features/10_dsGraph.feature:16&amp#27;[0m
====================START SCENARIO=====================
User is on Graph page
  &amp#27;[32mGiven &amp#27;[0m&amp#27;[32mUser is on Graph page&amp#27;[0m                                                                                                 &amp#27;[90m# stepDefinition.GraphStep.user_is_on_graph_page()&amp#27;[0m
User clicks Try Here link on Graph page
  &amp#27;[32mWhen &amp#27;[0m&amp#27;[32mUser clicks Try Here link&amp#27;[0m                                                                                              &amp#27;[90m# stepDefinition.GraphStep.user_clicks_try_here_link()&amp#27;[0m
  &amp#27;[32mThen &amp#27;[0m&amp#27;[32mUser should be redirected to &amp#27;[0m&amp#27;[32m&amp#27;[1m"https://dsportalapp.herokuapp.com/tryEditor"&amp#27;[0m&amp#27;[32m tryEditor page having Editor and run button&amp#27;[0m &amp#27;[90m# stepDefinition.GraphStep.user_should_be_redirected_to_try_editor_page_having_editor_and_run_button(java.lang.String)&amp#27;[0m
Scenario status ======>PASSED
]]></system-out>
  </testcase>
  <testcase name="runScenario[&quot;Python Editor page without data&quot;, &quot;J)Automatating Graph Module pages&quot;](241)" classname="runner.TestRunnerTestng" time="0.413">
    <system-out><![CDATA[
@PythonEditor_Blank
Scenario: Python Editor page without data                                    &amp#27;[90m# src/test/resources/Features/10_dsGraph.feature:22&amp#27;[0m
====================START SCENARIO=====================
  &amp#27;[32mGiven &amp#27;[0m&amp#27;[32mThe user is on tryEditor page&amp#27;[0m                                        &amp#27;[90m# stepDefinition.TryEditorPageStep.the_user_is_on_try_editor_page()&amp#27;[0m
User did not enter any code and clicks run button.
  &amp#27;[32mWhen &amp#27;[0m&amp#27;[32mThe user clicks the run button without entring the code in the Editor&amp#27;[0m &amp#27;[90m# stepDefinition.TryEditorPageStep.the_user_clicks_the_run_button_without_entring_the_code_in_the_editor()&amp#27;[0m
No error message is displayed on the page.Raise as a BUG.
  &amp#27;[32mThen &amp#27;[0m&amp#27;[32mNothing happens to the page and no error message is displayed&amp#27;[0m         &amp#27;[90m# stepDefinition.TryEditorPageStep.nothing_happens_to_the_page_and_no_error_message_is_displayed()&amp#27;[0m
Scenario status ======>PASSED
]]></system-out>
  </testcase>
  <testcase name="runScenario[&quot;Python Editor page with Invalid data&quot;, &quot;J)Automatating Graph Module pages&quot;](242)" classname="runner.TestRunnerTestng" time="0.509">
    <system-out><![CDATA[
@PythonEditor_Invalid
Scenario Outline: Python Editor page with Invalid data                                                                                        &amp#27;[90m# src/test/resources/Features/10_dsGraph.feature:36&amp#27;[0m
====================START SCENARIO=====================
Inside step-The user is on the same TryEditor page.
  &amp#27;[32mGiven &amp#27;[0m&amp#27;[32mUser is on the tryEditor page&amp#27;[0m                                                                                                         &amp#27;[90m# stepDefinition.TryEditorPageStep.user_is_on_the_try_editor_page()&amp#27;[0m
The sheet existance status is : true
print(10
  &amp#27;[32mAnd &amp#27;[0m&amp#27;[32menters the data in the Editor after reading data from excel sheet &amp#27;[0m&amp#27;[32m&amp#27;[1m"Python_code"&amp#27;[0m&amp#27;[32m with column_name &amp#27;[0m&amp#27;[32m&amp#27;[1m"Python_Invalid_Data"&amp#27;[0m&amp#27;[32m and row_number &amp#27;[0m&amp#27;[32m&amp#27;[1m2&amp#27;[0m &amp#27;[90m# stepDefinition.TryEditorPageStep.enters_the_data_in_the_editor_after_reading_data_from_excel_sheet_with_column_name_and_row_number(java.lang.String,java.lang.String,java.lang.Integer)&amp#27;[0m
  &amp#27;[32mWhen &amp#27;[0m&amp#27;[32mThe User clicks a run button&amp#27;[0m                                                                                                           &amp#27;[90m# stepDefinition.TryEditorPageStep.the_user_clicks_a_run_button()&amp#27;[0m
  &amp#27;[32mThen &amp#27;[0m&amp#27;[32mThe user see error msg in alert window and press ok button&amp#27;[0m                                                                             &amp#27;[90m# stepDefinition.TryEditorPageStep.the_user_see_error_msg_in_alert_window()&amp#27;[0m
Scenario status ======>PASSED
]]></system-out>
  </testcase>
  <testcase name="runScenario[&quot;Python Editor page with valid data&quot;, &quot;J)Automatating Graph Module pages&quot;](243)" classname="runner.TestRunnerTestng" time="0.512">
    <system-out><![CDATA[
@PythonEditor_Valid
Scenario Outline: Python Editor page with valid data                                                                                    &amp#27;[90m# src/test/resources/Features/10_dsGraph.feature:47&amp#27;[0m
====================START SCENARIO=====================
  &amp#27;[32mGiven &amp#27;[0m&amp#27;[32mThe user is on the tryEditor page&amp#27;[0m                                                                                               &amp#27;[90m# stepDefinition.TryEditorPageStep.the_user_is_on_the_try_editor_page()&amp#27;[0m
The sheet existance status is : true
print(10);
  &amp#27;[32mAnd &amp#27;[0m&amp#27;[32menters data in the Editor after reading data from excel sheet &amp#27;[0m&amp#27;[32m&amp#27;[1m"Python_code"&amp#27;[0m&amp#27;[32m with column_name &amp#27;[0m&amp#27;[32m&amp#27;[1m"Python_Valid_Data"&amp#27;[0m&amp#27;[32m and row_number &amp#27;[0m&amp#27;[32m&amp#27;[1m2&amp#27;[0m &amp#27;[90m# stepDefinition.TryEditorPageStep.enters_data_in_the_editor_after_reading_data_from_excel_sheet_with_column_name_and_row_number(java.lang.String,java.lang.String,java.lang.Integer)&amp#27;[0m
  &amp#27;[32mWhen &amp#27;[0m&amp#27;[32mUser clicks a run button&amp#27;[0m                                                                                                         &amp#27;[90m# stepDefinition.TryEditorPageStep.user_clicks_a_run_button()&amp#27;[0m
Console screen containing output is displayed.
The User able to see result in the console: 10
  &amp#27;[32mThen &amp#27;[0m&amp#27;[32moutput should be displayed on the console&amp#27;[0m                                                                                        &amp#27;[90m# stepDefinition.TryEditorPageStep.output_should_be_displayed_on_the_console()&amp#27;[0m
Scenario status ======>PASSED
]]></system-out>
  </testcase>
  <testcase name="runScenario[&quot;User go back to Graph page&quot;, &quot;J)Automatating Graph Module pages&quot;](244)" classname="runner.TestRunnerTestng" time="0.194">
    <system-out><![CDATA[
@previousPage
Scenario: User go back to Graph page          &amp#27;[90m# src/test/resources/Features/10_dsGraph.feature:50&amp#27;[0m
====================START SCENARIO=====================
The user is already on tryEditor page
  &amp#27;[32mGiven &amp#27;[0m&amp#27;[32mThe user is already on tryEditor page&amp#27;[0m &amp#27;[90m# stepDefinition.TryEditorPageStep.the_user_is_already_on_try_editor_page()&amp#27;[0m
Console screen containing output is displayed.
  &amp#27;[32mWhen &amp#27;[0m&amp#27;[32mUser able to see output in console&amp#27;[0m     &amp#27;[90m# stepDefinition.TryEditorPageStep.user_able_to_see_output_in_console()&amp#27;[0m
Console screen containing output is displayed and user go to the previous page.
  &amp#27;[32mThen &amp#27;[0m&amp#27;[32mUser go back to the previous page&amp#27;[0m      &amp#27;[90m# stepDefinition.TryEditorPageStep.user_go_back_to_the_previous_page()&amp#27;[0m
Scenario status ======>PASSED
]]></system-out>
  </testcase>
  <testcase name="runScenario[&quot;Graph page second link&quot;, &quot;J)Automatating Graph Module pages&quot;](245)" classname="runner.TestRunnerTestng" time="0.353">
    <system-out><![CDATA[
@GraphRepresentations
Scenario: Graph page second link                                                       &amp#27;[90m# src/test/resources/Features/10_dsGraph.feature:56&amp#27;[0m
====================START SCENARIO=====================
User is on Graph page
  &amp#27;[32mGiven &amp#27;[0m&amp#27;[32mUser is on Graph page&amp#27;[0m                                                          &amp#27;[90m# stepDefinition.GraphStep.user_is_on_graph_page()&amp#27;[0m
User clicks the link for Graph Presentations.
  &amp#27;[32mWhen &amp#27;[0m&amp#27;[32mUser clicks Graph Representations link&amp#27;[0m                                          &amp#27;[90m# stepDefinition.GraphStep.user_clicks_graph_representations_link()&amp#27;[0m
The user able to see Title: Graph Representations
Verify title of Graph representation page.
User is redirected to Graph Representations page
  &amp#27;[32mThen &amp#27;[0m&amp#27;[32mUser should be redirected to &amp#27;[0m&amp#27;[32m&amp#27;[1m"Graph Representations"&amp#27;[0m&amp#27;[32m Graph Representations page&amp#27;[0m &amp#27;[90m# stepDefinition.GraphStep.user_should_be_redirected_to_graph_representations_page(java.lang.String)&amp#27;[0m
Scenario status ======>PASSED
]]></system-out>
  </testcase>
  <testcase name="runScenario[&quot;Graph Representations page&quot;, &quot;J)Automatating Graph Module pages&quot;](246)" classname="runner.TestRunnerTestng" time="0.477">
    <system-out><![CDATA[
@PythonEditor
Scenario: Graph Representations page                                                                                          &amp#27;[90m# src/test/resources/Features/10_dsGraph.feature:62&amp#27;[0m
====================START SCENARIO=====================
User is on Graph Representations page
  &amp#27;[32mGiven &amp#27;[0m&amp#27;[32mUser is on Graph Representations page&amp#27;[0m                                                                                 &amp#27;[90m# stepDefinition.GraphStep.user_is_on_Graph_Representations_page()&amp#27;[0m
User clicks Try Here link on Graph page
  &amp#27;[32mWhen &amp#27;[0m&amp#27;[32mUser clicks Try Here link&amp#27;[0m                                                                                              &amp#27;[90m# stepDefinition.GraphStep.user_clicks_try_here_link()&amp#27;[0m
  &amp#27;[32mThen &amp#27;[0m&amp#27;[32mUser should be redirected to &amp#27;[0m&amp#27;[32m&amp#27;[1m"https://dsportalapp.herokuapp.com/tryEditor"&amp#27;[0m&amp#27;[32m tryEditor page having Editor and run button&amp#27;[0m &amp#27;[90m# stepDefinition.GraphStep.user_should_be_redirected_to_try_editor_page_having_editor_and_run_button(java.lang.String)&amp#27;[0m
Scenario status ======>PASSED
]]></system-out>
  </testcase>
  <testcase name="runScenario[&quot;Python Editor page without data&quot;, &quot;J)Automatating Graph Module pages&quot;](247)" classname="runner.TestRunnerTestng" time="0.409">
    <system-out><![CDATA[
@PythonEditor_Blank
Scenario: Python Editor page without data                                    &amp#27;[90m# src/test/resources/Features/10_dsGraph.feature:68&amp#27;[0m
====================START SCENARIO=====================
  &amp#27;[32mGiven &amp#27;[0m&amp#27;[32mThe user is on tryEditor page&amp#27;[0m                                        &amp#27;[90m# stepDefinition.TryEditorPageStep.the_user_is_on_try_editor_page()&amp#27;[0m
User did not enter any code and clicks run button.
  &amp#27;[32mWhen &amp#27;[0m&amp#27;[32mThe user clicks the run button without entring the code in the Editor&amp#27;[0m &amp#27;[90m# stepDefinition.TryEditorPageStep.the_user_clicks_the_run_button_without_entring_the_code_in_the_editor()&amp#27;[0m
No error message is displayed on the page.Raise as a BUG.
  &amp#27;[32mThen &amp#27;[0m&amp#27;[32mNothing happens to the page and no error message is displayed&amp#27;[0m         &amp#27;[90m# stepDefinition.TryEditorPageStep.nothing_happens_to_the_page_and_no_error_message_is_displayed()&amp#27;[0m
Scenario status ======>PASSED
]]></system-out>
  </testcase>
  <testcase name="runScenario[&quot;Python Editor page with Invalid data&quot;, &quot;J)Automatating Graph Module pages&quot;](248)" classname="runner.TestRunnerTestng" time="0.547">
    <system-out><![CDATA[
@PythonEditor_Invalid
Scenario Outline: Python Editor page with Invalid data                                                                                        &amp#27;[90m# src/test/resources/Features/10_dsGraph.feature:82&amp#27;[0m
====================START SCENARIO=====================
Inside step-The user is on the same TryEditor page.
  &amp#27;[32mGiven &amp#27;[0m&amp#27;[32mUser is on the tryEditor page&amp#27;[0m                                                                                                         &amp#27;[90m# stepDefinition.TryEditorPageStep.user_is_on_the_try_editor_page()&amp#27;[0m
The sheet existance status is : true
print(10
  &amp#27;[32mAnd &amp#27;[0m&amp#27;[32menters the data in the Editor after reading data from excel sheet &amp#27;[0m&amp#27;[32m&amp#27;[1m"Python_code"&amp#27;[0m&amp#27;[32m with column_name &amp#27;[0m&amp#27;[32m&amp#27;[1m"Python_Invalid_Data"&amp#27;[0m&amp#27;[32m and row_number &amp#27;[0m&amp#27;[32m&amp#27;[1m2&amp#27;[0m &amp#27;[90m# stepDefinition.TryEditorPageStep.enters_the_data_in_the_editor_after_reading_data_from_excel_sheet_with_column_name_and_row_number(java.lang.String,java.lang.String,java.lang.Integer)&amp#27;[0m
  &amp#27;[32mWhen &amp#27;[0m&amp#27;[32mThe User clicks a run button&amp#27;[0m                                                                                                           &amp#27;[90m# stepDefinition.TryEditorPageStep.the_user_clicks_a_run_button()&amp#27;[0m
  &amp#27;[32mThen &amp#27;[0m&amp#27;[32mThe user see error msg in alert window and press ok button&amp#27;[0m                                                                             &amp#27;[90m# stepDefinition.TryEditorPageStep.the_user_see_error_msg_in_alert_window()&amp#27;[0m
Scenario status ======>PASSED
]]></system-out>
  </testcase>
  <testcase name="runScenario[&quot;Python Editor page with valid data&quot;, &quot;J)Automatating Graph Module pages&quot;](249)" classname="runner.TestRunnerTestng" time="0.519">
    <system-out><![CDATA[
@PythonEditor_Valid
Scenario Outline: Python Editor page with valid data                                                                                    &amp#27;[90m# src/test/resources/Features/10_dsGraph.feature:93&amp#27;[0m
====================START SCENARIO=====================
  &amp#27;[32mGiven &amp#27;[0m&amp#27;[32mThe user is on the tryEditor page&amp#27;[0m                                                                                               &amp#27;[90m# stepDefinition.TryEditorPageStep.the_user_is_on_the_try_editor_page()&amp#27;[0m
The sheet existance status is : true
print(10);
  &amp#27;[32mAnd &amp#27;[0m&amp#27;[32menters data in the Editor after reading data from excel sheet &amp#27;[0m&amp#27;[32m&amp#27;[1m"Python_code"&amp#27;[0m&amp#27;[32m with column_name &amp#27;[0m&amp#27;[32m&amp#27;[1m"Python_Valid_Data"&amp#27;[0m&amp#27;[32m and row_number &amp#27;[0m&amp#27;[32m&amp#27;[1m2&amp#27;[0m &amp#27;[90m# stepDefinition.TryEditorPageStep.enters_data_in_the_editor_after_reading_data_from_excel_sheet_with_column_name_and_row_number(java.lang.String,java.lang.String,java.lang.Integer)&amp#27;[0m
  &amp#27;[32mWhen &amp#27;[0m&amp#27;[32mUser clicks a run button&amp#27;[0m                                                                                                         &amp#27;[90m# stepDefinition.TryEditorPageStep.user_clicks_a_run_button()&amp#27;[0m
Console screen containing output is displayed.
The User able to see result in the console: 10
  &amp#27;[32mThen &amp#27;[0m&amp#27;[32moutput should be displayed on the console&amp#27;[0m                                                                                        &amp#27;[90m# stepDefinition.TryEditorPageStep.output_should_be_displayed_on_the_console()&amp#27;[0m
Scenario status ======>PASSED
]]></system-out>
  </testcase>
  <testcase name="runScenario[&quot;User go back to Graph page&quot;, &quot;J)Automatating Graph Module pages&quot;](250)" classname="runner.TestRunnerTestng" time="0.2">
    <system-out><![CDATA[
@previousPage
Scenario: User go back to Graph page          &amp#27;[90m# src/test/resources/Features/10_dsGraph.feature:96&amp#27;[0m
====================START SCENARIO=====================
The user is already on tryEditor page
  &amp#27;[32mGiven &amp#27;[0m&amp#27;[32mThe user is already on tryEditor page&amp#27;[0m &amp#27;[90m# stepDefinition.TryEditorPageStep.the_user_is_already_on_try_editor_page()&amp#27;[0m
Console screen containing output is displayed.
  &amp#27;[32mWhen &amp#27;[0m&amp#27;[32mUser able to see output in console&amp#27;[0m     &amp#27;[90m# stepDefinition.TryEditorPageStep.user_able_to_see_output_in_console()&amp#27;[0m
Console screen containing output is displayed and user go to the previous page.
  &amp#27;[32mThen &amp#27;[0m&amp#27;[32mUser go back to the previous page&amp#27;[0m      &amp#27;[90m# stepDefinition.TryEditorPageStep.user_go_back_to_the_previous_page()&amp#27;[0m
Scenario status ======>PASSED
]]></system-out>
  </testcase>
  <testcase name="runScenario[&quot;Graph page Practice Questions&quot;, &quot;J)Automatating Graph Module pages&quot;](251)" classname="runner.TestRunnerTestng" time="0.209">
    <system-out><![CDATA[
@GraphPracticeQuestions
Scenario: Graph page Practice Questions                                            &amp#27;[90m# src/test/resources/Features/10_dsGraph.feature:102&amp#27;[0m
====================START SCENARIO=====================
User is on Graph page
  &amp#27;[32mGiven &amp#27;[0m&amp#27;[32mUser is on Graph page&amp#27;[0m                                                      &amp#27;[90m# stepDefinition.GraphStep.user_is_on_graph_page()&amp#27;[0m
User clicks the link for Practice Questions.
  &amp#27;[32mWhen &amp#27;[0m&amp#27;[32mUser clicks Practice Questions link&amp#27;[0m                                         &amp#27;[90m# stepDefinition.GraphStep.user_clicks_practice_questions_link()&amp#27;[0m
Verify title of practice question in Graph.
  &amp#27;[32mThen &amp#27;[0m&amp#27;[32mUser should be redirected to &amp#27;[0m&amp#27;[32m&amp#27;[1m" Practice Questions "&amp#27;[0m&amp#27;[32m Practice Questions page&amp#27;[0m &amp#27;[90m# stepDefinition.GraphStep.user_should_be_redirected_to_practice_questions_page(java.lang.String)&amp#27;[0m
Scenario status ======>PASSED
]]></system-out>
  </testcase>
  <testcase name="runScenario[&quot;User go back to the DS Algo home page&quot;, &quot;J)Automatating Graph Module pages&quot;](252)" classname="runner.TestRunnerTestng" time="0.152">
    <system-out><![CDATA[
@backtoDSHomePage
Scenario: User go back to the DS Algo home page                                  &amp#27;[90m# src/test/resources/Features/10_dsGraph.feature:108&amp#27;[0m
====================START SCENARIO=====================
User is on Practice Questions page.
  &amp#27;[32mGiven &amp#27;[0m&amp#27;[32mThe user is already on Practice Questions page of Graph&amp#27;[0m                  &amp#27;[90m# stepDefinition.GraphStep.the_user_is_already_on_practice_questions_page_of_graph()&amp#27;[0m
The practice questions page is blank.
  &amp#27;[32mWhen &amp#27;[0m&amp#27;[32mNothing is displayed on the page of Practice Questions&amp#27;[0m                    &amp#27;[90m# stepDefinition.GraphStep.nothing_is_displayed_on_the_page_of_practice_questions()&amp#27;[0m
Verify DS Home page title by Assertions.
User is redirected to https://dsportalapp.herokuapp.com/home DS Algo home page
  &amp#27;[32mThen &amp#27;[0m&amp#27;[32mUser go back to the &amp#27;[0m&amp#27;[32m&amp#27;[1m"https://dsportalapp.herokuapp.com/home"&amp#27;[0m&amp#27;[32m DS home page&amp#27;[0m &amp#27;[90m# stepDefinition.GraphStep.user_go_back_to_the_ds_home_page(java.lang.String)&amp#27;[0m
Scenario status ======>PASSED
]]></system-out>
  </testcase>
  <testcase name="runScenario[&quot;Signing out and Closing the browser&quot;, &quot;K)Signing out from DS Algo Portal&quot;](253)" classname="runner.TestRunnerTestng" time="0.809">
    <system-out><![CDATA[
@SignOut
Scenario: Signing out and Closing the browser                                                                                                                                &amp#27;[90m# src/test/resources/Features/11_dsSignOut.feature:4&amp#27;[0m
====================START SCENARIO=====================
Inside step-User is on DS Algo home page.
  &amp#27;[32mGiven &amp#27;[0m&amp#27;[32mThe user is on DS Algo Home Page&amp#27;[0m                                                                                                                                     &amp#27;[90m# stepDefinition.SignOutStep.the_user_is_on_the_ds_algo_home_page()&amp#27;[0m
User clicks sign out link.
  &amp#27;[32mWhen &amp#27;[0m&amp#27;[32mThe user click the Sign out link&amp#27;[0m                                                                                                                                      &amp#27;[90m# stepDefinition.SignOutStep.the_user_click_the_sign_out_link()&amp#27;[0m
Verifying logged out message.
User logged out successfully.
  &amp#27;[32mThen &amp#27;[0m&amp#27;[32mThe user able to see successful message &amp#27;[0m&amp#27;[32m&amp#27;[1m"Logged out successfully"&amp#27;[0m                                                                                                     &amp#27;[90m# stepDefinition.SignOutStep.the_user_able_to_see_successful_message(java.lang.String)&amp#27;[0m
Verifying Register link
Verifying Sign in link
closing the browser.
  &amp#27;[32mAnd &amp#27;[0m&amp#27;[32mThe user should able to see his Register and sign in  link on the right side of the DS Algo Introduction Page and After user logged out successfully close the browser&amp#27;[0m &amp#27;[90m# stepDefinition.SignOutStep.the_user_should_able_to_see_his_register_and_sign_in_link_on_the_right_side_of_the_ds_algo_introduction_page_and_after_user_logged_out_successfully_close_the_browser()&amp#27;[0m
Scenario status ======>PASSED
]]></system-out>
    <system-err><![CDATA[Dec 07, 2023 11:34:37 PM org.openqa.selenium.remote.http.WebSocket$Listener onError
WARNING: Connection reset
java.net.SocketException: Connection reset
	at java.base/sun.nio.ch.SocketChannelImpl.throwConnectionReset(SocketChannelImpl.java:401)
	at java.base/sun.nio.ch.SocketChannelImpl.read(SocketChannelImpl.java:434)
	at java.net.http/jdk.internal.net.http.SocketTube.readAvailable(SocketTube.java:1178)
	at java.net.http/jdk.internal.net.http.SocketTube$InternalReadPublisher$InternalReadSubscription.read(SocketTube.java:841)
	at java.net.http/jdk.internal.net.http.SocketTube$SocketFlowTask.run(SocketTube.java:181)
	at java.net.http/jdk.internal.net.http.common.SequentialScheduler$SchedulableTask.run(SequentialScheduler.java:230)
	at java.net.http/jdk.internal.net.http.common.SequentialScheduler.runOrSchedule(SequentialScheduler.java:303)
	at java.net.http/jdk.internal.net.http.common.SequentialScheduler.runOrSchedule(SequentialScheduler.java:256)
	at java.net.http/jdk.internal.net.http.SocketTube$InternalReadPublisher$InternalReadSubscription.signalReadable(SocketTube.java:782)
	at java.net.http/jdk.internal.net.http.SocketTube$InternalReadPublisher$ReadEvent.signalEvent(SocketTube.java:965)
	at java.net.http/jdk.internal.net.http.SocketTube$SocketFlowEvent.handle(SocketTube.java:253)
	at java.net.http/jdk.internal.net.http.HttpClientImpl$SelectorManager.handleEvent(HttpClientImpl.java:1337)
	at java.net.http/jdk.internal.net.http.HttpClientImpl$SelectorManager.lambda$run$3(HttpClientImpl.java:1282)
	at java.base/java.util.ArrayList.forEach(ArrayList.java:1511)
	at java.net.http/jdk.internal.net.http.HttpClientImpl$SelectorManager.run(HttpClientImpl.java:1282)

]]></system-err>
  </testcase>
</testsuite>