<?xml version="1.0" encoding="UTF-8"?>
<!-- Generated by org.testng.reporters.JUnitReportReporter -->
<testsuite hostname="DESKTOP-NHMPP64" failures="1" tests="253" name="runner.TestRunnerTestng" time="83.536" errors="0" timestamp="2023-12-07T12:47:12 EST" skipped="0">
  <testcase classname="runner.TestRunnerTestng" name="runScenario" time="0.528"/>
  <testcase classname="runner.TestRunnerTestng" name="runScenario" time="0.299"/>
  <testcase classname="runner.TestRunnerTestng" name="runScenario" time="0.197"/>
  <testcase classname="runner.TestRunnerTestng" name="runScenario" time="0.295"/>
  <testcase classname="runner.TestRunnerTestng" name="runScenario" time="0.175"/>
  <testcase classname="runner.TestRunnerTestng" name="runScenario" time="0.393"/>
  <testcase classname="runner.TestRunnerTestng" name="runScenario" time="0.279"/>
  <testcase classname="runner.TestRunnerTestng" name="runScenario" time="0.455"/>
  <testcase classname="runner.TestRunnerTestng" name="runScenario" time="0.141"/>
  <testcase classname="runner.TestRunnerTestng" name="runScenario" time="0.468"/>
  <testcase classname="runner.TestRunnerTestng" name="runScenario" time="0.215"/>
  <testcase classname="runner.TestRunnerTestng" name="runScenario" time="0.440"/>
  <testcase classname="runner.TestRunnerTestng" name="runScenario" time="0.149"/>
  <testcase classname="runner.TestRunnerTestng" name="runScenario" time="0.220"/>
  <testcase classname="runner.TestRunnerTestng" name="runScenario" time="0.189"/>
  <testcase classname="runner.TestRunnerTestng" name="runScenario" time="0.206"/>
  <testcase classname="runner.TestRunnerTestng" name="runScenario" time="0.442"/>
  <testcase classname="runner.TestRunnerTestng" name="runScenario" time="0.297"/>
  <testcase classname="runner.TestRunnerTestng" name="runScenario" time="0.381"/>
  <testcase classname="runner.TestRunnerTestng" name="runScenario" time="0.250"/>
  <testcase classname="runner.TestRunnerTestng" name="runScenario" time="0.306"/>
  <testcase classname="runner.TestRunnerTestng" name="runScenario" time="0.315"/>
  <testcase classname="runner.TestRunnerTestng" name="runScenario" time="0.395"/>
  <testcase classname="runner.TestRunnerTestng" name="runScenario" time="0.347"/>
  <testcase classname="runner.TestRunnerTestng" name="runScenario" time="0.212"/>
  <testcase classname="runner.TestRunnerTestng" name="runScenario" time="0.149"/>
  <testcase classname="runner.TestRunnerTestng" name="runScenario" time="0.318"/>
  <testcase classname="runner.TestRunnerTestng" name="runScenario" time="0.288"/>
  <testcase classname="runner.TestRunnerTestng" name="runScenario" time="0.399"/>
  <testcase classname="runner.TestRunnerTestng" name="runScenario" time="0.225"/>
  <testcase classname="runner.TestRunnerTestng" name="runScenario" time="0.308"/>
  <testcase classname="runner.TestRunnerTestng" name="runScenario" time="0.339"/>
  <testcase classname="runner.TestRunnerTestng" name="runScenario" time="0.154"/>
  <testcase classname="runner.TestRunnerTestng" name="runScenario" time="0.415"/>
  <testcase classname="runner.TestRunnerTestng" name="runScenario" time="0.133"/>
  <testcase classname="runner.TestRunnerTestng" name="runScenario" time="0.216"/>
  <testcase classname="runner.TestRunnerTestng" name="runScenario" time="0.368"/>
  <testcase classname="runner.TestRunnerTestng" name="runScenario" time="0.401"/>
  <testcase classname="runner.TestRunnerTestng" name="runScenario" time="0.438"/>
  <testcase classname="runner.TestRunnerTestng" name="runScenario" time="0.474"/>
  <testcase classname="runner.TestRunnerTestng" name="runScenario" time="0.166"/>
  <testcase classname="runner.TestRunnerTestng" name="runScenario" time="0.218"/>
  <testcase classname="runner.TestRunnerTestng" name="runScenario" time="0.153"/>
  <testcase classname="runner.TestRunnerTestng" name="runScenario" time="0.195"/>
  <testcase classname="runner.TestRunnerTestng" name="runScenario" time="0.221"/>
  <testcase classname="runner.TestRunnerTestng" name="runScenario" time="0.200"/>
  <testcase classname="runner.TestRunnerTestng" name="runScenario" time="0.400"/>
  <testcase classname="runner.TestRunnerTestng" name="runScenario" time="0.404"/>
  <testcase classname="runner.TestRunnerTestng" name="runScenario" time="0.296"/>
  <testcase classname="runner.TestRunnerTestng" name="runScenario" time="0.401"/>
  <testcase classname="runner.TestRunnerTestng" name="runScenario" time="0.188"/>
  <testcase classname="runner.TestRunnerTestng" name="runScenario" time="0.379"/>
  <testcase classname="runner.TestRunnerTestng" name="runScenario" time="0.353"/>
  <testcase classname="runner.TestRunnerTestng" name="runScenario" time="0.306"/>
  <testcase classname="runner.TestRunnerTestng" name="runScenario" time="0.116"/>
  <testcase classname="runner.TestRunnerTestng" name="runScenario" time="2.925"/>
  <testcase classname="runner.TestRunnerTestng" name="runScenario" time="0.357"/>
  <testcase classname="runner.TestRunnerTestng" name="runScenario" time="0.267"/>
  <testcase classname="runner.TestRunnerTestng" name="runScenario" time="0.324"/>
  <testcase classname="runner.TestRunnerTestng" name="runScenario" time="0.136"/>
  <testcase classname="runner.TestRunnerTestng" name="runScenario" time="0.161"/>
  <testcase classname="runner.TestRunnerTestng" name="runScenario" time="0.166"/>
  <testcase classname="runner.TestRunnerTestng" name="runScenario" time="0.150"/>
  <testcase classname="runner.TestRunnerTestng" name="runScenario" time="0.148"/>
  <testcase classname="runner.TestRunnerTestng" name="runScenario" time="0.433"/>
  <testcase classname="runner.TestRunnerTestng" name="runScenario" time="0.204"/>
  <testcase classname="runner.TestRunnerTestng" name="runScenario" time="0.433"/>
  <testcase classname="runner.TestRunnerTestng" name="runScenario" time="0.380"/>
  <testcase classname="runner.TestRunnerTestng" name="runScenario" time="0.318"/>
  <testcase classname="runner.TestRunnerTestng" name="runScenario" time="0.383"/>
  <testcase classname="runner.TestRunnerTestng" name="runScenario" time="0.418"/>
  <testcase classname="runner.TestRunnerTestng" name="runScenario" time="0.409"/>
  <testcase classname="runner.TestRunnerTestng" name="runScenario" time="0.162"/>
  <testcase classname="runner.TestRunnerTestng" name="runScenario" time="0.410"/>
  <testcase classname="runner.TestRunnerTestng" name="runScenario" time="0.395"/>
  <testcase classname="runner.TestRunnerTestng" name="runScenario" time="0.416"/>
  <testcase classname="runner.TestRunnerTestng" name="runScenario" time="0.300"/>
  <testcase classname="runner.TestRunnerTestng" name="runScenario" time="0.144"/>
  <testcase classname="runner.TestRunnerTestng" name="runScenario" time="0.320"/>
  <testcase classname="runner.TestRunnerTestng" name="runScenario" time="0.400"/>
  <testcase classname="runner.TestRunnerTestng" name="runScenario" time="0.214"/>
  <testcase classname="runner.TestRunnerTestng" name="runScenario" time="0.131"/>
  <testcase classname="runner.TestRunnerTestng" name="runScenario" time="0.382"/>
  <testcase classname="runner.TestRunnerTestng" name="runScenario" time="0.333"/>
  <testcase classname="runner.TestRunnerTestng" name="runScenario" time="0.305"/>
  <testcase classname="runner.TestRunnerTestng" name="runScenario" time="0.411"/>
  <testcase classname="runner.TestRunnerTestng" name="runScenario" time="0.138"/>
  <testcase classname="runner.TestRunnerTestng" name="runScenario" time="0.238"/>
  <testcase classname="runner.TestRunnerTestng" name="runScenario" time="0.158"/>
  <testcase classname="runner.TestRunnerTestng" name="runScenario" time="0.409"/>
  <testcase classname="runner.TestRunnerTestng" name="runScenario" time="0.232"/>
  <testcase classname="runner.TestRunnerTestng" name="runScenario" time="0.382"/>
  <testcase classname="runner.TestRunnerTestng" name="runScenario" time="0.344"/>
  <testcase classname="runner.TestRunnerTestng" name="runScenario" time="0.486"/>
  <testcase classname="runner.TestRunnerTestng" name="runScenario" time="0.222"/>
  <testcase classname="runner.TestRunnerTestng" name="runScenario" time="0.645"/>
  <testcase classname="runner.TestRunnerTestng" name="runScenario" time="0.435"/>
  <testcase classname="runner.TestRunnerTestng" name="runScenario" time="0.214"/>
  <testcase classname="runner.TestRunnerTestng" name="runScenario" time="0.206"/>
  <testcase classname="runner.TestRunnerTestng" name="runScenario" time="0.144"/>
  <testcase classname="runner.TestRunnerTestng" name="runScenario" time="0.314"/>
  <testcase classname="runner.TestRunnerTestng" name="runScenario" time="0.137"/>
  <testcase classname="runner.TestRunnerTestng" name="runScenario" time="0.318"/>
  <testcase classname="runner.TestRunnerTestng" name="runScenario" time="0.235"/>
  <testcase classname="runner.TestRunnerTestng" name="runScenario" time="0.395"/>
  <testcase classname="runner.TestRunnerTestng" name="runScenario" time="0.381"/>
  <testcase classname="runner.TestRunnerTestng" name="runScenario" time="0.284"/>
  <testcase classname="runner.TestRunnerTestng" name="runScenario" time="0.305"/>
  <testcase classname="runner.TestRunnerTestng" name="runScenario" time="0.318"/>
  <testcase classname="runner.TestRunnerTestng" name="runScenario" time="0.318"/>
  <testcase classname="runner.TestRunnerTestng" name="runScenario" time="0.443"/>
  <testcase classname="runner.TestRunnerTestng" name="runScenario" time="1.424"/>
  <testcase classname="runner.TestRunnerTestng" name="runScenario" time="0.153"/>
  <testcase classname="runner.TestRunnerTestng" name="runScenario" time="0.139"/>
  <testcase classname="runner.TestRunnerTestng" name="runScenario" time="0.461"/>
  <testcase classname="runner.TestRunnerTestng" name="runScenario" time="0.407"/>
  <testcase classname="runner.TestRunnerTestng" name="runScenario" time="0.385"/>
  <testcase classname="runner.TestRunnerTestng" name="runScenario" time="0.397"/>
  <testcase classname="runner.TestRunnerTestng" name="runScenario" time="0.264"/>
  <testcase classname="runner.TestRunnerTestng" name="runScenario" time="0.311"/>
  <testcase classname="runner.TestRunnerTestng" name="runScenario" time="0.386"/>
  <testcase classname="runner.TestRunnerTestng" name="runScenario" time="0.284"/>
  <testcase classname="runner.TestRunnerTestng" name="runScenario" time="0.522"/>
  <testcase classname="runner.TestRunnerTestng" name="runScenario" time="0.173"/>
  <testcase classname="runner.TestRunnerTestng" name="runScenario" time="0.146"/>
  <testcase classname="runner.TestRunnerTestng" name="runScenario" time="0.451"/>
  <testcase classname="runner.TestRunnerTestng" name="runScenario" time="0.332"/>
  <testcase classname="runner.TestRunnerTestng" name="runScenario" time="0.204"/>
  <testcase classname="runner.TestRunnerTestng" name="runScenario" time="0.208"/>
  <testcase classname="runner.TestRunnerTestng" name="runScenario" time="0.105"/>
  <testcase classname="runner.TestRunnerTestng" name="runScenario" time="0.217"/>
  <testcase classname="runner.TestRunnerTestng" name="runScenario" time="0.487"/>
  <testcase classname="runner.TestRunnerTestng" name="runScenario" time="0.234"/>
  <testcase classname="runner.TestRunnerTestng" name="runScenario" time="0.342"/>
  <testcase classname="runner.TestRunnerTestng" name="runScenario" time="0.330"/>
  <testcase classname="runner.TestRunnerTestng" name="runScenario" time="0.195"/>
  <testcase classname="runner.TestRunnerTestng" name="runScenario" time="0.178"/>
  <testcase classname="runner.TestRunnerTestng" name="runScenario" time="0.416"/>
  <testcase classname="runner.TestRunnerTestng" name="runScenario" time="0.170"/>
  <testcase classname="runner.TestRunnerTestng" name="runScenario" time="0.368"/>
  <testcase classname="runner.TestRunnerTestng" name="runScenario" time="0.315"/>
  <testcase classname="runner.TestRunnerTestng" name="runScenario" time="0.242"/>
  <testcase classname="runner.TestRunnerTestng" name="runScenario" time="0.341"/>
  <testcase classname="runner.TestRunnerTestng" name="runScenario" time="0.193"/>
  <testcase classname="runner.TestRunnerTestng" name="runScenario" time="0.437"/>
  <testcase classname="runner.TestRunnerTestng" name="runScenario" time="0.304"/>
  <testcase classname="runner.TestRunnerTestng" name="runScenario" time="0.325"/>
  <testcase classname="runner.TestRunnerTestng" name="runScenario" time="0.416"/>
  <testcase classname="runner.TestRunnerTestng" name="runScenario" time="0.497"/>
  <testcase classname="runner.TestRunnerTestng" name="runScenario" time="0.339"/>
  <testcase classname="runner.TestRunnerTestng" name="runScenario" time="0.393"/>
  <testcase classname="runner.TestRunnerTestng" name="runScenario" time="0.218"/>
  <testcase classname="runner.TestRunnerTestng" name="runScenario" time="0.164"/>
  <testcase classname="runner.TestRunnerTestng" name="runScenario" time="0.118"/>
  <testcase classname="runner.TestRunnerTestng" name="runScenario" time="0.151"/>
  <testcase classname="runner.TestRunnerTestng" name="runScenario" time="0.208"/>
  <testcase classname="runner.TestRunnerTestng" name="runScenario" time="0.147"/>
  <testcase classname="runner.TestRunnerTestng" name="runScenario" time="0.385"/>
  <testcase classname="runner.TestRunnerTestng" name="runScenario" time="0.202"/>
  <testcase classname="runner.TestRunnerTestng" name="runScenario" time="0.190"/>
  <testcase classname="runner.TestRunnerTestng" name="runScenario" time="0.510"/>
  <testcase classname="runner.TestRunnerTestng" name="runScenario" time="0.500"/>
  <testcase classname="runner.TestRunnerTestng" name="runScenario" time="0.426"/>
  <testcase classname="runner.TestRunnerTestng" name="runScenario" time="0.147"/>
  <testcase classname="runner.TestRunnerTestng" name="runScenario" time="0.405"/>
  <testcase classname="runner.TestRunnerTestng" name="runScenario" time="0.116"/>
  <testcase classname="runner.TestRunnerTestng" name="runScenario" time="0.224"/>
  <testcase classname="runner.TestRunnerTestng" name="runScenario" time="0.309"/>
  <testcase classname="runner.TestRunnerTestng" name="runScenario" time="0.437"/>
  <testcase classname="runner.TestRunnerTestng" name="runScenario" time="0.424"/>
  <testcase classname="runner.TestRunnerTestng" name="runScenario" time="0.171"/>
  <testcase classname="runner.TestRunnerTestng" name="runScenario" time="0.499"/>
  <testcase classname="runner.TestRunnerTestng" name="runScenario" time="0.405"/>
  <testcase classname="runner.TestRunnerTestng" name="runScenario" time="0.458"/>
  <testcase classname="runner.TestRunnerTestng" name="runScenario" time="0.151"/>
  <testcase classname="runner.TestRunnerTestng" name="runScenario" time="0.327"/>
  <testcase classname="runner.TestRunnerTestng" name="runScenario" time="0.539"/>
  <testcase classname="runner.TestRunnerTestng" name="runScenario" time="0.510"/>
  <testcase classname="runner.TestRunnerTestng" name="runScenario" time="0.138"/>
  <testcase classname="runner.TestRunnerTestng" name="runScenario" time="0.042"/>
  <testcase classname="runner.TestRunnerTestng" name="runScenario" time="0.407"/>
  <testcase classname="runner.TestRunnerTestng" name="runScenario" time="0.320"/>
  <testcase classname="runner.TestRunnerTestng" name="runScenario" time="0.666"/>
  <testcase classname="runner.TestRunnerTestng" name="runScenario" time="0.191"/>
  <testcase classname="runner.TestRunnerTestng" name="runScenario" time="0.202"/>
  <testcase classname="runner.TestRunnerTestng" name="runScenario" time="0.430"/>
  <testcase classname="runner.TestRunnerTestng" name="runScenario" time="0.237"/>
  <testcase classname="runner.TestRunnerTestng" name="runScenario" time="0.151"/>
  <testcase classname="runner.TestRunnerTestng" name="runScenario" time="0.416"/>
  <testcase classname="runner.TestRunnerTestng" name="runScenario" time="0.196"/>
  <testcase classname="runner.TestRunnerTestng" name="runScenario" time="0.395"/>
  <testcase classname="runner.TestRunnerTestng" name="runScenario" time="4.875"/>
  <testcase classname="runner.TestRunnerTestng" name="runScenario" time="0.386"/>
  <testcase classname="runner.TestRunnerTestng" name="runScenario" time="0.190"/>
  <testcase classname="runner.TestRunnerTestng" name="runScenario" time="0.302"/>
  <testcase classname="runner.TestRunnerTestng" name="runScenario" time="0.346"/>
  <testcase classname="runner.TestRunnerTestng" name="runScenario" time="0.306"/>
  <testcase classname="runner.TestRunnerTestng" name="runScenario" time="0.379"/>
  <testcase classname="runner.TestRunnerTestng" name="runScenario" time="0.391"/>
  <testcase classname="runner.TestRunnerTestng" name="runScenario" time="0.438"/>
  <testcase classname="runner.TestRunnerTestng" name="runScenario" time="0.408"/>
  <testcase classname="runner.TestRunnerTestng" name="runScenario" time="0.440"/>
  <testcase classname="runner.TestRunnerTestng" name="runScenario" time="0.166"/>
  <testcase classname="runner.TestRunnerTestng" name="runScenario" time="0.321"/>
  <testcase classname="runner.TestRunnerTestng" name="runScenario" time="0.159"/>
  <testcase classname="runner.TestRunnerTestng" name="runScenario" time="0.314"/>
  <testcase classname="runner.TestRunnerTestng" name="runScenario" time="0.169">
    <failure message="expected [true] but found [false]" type="java.lang.AssertionError">
      <![CDATA[java.lang.AssertionError: expected [true] but found [false]
at org.testng.Assert.fail(Assert.java:111)
at org.testng.Assert.failNotEquals(Assert.java:1578)
at org.testng.Assert.assertEqualsImpl(Assert.java:150)
at org.testng.Assert.assertEquals(Assert.java:132)
at org.testng.Assert.assertEquals(Assert.java:1067)
at org.testng.Assert.assertEquals(Assert.java:1031)
at org.testng.Assert.assertEquals(Assert.java:1077)
at stepDefinition.ds_AlgoDataStructInt.the_user_does_not_find_any_practice_problems_and_the_page_is_null(ds_AlgoDataStructInt.java:107)
at ✽.The user does not find any practice problems and the page is null(file:///C:/Users/enggn/eclipse-workspace/DSAlgo_Cucumber/src/test/resources/Features/04_dsDataStructInt.feature:58)
]]>
    </failure>
  </testcase> <!-- runScenario -->
  <testcase classname="runner.TestRunnerTestng" name="runScenario" time="0.510"/>
  <testcase classname="runner.TestRunnerTestng" name="runScenario" time="0.483"/>
  <testcase classname="runner.TestRunnerTestng" name="runScenario" time="0.180"/>
  <testcase classname="runner.TestRunnerTestng" name="runScenario" time="0.302"/>
  <testcase classname="runner.TestRunnerTestng" name="runScenario" time="0.423"/>
  <testcase classname="runner.TestRunnerTestng" name="runScenario" time="0.410"/>
  <testcase classname="runner.TestRunnerTestng" name="runScenario" time="0.383"/>
  <testcase classname="runner.TestRunnerTestng" name="runScenario" time="0.322"/>
  <testcase classname="runner.TestRunnerTestng" name="runScenario" time="0.363"/>
  <testcase classname="runner.TestRunnerTestng" name="runScenario" time="0.159"/>
  <testcase classname="runner.TestRunnerTestng" name="runScenario" time="0.146"/>
  <testcase classname="runner.TestRunnerTestng" name="runScenario" time="0.308"/>
  <testcase classname="runner.TestRunnerTestng" name="runScenario" time="0.216"/>
  <testcase classname="runner.TestRunnerTestng" name="runScenario" time="0.144"/>
  <testcase classname="runner.TestRunnerTestng" name="runScenario" time="0.049"/>
  <testcase classname="runner.TestRunnerTestng" name="runScenario" time="0.151"/>
  <testcase classname="runner.TestRunnerTestng" name="runScenario" time="0.400"/>
  <testcase classname="runner.TestRunnerTestng" name="runScenario" time="0.143"/>
  <testcase classname="runner.TestRunnerTestng" name="runScenario" time="0.398"/>
  <testcase classname="runner.TestRunnerTestng" name="runScenario" time="0.206"/>
  <testcase classname="runner.TestRunnerTestng" name="runScenario" time="0.172"/>
  <testcase classname="runner.TestRunnerTestng" name="runScenario" time="0.240"/>
  <testcase classname="runner.TestRunnerTestng" name="runScenario" time="0.314"/>
  <testcase classname="runner.TestRunnerTestng" name="runScenario" time="0.142"/>
  <testcase classname="runner.TestRunnerTestng" name="runScenario" time="0.317"/>
  <testcase classname="runner.TestRunnerTestng" name="runScenario" time="0.204"/>
  <testcase classname="runner.TestRunnerTestng" name="runScenario" time="0.173"/>
  <testcase classname="runner.TestRunnerTestng" name="runScenario" time="0.228"/>
  <testcase classname="runner.TestRunnerTestng" name="runScenario" time="0.302"/>
  <testcase classname="runner.TestRunnerTestng" name="runScenario" time="0.445"/>
  <testcase classname="runner.TestRunnerTestng" name="runScenario" time="0.349"/>
  <testcase classname="runner.TestRunnerTestng" name="runScenario" time="0.150"/>
  <testcase classname="runner.TestRunnerTestng" name="runScenario" time="0.382"/>
  <testcase classname="runner.TestRunnerTestng" name="runScenario" time="0.098"/>
  <testcase classname="runner.TestRunnerTestng" name="runScenario" time="0.228"/>
  <testcase classname="runner.TestRunnerTestng" name="runScenario" time="0.420"/>
  <testcase classname="runner.TestRunnerTestng" name="runScenario" time="0.175"/>
  <testcase classname="runner.TestRunnerTestng" name="runScenario" time="0.334"/>
  <testcase classname="runner.TestRunnerTestng" name="runScenario" time="0.121"/>
  <testcase classname="runner.TestRunnerTestng" name="runScenario" time="0.300"/>
  <testcase classname="runner.TestRunnerTestng" name="runScenario" time="0.418"/>
  <testcase classname="runner.TestRunnerTestng" name="runScenario" time="0.183"/>
  <testcase classname="runner.TestRunnerTestng" name="runScenario" time="0.429"/>
  <testcase classname="runner.TestRunnerTestng" name="runScenario" time="0.169"/>
  <testcase classname="runner.TestRunnerTestng" name="runScenario" time="0.242"/>
  <testcase classname="runner.TestRunnerTestng" name="runScenario" time="0.241"/>
</testsuite> <!-- runner.TestRunnerTestng -->
