<?xml version="1.0" encoding="UTF-8"?>
<!-- Generated by org.testng.reporters.JUnitReportReporter -->
<testsuite hostname="DESKTOP-NHMPP64" failures="1" tests="253" name="runner.TestRunnerTestng" time="109.539" errors="0" timestamp="2023-12-07T23:34:51 EST" skipped="0">
  <testcase classname="runner.TestRunnerTestng" name="runScenario" time="0.406"/>
  <testcase classname="runner.TestRunnerTestng" name="runScenario" time="0.406"/>
  <testcase classname="runner.TestRunnerTestng" name="runScenario" time="0.551"/>
  <testcase classname="runner.TestRunnerTestng" name="runScenario" time="0.571"/>
  <testcase classname="runner.TestRunnerTestng" name="runScenario" time="0.650"/>
  <testcase classname="runner.TestRunnerTestng" name="runScenario" time="0.473"/>
  <testcase classname="runner.TestRunnerTestng" name="runScenario" time="0.395"/>
  <testcase classname="runner.TestRunnerTestng" name="runScenario" time="0.426"/>
  <testcase classname="runner.TestRunnerTestng" name="runScenario" time="0.179"/>
  <testcase classname="runner.TestRunnerTestng" name="runScenario" time="0.532"/>
  <testcase classname="runner.TestRunnerTestng" name="runScenario" time="0.432"/>
  <testcase classname="runner.TestRunnerTestng" name="runScenario" time="0.179"/>
  <testcase classname="runner.TestRunnerTestng" name="runScenario" time="0.271"/>
  <testcase classname="runner.TestRunnerTestng" name="runScenario" time="0.292"/>
  <testcase classname="runner.TestRunnerTestng" name="runScenario" time="0.503"/>
  <testcase classname="runner.TestRunnerTestng" name="runScenario" time="0.210"/>
  <testcase classname="runner.TestRunnerTestng" name="runScenario" time="0.380"/>
  <testcase classname="runner.TestRunnerTestng" name="runScenario" time="0.307"/>
  <testcase classname="runner.TestRunnerTestng" name="runScenario" time="0.509"/>
  <testcase classname="runner.TestRunnerTestng" name="runScenario" time="0.442"/>
  <testcase classname="runner.TestRunnerTestng" name="runScenario" time="0.564"/>
  <testcase classname="runner.TestRunnerTestng" name="runScenario" time="0.278"/>
  <testcase classname="runner.TestRunnerTestng" name="runScenario" time="0.544"/>
  <testcase classname="runner.TestRunnerTestng" name="runScenario" time="0.350"/>
  <testcase classname="runner.TestRunnerTestng" name="runScenario" time="0.602"/>
  <testcase classname="runner.TestRunnerTestng" name="runScenario" time="0.602"/>
  <testcase classname="runner.TestRunnerTestng" name="runScenario" time="0.172"/>
  <testcase classname="runner.TestRunnerTestng" name="runScenario" time="0.452"/>
  <testcase classname="runner.TestRunnerTestng" name="runScenario" time="0.222"/>
  <testcase classname="runner.TestRunnerTestng" name="runScenario" time="0.208"/>
  <testcase classname="runner.TestRunnerTestng" name="runScenario" time="0.419"/>
  <testcase classname="runner.TestRunnerTestng" name="runScenario" time="0.249"/>
  <testcase classname="runner.TestRunnerTestng" name="runScenario" time="0.253"/>
  <testcase classname="runner.TestRunnerTestng" name="runScenario" time="0.415"/>
  <testcase classname="runner.TestRunnerTestng" name="runScenario" time="0.549"/>
  <testcase classname="runner.TestRunnerTestng" name="runScenario" time="0.190"/>
  <testcase classname="runner.TestRunnerTestng" name="runScenario" time="0.418"/>
  <testcase classname="runner.TestRunnerTestng" name="runScenario" time="0.127"/>
  <testcase classname="runner.TestRunnerTestng" name="runScenario" time="0.363"/>
  <testcase classname="runner.TestRunnerTestng" name="runScenario" time="0.409"/>
  <testcase classname="runner.TestRunnerTestng" name="runScenario" time="0.195"/>
  <testcase classname="runner.TestRunnerTestng" name="runScenario" time="0.496"/>
  <testcase classname="runner.TestRunnerTestng" name="runScenario" time="6.151"/>
  <testcase classname="runner.TestRunnerTestng" name="runScenario" time="0.156"/>
  <testcase classname="runner.TestRunnerTestng" name="runScenario" time="0.295"/>
  <testcase classname="runner.TestRunnerTestng" name="runScenario" time="0.539"/>
  <testcase classname="runner.TestRunnerTestng" name="runScenario" time="0.187"/>
  <testcase classname="runner.TestRunnerTestng" name="runScenario" time="0.225"/>
  <testcase classname="runner.TestRunnerTestng" name="runScenario" time="0.295"/>
  <testcase classname="runner.TestRunnerTestng" name="runScenario" time="0.654"/>
  <testcase classname="runner.TestRunnerTestng" name="runScenario" time="0.522"/>
  <testcase classname="runner.TestRunnerTestng" name="runScenario" time="0.270"/>
  <testcase classname="runner.TestRunnerTestng" name="runScenario" time="0.382"/>
  <testcase classname="runner.TestRunnerTestng" name="runScenario" time="0.413"/>
  <testcase classname="runner.TestRunnerTestng" name="runScenario" time="0.227"/>
  <testcase classname="runner.TestRunnerTestng" name="runScenario" time="0.410"/>
  <testcase classname="runner.TestRunnerTestng" name="runScenario" time="0.513"/>
  <testcase classname="runner.TestRunnerTestng" name="runScenario" time="0.636"/>
  <testcase classname="runner.TestRunnerTestng" name="runScenario" time="0.407"/>
  <testcase classname="runner.TestRunnerTestng" name="runScenario" time="0.547"/>
  <testcase classname="runner.TestRunnerTestng" name="runScenario" time="0.318"/>
  <testcase classname="runner.TestRunnerTestng" name="runScenario" time="0.190"/>
  <testcase classname="runner.TestRunnerTestng" name="runScenario" time="0.528"/>
  <testcase classname="runner.TestRunnerTestng" name="runScenario" time="0.070"/>
  <testcase classname="runner.TestRunnerTestng" name="runScenario" time="0.184"/>
  <testcase classname="runner.TestRunnerTestng" name="runScenario" time="0.549"/>
  <testcase classname="runner.TestRunnerTestng" name="runScenario" time="0.673"/>
  <testcase classname="runner.TestRunnerTestng" name="runScenario" time="0.549"/>
  <testcase classname="runner.TestRunnerTestng" name="runScenario" time="0.244"/>
  <testcase classname="runner.TestRunnerTestng" name="runScenario" time="0.200"/>
  <testcase classname="runner.TestRunnerTestng" name="runScenario" time="0.586"/>
  <testcase classname="runner.TestRunnerTestng" name="runScenario" time="0.428"/>
  <testcase classname="runner.TestRunnerTestng" name="runScenario" time="0.619"/>
  <testcase classname="runner.TestRunnerTestng" name="runScenario" time="0.358"/>
  <testcase classname="runner.TestRunnerTestng" name="runScenario" time="0.470"/>
  <testcase classname="runner.TestRunnerTestng" name="runScenario" time="0.403"/>
  <testcase classname="runner.TestRunnerTestng" name="runScenario" time="0.150"/>
  <testcase classname="runner.TestRunnerTestng" name="runScenario" time="0.528"/>
  <testcase classname="runner.TestRunnerTestng" name="runScenario" time="0.468"/>
  <testcase classname="runner.TestRunnerTestng" name="runScenario" time="0.559"/>
  <testcase classname="runner.TestRunnerTestng" name="runScenario" time="0.540"/>
  <testcase classname="runner.TestRunnerTestng" name="runScenario" time="0.537"/>
  <testcase classname="runner.TestRunnerTestng" name="runScenario" time="0.169"/>
  <testcase classname="runner.TestRunnerTestng" name="runScenario" time="0.601"/>
  <testcase classname="runner.TestRunnerTestng" name="runScenario" time="0.233"/>
  <testcase classname="runner.TestRunnerTestng" name="runScenario" time="0.422"/>
  <testcase classname="runner.TestRunnerTestng" name="runScenario" time="0.448"/>
  <testcase classname="runner.TestRunnerTestng" name="runScenario" time="0.641"/>
  <testcase classname="runner.TestRunnerTestng" name="runScenario" time="0.558"/>
  <testcase classname="runner.TestRunnerTestng" name="runScenario" time="0.260"/>
  <testcase classname="runner.TestRunnerTestng" name="runScenario" time="0.207"/>
  <testcase classname="runner.TestRunnerTestng" name="runScenario" time="0.295"/>
  <testcase classname="runner.TestRunnerTestng" name="runScenario" time="0.257"/>
  <testcase classname="runner.TestRunnerTestng" name="runScenario" time="0.538"/>
  <testcase classname="runner.TestRunnerTestng" name="runScenario" time="0.493"/>
  <testcase classname="runner.TestRunnerTestng" name="runScenario" time="0.281"/>
  <testcase classname="runner.TestRunnerTestng" name="runScenario" time="0.264"/>
  <testcase classname="runner.TestRunnerTestng" name="runScenario" time="0.438"/>
  <testcase classname="runner.TestRunnerTestng" name="runScenario" time="0.549"/>
  <testcase classname="runner.TestRunnerTestng" name="runScenario" time="0.395"/>
  <testcase classname="runner.TestRunnerTestng" name="runScenario" time="0.413"/>
  <testcase classname="runner.TestRunnerTestng" name="runScenario" time="0.263"/>
  <testcase classname="runner.TestRunnerTestng" name="runScenario" time="0.270"/>
  <testcase classname="runner.TestRunnerTestng" name="runScenario" time="0.411"/>
  <testcase classname="runner.TestRunnerTestng" name="runScenario" time="0.438"/>
  <testcase classname="runner.TestRunnerTestng" name="runScenario" time="0.651"/>
  <testcase classname="runner.TestRunnerTestng" name="runScenario" time="0.459"/>
  <testcase classname="runner.TestRunnerTestng" name="runScenario" time="1.074"/>
  <testcase classname="runner.TestRunnerTestng" name="runScenario" time="0.394"/>
  <testcase classname="runner.TestRunnerTestng" name="runScenario" time="0.476"/>
  <testcase classname="runner.TestRunnerTestng" name="runScenario" time="0.175"/>
  <testcase classname="runner.TestRunnerTestng" name="runScenario" time="0.511"/>
  <testcase classname="runner.TestRunnerTestng" name="runScenario" time="0.280"/>
  <testcase classname="runner.TestRunnerTestng" name="runScenario" time="0.370"/>
  <testcase classname="runner.TestRunnerTestng" name="runScenario" time="0.276"/>
  <testcase classname="runner.TestRunnerTestng" name="runScenario" time="0.595"/>
  <testcase classname="runner.TestRunnerTestng" name="runScenario" time="0.178"/>
  <testcase classname="runner.TestRunnerTestng" name="runScenario" time="0.533"/>
  <testcase classname="runner.TestRunnerTestng" name="runScenario" time="0.542"/>
  <testcase classname="runner.TestRunnerTestng" name="runScenario" time="0.467"/>
  <testcase classname="runner.TestRunnerTestng" name="runScenario" time="0.277"/>
  <testcase classname="runner.TestRunnerTestng" name="runScenario" time="0.259"/>
  <testcase classname="runner.TestRunnerTestng" name="runScenario" time="0.169"/>
  <testcase classname="runner.TestRunnerTestng" name="runScenario" time="0.169"/>
  <testcase classname="runner.TestRunnerTestng" name="runScenario" time="0.512"/>
  <testcase classname="runner.TestRunnerTestng" name="runScenario" time="0.340"/>
  <testcase classname="runner.TestRunnerTestng" name="runScenario" time="0.176"/>
  <testcase classname="runner.TestRunnerTestng" name="runScenario" time="0.683"/>
  <testcase classname="runner.TestRunnerTestng" name="runScenario" time="2.272"/>
  <testcase classname="runner.TestRunnerTestng" name="runScenario" time="0.912"/>
  <testcase classname="runner.TestRunnerTestng" name="runScenario" time="0.328"/>
  <testcase classname="runner.TestRunnerTestng" name="runScenario" time="0.544"/>
  <testcase classname="runner.TestRunnerTestng" name="runScenario" time="0.178"/>
  <testcase classname="runner.TestRunnerTestng" name="runScenario" time="0.199"/>
  <testcase classname="runner.TestRunnerTestng" name="runScenario" time="0.886"/>
  <testcase classname="runner.TestRunnerTestng" name="runScenario" time="0.409"/>
  <testcase classname="runner.TestRunnerTestng" name="runScenario" time="0.264"/>
  <testcase classname="runner.TestRunnerTestng" name="runScenario" time="0.405"/>
  <testcase classname="runner.TestRunnerTestng" name="runScenario" time="0.303"/>
  <testcase classname="runner.TestRunnerTestng" name="runScenario" time="0.507"/>
  <testcase classname="runner.TestRunnerTestng" name="runScenario" time="0.793"/>
  <testcase classname="runner.TestRunnerTestng" name="runScenario" time="0.537"/>
  <testcase classname="runner.TestRunnerTestng" name="runScenario" time="0.421"/>
  <testcase classname="runner.TestRunnerTestng" name="runScenario" time="0.179"/>
  <testcase classname="runner.TestRunnerTestng" name="runScenario" time="0.220"/>
  <testcase classname="runner.TestRunnerTestng" name="runScenario" time="0.404"/>
  <testcase classname="runner.TestRunnerTestng" name="runScenario" time="0.403"/>
  <testcase classname="runner.TestRunnerTestng" name="runScenario" time="0.809"/>
  <testcase classname="runner.TestRunnerTestng" name="runScenario" time="0.397"/>
  <testcase classname="runner.TestRunnerTestng" name="runScenario" time="0.188"/>
  <testcase classname="runner.TestRunnerTestng" name="runScenario" time="0.392"/>
  <testcase classname="runner.TestRunnerTestng" name="runScenario" time="0.326"/>
  <testcase classname="runner.TestRunnerTestng" name="runScenario" time="0.578"/>
  <testcase classname="runner.TestRunnerTestng" name="runScenario" time="0.234"/>
  <testcase classname="runner.TestRunnerTestng" name="runScenario" time="0.284"/>
  <testcase classname="runner.TestRunnerTestng" name="runScenario" time="0.263"/>
  <testcase classname="runner.TestRunnerTestng" name="runScenario" time="0.189"/>
  <testcase classname="runner.TestRunnerTestng" name="runScenario" time="0.520"/>
  <testcase classname="runner.TestRunnerTestng" name="runScenario" time="0.278"/>
  <testcase classname="runner.TestRunnerTestng" name="runScenario" time="0.243"/>
  <testcase classname="runner.TestRunnerTestng" name="runScenario" time="0.505"/>
  <testcase classname="runner.TestRunnerTestng" name="runScenario" time="0.170"/>
  <testcase classname="runner.TestRunnerTestng" name="runScenario" time="0.253"/>
  <testcase classname="runner.TestRunnerTestng" name="runScenario" time="0.261"/>
  <testcase classname="runner.TestRunnerTestng" name="runScenario" time="0.508"/>
  <testcase classname="runner.TestRunnerTestng" name="runScenario" time="0.553"/>
  <testcase classname="runner.TestRunnerTestng" name="runScenario" time="0.555"/>
  <testcase classname="runner.TestRunnerTestng" name="runScenario" time="0.713"/>
  <testcase classname="runner.TestRunnerTestng" name="runScenario" time="0.550"/>
  <testcase classname="runner.TestRunnerTestng" name="runScenario" time="0.434"/>
  <testcase classname="runner.TestRunnerTestng" name="runScenario" time="0.615"/>
  <testcase classname="runner.TestRunnerTestng" name="runScenario" time="0.565"/>
  <testcase classname="runner.TestRunnerTestng" name="runScenario" time="0.683"/>
  <testcase classname="runner.TestRunnerTestng" name="runScenario" time="0.526"/>
  <testcase classname="runner.TestRunnerTestng" name="runScenario" time="0.176"/>
  <testcase classname="runner.TestRunnerTestng" name="runScenario" time="0.447"/>
  <testcase classname="runner.TestRunnerTestng" name="runScenario" time="0.575"/>
  <testcase classname="runner.TestRunnerTestng" name="runScenario" time="0.501"/>
  <testcase classname="runner.TestRunnerTestng" name="runScenario" time="0.189"/>
  <testcase classname="runner.TestRunnerTestng" name="runScenario" time="0.522"/>
  <testcase classname="runner.TestRunnerTestng" name="runScenario" time="0.680"/>
  <testcase classname="runner.TestRunnerTestng" name="runScenario" time="0.544"/>
  <testcase classname="runner.TestRunnerTestng" name="runScenario" time="0.294"/>
  <testcase classname="runner.TestRunnerTestng" name="runScenario" time="0.493"/>
  <testcase classname="runner.TestRunnerTestng" name="runScenario" time="0.562"/>
  <testcase classname="runner.TestRunnerTestng" name="runScenario" time="0.124"/>
  <testcase classname="runner.TestRunnerTestng" name="runScenario" time="0.444"/>
  <testcase classname="runner.TestRunnerTestng" name="runScenario" time="0.200"/>
  <testcase classname="runner.TestRunnerTestng" name="runScenario" time="0.547"/>
  <testcase classname="runner.TestRunnerTestng" name="runScenario" time="0.530"/>
  <testcase classname="runner.TestRunnerTestng" name="runScenario" time="0.425"/>
  <testcase classname="runner.TestRunnerTestng" name="runScenario" time="0.413"/>
  <testcase classname="runner.TestRunnerTestng" name="runScenario" time="0.585"/>
  <testcase classname="runner.TestRunnerTestng" name="runScenario" time="0.528"/>
  <testcase classname="runner.TestRunnerTestng" name="runScenario" time="0.372"/>
  <testcase classname="runner.TestRunnerTestng" name="runScenario" time="0.205"/>
  <testcase classname="runner.TestRunnerTestng" name="runScenario" time="0.249"/>
  <testcase classname="runner.TestRunnerTestng" name="runScenario" time="0.441"/>
  <testcase classname="runner.TestRunnerTestng" name="runScenario" time="0.635"/>
  <testcase classname="runner.TestRunnerTestng" name="runScenario" time="0.962"/>
  <testcase classname="runner.TestRunnerTestng" name="runScenario" time="0.327"/>
  <testcase classname="runner.TestRunnerTestng" name="runScenario" time="0.584"/>
  <testcase classname="runner.TestRunnerTestng" name="runScenario" time="0.281"/>
  <testcase classname="runner.TestRunnerTestng" name="runScenario" time="0.555"/>
  <testcase classname="runner.TestRunnerTestng" name="runScenario" time="0.454"/>
  <testcase classname="runner.TestRunnerTestng" name="runScenario" time="0.299"/>
  <testcase classname="runner.TestRunnerTestng" name="runScenario" time="0.220"/>
  <testcase classname="runner.TestRunnerTestng" name="runScenario" time="0.175"/>
  <testcase classname="runner.TestRunnerTestng" name="runScenario" time="0.138"/>
  <testcase classname="runner.TestRunnerTestng" name="runScenario" time="0.520"/>
  <testcase classname="runner.TestRunnerTestng" name="runScenario" time="0.487"/>
  <testcase classname="runner.TestRunnerTestng" name="runScenario" time="0.262"/>
  <testcase classname="runner.TestRunnerTestng" name="runScenario" time="0.369"/>
  <testcase classname="runner.TestRunnerTestng" name="runScenario" time="0.598"/>
  <testcase classname="runner.TestRunnerTestng" name="runScenario" time="0.160"/>
  <testcase classname="runner.TestRunnerTestng" name="runScenario" time="0.252"/>
  <testcase classname="runner.TestRunnerTestng" name="runScenario" time="0.417"/>
  <testcase classname="runner.TestRunnerTestng" name="runScenario" time="0.484"/>
  <testcase classname="runner.TestRunnerTestng" name="runScenario" time="0.257"/>
  <testcase classname="runner.TestRunnerTestng" name="runScenario" time="0.509"/>
  <testcase classname="runner.TestRunnerTestng" name="runScenario" time="0.268"/>
  <testcase classname="runner.TestRunnerTestng" name="runScenario" time="0.566"/>
  <testcase classname="runner.TestRunnerTestng" name="runScenario" time="0.227"/>
  <testcase classname="runner.TestRunnerTestng" name="runScenario" time="0.574"/>
  <testcase classname="runner.TestRunnerTestng" name="runScenario" time="0.177"/>
  <testcase classname="runner.TestRunnerTestng" name="runScenario" time="0.288"/>
  <testcase classname="runner.TestRunnerTestng" name="runScenario" time="0.424"/>
  <testcase classname="runner.TestRunnerTestng" name="runScenario" time="0.200"/>
  <testcase classname="runner.TestRunnerTestng" name="runScenario" time="0.317"/>
  <testcase classname="runner.TestRunnerTestng" name="runScenario" time="0.565"/>
  <testcase classname="runner.TestRunnerTestng" name="runScenario" time="0.263"/>
  <testcase classname="runner.TestRunnerTestng" name="runScenario" time="0.434"/>
  <testcase classname="runner.TestRunnerTestng" name="runScenario" time="0.471"/>
  <testcase classname="runner.TestRunnerTestng" name="runScenario" time="0.355"/>
  <testcase classname="runner.TestRunnerTestng" name="runScenario" time="0.530"/>
  <testcase classname="runner.TestRunnerTestng" name="runScenario" time="0.153"/>
  <testcase classname="runner.TestRunnerTestng" name="runScenario" time="0.409"/>
  <testcase classname="runner.TestRunnerTestng" name="runScenario" time="0.052"/>
  <testcase classname="runner.TestRunnerTestng" name="runScenario" time="0.344"/>
  <testcase classname="runner.TestRunnerTestng" name="runScenario" time="0.269"/>
  <testcase classname="runner.TestRunnerTestng" name="runScenario" time="0.569"/>
  <testcase classname="runner.TestRunnerTestng" name="runScenario" time="0.529"/>
  <testcase classname="runner.TestRunnerTestng" name="runScenario" time="0.263"/>
  <testcase classname="runner.TestRunnerTestng" name="runScenario" time="0.394"/>
  <testcase classname="runner.TestRunnerTestng" name="runScenario" time="0.215"/>
  <testcase classname="runner.TestRunnerTestng" name="runScenario" time="0.427"/>
  <testcase classname="runner.TestRunnerTestng" name="runScenario" time="0.363">
    <failure message="expected [true] but found [false]" type="java.lang.AssertionError">
      <![CDATA[java.lang.AssertionError: expected [true] but found [false]
at org.testng.Assert.fail(Assert.java:111)
at org.testng.Assert.failNotEquals(Assert.java:1578)
at org.testng.Assert.assertEqualsImpl(Assert.java:150)
at org.testng.Assert.assertEquals(Assert.java:132)
at org.testng.Assert.assertEquals(Assert.java:1067)
at org.testng.Assert.assertEquals(Assert.java:1031)
at org.testng.Assert.assertEquals(Assert.java:1077)
at stepDefinition.ds_AlgoDataStructInt.the_user_does_not_find_any_practice_problems_and_the_page_is_null(ds_AlgoDataStructInt.java:101)
at ✽.The user does not find any practice problems and the page is null(file:///C:/Users/enggn/eclipse-workspace/DSAlgo_Cucumber/src/test/resources/Features/04_dsDataStructInt.feature:58)
]]>
    </failure>
  </testcase> <!-- runScenario -->
  <testcase classname="runner.TestRunnerTestng" name="runScenario" time="0.571"/>
  <testcase classname="runner.TestRunnerTestng" name="runScenario" time="0.560"/>
  <testcase classname="runner.TestRunnerTestng" name="runScenario" time="0.562"/>
  <testcase classname="runner.TestRunnerTestng" name="runScenario" time="0.205"/>
  <testcase classname="runner.TestRunnerTestng" name="runScenario" time="0.287"/>
  <testcase classname="runner.TestRunnerTestng" name="runScenario" time="0.380"/>
</testsuite> <!-- runner.TestRunnerTestng -->
